2021-03-12 14:12:23.011229 Started
	log = true
	hostname = bob
	wait_time = 30
2021-03-12 14:12:23.014643 
	bob => [('0:0:0:b', 'ffff:0:0:b', 1615558343.0145664)]
	0:0:0:b:ffff:0:0:b => ('bob', 1615558343.0145664)
2021-03-12 14:12:23.191834 
	desktop => [('0:0:0:b', 'ffff:0:0:d', 1615558343.1917691)]
	0:0:0:b:ffff:0:0:d => ('desktop', 1615558343.1917691)
2021-03-12 14:12:23.202662 
	alice => [('0:0:0:a', 'ffff:0:0:a', 1615558343.2026033)]
	0:0:0:a:ffff:0:0:a => ('alice', 1615558343.2026033)
2021-03-12 14:12:23.212676 
	bob => [('0:0:0:b', 'ffff:0:0:b', 1615558343.2126234)]
	0:0:0:b:ffff:0:0:b => ('bob', 1615558343.2126234)
2021-03-12 14:12:43.019531 
	alice => [('0:0:0:a', 'ffff:0:0:a', 1615558343.2026033), ('0:0:0:b', 'ffff:0:0:a', 1615558363.0194542)]
	0:0:0:b:ffff:0:0:a => ('alice', 1615558363.0194542)
2021-03-12 14:12:43.021350 
	ffff:0:0:a => [('0:0:0:b', 'ffff:0:0:a', 1615558363.0213258)]
2021-03-12 14:13:03.061338 
	ffff:0:0:a => [('0:0:0:c', 'ffff:0:0:a', 1615558383.0613015)]
2021-03-12 14:13:03.090513 
	alice => [('0:0:0:c', 'ffff:0:0:a', 1615558383.0904474)]
	0:0:0:c:ffff:0:0:a => ('alice', 1615558383.0904474)
2021-03-12 14:13:04.045192 
	bob => [('0:0:0:b', 'ffff:0:0:b', 1615558384.045123)]
	0:0:0:b:ffff:0:0:b => ('bob', 1615558384.045123)
2021-03-12 14:13:04.053135 
	desktop => [('0:0:0:b', 'ffff:0:0:d', 1615558384.0530772)]
	0:0:0:b:ffff:0:0:d => ('desktop', 1615558384.0530772)
2021-03-12 14:13:04.057360 
	alice => [('0:0:0:c', 'ffff:0:0:a', 1615558384.057306)]
	0:0:0:c:ffff:0:0:a => ('alice', 1615558384.057306)
2021-03-12 14:13:23.058722 
	alice => [('0:0:0:c', 'ffff:0:0:a', 1615558384.057306), ('0:0:0:a', 'ffff:0:0:a', 1615558403.0586452)]
	0:0:0:a:ffff:0:0:a => ('alice', 1615558403.0586452)
2021-03-12 14:13:23.061074 
	ffff:0:0:a => [('0:0:0:a', 'ffff:0:0:a', 1615558403.0610502)]
2021-03-12 14:13:43.078500 
	alice => [('0:0:0:a', 'ffff:0:0:a', 1615558403.0610502), ('0:0:0:b', 'ffff:0:0:a', 1615558423.0784218)]
	0:0:0:b:ffff:0:0:a => ('alice', 1615558423.0784218)
2021-03-12 14:13:43.083726 
	ffff:0:0:a => [('0:0:0:b', 'ffff:0:0:a', 1615558423.0837)]
2021-03-12 14:13:47.009203 
	alice => [('0:0:0:b', 'ffff:0:0:a', 1615558427.0091283)]
	0:0:0:b:ffff:0:0:a => ('alice', 1615558427.0091283)
2021-03-12 14:13:47.047197 
	desktop => [('0:0:0:b', 'ffff:0:0:d', 1615558427.0471342)]
	0:0:0:b:ffff:0:0:d => ('desktop', 1615558427.0471342)
2021-03-12 14:13:47.068221 
	bob => [('0:0:0:b', 'ffff:0:0:b', 1615558427.068167)]
	0:0:0:b:ffff:0:0:b => ('bob', 1615558427.068167)
2021-03-12 14:14:03.109347 
	ffff:0:0:a => [('0:0:0:c', 'ffff:0:0:a', 1615558443.109308)]
2021-03-12 14:14:03.113800 
	alice => [('0:0:0:c', 'ffff:0:0:a', 1615558443.1137347)]
	0:0:0:c:ffff:0:0:a => ('alice', 1615558443.1137347)
2021-03-12 14:14:22.876294 
	desktop => [('0:0:0:b', 'ffff:0:0:d', 1615558462.8762197)]
	0:0:0:b:ffff:0:0:d => ('desktop', 1615558462.8762197)
2021-03-12 14:14:22.879732 
	bob => [('0:0:0:b', 'ffff:0:0:b', 1615558462.8796773)]
	0:0:0:b:ffff:0:0:b => ('bob', 1615558462.8796773)
2021-03-12 14:14:22.881632 
	alice => [('0:0:0:c', 'ffff:0:0:a', 1615558462.8815773)]
	0:0:0:c:ffff:0:0:a => ('alice', 1615558462.8815773)
2021-03-12 14:14:23.123854 
	alice => [('0:0:0:c', 'ffff:0:0:a', 1615558462.8815773), ('0:0:0:a', 'ffff:0:0:a', 1615558463.1237864)]
	0:0:0:a:ffff:0:0:a => ('alice', 1615558463.1237864)
2021-03-12 14:14:23.125345 
	ffff:0:0:a => [('0:0:0:a', 'ffff:0:0:a', 1615558463.1253214)]
2021-03-12 14:14:43.141415 
	alice => [('0:0:0:a', 'ffff:0:0:a', 1615558463.1253214), ('0:0:0:b', 'ffff:0:0:a', 1615558483.141337)]
	0:0:0:b:ffff:0:0:a => ('alice', 1615558483.141337)
2021-03-12 14:14:43.145087 
	ffff:0:0:a => [('0:0:0:b', 'ffff:0:0:a', 1615558483.1450608)]
2021-03-12 14:15:02.065143 
	bob => [('0:0:0:b', 'ffff:0:0:b', 1615558502.0650716)]
	0:0:0:b:ffff:0:0:b => ('bob', 1615558502.0650716)
2021-03-12 14:15:02.073341 
	alice => [('0:0:0:b', 'ffff:0:0:a', 1615558502.073287)]
	0:0:0:b:ffff:0:0:a => ('alice', 1615558502.073287)
2021-03-12 14:15:02.086676 
	desktop => [('0:0:0:b', 'ffff:0:0:d', 1615558502.086624)]
	0:0:0:b:ffff:0:0:d => ('desktop', 1615558502.086624)
2021-03-12 14:15:03.165079 
	ffff:0:0:a => [('0:0:0:c', 'ffff:0:0:a', 1615558503.1650424)]
2021-03-12 14:15:03.189467 
	alice => [('0:0:0:c', 'ffff:0:0:a', 1615558503.1894007)]
	0:0:0:c:ffff:0:0:a => ('alice', 1615558503.1894007)
2021-03-12 14:15:23.187713 
	alice => [('0:0:0:c', 'ffff:0:0:a', 1615558503.1894007), ('0:0:0:a', 'ffff:0:0:a', 1615558523.1876357)]
	0:0:0:a:ffff:0:0:a => ('alice', 1615558523.1876357)
2021-03-12 14:15:23.219123 
	ffff:0:0:a => [('0:0:0:a', 'ffff:0:0:a', 1615558523.2190971)]
2021-03-12 14:15:34.844793 
	desktop => [('0:0:0:b', 'ffff:0:0:d', 1615558534.8447173)]
	0:0:0:b:ffff:0:0:d => ('desktop', 1615558534.8447173)
2021-03-12 14:15:34.851514 
	bob => [('0:0:0:b', 'ffff:0:0:b', 1615558534.8514562)]
	0:0:0:b:ffff:0:0:b => ('bob', 1615558534.8514562)
2021-03-12 14:15:34.853341 
	alice => [('0:0:0:a', 'ffff:0:0:a', 1615558534.8532853)]
	0:0:0:a:ffff:0:0:a => ('alice', 1615558534.8532853)
2021-03-12 14:15:43.201767 
	alice => [('0:0:0:a', 'ffff:0:0:a', 1615558534.8532853), ('0:0:0:b', 'ffff:0:0:a', 1615558543.2016883)]
	0:0:0:b:ffff:0:0:a => ('alice', 1615558543.2016883)
2021-03-12 14:15:43.205355 
	ffff:0:0:a => [('0:0:0:b', 'ffff:0:0:a', 1615558543.2053304)]
2021-03-12 14:16:03.232026 
	ffff:0:0:a => [('0:0:0:c', 'ffff:0:0:a', 1615558563.2319868)]
2021-03-12 14:16:03.242536 
	alice => [('0:0:0:c', 'ffff:0:0:a', 1615558563.242471)]
	0:0:0:c:ffff:0:0:a => ('alice', 1615558563.242471)
2021-03-12 14:16:07.253893 
	bob => [('0:0:0:b', 'ffff:0:0:b', 1615558567.2538216)]
	0:0:0:b:ffff:0:0:b => ('bob', 1615558567.2538216)
2021-03-12 14:16:07.256349 
	desktop => [('0:0:0:b', 'ffff:0:0:d', 1615558567.2562928)]
	0:0:0:b:ffff:0:0:d => ('desktop', 1615558567.2562928)
2021-03-12 14:16:07.263870 
	alice => [('0:0:0:c', 'ffff:0:0:a', 1615558567.2638152)]
	0:0:0:c:ffff:0:0:a => ('alice', 1615558567.2638152)
2021-03-12 14:16:23.245354 
	alice => [('0:0:0:c', 'ffff:0:0:a', 1615558567.2638152), ('0:0:0:a', 'ffff:0:0:a', 1615558583.2452776)]
	0:0:0:a:ffff:0:0:a => ('alice', 1615558583.2452776)
2021-03-12 14:16:23.249346 
	ffff:0:0:a => [('0:0:0:a', 'ffff:0:0:a', 1615558583.2493215)]
2021-03-12 14:16:43.273210 
	alice => [('0:0:0:a', 'ffff:0:0:a', 1615558583.2493215), ('0:0:0:b', 'ffff:0:0:a', 1615558603.2731307)]
	0:0:0:b:ffff:0:0:a => ('alice', 1615558603.2731307)
2021-03-12 14:16:43.277061 
	ffff:0:0:a => [('0:0:0:b', 'ffff:0:0:a', 1615558603.2770371)]
2021-03-12 14:16:48.042443 
	bob => [('0:0:0:b', 'ffff:0:0:b', 1615558608.042375)]
	0:0:0:b:ffff:0:0:b => ('bob', 1615558608.042375)
2021-03-12 14:16:48.051396 
	alice => [('0:0:0:b', 'ffff:0:0:a', 1615558608.0513372)]
	0:0:0:b:ffff:0:0:a => ('alice', 1615558608.0513372)
2021-03-12 14:16:48.061843 
	desktop => [('0:0:0:b', 'ffff:0:0:d', 1615558608.0617893)]
	0:0:0:b:ffff:0:0:d => ('desktop', 1615558608.0617893)
2021-03-12 14:17:03.280122 
	ffff:0:0:a => [('0:0:0:c', 'ffff:0:0:a', 1615558623.2800837)]
2021-03-12 14:17:03.311526 
	alice => [('0:0:0:c', 'ffff:0:0:a', 1615558623.3114605)]
	0:0:0:c:ffff:0:0:a => ('alice', 1615558623.3114605)
2021-03-12 14:17:23.305405 
	alice => [('0:0:0:c', 'ffff:0:0:a', 1615558623.3114605), ('0:0:0:a', 'ffff:0:0:a', 1615558643.3053272)]
	0:0:0:a:ffff:0:0:a => ('alice', 1615558643.3053272)
2021-03-12 14:17:23.311965 
	ffff:0:0:a => [('0:0:0:a', 'ffff:0:0:a', 1615558643.311943)]
2021-03-12 14:17:24.212790 
	desktop => [('0:0:0:b', 'ffff:0:0:d', 1615558644.2127192)]
	0:0:0:b:ffff:0:0:d => ('desktop', 1615558644.2127192)
2021-03-12 14:17:24.225549 
	alice => [('0:0:0:a', 'ffff:0:0:a', 1615558644.2254863)]
	0:0:0:a:ffff:0:0:a => ('alice', 1615558644.2254863)
2021-03-12 14:17:24.235682 
	bob => [('0:0:0:b', 'ffff:0:0:b', 1615558644.235633)]
	0:0:0:b:ffff:0:0:b => ('bob', 1615558644.235633)
2021-03-12 14:17:43.315826 
	alice => [('0:0:0:a', 'ffff:0:0:a', 1615558644.2254863), ('0:0:0:b', 'ffff:0:0:a', 1615558663.3157492)]
	0:0:0:b:ffff:0:0:a => ('alice', 1615558663.3157492)
2021-03-12 14:17:43.325344 
	ffff:0:0:a => [('0:0:0:b', 'ffff:0:0:a', 1615558663.3253205)]
2021-03-12 14:18:02.663620 
	bob => [('0:0:0:b', 'ffff:0:0:b', 1615558682.6635501)]
	0:0:0:b:ffff:0:0:b => ('bob', 1615558682.6635501)
2021-03-12 14:18:02.665425 
	alice => [('0:0:0:b', 'ffff:0:0:a', 1615558682.6653664)]
	0:0:0:b:ffff:0:0:a => ('alice', 1615558682.6653664)
2021-03-12 14:18:02.677698 
	desktop => [('0:0:0:b', 'ffff:0:0:d', 1615558682.6776426)]
	0:0:0:b:ffff:0:0:d => ('desktop', 1615558682.6776426)
2021-03-12 14:18:03.338476 
	ffff:0:0:a => [('0:0:0:c', 'ffff:0:0:a', 1615558683.338442)]
2021-03-12 14:18:03.344183 
	alice => [('0:0:0:c', 'ffff:0:0:a', 1615558683.3441207)]
	0:0:0:c:ffff:0:0:a => ('alice', 1615558683.3441207)
2021-03-12 14:18:23.356193 
	alice => [('0:0:0:c', 'ffff:0:0:a', 1615558683.3441207), ('0:0:0:a', 'ffff:0:0:a', 1615558703.356116)]
	0:0:0:a:ffff:0:0:a => ('alice', 1615558703.356116)
2021-03-12 14:18:23.382427 
	ffff:0:0:a => [('0:0:0:a', 'ffff:0:0:a', 1615558703.3824012)]
2021-03-12 14:18:34.291409 
	desktop => [('0:0:0:b', 'ffff:0:0:d', 1615558682.6776426), ('0:0:0:a', 'ffff:0:0:d', 1615558714.291331)]
	0:0:0:a:ffff:0:0:d => ('desktop', 1615558714.291331)
2021-03-12 14:18:34.297330 
	alice => [('0:0:0:a', 'ffff:0:0:a', 1615558714.2972782)]
	0:0:0:a:ffff:0:0:a => ('alice', 1615558714.2972782)
2021-03-12 14:18:34.312369 
	bob => [('0:0:0:b', 'ffff:0:0:b', 1615558714.3123143)]
	0:0:0:b:ffff:0:0:b => ('bob', 1615558714.3123143)
2021-03-12 14:18:43.375327 
	alice => [('0:0:0:a', 'ffff:0:0:a', 1615558714.2972782), ('0:0:0:b', 'ffff:0:0:a', 1615558723.375249)]
	0:0:0:b:ffff:0:0:a => ('alice', 1615558723.375249)
2021-03-12 14:18:43.378055 
	ffff:0:0:a => [('0:0:0:b', 'ffff:0:0:a', 1615558723.3780313)]
2021-03-12 14:19:03.408307 
	ffff:0:0:a => [('0:0:0:c', 'ffff:0:0:a', 1615558743.4082682)]
2021-03-12 14:19:03.439856 
	alice => [('0:0:0:c', 'ffff:0:0:a', 1615558743.4397871)]
	0:0:0:c:ffff:0:0:a => ('alice', 1615558743.4397871)
2021-03-12 14:19:09.890144 
	bob => [('0:0:0:b', 'ffff:0:0:b', 1615558749.8900757)]
	0:0:0:b:ffff:0:0:b => ('bob', 1615558749.8900757)
2021-03-12 14:19:09.895486 
	desktop => [('0:0:0:b', 'ffff:0:0:d', 1615558749.8954268), ('0:0:0:a', 'ffff:0:0:d', 1615558714.291331)]
	0:0:0:b:ffff:0:0:d => ('desktop', 1615558749.8954268)
2021-03-12 14:19:09.897367 
	alice => [('0:0:0:c', 'ffff:0:0:a', 1615558749.8973134)]
	0:0:0:c:ffff:0:0:a => ('alice', 1615558749.8973134)
2021-03-12 14:19:23.418160 
	alice => [('0:0:0:c', 'ffff:0:0:a', 1615558749.8973134), ('0:0:0:a', 'ffff:0:0:a', 1615558763.4180818)]
	0:0:0:a:ffff:0:0:a => ('alice', 1615558763.4180818)
2021-03-12 14:19:23.430905 
	ffff:0:0:a => [('0:0:0:a', 'ffff:0:0:a', 1615558763.430876)]
2021-03-12 14:19:43.442499 
	alice => [('0:0:0:a', 'ffff:0:0:a', 1615558763.430876), ('0:0:0:b', 'ffff:0:0:a', 1615558783.4424183)]
	0:0:0:b:ffff:0:0:a => ('alice', 1615558783.4424183)
2021-03-12 14:19:43.447823 
	ffff:0:0:a => [('0:0:0:b', 'ffff:0:0:a', 1615558783.4477983)]
2021-03-12 14:19:43.468833 
	alice => [('0:0:0:b', 'ffff:0:0:a', 1615558783.4687703)]
	0:0:0:b:ffff:0:0:a => ('alice', 1615558783.4687703)
2021-03-12 14:19:43.493365 
	desktop => [('0:0:0:b', 'ffff:0:0:d', 1615558783.493301), ('0:0:0:a', 'ffff:0:0:d', 1615558714.291331)]
	0:0:0:b:ffff:0:0:d => ('desktop', 1615558783.493301)
2021-03-12 14:19:43.511013 
	bob => [('0:0:0:b', 'ffff:0:0:b', 1615558783.5109556)]
	0:0:0:b:ffff:0:0:b => ('bob', 1615558783.5109556)
2021-03-12 14:20:03.491474 
	ffff:0:0:a => [('0:0:0:c', 'ffff:0:0:a', 1615558803.4914343)]
2021-03-12 14:20:03.502332 
	alice => [('0:0:0:c', 'ffff:0:0:a', 1615558803.5022688)]
	0:0:0:c:ffff:0:0:a => ('alice', 1615558803.5022688)
2021-03-12 14:20:23.103624 
	bob => [('0:0:0:b', 'ffff:0:0:b', 1615558823.1035533)]
	0:0:0:b:ffff:0:0:b => ('bob', 1615558823.1035533)
2021-03-12 14:20:23.117417 
	desktop => [('0:0:0:b', 'ffff:0:0:d', 1615558823.1173577), ('0:0:0:a', 'ffff:0:0:d', 1615558714.291331)]
	0:0:0:b:ffff:0:0:d => ('desktop', 1615558823.1173577)
2021-03-12 14:20:23.124605 
	alice => [('0:0:0:c', 'ffff:0:0:a', 1615558823.1245515)]
	0:0:0:c:ffff:0:0:a => ('alice', 1615558823.1245515)
2021-03-12 14:20:24.041495 
	alice => [('0:0:0:c', 'ffff:0:0:a', 1615558823.1245515), ('0:0:0:a', 'ffff:0:0:a', 1615558824.0414214)]
	0:0:0:a:ffff:0:0:a => ('alice', 1615558824.0414214)
2021-03-12 14:20:24.045310 
	ffff:0:0:a => [('0:0:0:a', 'ffff:0:0:a', 1615558824.0452862)]
