2021-03-12 14:12:23.049162 Started
	log = true
	hostname = alice
	wait_time = 30
2021-03-12 14:12:23.052056 
	alice => [('0:0:0:a', 'ffff:0:0:a', 1615558343.051975)]
	0:0:0:a:ffff:0:0:a => ('alice', 1615558343.051975)
2021-03-12 14:12:23.233899 
	desktop => [('0:0:0:a', 'ffff:0:0:d', 1615558343.2338238)]
	0:0:0:a:ffff:0:0:d => ('desktop', 1615558343.2338238)
2021-03-12 14:12:23.234936 
	alice => [('0:0:0:a', 'ffff:0:0:a', 1615558343.2348654)]
	0:0:0:a:ffff:0:0:a => ('alice', 1615558343.2348654)
2021-03-12 14:12:23.258504 
	bob => [('0:0:0:b', 'ffff:0:0:b', 1615558343.2584307)]
	0:0:0:b:ffff:0:0:b => ('bob', 1615558343.2584307)
2021-03-12 14:12:43.071670 
	alice => [('0:0:0:a', 'ffff:0:0:a', 1615558343.2348654), ('0:0:0:b', 'ffff:0:0:a', 1615558363.0715263)]
	0:0:0:b:ffff:0:0:a => ('alice', 1615558363.0715263)
2021-03-12 14:13:03.091819 
	alice => [('0:0:0:a', 'ffff:0:0:a', 1615558343.2348654), ('0:0:0:b', 'ffff:0:0:a', 1615558363.0715263), ('0:0:0:c', 'ffff:0:0:a', 1615558383.0916657)]
	0:0:0:c:ffff:0:0:a => ('alice', 1615558383.0916657)
2021-03-12 14:13:04.099712 
	desktop => [('0:0:0:a', 'ffff:0:0:d', 1615558343.2338238), ('0:0:0:b', 'ffff:0:0:d', 1615558384.0995784)]
	0:0:0:b:ffff:0:0:d => ('desktop', 1615558384.0995784)
2021-03-12 14:13:04.100402 
	bob => [('0:0:0:b', 'ffff:0:0:b', 1615558384.1003027)]
	0:0:0:b:ffff:0:0:b => ('bob', 1615558384.1003027)
2021-03-12 14:13:04.101632 
	alice => [('0:0:0:a', 'ffff:0:0:a', 1615558343.2348654), ('0:0:0:b', 'ffff:0:0:a', 1615558363.0715263), ('0:0:0:c', 'ffff:0:0:a', 1615558384.10144)]
	0:0:0:c:ffff:0:0:a => ('alice', 1615558384.10144)
2021-03-12 14:13:23.112997 
	alice => [('0:0:0:a', 'ffff:0:0:a', 1615558403.1128438), ('0:0:0:b', 'ffff:0:0:a', 1615558363.0715263), ('0:0:0:c', 'ffff:0:0:a', 1615558384.10144)]
	0:0:0:a:ffff:0:0:a => ('alice', 1615558403.1128438)
2021-03-12 14:13:43.134519 
	alice => [('0:0:0:a', 'ffff:0:0:a', 1615558403.1128438), ('0:0:0:b', 'ffff:0:0:a', 1615558423.1343632), ('0:0:0:c', 'ffff:0:0:a', 1615558384.10144)]
	0:0:0:b:ffff:0:0:a => ('alice', 1615558423.1343632)
2021-03-12 14:13:47.037934 
	alice => [('0:0:0:a', 'ffff:0:0:a', 1615558403.1128438), ('0:0:0:b', 'ffff:0:0:a', 1615558427.03778), ('0:0:0:c', 'ffff:0:0:a', 1615558384.10144)]
	0:0:0:b:ffff:0:0:a => ('alice', 1615558427.03778)
2021-03-12 14:13:47.040297 
	desktop => [('0:0:0:a', 'ffff:0:0:d', 1615558343.2338238), ('0:0:0:b', 'ffff:0:0:d', 1615558427.0401611)]
	0:0:0:b:ffff:0:0:d => ('desktop', 1615558427.0401611)
2021-03-12 14:13:47.082449 
	bob => [('0:0:0:b', 'ffff:0:0:b', 1615558427.0823119)]
	0:0:0:b:ffff:0:0:b => ('bob', 1615558427.0823119)
2021-03-12 14:14:03.155825 
	alice => [('0:0:0:a', 'ffff:0:0:a', 1615558403.1128438), ('0:0:0:b', 'ffff:0:0:a', 1615558427.03778), ('0:0:0:c', 'ffff:0:0:a', 1615558443.1556692)]
	0:0:0:c:ffff:0:0:a => ('alice', 1615558443.1556692)
2021-03-12 14:14:22.934361 
	desktop => [('0:0:0:a', 'ffff:0:0:d', 1615558343.2338238), ('0:0:0:b', 'ffff:0:0:d', 1615558427.0401611), ('0:0:0:c', 'ffff:0:0:d', 1615558462.9341927)]
	0:0:0:c:ffff:0:0:d => ('desktop', 1615558462.9341927)
2021-03-12 14:14:22.935818 
	alice => [('0:0:0:a', 'ffff:0:0:a', 1615558403.1128438), ('0:0:0:b', 'ffff:0:0:a', 1615558427.03778), ('0:0:0:c', 'ffff:0:0:a', 1615558462.9356785)]
	0:0:0:c:ffff:0:0:a => ('alice', 1615558462.9356785)
2021-03-12 14:14:22.936623 
	bob => [('0:0:0:b', 'ffff:0:0:b', 1615558462.9365013)]
	0:0:0:b:ffff:0:0:b => ('bob', 1615558462.9365013)
2021-03-12 14:14:23.177052 
	alice => [('0:0:0:a', 'ffff:0:0:a', 1615558463.1768975), ('0:0:0:b', 'ffff:0:0:a', 1615558427.03778), ('0:0:0:c', 'ffff:0:0:a', 1615558462.9356785)]
	0:0:0:a:ffff:0:0:a => ('alice', 1615558463.1768975)
2021-03-12 14:14:43.198501 
	alice => [('0:0:0:a', 'ffff:0:0:a', 1615558463.1768975), ('0:0:0:b', 'ffff:0:0:a', 1615558483.1983404), ('0:0:0:c', 'ffff:0:0:a', 1615558462.9356785)]
	0:0:0:b:ffff:0:0:a => ('alice', 1615558483.1983404)
2021-03-12 14:15:02.103827 
	bob => [('0:0:0:b', 'ffff:0:0:b', 1615558502.103703)]
	0:0:0:b:ffff:0:0:b => ('bob', 1615558502.103703)
2021-03-12 14:15:02.105000 
	alice => [('0:0:0:a', 'ffff:0:0:a', 1615558463.1768975), ('0:0:0:b', 'ffff:0:0:a', 1615558502.1048877), ('0:0:0:c', 'ffff:0:0:a', 1615558462.9356785)]
	0:0:0:b:ffff:0:0:a => ('alice', 1615558502.1048877)
2021-03-12 14:15:02.106207 
	desktop => [('0:0:0:a', 'ffff:0:0:d', 1615558343.2338238), ('0:0:0:b', 'ffff:0:0:d', 1615558502.1060915), ('0:0:0:c', 'ffff:0:0:d', 1615558462.9341927)]
	0:0:0:b:ffff:0:0:d => ('desktop', 1615558502.1060915)
2021-03-12 14:15:03.219352 
	alice => [('0:0:0:a', 'ffff:0:0:a', 1615558463.1768975), ('0:0:0:b', 'ffff:0:0:a', 1615558502.1048877), ('0:0:0:c', 'ffff:0:0:a', 1615558503.219225)]
	0:0:0:c:ffff:0:0:a => ('alice', 1615558503.219225)
2021-03-12 14:15:23.238283 
	alice => [('0:0:0:a', 'ffff:0:0:a', 1615558523.2381253), ('0:0:0:b', 'ffff:0:0:a', 1615558502.1048877), ('0:0:0:c', 'ffff:0:0:a', 1615558503.219225)]
	0:0:0:a:ffff:0:0:a => ('alice', 1615558523.2381253)
2021-03-12 14:15:34.901027 
	desktop => [('0:0:0:a', 'ffff:0:0:d', 1615558534.9008567), ('0:0:0:b', 'ffff:0:0:d', 1615558502.1060915), ('0:0:0:c', 'ffff:0:0:d', 1615558462.9341927)]
	0:0:0:a:ffff:0:0:d => ('desktop', 1615558534.9008567)
2021-03-12 14:15:34.902549 
	alice => [('0:0:0:a', 'ffff:0:0:a', 1615558534.90241), ('0:0:0:b', 'ffff:0:0:a', 1615558502.1048877), ('0:0:0:c', 'ffff:0:0:a', 1615558503.219225)]
	0:0:0:a:ffff:0:0:a => ('alice', 1615558534.90241)
2021-03-12 14:15:34.906663 
	bob => [('0:0:0:b', 'ffff:0:0:b', 1615558534.90654)]
	0:0:0:b:ffff:0:0:b => ('bob', 1615558534.90654)
2021-03-12 14:15:43.259701 
	alice => [('0:0:0:a', 'ffff:0:0:a', 1615558534.90241), ('0:0:0:b', 'ffff:0:0:a', 1615558543.2595456), ('0:0:0:c', 'ffff:0:0:a', 1615558503.219225)]
	0:0:0:b:ffff:0:0:a => ('alice', 1615558543.2595456)
2021-03-12 14:16:03.281119 
	alice => [('0:0:0:a', 'ffff:0:0:a', 1615558534.90241), ('0:0:0:b', 'ffff:0:0:a', 1615558543.2595456), ('0:0:0:c', 'ffff:0:0:a', 1615558563.280961)]
	0:0:0:c:ffff:0:0:a => ('alice', 1615558563.280961)
2021-03-12 14:16:07.315085 
	desktop => [('0:0:0:a', 'ffff:0:0:d', 1615558534.9008567), ('0:0:0:b', 'ffff:0:0:d', 1615558567.3149123), ('0:0:0:c', 'ffff:0:0:d', 1615558462.9341927)]
	0:0:0:b:ffff:0:0:d => ('desktop', 1615558567.3149123)
2021-03-12 14:16:07.316145 
	bob => [('0:0:0:b', 'ffff:0:0:b', 1615558567.3160133)]
	0:0:0:b:ffff:0:0:b => ('bob', 1615558567.3160133)
2021-03-12 14:16:07.318572 
	alice => [('0:0:0:a', 'ffff:0:0:a', 1615558534.90241), ('0:0:0:b', 'ffff:0:0:a', 1615558543.2595456), ('0:0:0:c', 'ffff:0:0:a', 1615558567.3184273)]
	0:0:0:c:ffff:0:0:a => ('alice', 1615558567.3184273)
2021-03-12 14:16:23.302595 
	alice => [('0:0:0:a', 'ffff:0:0:a', 1615558583.30244), ('0:0:0:b', 'ffff:0:0:a', 1615558543.2595456), ('0:0:0:c', 'ffff:0:0:a', 1615558567.3184273)]
	0:0:0:a:ffff:0:0:a => ('alice', 1615558583.30244)
2021-03-12 14:16:43.323889 
	alice => [('0:0:0:a', 'ffff:0:0:a', 1615558583.30244), ('0:0:0:b', 'ffff:0:0:a', 1615558603.3237343), ('0:0:0:c', 'ffff:0:0:a', 1615558567.3184273)]
	0:0:0:b:ffff:0:0:a => ('alice', 1615558603.3237343)
2021-03-12 14:16:48.099811 
	bob => [('0:0:0:b', 'ffff:0:0:b', 1615558608.0996614)]
	0:0:0:b:ffff:0:0:b => ('bob', 1615558608.0996614)
2021-03-12 14:16:48.101293 
	alice => [('0:0:0:a', 'ffff:0:0:a', 1615558583.30244), ('0:0:0:b', 'ffff:0:0:a', 1615558608.1011548), ('0:0:0:c', 'ffff:0:0:a', 1615558567.3184273)]
	0:0:0:b:ffff:0:0:a => ('alice', 1615558608.1011548)
2021-03-12 14:16:48.102667 
	desktop => [('0:0:0:a', 'ffff:0:0:d', 1615558534.9008567), ('0:0:0:b', 'ffff:0:0:d', 1615558608.1025221), ('0:0:0:c', 'ffff:0:0:d', 1615558462.9341927)]
	0:0:0:b:ffff:0:0:d => ('desktop', 1615558608.1025221)
2021-03-12 14:17:03.338056 
	alice => [('0:0:0:a', 'ffff:0:0:a', 1615558583.30244), ('0:0:0:b', 'ffff:0:0:a', 1615558608.1011548), ('0:0:0:c', 'ffff:0:0:a', 1615558623.3379226)]
	0:0:0:c:ffff:0:0:a => ('alice', 1615558623.3379226)
2021-03-12 14:17:23.359884 
	alice => [('0:0:0:a', 'ffff:0:0:a', 1615558643.3597257), ('0:0:0:b', 'ffff:0:0:a', 1615558608.1011548), ('0:0:0:c', 'ffff:0:0:a', 1615558623.3379226)]
	0:0:0:a:ffff:0:0:a => ('alice', 1615558643.3597257)
2021-03-12 14:17:24.270841 
	desktop => [('0:0:0:a', 'ffff:0:0:d', 1615558644.2706716), ('0:0:0:b', 'ffff:0:0:d', 1615558608.1025221), ('0:0:0:c', 'ffff:0:0:d', 1615558462.9341927)]
	0:0:0:a:ffff:0:0:d => ('desktop', 1615558644.2706716)
2021-03-12 14:17:24.272384 
	alice => [('0:0:0:a', 'ffff:0:0:a', 1615558644.272247), ('0:0:0:b', 'ffff:0:0:a', 1615558608.1011548), ('0:0:0:c', 'ffff:0:0:a', 1615558623.3379226)]
	0:0:0:a:ffff:0:0:a => ('alice', 1615558644.272247)
2021-03-12 14:17:24.286138 
	bob => [('0:0:0:b', 'ffff:0:0:b', 1615558644.2860076)]
	0:0:0:b:ffff:0:0:b => ('bob', 1615558644.2860076)
2021-03-12 14:17:43.375747 
	alice => [('0:0:0:a', 'ffff:0:0:a', 1615558644.272247), ('0:0:0:b', 'ffff:0:0:a', 1615558663.3755891), ('0:0:0:c', 'ffff:0:0:a', 1615558623.3379226)]
	0:0:0:b:ffff:0:0:a => ('alice', 1615558663.3755891)
2021-03-12 14:18:02.722185 
	bob => [('0:0:0:b', 'ffff:0:0:b', 1615558682.7220361)]
	0:0:0:b:ffff:0:0:b => ('bob', 1615558682.7220361)
2021-03-12 14:18:02.723616 
	alice => [('0:0:0:a', 'ffff:0:0:a', 1615558644.272247), ('0:0:0:b', 'ffff:0:0:a', 1615558682.7234793), ('0:0:0:c', 'ffff:0:0:a', 1615558623.3379226)]
	0:0:0:b:ffff:0:0:a => ('alice', 1615558682.7234793)
2021-03-12 14:18:02.724429 
	desktop => [('0:0:0:a', 'ffff:0:0:d', 1615558644.2706716), ('0:0:0:b', 'ffff:0:0:d', 1615558682.72429), ('0:0:0:c', 'ffff:0:0:d', 1615558462.9341927)]
	0:0:0:b:ffff:0:0:d => ('desktop', 1615558682.72429)
2021-03-12 14:18:03.397322 
	alice => [('0:0:0:a', 'ffff:0:0:a', 1615558644.272247), ('0:0:0:b', 'ffff:0:0:a', 1615558682.7234793), ('0:0:0:c', 'ffff:0:0:a', 1615558683.3971648)]
	0:0:0:c:ffff:0:0:a => ('alice', 1615558683.3971648)
2021-03-12 14:18:23.415371 
	alice => [('0:0:0:a', 'ffff:0:0:a', 1615558703.4152422), ('0:0:0:b', 'ffff:0:0:a', 1615558682.7234793), ('0:0:0:c', 'ffff:0:0:a', 1615558683.3971648)]
	0:0:0:a:ffff:0:0:a => ('alice', 1615558703.4152422)
2021-03-12 14:18:34.339125 
	alice => [('0:0:0:a', 'ffff:0:0:a', 1615558714.338968), ('0:0:0:b', 'ffff:0:0:a', 1615558682.7234793), ('0:0:0:c', 'ffff:0:0:a', 1615558683.3971648)]
	0:0:0:a:ffff:0:0:a => ('alice', 1615558714.338968)
2021-03-12 14:18:34.340954 
	desktop => [('0:0:0:a', 'ffff:0:0:d', 1615558714.3408136), ('0:0:0:b', 'ffff:0:0:d', 1615558682.72429), ('0:0:0:c', 'ffff:0:0:d', 1615558462.9341927)]
	0:0:0:a:ffff:0:0:d => ('desktop', 1615558714.3408136)
2021-03-12 14:18:34.363783 
	bob => [('0:0:0:b', 'ffff:0:0:b', 1615558714.363679)]
	0:0:0:b:ffff:0:0:b => ('bob', 1615558714.363679)
2021-03-12 14:18:43.436069 
	alice => [('0:0:0:a', 'ffff:0:0:a', 1615558714.338968), ('0:0:0:b', 'ffff:0:0:a', 1615558723.4359405), ('0:0:0:c', 'ffff:0:0:a', 1615558683.3971648)]
	0:0:0:b:ffff:0:0:a => ('alice', 1615558723.4359405)
2021-03-12 14:19:03.457189 
	alice => [('0:0:0:a', 'ffff:0:0:a', 1615558714.338968), ('0:0:0:b', 'ffff:0:0:a', 1615558723.4359405), ('0:0:0:c', 'ffff:0:0:a', 1615558743.4570324)]
	0:0:0:c:ffff:0:0:a => ('alice', 1615558743.4570324)
2021-03-12 14:19:09.878352 
	desktop => [('0:0:0:a', 'ffff:0:0:d', 1615558714.3408136), ('0:0:0:b', 'ffff:0:0:d', 1615558749.8781805), ('0:0:0:c', 'ffff:0:0:d', 1615558462.9341927)]
	0:0:0:b:ffff:0:0:d => ('desktop', 1615558749.8781805)
2021-03-12 14:19:09.879155 
	bob => [('0:0:0:b', 'ffff:0:0:b', 1615558749.8790326)]
	0:0:0:b:ffff:0:0:b => ('bob', 1615558749.8790326)
2021-03-12 14:19:09.880632 
	alice => [('0:0:0:a', 'ffff:0:0:a', 1615558714.338968), ('0:0:0:b', 'ffff:0:0:a', 1615558723.4359405), ('0:0:0:c', 'ffff:0:0:a', 1615558749.8804958)]
	0:0:0:c:ffff:0:0:a => ('alice', 1615558749.8804958)
2021-03-12 14:19:23.478593 
	alice => [('0:0:0:a', 'ffff:0:0:a', 1615558763.4784355), ('0:0:0:b', 'ffff:0:0:a', 1615558723.4359405), ('0:0:0:c', 'ffff:0:0:a', 1615558749.8804958)]
	0:0:0:a:ffff:0:0:a => ('alice', 1615558763.4784355)
2021-03-12 14:19:43.499771 
	alice => [('0:0:0:a', 'ffff:0:0:a', 1615558763.4784355), ('0:0:0:b', 'ffff:0:0:a', 1615558783.4996147), ('0:0:0:c', 'ffff:0:0:a', 1615558749.8804958)]
	0:0:0:b:ffff:0:0:a => ('alice', 1615558783.4996147)
2021-03-12 14:19:43.504140 
	alice => [('0:0:0:a', 'ffff:0:0:a', 1615558763.4784355), ('0:0:0:b', 'ffff:0:0:a', 1615558783.5039954), ('0:0:0:c', 'ffff:0:0:a', 1615558749.8804958)]
	0:0:0:b:ffff:0:0:a => ('alice', 1615558783.5039954)
2021-03-12 14:19:43.506224 
	desktop => [('0:0:0:a', 'ffff:0:0:d', 1615558714.3408136), ('0:0:0:b', 'ffff:0:0:d', 1615558783.5061316), ('0:0:0:c', 'ffff:0:0:d', 1615558462.9341927)]
	0:0:0:b:ffff:0:0:d => ('desktop', 1615558783.5061316)
2021-03-12 14:19:43.541323 
	bob => [('0:0:0:b', 'ffff:0:0:b', 1615558783.5412037)]
	0:0:0:b:ffff:0:0:b => ('bob', 1615558783.5412037)
2021-03-12 14:20:03.521018 
	alice => [('0:0:0:a', 'ffff:0:0:a', 1615558763.4784355), ('0:0:0:b', 'ffff:0:0:a', 1615558783.5039954), ('0:0:0:c', 'ffff:0:0:a', 1615558803.520858)]
	0:0:0:c:ffff:0:0:a => ('alice', 1615558803.520858)
2021-03-12 14:20:23.162848 
	desktop => [('0:0:0:a', 'ffff:0:0:d', 1615558714.3408136), ('0:0:0:b', 'ffff:0:0:d', 1615558823.1626778), ('0:0:0:c', 'ffff:0:0:d', 1615558462.9341927)]
	0:0:0:b:ffff:0:0:d => ('desktop', 1615558823.1626778)
2021-03-12 14:20:23.163789 
	bob => [('0:0:0:b', 'ffff:0:0:b', 1615558823.1636653)]
	0:0:0:b:ffff:0:0:b => ('bob', 1615558823.1636653)
2021-03-12 14:20:23.165314 
	alice => [('0:0:0:a', 'ffff:0:0:a', 1615558763.4784355), ('0:0:0:b', 'ffff:0:0:a', 1615558783.5039954), ('0:0:0:c', 'ffff:0:0:a', 1615558823.165175)]
	0:0:0:c:ffff:0:0:a => ('alice', 1615558823.165175)
2021-03-12 14:20:23.542321 
	alice => [('0:0:0:a', 'ffff:0:0:a', 1615558823.54217), ('0:0:0:b', 'ffff:0:0:a', 1615558783.5039954), ('0:0:0:c', 'ffff:0:0:a', 1615558823.165175)]
	0:0:0:a:ffff:0:0:a => ('alice', 1615558823.54217)
