2021-03-12 14:03:21.132629 Started
	log = true
	hostname = alice
	wait_time = 30
2021-03-12 14:03:21.135615 
	alice => [('0:0:0:a', 'ffff:0:0:a', 1615557801.135536)]
	0:0:0:a:ffff:0:0:a => ('alice', 1615557801.135536)
2021-03-12 14:03:22.057128 
	desktop => [('0:0:0:a', 'ffff:0:0:d', 1615557802.0570526)]
	0:0:0:a:ffff:0:0:d => ('desktop', 1615557802.0570526)
2021-03-12 14:03:22.063969 
	bob => [('0:0:0:b', 'ffff:0:0:b', 1615557802.0639074)]
	0:0:0:b:ffff:0:0:b => ('bob', 1615557802.0639074)
2021-03-12 14:03:22.067614 
	alice => [('0:0:0:a', 'ffff:0:0:a', 1615557802.067561)]
	0:0:0:a:ffff:0:0:a => ('alice', 1615557802.067561)
2021-03-12 14:03:41.171035 
	alice => [('0:0:0:a', 'ffff:0:0:a', 1615557802.067561), ('0:0:0:b', 'ffff:0:0:a', 1615557821.170962)]
	0:0:0:b:ffff:0:0:a => ('alice', 1615557821.170962)
2021-03-12 14:04:01.203994 
	alice => [('0:0:0:a', 'ffff:0:0:a', 1615557802.067561), ('0:0:0:b', 'ffff:0:0:a', 1615557821.170962), ('0:0:0:c', 'ffff:0:0:a', 1615557841.2039175)]
	0:0:0:c:ffff:0:0:a => ('alice', 1615557841.2039175)
2021-03-12 14:04:14.164966 
	alice => [('0:0:0:a', 'ffff:0:0:a', 1615557802.067561), ('0:0:0:b', 'ffff:0:0:a', 1615557821.170962), ('0:0:0:c', 'ffff:0:0:a', 1615557854.1648896)]
	0:0:0:c:ffff:0:0:a => ('alice', 1615557854.1648896)
2021-03-12 14:04:14.173988 
	desktop => [('0:0:0:a', 'ffff:0:0:d', 1615557802.0570526), ('0:0:0:c', 'ffff:0:0:d', 1615557854.173926)]
	0:0:0:c:ffff:0:0:d => ('desktop', 1615557854.173926)
2021-03-12 14:04:14.185387 
	bob => [('0:0:0:b', 'ffff:0:0:b', 1615557854.1853333)]
	0:0:0:b:ffff:0:0:b => ('bob', 1615557854.1853333)
2021-03-12 14:04:21.237772 
	alice => [('0:0:0:a', 'ffff:0:0:a', 1615557861.2376955), ('0:0:0:b', 'ffff:0:0:a', 1615557821.170962), ('0:0:0:c', 'ffff:0:0:a', 1615557854.1648896)]
	0:0:0:a:ffff:0:0:a => ('alice', 1615557861.2376955)
2021-03-12 14:04:41.570426 
	alice => [('0:0:0:a', 'ffff:0:0:a', 1615557861.2376955), ('0:0:0:b', 'ffff:0:0:a', 1615557881.5703468), ('0:0:0:c', 'ffff:0:0:a', 1615557854.1648896)]
	0:0:0:b:ffff:0:0:a => ('alice', 1615557881.5703468)
2021-03-12 14:04:49.194614 
	bob => [('0:0:0:b', 'ffff:0:0:b', 1615557889.1945412)]
	0:0:0:b:ffff:0:0:b => ('bob', 1615557889.1945412)
2021-03-12 14:04:49.214873 
	desktop => [('0:0:0:a', 'ffff:0:0:d', 1615557802.0570526), ('0:0:0:c', 'ffff:0:0:d', 1615557854.173926), ('0:0:0:b', 'ffff:0:0:d', 1615557889.2147899)]
	0:0:0:b:ffff:0:0:d => ('desktop', 1615557889.2147899)
2021-03-12 14:04:49.226029 
	alice => [('0:0:0:a', 'ffff:0:0:a', 1615557861.2376955), ('0:0:0:b', 'ffff:0:0:a', 1615557889.225967), ('0:0:0:c', 'ffff:0:0:a', 1615557854.1648896)]
	0:0:0:b:ffff:0:0:a => ('alice', 1615557889.225967)
2021-03-12 14:05:01.622577 
	alice => [('0:0:0:a', 'ffff:0:0:a', 1615557861.2376955), ('0:0:0:b', 'ffff:0:0:a', 1615557889.225967), ('0:0:0:c', 'ffff:0:0:a', 1615557901.6225)]
	0:0:0:c:ffff:0:0:a => ('alice', 1615557901.6225)
2021-03-12 14:05:21.663194 
	alice => [('0:0:0:a', 'ffff:0:0:a', 1615557921.6631098), ('0:0:0:b', 'ffff:0:0:a', 1615557889.225967), ('0:0:0:c', 'ffff:0:0:a', 1615557901.6225)]
	0:0:0:a:ffff:0:0:a => ('alice', 1615557921.6631098)
2021-03-12 14:05:32.625580 
	desktop => [('0:0:0:a', 'ffff:0:0:d', 1615557802.0570526), ('0:0:0:c', 'ffff:0:0:d', 1615557854.173926), ('0:0:0:b', 'ffff:0:0:d', 1615557932.6254632)]
	0:0:0:b:ffff:0:0:d => ('desktop', 1615557932.6254632)
2021-03-12 14:05:32.630014 
	bob => [('0:0:0:b', 'ffff:0:0:b', 1615557932.6299572)]
	0:0:0:b:ffff:0:0:b => ('bob', 1615557932.6299572)
2021-03-12 14:05:32.630885 
	alice => [('0:0:0:a', 'ffff:0:0:a', 1615557932.6308253), ('0:0:0:b', 'ffff:0:0:a', 1615557889.225967), ('0:0:0:c', 'ffff:0:0:a', 1615557901.6225)]
	0:0:0:a:ffff:0:0:a => ('alice', 1615557932.6308253)
2021-03-12 14:05:41.721707 
	alice => [('0:0:0:a', 'ffff:0:0:a', 1615557932.6308253), ('0:0:0:b', 'ffff:0:0:a', 1615557941.7216282), ('0:0:0:c', 'ffff:0:0:a', 1615557901.6225)]
	0:0:0:b:ffff:0:0:a => ('alice', 1615557941.7216282)
2021-03-12 14:06:01.768638 
	alice => [('0:0:0:a', 'ffff:0:0:a', 1615557932.6308253), ('0:0:0:b', 'ffff:0:0:a', 1615557941.7216282), ('0:0:0:c', 'ffff:0:0:a', 1615557961.76856)]
	0:0:0:c:ffff:0:0:a => ('alice', 1615557961.76856)
2021-03-12 14:06:03.111929 
	desktop => [('0:0:0:a', 'ffff:0:0:d', 1615557802.0570526), ('0:0:0:c', 'ffff:0:0:d', 1615557963.1118486), ('0:0:0:b', 'ffff:0:0:d', 1615557932.6254632)]
	0:0:0:c:ffff:0:0:d => ('desktop', 1615557963.1118486)
2021-03-12 14:06:03.122455 
	bob => [('0:0:0:b', 'ffff:0:0:b', 1615557963.122391)]
	0:0:0:b:ffff:0:0:b => ('bob', 1615557963.122391)
2021-03-12 14:06:03.132848 
	alice => [('0:0:0:a', 'ffff:0:0:a', 1615557932.6308253), ('0:0:0:b', 'ffff:0:0:a', 1615557941.7216282), ('0:0:0:c', 'ffff:0:0:a', 1615557963.132791)]
	0:0:0:c:ffff:0:0:a => ('alice', 1615557963.132791)
2021-03-12 14:06:21.869119 
	alice => [('0:0:0:a', 'ffff:0:0:a', 1615557981.8690417), ('0:0:0:b', 'ffff:0:0:a', 1615557941.7216282), ('0:0:0:c', 'ffff:0:0:a', 1615557963.132791)]
	0:0:0:a:ffff:0:0:a => ('alice', 1615557981.8690417)
2021-03-12 14:06:41.965446 
	alice => [('0:0:0:a', 'ffff:0:0:a', 1615557981.8690417), ('0:0:0:b', 'ffff:0:0:a', 1615558001.9653664), ('0:0:0:c', 'ffff:0:0:a', 1615557963.132791)]
	0:0:0:b:ffff:0:0:a => ('alice', 1615558001.9653664)
2021-03-12 14:06:49.349705 
	alice => [('0:0:0:a', 'ffff:0:0:a', 1615557981.8690417), ('0:0:0:b', 'ffff:0:0:a', 1615558009.3496263), ('0:0:0:c', 'ffff:0:0:a', 1615557963.132791)]
	0:0:0:b:ffff:0:0:a => ('alice', 1615558009.3496263)
2021-03-12 14:06:49.350171 
	bob => [('0:0:0:b', 'ffff:0:0:b', 1615558009.3501165)]
	0:0:0:b:ffff:0:0:b => ('bob', 1615558009.3501165)
2021-03-12 14:06:49.355252 
	desktop => [('0:0:0:a', 'ffff:0:0:d', 1615557802.0570526), ('0:0:0:c', 'ffff:0:0:d', 1615557963.1118486), ('0:0:0:b', 'ffff:0:0:d', 1615558009.35519)]
	0:0:0:b:ffff:0:0:d => ('desktop', 1615558009.35519)
2021-03-12 14:07:02.082891 
	alice => [('0:0:0:a', 'ffff:0:0:a', 1615557981.8690417), ('0:0:0:b', 'ffff:0:0:a', 1615558009.3496263), ('0:0:0:c', 'ffff:0:0:a', 1615558022.0828147)]
	0:0:0:c:ffff:0:0:a => ('alice', 1615558022.0828147)
2021-03-12 14:07:22.186293 
	alice => [('0:0:0:a', 'ffff:0:0:a', 1615558042.1862166), ('0:0:0:b', 'ffff:0:0:a', 1615558009.3496263), ('0:0:0:c', 'ffff:0:0:a', 1615558022.0828147)]
	0:0:0:a:ffff:0:0:a => ('alice', 1615558042.1862166)
2021-03-12 14:07:23.148182 
	desktop => [('0:0:0:a', 'ffff:0:0:d', 1615558043.1481), ('0:0:0:c', 'ffff:0:0:d', 1615557963.1118486), ('0:0:0:b', 'ffff:0:0:d', 1615558009.35519)]
	0:0:0:a:ffff:0:0:d => ('desktop', 1615558043.1481)
2021-03-12 14:07:23.149961 
	alice => [('0:0:0:a', 'ffff:0:0:a', 1615558043.1498928), ('0:0:0:b', 'ffff:0:0:a', 1615558009.3496263), ('0:0:0:c', 'ffff:0:0:a', 1615558022.0828147)]
	0:0:0:a:ffff:0:0:a => ('alice', 1615558043.1498928)
2021-03-12 14:07:23.177894 
	bob => [('0:0:0:b', 'ffff:0:0:b', 1615558043.1778343)]
	0:0:0:b:ffff:0:0:b => ('bob', 1615558043.1778343)
2021-03-12 14:07:42.229774 
	alice => [('0:0:0:a', 'ffff:0:0:a', 1615558043.1498928), ('0:0:0:b', 'ffff:0:0:a', 1615558062.229696), ('0:0:0:c', 'ffff:0:0:a', 1615558022.0828147)]
	0:0:0:b:ffff:0:0:a => ('alice', 1615558062.229696)
2021-03-12 14:07:53.927792 
	bob => [('0:0:0:b', 'ffff:0:0:b', 1615558073.9277174)]
	0:0:0:b:ffff:0:0:b => ('bob', 1615558073.9277174)
2021-03-12 14:07:53.941781 
	desktop => [('0:0:0:a', 'ffff:0:0:d', 1615558043.1481), ('0:0:0:c', 'ffff:0:0:d', 1615557963.1118486), ('0:0:0:b', 'ffff:0:0:d', 1615558073.9417052)]
	0:0:0:b:ffff:0:0:d => ('desktop', 1615558073.9417052)
2021-03-12 14:07:53.948648 
	alice => [('0:0:0:a', 'ffff:0:0:a', 1615558043.1498928), ('0:0:0:b', 'ffff:0:0:a', 1615558073.948594), ('0:0:0:c', 'ffff:0:0:a', 1615558022.0828147)]
	0:0:0:b:ffff:0:0:a => ('alice', 1615558073.948594)
2021-03-12 14:08:02.279019 
	alice => [('0:0:0:a', 'ffff:0:0:a', 1615558043.1498928), ('0:0:0:b', 'ffff:0:0:a', 1615558073.948594), ('0:0:0:c', 'ffff:0:0:a', 1615558082.2789402)]
	0:0:0:c:ffff:0:0:a => ('alice', 1615558082.2789402)
2021-03-12 14:08:22.315956 
	alice => [('0:0:0:a', 'ffff:0:0:a', 1615558102.3158808), ('0:0:0:b', 'ffff:0:0:a', 1615558073.948594), ('0:0:0:c', 'ffff:0:0:a', 1615558082.2789402)]
	0:0:0:a:ffff:0:0:a => ('alice', 1615558102.3158808)
2021-03-12 14:08:28.590297 
	desktop => [('0:0:0:a', 'ffff:0:0:d', 1615558108.5902147), ('0:0:0:c', 'ffff:0:0:d', 1615557963.1118486), ('0:0:0:b', 'ffff:0:0:d', 1615558073.9417052)]
	0:0:0:a:ffff:0:0:d => ('desktop', 1615558108.5902147)
2021-03-12 14:08:28.613843 
	alice => [('0:0:0:a', 'ffff:0:0:a', 1615558108.6137729), ('0:0:0:b', 'ffff:0:0:a', 1615558073.948594), ('0:0:0:c', 'ffff:0:0:a', 1615558082.2789402)]
	0:0:0:a:ffff:0:0:a => ('alice', 1615558108.6137729)
2021-03-12 14:08:28.631435 
	bob => [('0:0:0:b', 'ffff:0:0:b', 1615558108.6313777)]
	0:0:0:b:ffff:0:0:b => ('bob', 1615558108.6313777)
2021-03-12 14:08:42.408353 
	alice => [('0:0:0:a', 'ffff:0:0:a', 1615558108.6137729), ('0:0:0:b', 'ffff:0:0:a', 1615558122.4082782), ('0:0:0:c', 'ffff:0:0:a', 1615558082.2789402)]
	0:0:0:b:ffff:0:0:a => ('alice', 1615558122.4082782)
2021-03-12 14:09:02.450150 
	alice => [('0:0:0:a', 'ffff:0:0:a', 1615558108.6137729), ('0:0:0:b', 'ffff:0:0:a', 1615558122.4082782), ('0:0:0:c', 'ffff:0:0:a', 1615558142.450072)]
	0:0:0:c:ffff:0:0:a => ('alice', 1615558142.450072)
2021-03-12 14:09:07.048260 
	desktop => [('0:0:0:a', 'ffff:0:0:d', 1615558108.5902147), ('0:0:0:c', 'ffff:0:0:d', 1615557963.1118486), ('0:0:0:b', 'ffff:0:0:d', 1615558147.048178)]
	0:0:0:b:ffff:0:0:d => ('desktop', 1615558147.048178)
2021-03-12 14:09:07.049639 
	bob => [('0:0:0:b', 'ffff:0:0:b', 1615558147.0495806)]
	0:0:0:b:ffff:0:0:b => ('bob', 1615558147.0495806)
2021-03-12 14:09:07.061888 
	alice => [('0:0:0:a', 'ffff:0:0:a', 1615558108.6137729), ('0:0:0:b', 'ffff:0:0:a', 1615558122.4082782), ('0:0:0:c', 'ffff:0:0:a', 1615558147.0618205)]
	0:0:0:c:ffff:0:0:a => ('alice', 1615558147.0618205)
2021-03-12 14:09:22.536846 
	alice => [('0:0:0:a', 'ffff:0:0:a', 1615558162.5367703), ('0:0:0:b', 'ffff:0:0:a', 1615558122.4082782), ('0:0:0:c', 'ffff:0:0:a', 1615558147.0618205)]
	0:0:0:a:ffff:0:0:a => ('alice', 1615558162.5367703)
2021-03-12 14:09:42.563681 
	alice => [('0:0:0:a', 'ffff:0:0:a', 1615558162.5367703), ('0:0:0:b', 'ffff:0:0:a', 1615558182.5636034), ('0:0:0:c', 'ffff:0:0:a', 1615558147.0618205)]
	0:0:0:b:ffff:0:0:a => ('alice', 1615558182.5636034)
2021-03-12 14:09:48.124944 
	bob => [('0:0:0:b', 'ffff:0:0:b', 1615558188.124871)]
	0:0:0:b:ffff:0:0:b => ('bob', 1615558188.124871)
2021-03-12 14:09:48.145844 
	alice => [('0:0:0:a', 'ffff:0:0:a', 1615558162.5367703), ('0:0:0:b', 'ffff:0:0:a', 1615558188.1457715), ('0:0:0:c', 'ffff:0:0:a', 1615558147.0618205)]
	0:0:0:b:ffff:0:0:a => ('alice', 1615558188.1457715)
2021-03-12 14:09:48.153901 
	desktop => [('0:0:0:a', 'ffff:0:0:d', 1615558108.5902147), ('0:0:0:c', 'ffff:0:0:d', 1615557963.1118486), ('0:0:0:b', 'ffff:0:0:d', 1615558188.153837)]
	0:0:0:b:ffff:0:0:d => ('desktop', 1615558188.153837)
2021-03-12 14:10:02.601716 
	alice => [('0:0:0:a', 'ffff:0:0:a', 1615558162.5367703), ('0:0:0:b', 'ffff:0:0:a', 1615558188.1457715), ('0:0:0:c', 'ffff:0:0:a', 1615558202.6016374)]
	0:0:0:c:ffff:0:0:a => ('alice', 1615558202.6016374)
2021-03-12 14:10:19.657165 
	alice => [('0:0:0:a', 'ffff:0:0:a', 1615558162.5367703), ('0:0:0:b', 'ffff:0:0:a', 1615558188.1457715), ('0:0:0:c', 'ffff:0:0:a', 1615558219.6570852)]
	0:0:0:c:ffff:0:0:a => ('alice', 1615558219.6570852)
2021-03-12 14:10:19.673994 
	desktop => [('0:0:0:a', 'ffff:0:0:d', 1615558108.5902147), ('0:0:0:c', 'ffff:0:0:d', 1615558219.673929), ('0:0:0:b', 'ffff:0:0:d', 1615558188.153837)]
	0:0:0:c:ffff:0:0:d => ('desktop', 1615558219.673929)
2021-03-12 14:10:19.688817 
	bob => [('0:0:0:b', 'ffff:0:0:b', 1615558219.6887617)]
	0:0:0:b:ffff:0:0:b => ('bob', 1615558219.6887617)
2021-03-12 14:10:22.651928 
	alice => [('0:0:0:a', 'ffff:0:0:a', 1615558222.6518526), ('0:0:0:b', 'ffff:0:0:a', 1615558188.1457715), ('0:0:0:c', 'ffff:0:0:a', 1615558219.6570852)]
	0:0:0:a:ffff:0:0:a => ('alice', 1615558222.6518526)
2021-03-12 14:10:42.701807 
	alice => [('0:0:0:a', 'ffff:0:0:a', 1615558222.6518526), ('0:0:0:b', 'ffff:0:0:a', 1615558242.7017314), ('0:0:0:c', 'ffff:0:0:a', 1615558219.6570852)]
	0:0:0:b:ffff:0:0:a => ('alice', 1615558242.7017314)
2021-03-12 14:11:02.230460 
	bob => [('0:0:0:b', 'ffff:0:0:b', 1615558262.2303865)]
	0:0:0:b:ffff:0:0:b => ('bob', 1615558262.2303865)
2021-03-12 14:11:02.246877 
	desktop => [('0:0:0:a', 'ffff:0:0:d', 1615558108.5902147), ('0:0:0:c', 'ffff:0:0:d', 1615558219.673929), ('0:0:0:b', 'ffff:0:0:d', 1615558262.2467997)]
	0:0:0:b:ffff:0:0:d => ('desktop', 1615558262.2467997)
2021-03-12 14:11:02.256959 
	alice => [('0:0:0:a', 'ffff:0:0:a', 1615558222.6518526), ('0:0:0:b', 'ffff:0:0:a', 1615558262.2569017), ('0:0:0:c', 'ffff:0:0:a', 1615558219.6570852)]
	0:0:0:b:ffff:0:0:a => ('alice', 1615558262.2569017)
2021-03-12 14:11:02.862169 
	alice => [('0:0:0:a', 'ffff:0:0:a', 1615558222.6518526), ('0:0:0:b', 'ffff:0:0:a', 1615558262.2569017), ('0:0:0:c', 'ffff:0:0:a', 1615558262.8620932)]
	0:0:0:c:ffff:0:0:a => ('alice', 1615558262.8620932)
2021-03-12 14:11:23.029695 
	alice => [('0:0:0:a', 'ffff:0:0:a', 1615558283.0296197), ('0:0:0:b', 'ffff:0:0:a', 1615558262.2569017), ('0:0:0:c', 'ffff:0:0:a', 1615558262.8620932)]
	0:0:0:a:ffff:0:0:a => ('alice', 1615558283.0296197)
2021-03-12 14:11:34.220709 
	desktop => [('0:0:0:a', 'ffff:0:0:d', 1615558294.220629), ('0:0:0:c', 'ffff:0:0:d', 1615558219.673929), ('0:0:0:b', 'ffff:0:0:d', 1615558262.2467997)]
	0:0:0:a:ffff:0:0:d => ('desktop', 1615558294.220629)
2021-03-12 14:11:34.231710 
	bob => [('0:0:0:b', 'ffff:0:0:b', 1615558294.2316465)]
	0:0:0:b:ffff:0:0:b => ('bob', 1615558294.2316465)
2021-03-12 14:11:34.232385 
	alice => [('0:0:0:a', 'ffff:0:0:a', 1615558294.2323291), ('0:0:0:b', 'ffff:0:0:a', 1615558262.2569017), ('0:0:0:c', 'ffff:0:0:a', 1615558262.8620932)]
	0:0:0:a:ffff:0:0:a => ('alice', 1615558294.2323291)
