2021-03-12 14:03:22.055952 Started
	log = true
	hostname = desktop
	wait_time = 30
2021-03-12 14:03:22.058800 
	desktop => [('0:0:0:a', 'ffff:0:0:d', 1615557802.05872)]
	0:0:0:a:ffff:0:0:d => ('desktop', 1615557802.05872)
2021-03-12 14:03:22.059874 
	desktop => [('0:0:0:a', 'ffff:0:0:d', 1615557802.05872), ('0:0:0:b', 'ffff:0:0:d', 1615557802.059808)]
	0:0:0:b:ffff:0:0:d => ('desktop', 1615557802.059808)
2021-03-12 14:03:22.060610 
	desktop => [('0:0:0:a', 'ffff:0:0:d', 1615557802.05872), ('0:0:0:b', 'ffff:0:0:d', 1615557802.059808), ('0:0:0:c', 'ffff:0:0:d', 1615557802.0605428)]
	0:0:0:c:ffff:0:0:d => ('desktop', 1615557802.0605428)
2021-03-12 14:03:22.061234 
	bob => [('0:0:0:b', 'ffff:0:0:b', 1615557802.0611823)]
	0:0:0:b:ffff:0:0:b => ('bob', 1615557802.0611823)
2021-03-12 14:03:22.061971 
	bob => [('0:0:0:b', 'ffff:0:0:b', 1615557802.0619183)]
	0:0:0:b:ffff:0:0:b => ('bob', 1615557802.0619183)
2021-03-12 14:03:22.062284 
	bob => [('0:0:0:b', 'ffff:0:0:b', 1615557802.062238)]
	0:0:0:b:ffff:0:0:b => ('bob', 1615557802.062238)
2021-03-12 14:03:22.068971 
	alice => [('0:0:0:a', 'ffff:0:0:a', 1615557802.068893)]
	0:0:0:a:ffff:0:0:a => ('alice', 1615557802.068893)
2021-03-12 14:03:22.069986 
	alice => [('0:0:0:a', 'ffff:0:0:a', 1615557802.0699115)]
	0:0:0:a:ffff:0:0:a => ('alice', 1615557802.0699115)
2021-03-12 14:03:22.070398 
	alice => [('0:0:0:a', 'ffff:0:0:a', 1615557802.070331)]
	0:0:0:a:ffff:0:0:a => ('alice', 1615557802.070331)
2021-03-12 14:03:41.182594 
	alice => [('0:0:0:a', 'ffff:0:0:a', 1615557802.070331), ('0:0:0:b', 'ffff:0:0:a', 1615557821.1824136)]
	0:0:0:b:ffff:0:0:a => ('alice', 1615557821.1824136)
2021-03-12 14:03:41.184344 
	alice => [('0:0:0:a', 'ffff:0:0:a', 1615557802.070331), ('0:0:0:b', 'ffff:0:0:a', 1615557821.1841543)]
	0:0:0:b:ffff:0:0:a => ('alice', 1615557821.1841543)
2021-03-12 14:03:41.185065 
	alice => [('0:0:0:a', 'ffff:0:0:a', 1615557802.070331), ('0:0:0:b', 'ffff:0:0:a', 1615557821.184945)]
	0:0:0:b:ffff:0:0:a => ('alice', 1615557821.184945)
2021-03-12 14:04:01.209080 
	alice => [('0:0:0:a', 'ffff:0:0:a', 1615557802.070331), ('0:0:0:b', 'ffff:0:0:a', 1615557821.184945), ('0:0:0:c', 'ffff:0:0:a', 1615557841.2089045)]
	0:0:0:c:ffff:0:0:a => ('alice', 1615557841.2089045)
2021-03-12 14:04:01.210820 
	alice => [('0:0:0:a', 'ffff:0:0:a', 1615557802.070331), ('0:0:0:b', 'ffff:0:0:a', 1615557821.184945), ('0:0:0:c', 'ffff:0:0:a', 1615557841.2106767)]
	0:0:0:c:ffff:0:0:a => ('alice', 1615557841.2106767)
2021-03-12 14:04:01.211519 
	alice => [('0:0:0:a', 'ffff:0:0:a', 1615557802.070331), ('0:0:0:b', 'ffff:0:0:a', 1615557821.184945), ('0:0:0:c', 'ffff:0:0:a', 1615557841.2113907)]
	0:0:0:c:ffff:0:0:a => ('alice', 1615557841.2113907)
2021-03-12 14:04:14.172379 
	alice => [('0:0:0:a', 'ffff:0:0:a', 1615557802.070331), ('0:0:0:b', 'ffff:0:0:a', 1615557821.184945), ('0:0:0:c', 'ffff:0:0:a', 1615557854.1721404)]
	0:0:0:c:ffff:0:0:a => ('alice', 1615557854.1721404)
2021-03-12 14:04:14.175723 
	desktop => [('0:0:0:a', 'ffff:0:0:d', 1615557802.05872), ('0:0:0:b', 'ffff:0:0:d', 1615557802.059808), ('0:0:0:c', 'ffff:0:0:d', 1615557854.1755815)]
	0:0:0:c:ffff:0:0:d => ('desktop', 1615557854.1755815)
2021-03-12 14:04:14.176479 
	desktop => [('0:0:0:a', 'ffff:0:0:d', 1615557802.05872), ('0:0:0:b', 'ffff:0:0:d', 1615557802.059808), ('0:0:0:c', 'ffff:0:0:d', 1615557854.1763494)]
	0:0:0:c:ffff:0:0:d => ('desktop', 1615557854.1763494)
2021-03-12 14:04:14.177195 
	desktop => [('0:0:0:a', 'ffff:0:0:d', 1615557802.05872), ('0:0:0:b', 'ffff:0:0:d', 1615557802.059808), ('0:0:0:c', 'ffff:0:0:d', 1615557854.1770687)]
	0:0:0:c:ffff:0:0:d => ('desktop', 1615557854.1770687)
2021-03-12 14:04:14.177874 
	alice => [('0:0:0:a', 'ffff:0:0:a', 1615557802.070331), ('0:0:0:b', 'ffff:0:0:a', 1615557821.184945), ('0:0:0:c', 'ffff:0:0:a', 1615557854.1777503)]
	0:0:0:c:ffff:0:0:a => ('alice', 1615557854.1777503)
2021-03-12 14:04:14.178603 
	alice => [('0:0:0:a', 'ffff:0:0:a', 1615557802.070331), ('0:0:0:b', 'ffff:0:0:a', 1615557821.184945), ('0:0:0:c', 'ffff:0:0:a', 1615557854.1784809)]
	0:0:0:c:ffff:0:0:a => ('alice', 1615557854.1784809)
2021-03-12 14:04:14.179433 
	bob => [('0:0:0:b', 'ffff:0:0:b', 1615557854.1793125)]
	0:0:0:b:ffff:0:0:b => ('bob', 1615557854.1793125)
2021-03-12 14:04:14.181009 
	bob => [('0:0:0:b', 'ffff:0:0:b', 1615557854.1808913)]
	0:0:0:b:ffff:0:0:b => ('bob', 1615557854.1808913)
2021-03-12 14:04:14.181683 
	bob => [('0:0:0:b', 'ffff:0:0:b', 1615557854.1815758)]
	0:0:0:b:ffff:0:0:b => ('bob', 1615557854.1815758)
2021-03-12 14:04:21.241649 
	alice => [('0:0:0:a', 'ffff:0:0:a', 1615557861.2414777), ('0:0:0:b', 'ffff:0:0:a', 1615557821.184945), ('0:0:0:c', 'ffff:0:0:a', 1615557854.1784809)]
	0:0:0:a:ffff:0:0:a => ('alice', 1615557861.2414777)
2021-03-12 14:04:21.243282 
	alice => [('0:0:0:a', 'ffff:0:0:a', 1615557861.2431464), ('0:0:0:b', 'ffff:0:0:a', 1615557821.184945), ('0:0:0:c', 'ffff:0:0:a', 1615557854.1784809)]
	0:0:0:a:ffff:0:0:a => ('alice', 1615557861.2431464)
2021-03-12 14:04:21.243972 
	alice => [('0:0:0:a', 'ffff:0:0:a', 1615557861.2438447), ('0:0:0:b', 'ffff:0:0:a', 1615557821.184945), ('0:0:0:c', 'ffff:0:0:a', 1615557854.1784809)]
	0:0:0:a:ffff:0:0:a => ('alice', 1615557861.2438447)
2021-03-12 14:04:41.522326 
	alice => [('0:0:0:a', 'ffff:0:0:a', 1615557861.2438447), ('0:0:0:b', 'ffff:0:0:a', 1615557881.5221534), ('0:0:0:c', 'ffff:0:0:a', 1615557854.1784809)]
	0:0:0:b:ffff:0:0:a => ('alice', 1615557881.5221534)
2021-03-12 14:04:41.523887 
	alice => [('0:0:0:a', 'ffff:0:0:a', 1615557861.2438447), ('0:0:0:b', 'ffff:0:0:a', 1615557881.5237525), ('0:0:0:c', 'ffff:0:0:a', 1615557854.1784809)]
	0:0:0:b:ffff:0:0:a => ('alice', 1615557881.5237525)
2021-03-12 14:04:41.524817 
	alice => [('0:0:0:a', 'ffff:0:0:a', 1615557861.2438447), ('0:0:0:b', 'ffff:0:0:a', 1615557881.5246837), ('0:0:0:c', 'ffff:0:0:a', 1615557854.1784809)]
	0:0:0:b:ffff:0:0:a => ('alice', 1615557881.5246837)
2021-03-12 14:04:49.203035 
	bob => [('0:0:0:b', 'ffff:0:0:b', 1615557889.202879)]
	0:0:0:b:ffff:0:0:b => ('bob', 1615557889.202879)
2021-03-12 14:04:49.206578 
	desktop => [('0:0:0:a', 'ffff:0:0:d', 1615557802.05872), ('0:0:0:b', 'ffff:0:0:d', 1615557889.2064307), ('0:0:0:c', 'ffff:0:0:d', 1615557854.1770687)]
	0:0:0:b:ffff:0:0:d => ('desktop', 1615557889.2064307)
2021-03-12 14:04:49.207327 
	desktop => [('0:0:0:a', 'ffff:0:0:d', 1615557802.05872), ('0:0:0:b', 'ffff:0:0:d', 1615557889.2072), ('0:0:0:c', 'ffff:0:0:d', 1615557854.1770687)]
	0:0:0:b:ffff:0:0:d => ('desktop', 1615557889.2072)
2021-03-12 14:04:49.208010 
	desktop => [('0:0:0:a', 'ffff:0:0:d', 1615557802.05872), ('0:0:0:b', 'ffff:0:0:d', 1615557889.2078872), ('0:0:0:c', 'ffff:0:0:d', 1615557854.1770687)]
	0:0:0:b:ffff:0:0:d => ('desktop', 1615557889.2078872)
2021-03-12 14:04:49.208736 
	bob => [('0:0:0:b', 'ffff:0:0:b', 1615557889.208625)]
	0:0:0:b:ffff:0:0:b => ('bob', 1615557889.208625)
2021-03-12 14:04:49.209411 
	bob => [('0:0:0:b', 'ffff:0:0:b', 1615557889.2093022)]
	0:0:0:b:ffff:0:0:b => ('bob', 1615557889.2093022)
2021-03-12 14:04:49.213260 
	alice => [('0:0:0:a', 'ffff:0:0:a', 1615557861.2438447), ('0:0:0:b', 'ffff:0:0:a', 1615557889.2131689), ('0:0:0:c', 'ffff:0:0:a', 1615557854.1784809)]
	0:0:0:b:ffff:0:0:a => ('alice', 1615557889.2131689)
2021-03-12 14:04:49.214239 
	alice => [('0:0:0:a', 'ffff:0:0:a', 1615557861.2438447), ('0:0:0:b', 'ffff:0:0:a', 1615557889.2141585), ('0:0:0:c', 'ffff:0:0:a', 1615557854.1784809)]
	0:0:0:b:ffff:0:0:a => ('alice', 1615557889.2141585)
2021-03-12 14:04:49.214652 
	alice => [('0:0:0:a', 'ffff:0:0:a', 1615557861.2438447), ('0:0:0:b', 'ffff:0:0:a', 1615557889.214578), ('0:0:0:c', 'ffff:0:0:a', 1615557854.1784809)]
	0:0:0:b:ffff:0:0:a => ('alice', 1615557889.214578)
2021-03-12 14:05:01.615021 
	alice => [('0:0:0:a', 'ffff:0:0:a', 1615557861.2438447), ('0:0:0:b', 'ffff:0:0:a', 1615557889.214578), ('0:0:0:c', 'ffff:0:0:a', 1615557901.614841)]
	0:0:0:c:ffff:0:0:a => ('alice', 1615557901.614841)
2021-03-12 14:05:01.616961 
	alice => [('0:0:0:a', 'ffff:0:0:a', 1615557861.2438447), ('0:0:0:b', 'ffff:0:0:a', 1615557889.214578), ('0:0:0:c', 'ffff:0:0:a', 1615557901.616817)]
	0:0:0:c:ffff:0:0:a => ('alice', 1615557901.616817)
2021-03-12 14:05:01.617680 
	alice => [('0:0:0:a', 'ffff:0:0:a', 1615557861.2438447), ('0:0:0:b', 'ffff:0:0:a', 1615557889.214578), ('0:0:0:c', 'ffff:0:0:a', 1615557901.6175523)]
	0:0:0:c:ffff:0:0:a => ('alice', 1615557901.6175523)
2021-03-12 14:05:21.662219 
	alice => [('0:0:0:a', 'ffff:0:0:a', 1615557921.6620758), ('0:0:0:b', 'ffff:0:0:a', 1615557889.214578), ('0:0:0:c', 'ffff:0:0:a', 1615557901.6175523)]
	0:0:0:a:ffff:0:0:a => ('alice', 1615557921.6620758)
2021-03-12 14:05:21.663493 
	alice => [('0:0:0:a', 'ffff:0:0:a', 1615557921.6633823), ('0:0:0:b', 'ffff:0:0:a', 1615557889.214578), ('0:0:0:c', 'ffff:0:0:a', 1615557901.6175523)]
	0:0:0:a:ffff:0:0:a => ('alice', 1615557921.6633823)
2021-03-12 14:05:21.664048 
	alice => [('0:0:0:a', 'ffff:0:0:a', 1615557921.663948), ('0:0:0:b', 'ffff:0:0:a', 1615557889.214578), ('0:0:0:c', 'ffff:0:0:a', 1615557901.6175523)]
	0:0:0:a:ffff:0:0:a => ('alice', 1615557921.663948)
2021-03-12 14:05:32.631276 
	bob => [('0:0:0:b', 'ffff:0:0:b', 1615557932.6311476)]
	0:0:0:b:ffff:0:0:b => ('bob', 1615557932.6311476)
2021-03-12 14:05:32.634086 
	desktop => [('0:0:0:a', 'ffff:0:0:d', 1615557802.05872), ('0:0:0:b', 'ffff:0:0:d', 1615557932.6339629), ('0:0:0:c', 'ffff:0:0:d', 1615557854.1770687)]
	0:0:0:b:ffff:0:0:d => ('desktop', 1615557932.6339629)
2021-03-12 14:05:32.634710 
	desktop => [('0:0:0:a', 'ffff:0:0:d', 1615557802.05872), ('0:0:0:b', 'ffff:0:0:d', 1615557932.6346056), ('0:0:0:c', 'ffff:0:0:d', 1615557854.1770687)]
	0:0:0:b:ffff:0:0:d => ('desktop', 1615557932.6346056)
2021-03-12 14:05:32.635261 
	desktop => [('0:0:0:a', 'ffff:0:0:d', 1615557802.05872), ('0:0:0:b', 'ffff:0:0:d', 1615557932.63516), ('0:0:0:c', 'ffff:0:0:d', 1615557854.1770687)]
	0:0:0:b:ffff:0:0:d => ('desktop', 1615557932.63516)
2021-03-12 14:05:32.635791 
	bob => [('0:0:0:b', 'ffff:0:0:b', 1615557932.6357038)]
	0:0:0:b:ffff:0:0:b => ('bob', 1615557932.6357038)
2021-03-12 14:05:32.636371 
	bob => [('0:0:0:b', 'ffff:0:0:b', 1615557932.6362333)]
	0:0:0:b:ffff:0:0:b => ('bob', 1615557932.6362333)
2021-03-12 14:05:32.640464 
	alice => [('0:0:0:a', 'ffff:0:0:a', 1615557932.6403744), ('0:0:0:b', 'ffff:0:0:a', 1615557889.214578), ('0:0:0:c', 'ffff:0:0:a', 1615557901.6175523)]
	0:0:0:a:ffff:0:0:a => ('alice', 1615557932.6403744)
2021-03-12 14:05:32.641450 
	alice => [('0:0:0:a', 'ffff:0:0:a', 1615557932.6413696), ('0:0:0:b', 'ffff:0:0:a', 1615557889.214578), ('0:0:0:c', 'ffff:0:0:a', 1615557901.6175523)]
	0:0:0:a:ffff:0:0:a => ('alice', 1615557932.6413696)
2021-03-12 14:05:32.641862 
	alice => [('0:0:0:a', 'ffff:0:0:a', 1615557932.6417885), ('0:0:0:b', 'ffff:0:0:a', 1615557889.214578), ('0:0:0:c', 'ffff:0:0:a', 1615557901.6175523)]
	0:0:0:a:ffff:0:0:a => ('alice', 1615557932.6417885)
2021-03-12 14:05:41.728255 
	alice => [('0:0:0:a', 'ffff:0:0:a', 1615557932.6417885), ('0:0:0:b', 'ffff:0:0:a', 1615557941.7280843), ('0:0:0:c', 'ffff:0:0:a', 1615557901.6175523)]
	0:0:0:b:ffff:0:0:a => ('alice', 1615557941.7280843)
2021-03-12 14:05:41.729788 
	alice => [('0:0:0:a', 'ffff:0:0:a', 1615557932.6417885), ('0:0:0:b', 'ffff:0:0:a', 1615557941.7296734), ('0:0:0:c', 'ffff:0:0:a', 1615557901.6175523)]
	0:0:0:b:ffff:0:0:a => ('alice', 1615557941.7296734)
2021-03-12 14:05:41.730349 
	alice => [('0:0:0:a', 'ffff:0:0:a', 1615557932.6417885), ('0:0:0:b', 'ffff:0:0:a', 1615557941.7302482), ('0:0:0:c', 'ffff:0:0:a', 1615557901.6175523)]
	0:0:0:b:ffff:0:0:a => ('alice', 1615557941.7302482)
2021-03-12 14:06:01.760948 
	alice => [('0:0:0:a', 'ffff:0:0:a', 1615557932.6417885), ('0:0:0:b', 'ffff:0:0:a', 1615557941.7302482), ('0:0:0:c', 'ffff:0:0:a', 1615557961.760768)]
	0:0:0:c:ffff:0:0:a => ('alice', 1615557961.760768)
2021-03-12 14:06:01.762615 
	alice => [('0:0:0:a', 'ffff:0:0:a', 1615557932.6417885), ('0:0:0:b', 'ffff:0:0:a', 1615557941.7302482), ('0:0:0:c', 'ffff:0:0:a', 1615557961.7624779)]
	0:0:0:c:ffff:0:0:a => ('alice', 1615557961.7624779)
2021-03-12 14:06:01.763305 
	alice => [('0:0:0:a', 'ffff:0:0:a', 1615557932.6417885), ('0:0:0:b', 'ffff:0:0:a', 1615557941.7302482), ('0:0:0:c', 'ffff:0:0:a', 1615557961.7631786)]
	0:0:0:c:ffff:0:0:a => ('alice', 1615557961.7631786)
2021-03-12 14:06:03.115491 
	desktop => [('0:0:0:a', 'ffff:0:0:d', 1615557963.1153338), ('0:0:0:b', 'ffff:0:0:d', 1615557932.63516), ('0:0:0:c', 'ffff:0:0:d', 1615557854.1770687)]
	0:0:0:a:ffff:0:0:d => ('desktop', 1615557963.1153338)
2021-03-12 14:06:03.117222 
	desktop => [('0:0:0:a', 'ffff:0:0:d', 1615557963.1153338), ('0:0:0:b', 'ffff:0:0:d', 1615557963.117079), ('0:0:0:c', 'ffff:0:0:d', 1615557854.1770687)]
	0:0:0:b:ffff:0:0:d => ('desktop', 1615557963.117079)
2021-03-12 14:06:03.119151 
	desktop => [('0:0:0:a', 'ffff:0:0:d', 1615557963.1153338), ('0:0:0:b', 'ffff:0:0:d', 1615557963.117079), ('0:0:0:c', 'ffff:0:0:d', 1615557963.1190112)]
	0:0:0:c:ffff:0:0:d => ('desktop', 1615557963.1190112)
2021-03-12 14:06:03.119933 
	bob => [('0:0:0:b', 'ffff:0:0:b', 1615557963.1198108)]
	0:0:0:b:ffff:0:0:b => ('bob', 1615557963.1198108)
2021-03-12 14:06:03.122037 
	bob => [('0:0:0:b', 'ffff:0:0:b', 1615557963.1219182)]
	0:0:0:b:ffff:0:0:b => ('bob', 1615557963.1219182)
2021-03-12 14:06:03.122702 
	bob => [('0:0:0:b', 'ffff:0:0:b', 1615557963.1225948)]
	0:0:0:b:ffff:0:0:b => ('bob', 1615557963.1225948)
2021-03-12 14:06:03.128529 
	alice => [('0:0:0:a', 'ffff:0:0:a', 1615557932.6417885), ('0:0:0:b', 'ffff:0:0:a', 1615557941.7302482), ('0:0:0:c', 'ffff:0:0:a', 1615557963.128466)]
	0:0:0:c:ffff:0:0:a => ('alice', 1615557963.128466)
2021-03-12 14:06:03.129195 
	alice => [('0:0:0:a', 'ffff:0:0:a', 1615557932.6417885), ('0:0:0:b', 'ffff:0:0:a', 1615557941.7302482), ('0:0:0:c', 'ffff:0:0:a', 1615557963.1291366)]
	0:0:0:c:ffff:0:0:a => ('alice', 1615557963.1291366)
2021-03-12 14:06:03.129472 
	alice => [('0:0:0:a', 'ffff:0:0:a', 1615557932.6417885), ('0:0:0:b', 'ffff:0:0:a', 1615557941.7302482), ('0:0:0:c', 'ffff:0:0:a', 1615557963.1294222)]
	0:0:0:c:ffff:0:0:a => ('alice', 1615557963.1294222)
2021-03-12 14:06:21.865910 
	alice => [('0:0:0:a', 'ffff:0:0:a', 1615557981.8657327), ('0:0:0:b', 'ffff:0:0:a', 1615557941.7302482), ('0:0:0:c', 'ffff:0:0:a', 1615557963.1294222)]
	0:0:0:a:ffff:0:0:a => ('alice', 1615557981.8657327)
2021-03-12 14:06:21.867509 
	alice => [('0:0:0:a', 'ffff:0:0:a', 1615557981.8673706), ('0:0:0:b', 'ffff:0:0:a', 1615557941.7302482), ('0:0:0:c', 'ffff:0:0:a', 1615557963.1294222)]
	0:0:0:a:ffff:0:0:a => ('alice', 1615557981.8673706)
2021-03-12 14:06:21.868193 
	alice => [('0:0:0:a', 'ffff:0:0:a', 1615557981.8680665), ('0:0:0:b', 'ffff:0:0:a', 1615557941.7302482), ('0:0:0:c', 'ffff:0:0:a', 1615557963.1294222)]
	0:0:0:a:ffff:0:0:a => ('alice', 1615557981.8680665)
2021-03-12 14:06:41.967287 
	alice => [('0:0:0:a', 'ffff:0:0:a', 1615557981.8680665), ('0:0:0:b', 'ffff:0:0:a', 1615558001.96711), ('0:0:0:c', 'ffff:0:0:a', 1615557963.1294222)]
	0:0:0:b:ffff:0:0:a => ('alice', 1615558001.96711)
2021-03-12 14:06:41.968917 
	alice => [('0:0:0:a', 'ffff:0:0:a', 1615557981.8680665), ('0:0:0:b', 'ffff:0:0:a', 1615558001.9687774), ('0:0:0:c', 'ffff:0:0:a', 1615557963.1294222)]
	0:0:0:b:ffff:0:0:a => ('alice', 1615558001.9687774)
2021-03-12 14:06:41.969665 
	alice => [('0:0:0:a', 'ffff:0:0:a', 1615557981.8680665), ('0:0:0:b', 'ffff:0:0:a', 1615558001.969537), ('0:0:0:c', 'ffff:0:0:a', 1615557963.1294222)]
	0:0:0:b:ffff:0:0:a => ('alice', 1615558001.969537)
2021-03-12 14:06:49.357079 
	alice => [('0:0:0:a', 'ffff:0:0:a', 1615557981.8680665), ('0:0:0:b', 'ffff:0:0:a', 1615558009.3569014), ('0:0:0:c', 'ffff:0:0:a', 1615557963.1294222)]
	0:0:0:b:ffff:0:0:a => ('alice', 1615558009.3569014)
2021-03-12 14:06:49.360610 
	desktop => [('0:0:0:a', 'ffff:0:0:d', 1615557963.1153338), ('0:0:0:b', 'ffff:0:0:d', 1615558009.3604617), ('0:0:0:c', 'ffff:0:0:d', 1615557963.1190112)]
	0:0:0:b:ffff:0:0:d => ('desktop', 1615558009.3604617)
2021-03-12 14:06:49.361439 
	bob => [('0:0:0:b', 'ffff:0:0:b', 1615558009.3613133)]
	0:0:0:b:ffff:0:0:b => ('bob', 1615558009.3613133)
2021-03-12 14:06:49.362947 
	desktop => [('0:0:0:a', 'ffff:0:0:d', 1615557963.1153338), ('0:0:0:b', 'ffff:0:0:d', 1615558009.3628144), ('0:0:0:c', 'ffff:0:0:d', 1615557963.1190112)]
	0:0:0:b:ffff:0:0:d => ('desktop', 1615558009.3628144)
2021-03-12 14:06:49.363632 
	desktop => [('0:0:0:a', 'ffff:0:0:d', 1615557963.1153338), ('0:0:0:b', 'ffff:0:0:d', 1615558009.3635063), ('0:0:0:c', 'ffff:0:0:d', 1615557963.1190112)]
	0:0:0:b:ffff:0:0:d => ('desktop', 1615558009.3635063)
2021-03-12 14:06:49.364606 
	alice => [('0:0:0:a', 'ffff:0:0:a', 1615557981.8680665), ('0:0:0:b', 'ffff:0:0:a', 1615558009.3642411), ('0:0:0:c', 'ffff:0:0:a', 1615557963.1294222)]
	0:0:0:b:ffff:0:0:a => ('alice', 1615558009.3642411)
2021-03-12 14:06:49.365324 
	alice => [('0:0:0:a', 'ffff:0:0:a', 1615557981.8680665), ('0:0:0:b', 'ffff:0:0:a', 1615558009.365198), ('0:0:0:c', 'ffff:0:0:a', 1615557963.1294222)]
	0:0:0:b:ffff:0:0:a => ('alice', 1615558009.365198)
2021-03-12 14:06:49.366029 
	bob => [('0:0:0:b', 'ffff:0:0:b', 1615558009.3659198)]
	0:0:0:b:ffff:0:0:b => ('bob', 1615558009.3659198)
2021-03-12 14:06:49.366589 
	bob => [('0:0:0:b', 'ffff:0:0:b', 1615558009.366522)]
	0:0:0:b:ffff:0:0:b => ('bob', 1615558009.366522)
2021-03-12 14:07:02.085120 
	alice => [('0:0:0:a', 'ffff:0:0:a', 1615557981.8680665), ('0:0:0:b', 'ffff:0:0:a', 1615558009.365198), ('0:0:0:c', 'ffff:0:0:a', 1615558022.0849433)]
	0:0:0:c:ffff:0:0:a => ('alice', 1615558022.0849433)
2021-03-12 14:07:02.086791 
	alice => [('0:0:0:a', 'ffff:0:0:a', 1615557981.8680665), ('0:0:0:b', 'ffff:0:0:a', 1615558009.365198), ('0:0:0:c', 'ffff:0:0:a', 1615558022.0866497)]
	0:0:0:c:ffff:0:0:a => ('alice', 1615558022.0866497)
2021-03-12 14:07:02.087477 
	alice => [('0:0:0:a', 'ffff:0:0:a', 1615557981.8680665), ('0:0:0:b', 'ffff:0:0:a', 1615558009.365198), ('0:0:0:c', 'ffff:0:0:a', 1615558022.0873513)]
	0:0:0:c:ffff:0:0:a => ('alice', 1615558022.0873513)
2021-03-12 14:07:22.199165 
	alice => [('0:0:0:a', 'ffff:0:0:a', 1615558042.1989896), ('0:0:0:b', 'ffff:0:0:a', 1615558009.365198), ('0:0:0:c', 'ffff:0:0:a', 1615558022.0873513)]
	0:0:0:a:ffff:0:0:a => ('alice', 1615558042.1989896)
2021-03-12 14:07:22.200890 
	alice => [('0:0:0:a', 'ffff:0:0:a', 1615558042.2007487), ('0:0:0:b', 'ffff:0:0:a', 1615558009.365198), ('0:0:0:c', 'ffff:0:0:a', 1615558022.0873513)]
	0:0:0:a:ffff:0:0:a => ('alice', 1615558042.2007487)
2021-03-12 14:07:22.201591 
	alice => [('0:0:0:a', 'ffff:0:0:a', 1615558042.201463), ('0:0:0:b', 'ffff:0:0:a', 1615558009.365198), ('0:0:0:c', 'ffff:0:0:a', 1615558022.0873513)]
	0:0:0:a:ffff:0:0:a => ('alice', 1615558042.201463)
2021-03-12 14:07:23.159253 
	desktop => [('0:0:0:a', 'ffff:0:0:d', 1615558043.159096), ('0:0:0:b', 'ffff:0:0:d', 1615558009.3635063), ('0:0:0:c', 'ffff:0:0:d', 1615557963.1190112)]
	0:0:0:a:ffff:0:0:d => ('desktop', 1615558043.159096)
2021-03-12 14:07:23.160697 
	desktop => [('0:0:0:a', 'ffff:0:0:d', 1615558043.159096), ('0:0:0:b', 'ffff:0:0:d', 1615558043.1605563), ('0:0:0:c', 'ffff:0:0:d', 1615557963.1190112)]
	0:0:0:b:ffff:0:0:d => ('desktop', 1615558043.1605563)
2021-03-12 14:07:23.161748 
	desktop => [('0:0:0:a', 'ffff:0:0:d', 1615558043.159096), ('0:0:0:b', 'ffff:0:0:d', 1615558043.1605563), ('0:0:0:c', 'ffff:0:0:d', 1615558043.1616101)]
	0:0:0:c:ffff:0:0:d => ('desktop', 1615558043.1616101)
2021-03-12 14:07:23.162568 
	alice => [('0:0:0:a', 'ffff:0:0:a', 1615558043.1624293), ('0:0:0:b', 'ffff:0:0:a', 1615558009.365198), ('0:0:0:c', 'ffff:0:0:a', 1615558022.0873513)]
	0:0:0:a:ffff:0:0:a => ('alice', 1615558043.1624293)
2021-03-12 14:07:23.164242 
	bob => [('0:0:0:b', 'ffff:0:0:b', 1615558043.1641104)]
	0:0:0:b:ffff:0:0:b => ('bob', 1615558043.1641104)
2021-03-12 14:07:23.165819 
	alice => [('0:0:0:a', 'ffff:0:0:a', 1615558043.1656868), ('0:0:0:b', 'ffff:0:0:a', 1615558009.365198), ('0:0:0:c', 'ffff:0:0:a', 1615558022.0873513)]
	0:0:0:a:ffff:0:0:a => ('alice', 1615558043.1656868)
2021-03-12 14:07:23.166501 
	alice => [('0:0:0:a', 'ffff:0:0:a', 1615558043.166378), ('0:0:0:b', 'ffff:0:0:a', 1615558009.365198), ('0:0:0:c', 'ffff:0:0:a', 1615558022.0873513)]
	0:0:0:a:ffff:0:0:a => ('alice', 1615558043.166378)
2021-03-12 14:07:23.167165 
	bob => [('0:0:0:b', 'ffff:0:0:b', 1615558043.1670597)]
	0:0:0:b:ffff:0:0:b => ('bob', 1615558043.1670597)
2021-03-12 14:07:23.167817 
	bob => [('0:0:0:b', 'ffff:0:0:b', 1615558043.1677108)]
	0:0:0:b:ffff:0:0:b => ('bob', 1615558043.1677108)
2021-03-12 14:07:42.237974 
	alice => [('0:0:0:a', 'ffff:0:0:a', 1615558043.166378), ('0:0:0:b', 'ffff:0:0:a', 1615558062.23783), ('0:0:0:c', 'ffff:0:0:a', 1615558022.0873513)]
	0:0:0:b:ffff:0:0:a => ('alice', 1615558062.23783)
2021-03-12 14:07:42.239326 
	alice => [('0:0:0:a', 'ffff:0:0:a', 1615558043.166378), ('0:0:0:b', 'ffff:0:0:a', 1615558062.2391894), ('0:0:0:c', 'ffff:0:0:a', 1615558022.0873513)]
	0:0:0:b:ffff:0:0:a => ('alice', 1615558062.2391894)
2021-03-12 14:07:42.240019 
	alice => [('0:0:0:a', 'ffff:0:0:a', 1615558043.166378), ('0:0:0:b', 'ffff:0:0:a', 1615558062.2398927), ('0:0:0:c', 'ffff:0:0:a', 1615558022.0873513)]
	0:0:0:b:ffff:0:0:a => ('alice', 1615558062.2398927)
2021-03-12 14:07:53.930472 
	bob => [('0:0:0:b', 'ffff:0:0:b', 1615558073.9303122)]
	0:0:0:b:ffff:0:0:b => ('bob', 1615558073.9303122)
2021-03-12 14:07:53.934049 
	desktop => [('0:0:0:a', 'ffff:0:0:d', 1615558043.159096), ('0:0:0:b', 'ffff:0:0:d', 1615558073.9338992), ('0:0:0:c', 'ffff:0:0:d', 1615558043.1616101)]
	0:0:0:b:ffff:0:0:d => ('desktop', 1615558073.9338992)
2021-03-12 14:07:53.934737 
	desktop => [('0:0:0:a', 'ffff:0:0:d', 1615558043.159096), ('0:0:0:b', 'ffff:0:0:d', 1615558073.9346104), ('0:0:0:c', 'ffff:0:0:d', 1615558043.1616101)]
	0:0:0:b:ffff:0:0:d => ('desktop', 1615558073.9346104)
2021-03-12 14:07:53.935412 
	desktop => [('0:0:0:a', 'ffff:0:0:d', 1615558043.159096), ('0:0:0:b', 'ffff:0:0:d', 1615558073.935288), ('0:0:0:c', 'ffff:0:0:d', 1615558043.1616101)]
	0:0:0:b:ffff:0:0:d => ('desktop', 1615558073.935288)
2021-03-12 14:07:53.936069 
	bob => [('0:0:0:b', 'ffff:0:0:b', 1615558073.9359608)]
	0:0:0:b:ffff:0:0:b => ('bob', 1615558073.9359608)
2021-03-12 14:07:53.936972 
	bob => [('0:0:0:b', 'ffff:0:0:b', 1615558073.936861)]
	0:0:0:b:ffff:0:0:b => ('bob', 1615558073.936861)
2021-03-12 14:07:53.943701 
	alice => [('0:0:0:a', 'ffff:0:0:a', 1615558043.166378), ('0:0:0:b', 'ffff:0:0:a', 1615558073.9436102), ('0:0:0:c', 'ffff:0:0:a', 1615558022.0873513)]
	0:0:0:b:ffff:0:0:a => ('alice', 1615558073.9436102)
2021-03-12 14:07:53.944787 
	alice => [('0:0:0:a', 'ffff:0:0:a', 1615558043.166378), ('0:0:0:b', 'ffff:0:0:a', 1615558073.9447005), ('0:0:0:c', 'ffff:0:0:a', 1615558022.0873513)]
	0:0:0:b:ffff:0:0:a => ('alice', 1615558073.9447005)
2021-03-12 14:07:53.945211 
	alice => [('0:0:0:a', 'ffff:0:0:a', 1615558043.166378), ('0:0:0:b', 'ffff:0:0:a', 1615558073.9451358), ('0:0:0:c', 'ffff:0:0:a', 1615558022.0873513)]
	0:0:0:b:ffff:0:0:a => ('alice', 1615558073.9451358)
2021-03-12 14:08:02.291058 
	alice => [('0:0:0:a', 'ffff:0:0:a', 1615558043.166378), ('0:0:0:b', 'ffff:0:0:a', 1615558073.9451358), ('0:0:0:c', 'ffff:0:0:a', 1615558082.2908773)]
	0:0:0:c:ffff:0:0:a => ('alice', 1615558082.2908773)
2021-03-12 14:08:02.292895 
	alice => [('0:0:0:a', 'ffff:0:0:a', 1615558043.166378), ('0:0:0:b', 'ffff:0:0:a', 1615558073.9451358), ('0:0:0:c', 'ffff:0:0:a', 1615558082.2927513)]
	0:0:0:c:ffff:0:0:a => ('alice', 1615558082.2927513)
2021-03-12 14:08:02.293694 
	alice => [('0:0:0:a', 'ffff:0:0:a', 1615558043.166378), ('0:0:0:b', 'ffff:0:0:a', 1615558073.9451358), ('0:0:0:c', 'ffff:0:0:a', 1615558082.293468)]
	0:0:0:c:ffff:0:0:a => ('alice', 1615558082.293468)
2021-03-12 14:08:22.328484 
	alice => [('0:0:0:a', 'ffff:0:0:a', 1615558102.328248), ('0:0:0:b', 'ffff:0:0:a', 1615558073.9451358), ('0:0:0:c', 'ffff:0:0:a', 1615558082.293468)]
	0:0:0:a:ffff:0:0:a => ('alice', 1615558102.328248)
2021-03-12 14:08:22.330108 
	alice => [('0:0:0:a', 'ffff:0:0:a', 1615558102.3299706), ('0:0:0:b', 'ffff:0:0:a', 1615558073.9451358), ('0:0:0:c', 'ffff:0:0:a', 1615558082.293468)]
	0:0:0:a:ffff:0:0:a => ('alice', 1615558102.3299706)
2021-03-12 14:08:22.330797 
	alice => [('0:0:0:a', 'ffff:0:0:a', 1615558102.3306727), ('0:0:0:b', 'ffff:0:0:a', 1615558073.9451358), ('0:0:0:c', 'ffff:0:0:a', 1615558082.293468)]
	0:0:0:a:ffff:0:0:a => ('alice', 1615558102.3306727)
2021-03-12 14:08:28.604750 
	desktop => [('0:0:0:a', 'ffff:0:0:d', 1615558108.6045866), ('0:0:0:b', 'ffff:0:0:d', 1615558073.935288), ('0:0:0:c', 'ffff:0:0:d', 1615558043.1616101)]
	0:0:0:a:ffff:0:0:d => ('desktop', 1615558108.6045866)
2021-03-12 14:08:28.606160 
	desktop => [('0:0:0:a', 'ffff:0:0:d', 1615558108.6045866), ('0:0:0:b', 'ffff:0:0:d', 1615558108.6060228), ('0:0:0:c', 'ffff:0:0:d', 1615558043.1616101)]
	0:0:0:b:ffff:0:0:d => ('desktop', 1615558108.6060228)
2021-03-12 14:08:28.607191 
	desktop => [('0:0:0:a', 'ffff:0:0:d', 1615558108.6045866), ('0:0:0:b', 'ffff:0:0:d', 1615558108.6060228), ('0:0:0:c', 'ffff:0:0:d', 1615558108.6070564)]
	0:0:0:c:ffff:0:0:d => ('desktop', 1615558108.6070564)
2021-03-12 14:08:28.607993 
	bob => [('0:0:0:b', 'ffff:0:0:b', 1615558108.6078665)]
	0:0:0:b:ffff:0:0:b => ('bob', 1615558108.6078665)
2021-03-12 14:08:28.609752 
	alice => [('0:0:0:a', 'ffff:0:0:a', 1615558108.6096065), ('0:0:0:b', 'ffff:0:0:a', 1615558073.9451358), ('0:0:0:c', 'ffff:0:0:a', 1615558082.293468)]
	0:0:0:a:ffff:0:0:a => ('alice', 1615558108.6096065)
2021-03-12 14:08:28.611218 
	bob => [('0:0:0:b', 'ffff:0:0:b', 1615558108.611104)]
	0:0:0:b:ffff:0:0:b => ('bob', 1615558108.611104)
2021-03-12 14:08:28.611942 
	bob => [('0:0:0:b', 'ffff:0:0:b', 1615558108.6118307)]
	0:0:0:b:ffff:0:0:b => ('bob', 1615558108.6118307)
2021-03-12 14:08:28.612689 
	alice => [('0:0:0:a', 'ffff:0:0:a', 1615558108.612562), ('0:0:0:b', 'ffff:0:0:a', 1615558073.9451358), ('0:0:0:c', 'ffff:0:0:a', 1615558082.293468)]
	0:0:0:a:ffff:0:0:a => ('alice', 1615558108.612562)
2021-03-12 14:08:28.613378 
	alice => [('0:0:0:a', 'ffff:0:0:a', 1615558108.6132553), ('0:0:0:b', 'ffff:0:0:a', 1615558073.9451358), ('0:0:0:c', 'ffff:0:0:a', 1615558082.293468)]
	0:0:0:a:ffff:0:0:a => ('alice', 1615558108.6132553)
2021-03-12 14:08:42.421854 
	alice => [('0:0:0:a', 'ffff:0:0:a', 1615558108.6132553), ('0:0:0:b', 'ffff:0:0:a', 1615558122.4217103), ('0:0:0:c', 'ffff:0:0:a', 1615558082.293468)]
	0:0:0:b:ffff:0:0:a => ('alice', 1615558122.4217103)
2021-03-12 14:08:42.423133 
	alice => [('0:0:0:a', 'ffff:0:0:a', 1615558108.6132553), ('0:0:0:b', 'ffff:0:0:a', 1615558122.4230208), ('0:0:0:c', 'ffff:0:0:a', 1615558082.293468)]
	0:0:0:b:ffff:0:0:a => ('alice', 1615558122.4230208)
2021-03-12 14:08:42.423684 
	alice => [('0:0:0:a', 'ffff:0:0:a', 1615558108.6132553), ('0:0:0:b', 'ffff:0:0:a', 1615558122.423584), ('0:0:0:c', 'ffff:0:0:a', 1615558082.293468)]
	0:0:0:b:ffff:0:0:a => ('alice', 1615558122.423584)
2021-03-12 14:09:02.463401 
	alice => [('0:0:0:a', 'ffff:0:0:a', 1615558108.6132553), ('0:0:0:b', 'ffff:0:0:a', 1615558122.423584), ('0:0:0:c', 'ffff:0:0:a', 1615558142.4632256)]
	0:0:0:c:ffff:0:0:a => ('alice', 1615558142.4632256)
2021-03-12 14:09:02.465162 
	alice => [('0:0:0:a', 'ffff:0:0:a', 1615558108.6132553), ('0:0:0:b', 'ffff:0:0:a', 1615558122.423584), ('0:0:0:c', 'ffff:0:0:a', 1615558142.465021)]
	0:0:0:c:ffff:0:0:a => ('alice', 1615558142.465021)
2021-03-12 14:09:02.465860 
	alice => [('0:0:0:a', 'ffff:0:0:a', 1615558108.6132553), ('0:0:0:b', 'ffff:0:0:a', 1615558122.423584), ('0:0:0:c', 'ffff:0:0:a', 1615558142.4657328)]
	0:0:0:c:ffff:0:0:a => ('alice', 1615558142.4657328)
2021-03-12 14:09:07.060922 
	bob => [('0:0:0:b', 'ffff:0:0:b', 1615558147.060793)]
	0:0:0:b:ffff:0:0:b => ('bob', 1615558147.060793)
2021-03-12 14:09:07.063719 
	desktop => [('0:0:0:a', 'ffff:0:0:d', 1615558108.6045866), ('0:0:0:b', 'ffff:0:0:d', 1615558147.0635993), ('0:0:0:c', 'ffff:0:0:d', 1615558108.6070564)]
	0:0:0:b:ffff:0:0:d => ('desktop', 1615558147.0635993)
2021-03-12 14:09:07.064345 
	desktop => [('0:0:0:a', 'ffff:0:0:d', 1615558108.6045866), ('0:0:0:b', 'ffff:0:0:d', 1615558147.0641706), ('0:0:0:c', 'ffff:0:0:d', 1615558108.6070564)]
	0:0:0:b:ffff:0:0:d => ('desktop', 1615558147.0641706)
2021-03-12 14:09:07.064923 
	desktop => [('0:0:0:a', 'ffff:0:0:d', 1615558108.6045866), ('0:0:0:b', 'ffff:0:0:d', 1615558147.064821), ('0:0:0:c', 'ffff:0:0:d', 1615558108.6070564)]
	0:0:0:b:ffff:0:0:d => ('desktop', 1615558147.064821)
2021-03-12 14:09:07.065458 
	bob => [('0:0:0:b', 'ffff:0:0:b', 1615558147.0653703)]
	0:0:0:b:ffff:0:0:b => ('bob', 1615558147.0653703)
2021-03-12 14:09:07.065988 
	bob => [('0:0:0:b', 'ffff:0:0:b', 1615558147.065902)]
	0:0:0:b:ffff:0:0:b => ('bob', 1615558147.065902)
2021-03-12 14:09:07.071450 
	alice => [('0:0:0:a', 'ffff:0:0:a', 1615558108.6132553), ('0:0:0:b', 'ffff:0:0:a', 1615558122.423584), ('0:0:0:c', 'ffff:0:0:a', 1615558147.0713308)]
	0:0:0:c:ffff:0:0:a => ('alice', 1615558147.0713308)
2021-03-12 14:09:07.072688 
	alice => [('0:0:0:a', 'ffff:0:0:a', 1615558108.6132553), ('0:0:0:b', 'ffff:0:0:a', 1615558122.423584), ('0:0:0:c', 'ffff:0:0:a', 1615558147.0726013)]
	0:0:0:c:ffff:0:0:a => ('alice', 1615558147.0726013)
2021-03-12 14:09:07.073144 
	alice => [('0:0:0:a', 'ffff:0:0:a', 1615558108.6132553), ('0:0:0:b', 'ffff:0:0:a', 1615558122.423584), ('0:0:0:c', 'ffff:0:0:a', 1615558147.073069)]
	0:0:0:c:ffff:0:0:a => ('alice', 1615558147.073069)
2021-03-12 14:09:22.552226 
	alice => [('0:0:0:a', 'ffff:0:0:a', 1615558162.5520527), ('0:0:0:b', 'ffff:0:0:a', 1615558122.423584), ('0:0:0:c', 'ffff:0:0:a', 1615558147.073069)]
	0:0:0:a:ffff:0:0:a => ('alice', 1615558162.5520527)
2021-03-12 14:09:22.553967 
	alice => [('0:0:0:a', 'ffff:0:0:a', 1615558162.5538266), ('0:0:0:b', 'ffff:0:0:a', 1615558122.423584), ('0:0:0:c', 'ffff:0:0:a', 1615558147.073069)]
	0:0:0:a:ffff:0:0:a => ('alice', 1615558162.5538266)
2021-03-12 14:09:22.555658 
	alice => [('0:0:0:a', 'ffff:0:0:a', 1615558162.555528), ('0:0:0:b', 'ffff:0:0:a', 1615558122.423584), ('0:0:0:c', 'ffff:0:0:a', 1615558147.073069)]
	0:0:0:a:ffff:0:0:a => ('alice', 1615558162.555528)
2021-03-12 14:09:42.578193 
	alice => [('0:0:0:a', 'ffff:0:0:a', 1615558162.555528), ('0:0:0:b', 'ffff:0:0:a', 1615558182.5780182), ('0:0:0:c', 'ffff:0:0:a', 1615558147.073069)]
	0:0:0:b:ffff:0:0:a => ('alice', 1615558182.5780182)
2021-03-12 14:09:42.579788 
	alice => [('0:0:0:a', 'ffff:0:0:a', 1615558162.555528), ('0:0:0:b', 'ffff:0:0:a', 1615558182.5796475), ('0:0:0:c', 'ffff:0:0:a', 1615558147.073069)]
	0:0:0:b:ffff:0:0:a => ('alice', 1615558182.5796475)
2021-03-12 14:09:42.580732 
	alice => [('0:0:0:a', 'ffff:0:0:a', 1615558162.555528), ('0:0:0:b', 'ffff:0:0:a', 1615558182.5805948), ('0:0:0:c', 'ffff:0:0:a', 1615558147.073069)]
	0:0:0:b:ffff:0:0:a => ('alice', 1615558182.5805948)
2021-03-12 14:09:48.139699 
	bob => [('0:0:0:b', 'ffff:0:0:b', 1615558188.1395404)]
	0:0:0:b:ffff:0:0:b => ('bob', 1615558188.1395404)
2021-03-12 14:09:48.143303 
	desktop => [('0:0:0:a', 'ffff:0:0:d', 1615558108.6045866), ('0:0:0:b', 'ffff:0:0:d', 1615558188.1431549), ('0:0:0:c', 'ffff:0:0:d', 1615558108.6070564)]
	0:0:0:b:ffff:0:0:d => ('desktop', 1615558188.1431549)
2021-03-12 14:09:48.144176 
	alice => [('0:0:0:a', 'ffff:0:0:a', 1615558162.555528), ('0:0:0:b', 'ffff:0:0:a', 1615558188.1440315), ('0:0:0:c', 'ffff:0:0:a', 1615558147.073069)]
	0:0:0:b:ffff:0:0:a => ('alice', 1615558188.1440315)
2021-03-12 14:09:48.145943 
	desktop => [('0:0:0:a', 'ffff:0:0:d', 1615558108.6045866), ('0:0:0:b', 'ffff:0:0:d', 1615558188.145806), ('0:0:0:c', 'ffff:0:0:d', 1615558108.6070564)]
	0:0:0:b:ffff:0:0:d => ('desktop', 1615558188.145806)
2021-03-12 14:09:48.146568 
	desktop => [('0:0:0:a', 'ffff:0:0:d', 1615558108.6045866), ('0:0:0:b', 'ffff:0:0:d', 1615558188.1464872), ('0:0:0:c', 'ffff:0:0:d', 1615558108.6070564)]
	0:0:0:b:ffff:0:0:d => ('desktop', 1615558188.1464872)
2021-03-12 14:09:48.147017 
	bob => [('0:0:0:b', 'ffff:0:0:b', 1615558188.1469502)]
	0:0:0:b:ffff:0:0:b => ('bob', 1615558188.1469502)
2021-03-12 14:09:48.147416 
	bob => [('0:0:0:b', 'ffff:0:0:b', 1615558188.1473517)]
	0:0:0:b:ffff:0:0:b => ('bob', 1615558188.1473517)
2021-03-12 14:09:48.147823 
	alice => [('0:0:0:a', 'ffff:0:0:a', 1615558162.555528), ('0:0:0:b', 'ffff:0:0:a', 1615558188.1477475), ('0:0:0:c', 'ffff:0:0:a', 1615558147.073069)]
	0:0:0:b:ffff:0:0:a => ('alice', 1615558188.1477475)
2021-03-12 14:09:48.148228 
	alice => [('0:0:0:a', 'ffff:0:0:a', 1615558162.555528), ('0:0:0:b', 'ffff:0:0:a', 1615558188.1481543), ('0:0:0:c', 'ffff:0:0:a', 1615558147.073069)]
	0:0:0:b:ffff:0:0:a => ('alice', 1615558188.1481543)
2021-03-12 14:10:02.614447 
	alice => [('0:0:0:a', 'ffff:0:0:a', 1615558162.555528), ('0:0:0:b', 'ffff:0:0:a', 1615558188.1481543), ('0:0:0:c', 'ffff:0:0:a', 1615558202.6142664)]
	0:0:0:c:ffff:0:0:a => ('alice', 1615558202.6142664)
2021-03-12 14:10:02.616195 
	alice => [('0:0:0:a', 'ffff:0:0:a', 1615558162.555528), ('0:0:0:b', 'ffff:0:0:a', 1615558188.1481543), ('0:0:0:c', 'ffff:0:0:a', 1615558202.6160548)]
	0:0:0:c:ffff:0:0:a => ('alice', 1615558202.6160548)
2021-03-12 14:10:02.616988 
	alice => [('0:0:0:a', 'ffff:0:0:a', 1615558162.555528), ('0:0:0:b', 'ffff:0:0:a', 1615558188.1481543), ('0:0:0:c', 'ffff:0:0:a', 1615558202.6168573)]
	0:0:0:c:ffff:0:0:a => ('alice', 1615558202.6168573)
2021-03-12 14:10:19.661270 
	alice => [('0:0:0:a', 'ffff:0:0:a', 1615558162.555528), ('0:0:0:b', 'ffff:0:0:a', 1615558188.1481543), ('0:0:0:c', 'ffff:0:0:a', 1615558219.6610947)]
	0:0:0:c:ffff:0:0:a => ('alice', 1615558219.6610947)
2021-03-12 14:10:19.664691 
	desktop => [('0:0:0:a', 'ffff:0:0:d', 1615558108.6045866), ('0:0:0:b', 'ffff:0:0:d', 1615558188.1464872), ('0:0:0:c', 'ffff:0:0:d', 1615558219.664544)]
	0:0:0:c:ffff:0:0:d => ('desktop', 1615558219.664544)
2021-03-12 14:10:19.665402 
	desktop => [('0:0:0:a', 'ffff:0:0:d', 1615558108.6045866), ('0:0:0:b', 'ffff:0:0:d', 1615558188.1464872), ('0:0:0:c', 'ffff:0:0:d', 1615558219.6652715)]
	0:0:0:c:ffff:0:0:d => ('desktop', 1615558219.6652715)
2021-03-12 14:10:19.666087 
	desktop => [('0:0:0:a', 'ffff:0:0:d', 1615558108.6045866), ('0:0:0:b', 'ffff:0:0:d', 1615558188.1464872), ('0:0:0:c', 'ffff:0:0:d', 1615558219.665962)]
	0:0:0:c:ffff:0:0:d => ('desktop', 1615558219.665962)
2021-03-12 14:10:19.666764 
	alice => [('0:0:0:a', 'ffff:0:0:a', 1615558162.555528), ('0:0:0:b', 'ffff:0:0:a', 1615558188.1481543), ('0:0:0:c', 'ffff:0:0:a', 1615558219.6666362)]
	0:0:0:c:ffff:0:0:a => ('alice', 1615558219.6666362)
2021-03-12 14:10:19.667493 
	alice => [('0:0:0:a', 'ffff:0:0:a', 1615558162.555528), ('0:0:0:b', 'ffff:0:0:a', 1615558188.1481543), ('0:0:0:c', 'ffff:0:0:a', 1615558219.6673675)]
	0:0:0:c:ffff:0:0:a => ('alice', 1615558219.6673675)
2021-03-12 14:10:19.668337 
	bob => [('0:0:0:b', 'ffff:0:0:b', 1615558219.668165)]
	0:0:0:b:ffff:0:0:b => ('bob', 1615558219.668165)
2021-03-12 14:10:19.669854 
	bob => [('0:0:0:b', 'ffff:0:0:b', 1615558219.6697395)]
	0:0:0:b:ffff:0:0:b => ('bob', 1615558219.6697395)
2021-03-12 14:10:19.670518 
	bob => [('0:0:0:b', 'ffff:0:0:b', 1615558219.67041)]
	0:0:0:b:ffff:0:0:b => ('bob', 1615558219.67041)
2021-03-12 14:10:22.662747 
	alice => [('0:0:0:a', 'ffff:0:0:a', 1615558222.6625748), ('0:0:0:b', 'ffff:0:0:a', 1615558188.1481543), ('0:0:0:c', 'ffff:0:0:a', 1615558219.6673675)]
	0:0:0:a:ffff:0:0:a => ('alice', 1615558222.6625748)
2021-03-12 14:10:22.664392 
	alice => [('0:0:0:a', 'ffff:0:0:a', 1615558222.6641831), ('0:0:0:b', 'ffff:0:0:a', 1615558188.1481543), ('0:0:0:c', 'ffff:0:0:a', 1615558219.6673675)]
	0:0:0:a:ffff:0:0:a => ('alice', 1615558222.6641831)
2021-03-12 14:10:22.665117 
	alice => [('0:0:0:a', 'ffff:0:0:a', 1615558222.664989), ('0:0:0:b', 'ffff:0:0:a', 1615558188.1481543), ('0:0:0:c', 'ffff:0:0:a', 1615558219.6673675)]
	0:0:0:a:ffff:0:0:a => ('alice', 1615558222.664989)
2021-03-12 14:10:42.718614 
	alice => [('0:0:0:a', 'ffff:0:0:a', 1615558222.664989), ('0:0:0:b', 'ffff:0:0:a', 1615558242.7184389), ('0:0:0:c', 'ffff:0:0:a', 1615558219.6673675)]
	0:0:0:b:ffff:0:0:a => ('alice', 1615558242.7184389)
2021-03-12 14:10:42.720194 
	alice => [('0:0:0:a', 'ffff:0:0:a', 1615558222.664989), ('0:0:0:b', 'ffff:0:0:a', 1615558242.7200506), ('0:0:0:c', 'ffff:0:0:a', 1615558219.6673675)]
	0:0:0:b:ffff:0:0:a => ('alice', 1615558242.7200506)
2021-03-12 14:10:42.720979 
	alice => [('0:0:0:a', 'ffff:0:0:a', 1615558222.664989), ('0:0:0:b', 'ffff:0:0:a', 1615558242.7208495), ('0:0:0:c', 'ffff:0:0:a', 1615558219.6673675)]
	0:0:0:b:ffff:0:0:a => ('alice', 1615558242.7208495)
2021-03-12 14:11:02.247611 
	bob => [('0:0:0:b', 'ffff:0:0:b', 1615558262.247452)]
	0:0:0:b:ffff:0:0:b => ('bob', 1615558262.247452)
2021-03-12 14:11:02.251138 
	desktop => [('0:0:0:a', 'ffff:0:0:d', 1615558108.6045866), ('0:0:0:b', 'ffff:0:0:d', 1615558262.2509882), ('0:0:0:c', 'ffff:0:0:d', 1615558219.665962)]
	0:0:0:b:ffff:0:0:d => ('desktop', 1615558262.2509882)
2021-03-12 14:11:02.251841 
	desktop => [('0:0:0:a', 'ffff:0:0:d', 1615558108.6045866), ('0:0:0:b', 'ffff:0:0:d', 1615558262.2517145), ('0:0:0:c', 'ffff:0:0:d', 1615558219.665962)]
	0:0:0:b:ffff:0:0:d => ('desktop', 1615558262.2517145)
2021-03-12 14:11:02.252651 
	desktop => [('0:0:0:a', 'ffff:0:0:d', 1615558108.6045866), ('0:0:0:b', 'ffff:0:0:d', 1615558262.2525213), ('0:0:0:c', 'ffff:0:0:d', 1615558219.665962)]
	0:0:0:b:ffff:0:0:d => ('desktop', 1615558262.2525213)
2021-03-12 14:11:02.253325 
	bob => [('0:0:0:b', 'ffff:0:0:b', 1615558262.2532165)]
	0:0:0:b:ffff:0:0:b => ('bob', 1615558262.2532165)
2021-03-12 14:11:02.254021 
	bob => [('0:0:0:b', 'ffff:0:0:b', 1615558262.2539108)]
	0:0:0:b:ffff:0:0:b => ('bob', 1615558262.2539108)
2021-03-12 14:11:02.264532 
	alice => [('0:0:0:a', 'ffff:0:0:a', 1615558222.664989), ('0:0:0:b', 'ffff:0:0:a', 1615558262.2643788), ('0:0:0:c', 'ffff:0:0:a', 1615558219.6673675)]
	0:0:0:b:ffff:0:0:a => ('alice', 1615558262.2643788)
2021-03-12 14:11:02.265778 
	alice => [('0:0:0:a', 'ffff:0:0:a', 1615558222.664989), ('0:0:0:b', 'ffff:0:0:a', 1615558262.2656913), ('0:0:0:c', 'ffff:0:0:a', 1615558219.6673675)]
	0:0:0:b:ffff:0:0:a => ('alice', 1615558262.2656913)
2021-03-12 14:11:02.266193 
	alice => [('0:0:0:a', 'ffff:0:0:a', 1615558222.664989), ('0:0:0:b', 'ffff:0:0:a', 1615558262.2661173), ('0:0:0:c', 'ffff:0:0:a', 1615558219.6673675)]
	0:0:0:b:ffff:0:0:a => ('alice', 1615558262.2661173)
2021-03-12 14:11:02.872816 
	alice => [('0:0:0:a', 'ffff:0:0:a', 1615558222.664989), ('0:0:0:b', 'ffff:0:0:a', 1615558262.2661173), ('0:0:0:c', 'ffff:0:0:a', 1615558262.8726466)]
	0:0:0:c:ffff:0:0:a => ('alice', 1615558262.8726466)
2021-03-12 14:11:02.874445 
	alice => [('0:0:0:a', 'ffff:0:0:a', 1615558222.664989), ('0:0:0:b', 'ffff:0:0:a', 1615558262.2661173), ('0:0:0:c', 'ffff:0:0:a', 1615558262.8743074)]
	0:0:0:c:ffff:0:0:a => ('alice', 1615558262.8743074)
2021-03-12 14:11:02.875128 
	alice => [('0:0:0:a', 'ffff:0:0:a', 1615558222.664989), ('0:0:0:b', 'ffff:0:0:a', 1615558262.2661173), ('0:0:0:c', 'ffff:0:0:a', 1615558262.8750014)]
	0:0:0:c:ffff:0:0:a => ('alice', 1615558262.8750014)
2021-03-12 14:11:22.912586 
	alice => [('0:0:0:a', 'ffff:0:0:a', 1615558282.9124098), ('0:0:0:b', 'ffff:0:0:a', 1615558262.2661173), ('0:0:0:c', 'ffff:0:0:a', 1615558262.8750014)]
	0:0:0:a:ffff:0:0:a => ('alice', 1615558282.9124098)
2021-03-12 14:11:22.914165 
	alice => [('0:0:0:a', 'ffff:0:0:a', 1615558282.9140275), ('0:0:0:b', 'ffff:0:0:a', 1615558262.2661173), ('0:0:0:c', 'ffff:0:0:a', 1615558262.8750014)]
	0:0:0:a:ffff:0:0:a => ('alice', 1615558282.9140275)
2021-03-12 14:11:22.914904 
	alice => [('0:0:0:a', 'ffff:0:0:a', 1615558282.9147766), ('0:0:0:b', 'ffff:0:0:a', 1615558262.2661173), ('0:0:0:c', 'ffff:0:0:a', 1615558262.8750014)]
	0:0:0:a:ffff:0:0:a => ('alice', 1615558282.9147766)
2021-03-12 14:11:34.238461 
	desktop => [('0:0:0:a', 'ffff:0:0:d', 1615558294.2383013), ('0:0:0:b', 'ffff:0:0:d', 1615558262.2525213), ('0:0:0:c', 'ffff:0:0:d', 1615558219.665962)]
	0:0:0:a:ffff:0:0:d => ('desktop', 1615558294.2383013)
2021-03-12 14:11:34.239837 
	desktop => [('0:0:0:a', 'ffff:0:0:d', 1615558294.2383013), ('0:0:0:b', 'ffff:0:0:d', 1615558294.2396984), ('0:0:0:c', 'ffff:0:0:d', 1615558219.665962)]
	0:0:0:b:ffff:0:0:d => ('desktop', 1615558294.2396984)
2021-03-12 14:11:34.240942 
	desktop => [('0:0:0:a', 'ffff:0:0:d', 1615558294.2383013), ('0:0:0:b', 'ffff:0:0:d', 1615558294.2396984), ('0:0:0:c', 'ffff:0:0:d', 1615558294.2408018)]
	0:0:0:c:ffff:0:0:d => ('desktop', 1615558294.2408018)
2021-03-12 14:11:34.241765 
	bob => [('0:0:0:b', 'ffff:0:0:b', 1615558294.241641)]
	0:0:0:b:ffff:0:0:b => ('bob', 1615558294.241641)
2021-03-12 14:11:34.243288 
	bob => [('0:0:0:b', 'ffff:0:0:b', 1615558294.243173)]
	0:0:0:b:ffff:0:0:b => ('bob', 1615558294.243173)
2021-03-12 14:11:34.243953 
	bob => [('0:0:0:b', 'ffff:0:0:b', 1615558294.2438462)]
	0:0:0:b:ffff:0:0:b => ('bob', 1615558294.2438462)
2021-03-12 14:11:34.249072 
	alice => [('0:0:0:a', 'ffff:0:0:a', 1615558294.2489808), ('0:0:0:b', 'ffff:0:0:a', 1615558262.2661173), ('0:0:0:c', 'ffff:0:0:a', 1615558262.8750014)]
	0:0:0:a:ffff:0:0:a => ('alice', 1615558294.2489808)
2021-03-12 14:11:34.250058 
	alice => [('0:0:0:a', 'ffff:0:0:a', 1615558294.2499762), ('0:0:0:b', 'ffff:0:0:a', 1615558262.2661173), ('0:0:0:c', 'ffff:0:0:a', 1615558262.8750014)]
	0:0:0:a:ffff:0:0:a => ('alice', 1615558294.2499762)
2021-03-12 14:11:34.250469 
	alice => [('0:0:0:a', 'ffff:0:0:a', 1615558294.2503943), ('0:0:0:b', 'ffff:0:0:a', 1615558262.2661173), ('0:0:0:c', 'ffff:0:0:a', 1615558262.8750014)]
	0:0:0:a:ffff:0:0:a => ('alice', 1615558294.2503943)
