2021-03-12 14:21:24.238470 Started
	log = true
	hostname = alice
	wait_time = 30
2021-03-12 14:21:24.241087 
	alice => [('0:0:0:a', 'ffff:0:0:a', 1615558884.2410088)]
	0:0:0:a:ffff:0:0:a => ('alice', 1615558884.2410088)
2021-03-12 14:21:24.242437 
	desktop => [('0:0:0:b', 'ffff:0:0:d', 1615558884.242371)]
	0:0:0:b:ffff:0:0:d => ('desktop', 1615558884.242371)
2021-03-12 14:21:24.243388 
	bob => [('0:0:0:b', 'ffff:0:0:b', 1615558884.2433248)]
	0:0:0:b:ffff:0:0:b => ('bob', 1615558884.2433248)
2021-03-12 14:21:24.244602 
	alice => [('0:0:0:a', 'ffff:0:0:a', 1615558884.2445374)]
	0:0:0:a:ffff:0:0:a => ('alice', 1615558884.2445374)
2021-03-12 14:21:24.245449 
	desktop => [('0:0:0:b', 'ffff:0:0:d', 1615558884.242371), ('0:0:0:a', 'ffff:0:0:d', 1615558884.245381)]
	0:0:0:a:ffff:0:0:d => ('desktop', 1615558884.245381)
2021-03-12 14:21:24.255588 
	bob => [('0:0:0:b', 'ffff:0:0:b', 1615558884.2554936)]
	0:0:0:b:ffff:0:0:b => ('bob', 1615558884.2554936)
2021-03-12 14:21:44.259791 
	alice => [('0:0:0:a', 'ffff:0:0:a', 1615558884.2445374), ('0:0:0:b', 'ffff:0:0:a', 1615558904.2596498)]
	0:0:0:b:ffff:0:0:a => ('alice', 1615558904.2596498)
2021-03-12 14:22:02.007166 
	alice => [('0:0:0:a', 'ffff:0:0:a', 1615558884.2445374), ('0:0:0:b', 'ffff:0:0:a', 1615558922.0070205)]
	0:0:0:b:ffff:0:0:a => ('alice', 1615558922.0070205)
2021-03-12 14:22:02.009104 
	bob => [('0:0:0:b', 'ffff:0:0:b', 1615558922.0089834)]
	0:0:0:b:ffff:0:0:b => ('bob', 1615558922.0089834)
2021-03-12 14:22:02.009964 
	desktop => [('0:0:0:b', 'ffff:0:0:d', 1615558922.009838), ('0:0:0:a', 'ffff:0:0:d', 1615558884.245381)]
	0:0:0:b:ffff:0:0:d => ('desktop', 1615558922.009838)
2021-03-12 14:22:04.280493 
	alice => [('0:0:0:a', 'ffff:0:0:a', 1615558884.2445374), ('0:0:0:b', 'ffff:0:0:a', 1615558922.0070205), ('0:0:0:c', 'ffff:0:0:a', 1615558924.2803385)]
	0:0:0:c:ffff:0:0:a => ('alice', 1615558924.2803385)
2021-03-12 14:22:24.299813 
	alice => [('0:0:0:a', 'ffff:0:0:a', 1615558944.299664), ('0:0:0:b', 'ffff:0:0:a', 1615558922.0070205), ('0:0:0:c', 'ffff:0:0:a', 1615558924.2803385)]
	0:0:0:a:ffff:0:0:a => ('alice', 1615558944.299664)
2021-03-12 14:22:42.784291 
	desktop => [('0:0:0:b', 'ffff:0:0:d', 1615558962.7841358), ('0:0:0:a', 'ffff:0:0:d', 1615558884.245381)]
	0:0:0:b:ffff:0:0:d => ('desktop', 1615558962.7841358)
2021-03-12 14:22:42.785614 
	bob => [('0:0:0:b', 'ffff:0:0:b', 1615558962.7854488)]
	0:0:0:b:ffff:0:0:b => ('bob', 1615558962.7854488)
2021-03-12 14:22:42.787051 
	alice => [('0:0:0:a', 'ffff:0:0:a', 1615558962.7869163), ('0:0:0:b', 'ffff:0:0:a', 1615558922.0070205), ('0:0:0:c', 'ffff:0:0:a', 1615558924.2803385)]
	0:0:0:a:ffff:0:0:a => ('alice', 1615558962.7869163)
2021-03-12 14:22:44.320893 
	alice => [('0:0:0:a', 'ffff:0:0:a', 1615558962.7869163), ('0:0:0:b', 'ffff:0:0:a', 1615558964.3207397), ('0:0:0:c', 'ffff:0:0:a', 1615558924.2803385)]
	0:0:0:b:ffff:0:0:a => ('alice', 1615558964.3207397)
2021-03-12 14:23:04.342413 
	alice => [('0:0:0:a', 'ffff:0:0:a', 1615558962.7869163), ('0:0:0:b', 'ffff:0:0:a', 1615558964.3207397), ('0:0:0:c', 'ffff:0:0:a', 1615558984.3422582)]
	0:0:0:c:ffff:0:0:a => ('alice', 1615558984.3422582)
2021-03-12 14:23:16.447930 
	desktop => [('0:0:0:b', 'ffff:0:0:d', 1615558962.7841358), ('0:0:0:a', 'ffff:0:0:d', 1615558884.245381), ('0:0:0:c', 'ffff:0:0:d', 1615558996.447769)]
	0:0:0:c:ffff:0:0:d => ('desktop', 1615558996.447769)
2021-03-12 14:23:16.449357 
	alice => [('0:0:0:a', 'ffff:0:0:a', 1615558962.7869163), ('0:0:0:b', 'ffff:0:0:a', 1615558964.3207397), ('0:0:0:c', 'ffff:0:0:a', 1615558996.4492188)]
	0:0:0:c:ffff:0:0:a => ('alice', 1615558996.4492188)
2021-03-12 14:23:16.450373 
	bob => [('0:0:0:b', 'ffff:0:0:b', 1615558996.4502487)]
	0:0:0:b:ffff:0:0:b => ('bob', 1615558996.4502487)
2021-03-12 14:23:24.364809 
	alice => [('0:0:0:a', 'ffff:0:0:a', 1615559004.3646524), ('0:0:0:b', 'ffff:0:0:a', 1615558964.3207397), ('0:0:0:c', 'ffff:0:0:a', 1615558996.4492188)]
	0:0:0:a:ffff:0:0:a => ('alice', 1615559004.3646524)
2021-03-12 14:23:44.385905 
	alice => [('0:0:0:a', 'ffff:0:0:a', 1615559004.3646524), ('0:0:0:b', 'ffff:0:0:a', 1615559024.3857498), ('0:0:0:c', 'ffff:0:0:a', 1615558996.4492188)]
	0:0:0:b:ffff:0:0:a => ('alice', 1615559024.3857498)
2021-03-12 14:23:47.956689 
	alice => [('0:0:0:a', 'ffff:0:0:a', 1615559004.3646524), ('0:0:0:b', 'ffff:0:0:a', 1615559027.956531), ('0:0:0:c', 'ffff:0:0:a', 1615558996.4492188)]
	0:0:0:b:ffff:0:0:a => ('alice', 1615559027.956531)
2021-03-12 14:23:47.958500 
	bob => [('0:0:0:b', 'ffff:0:0:b', 1615559027.958375)]
	0:0:0:b:ffff:0:0:b => ('bob', 1615559027.958375)
2021-03-12 14:23:47.959785 
	desktop => [('0:0:0:b', 'ffff:0:0:d', 1615559027.9596446), ('0:0:0:a', 'ffff:0:0:d', 1615558884.245381), ('0:0:0:c', 'ffff:0:0:d', 1615558996.447769)]
	0:0:0:b:ffff:0:0:d => ('desktop', 1615559027.9596446)
2021-03-12 14:24:04.402057 
	alice => [('0:0:0:a', 'ffff:0:0:a', 1615559004.3646524), ('0:0:0:b', 'ffff:0:0:a', 1615559027.956531), ('0:0:0:c', 'ffff:0:0:a', 1615559044.4019287)]
	0:0:0:c:ffff:0:0:a => ('alice', 1615559044.4019287)
2021-03-12 14:24:24.423034 
	alice => [('0:0:0:a', 'ffff:0:0:a', 1615559064.422908), ('0:0:0:b', 'ffff:0:0:a', 1615559027.956531), ('0:0:0:c', 'ffff:0:0:a', 1615559044.4019287)]
	0:0:0:a:ffff:0:0:a => ('alice', 1615559064.422908)
2021-03-12 14:24:35.487477 
	desktop => [('0:0:0:b', 'ffff:0:0:d', 1615559027.9596446), ('0:0:0:a', 'ffff:0:0:d', 1615559075.4873075), ('0:0:0:c', 'ffff:0:0:d', 1615558996.447769)]
	0:0:0:a:ffff:0:0:d => ('desktop', 1615559075.4873075)
2021-03-12 14:24:35.488970 
	alice => [('0:0:0:a', 'ffff:0:0:a', 1615559075.4888306), ('0:0:0:b', 'ffff:0:0:a', 1615559027.956531), ('0:0:0:c', 'ffff:0:0:a', 1615559044.4019287)]
	0:0:0:a:ffff:0:0:a => ('alice', 1615559075.4888306)
2021-03-12 14:24:35.493898 
	bob => [('0:0:0:b', 'ffff:0:0:b', 1615559075.4937727)]
	0:0:0:b:ffff:0:0:b => ('bob', 1615559075.4937727)
2021-03-12 14:24:44.444204 
	alice => [('0:0:0:a', 'ffff:0:0:a', 1615559075.4888306), ('0:0:0:b', 'ffff:0:0:a', 1615559084.4440498), ('0:0:0:c', 'ffff:0:0:a', 1615559044.4019287)]
	0:0:0:b:ffff:0:0:a => ('alice', 1615559084.4440498)
2021-03-12 14:25:04.465834 
	alice => [('0:0:0:a', 'ffff:0:0:a', 1615559075.4888306), ('0:0:0:b', 'ffff:0:0:a', 1615559084.4440498), ('0:0:0:c', 'ffff:0:0:a', 1615559104.4656804)]
	0:0:0:c:ffff:0:0:a => ('alice', 1615559104.4656804)
2021-03-12 14:25:18.353487 
	desktop => [('0:0:0:b', 'ffff:0:0:d', 1615559027.9596446), ('0:0:0:a', 'ffff:0:0:d', 1615559075.4873075), ('0:0:0:c', 'ffff:0:0:d', 1615559118.3533201)]
	0:0:0:c:ffff:0:0:d => ('desktop', 1615559118.3533201)
2021-03-12 14:25:18.355076 
	alice => [('0:0:0:a', 'ffff:0:0:a', 1615559075.4888306), ('0:0:0:b', 'ffff:0:0:a', 1615559084.4440498), ('0:0:0:c', 'ffff:0:0:a', 1615559118.354936)]
	0:0:0:c:ffff:0:0:a => ('alice', 1615559118.354936)
2021-03-12 14:25:18.355872 
	bob => [('0:0:0:b', 'ffff:0:0:b', 1615559118.3557506)]
	0:0:0:b:ffff:0:0:b => ('bob', 1615559118.3557506)
2021-03-12 14:25:24.487277 
	alice => [('0:0:0:a', 'ffff:0:0:a', 1615559124.487122), ('0:0:0:b', 'ffff:0:0:a', 1615559084.4440498), ('0:0:0:c', 'ffff:0:0:a', 1615559118.354936)]
	0:0:0:a:ffff:0:0:a => ('alice', 1615559124.487122)
2021-03-12 14:25:44.507733 
	alice => [('0:0:0:a', 'ffff:0:0:a', 1615559124.487122), ('0:0:0:b', 'ffff:0:0:a', 1615559144.5075774), ('0:0:0:c', 'ffff:0:0:a', 1615559118.354936)]
	0:0:0:b:ffff:0:0:a => ('alice', 1615559144.5075774)
2021-03-12 14:25:53.089896 
	desktop => [('0:0:0:b', 'ffff:0:0:d', 1615559153.0897262), ('0:0:0:a', 'ffff:0:0:d', 1615559075.4873075), ('0:0:0:c', 'ffff:0:0:d', 1615559118.3533201)]
	0:0:0:b:ffff:0:0:d => ('desktop', 1615559153.0897262)
2021-03-12 14:25:53.091346 
	alice => [('0:0:0:a', 'ffff:0:0:a', 1615559124.487122), ('0:0:0:b', 'ffff:0:0:a', 1615559153.09121), ('0:0:0:c', 'ffff:0:0:a', 1615559118.354936)]
	0:0:0:b:ffff:0:0:a => ('alice', 1615559153.09121)
2021-03-12 14:25:53.093259 
	bob => [('0:0:0:b', 'ffff:0:0:b', 1615559153.0931282)]
	0:0:0:b:ffff:0:0:b => ('bob', 1615559153.0931282)
2021-03-12 14:26:04.519834 
	alice => [('0:0:0:a', 'ffff:0:0:a', 1615559124.487122), ('0:0:0:b', 'ffff:0:0:a', 1615559153.09121), ('0:0:0:c', 'ffff:0:0:a', 1615559164.5196798)]
	0:0:0:c:ffff:0:0:a => ('alice', 1615559164.5196798)
2021-03-12 14:26:24.541084 
	alice => [('0:0:0:a', 'ffff:0:0:a', 1615559184.5409331), ('0:0:0:b', 'ffff:0:0:a', 1615559153.09121), ('0:0:0:c', 'ffff:0:0:a', 1615559164.5196798)]
	0:0:0:a:ffff:0:0:a => ('alice', 1615559184.5409331)
2021-03-12 14:26:28.703687 
	desktop => [('0:0:0:b', 'ffff:0:0:d', 1615559188.7035189), ('0:0:0:a', 'ffff:0:0:d', 1615559075.4873075), ('0:0:0:c', 'ffff:0:0:d', 1615559118.3533201)]
	0:0:0:b:ffff:0:0:d => ('desktop', 1615559188.7035189)
2021-03-12 14:26:28.705325 
	bob => [('0:0:0:b', 'ffff:0:0:b', 1615559188.7051976)]
	0:0:0:b:ffff:0:0:b => ('bob', 1615559188.7051976)
2021-03-12 14:26:28.707479 
	alice => [('0:0:0:a', 'ffff:0:0:a', 1615559188.7073371), ('0:0:0:b', 'ffff:0:0:a', 1615559153.09121), ('0:0:0:c', 'ffff:0:0:a', 1615559164.5196798)]
	0:0:0:a:ffff:0:0:a => ('alice', 1615559188.7073371)
2021-03-12 14:26:44.555594 
	alice => [('0:0:0:a', 'ffff:0:0:a', 1615559188.7073371), ('0:0:0:b', 'ffff:0:0:a', 1615559204.555439), ('0:0:0:c', 'ffff:0:0:a', 1615559164.5196798)]
	0:0:0:b:ffff:0:0:a => ('alice', 1615559204.555439)
2021-03-12 14:27:04.574546 
	alice => [('0:0:0:a', 'ffff:0:0:a', 1615559188.7073371), ('0:0:0:b', 'ffff:0:0:a', 1615559204.555439), ('0:0:0:c', 'ffff:0:0:a', 1615559224.5743895)]
	0:0:0:c:ffff:0:0:a => ('alice', 1615559224.5743895)
2021-03-12 14:27:05.371154 
	alice => [('0:0:0:a', 'ffff:0:0:a', 1615559188.7073371), ('0:0:0:b', 'ffff:0:0:a', 1615559204.555439), ('0:0:0:c', 'ffff:0:0:a', 1615559225.370995)]
	0:0:0:c:ffff:0:0:a => ('alice', 1615559225.370995)
2021-03-12 14:27:05.374156 
	desktop => [('0:0:0:b', 'ffff:0:0:d', 1615559188.7035189), ('0:0:0:a', 'ffff:0:0:d', 1615559075.4873075), ('0:0:0:c', 'ffff:0:0:d', 1615559225.374009)]
	0:0:0:c:ffff:0:0:d => ('desktop', 1615559225.374009)
2021-03-12 14:27:05.380073 
	bob => [('0:0:0:b', 'ffff:0:0:b', 1615559225.3799655)]
	0:0:0:b:ffff:0:0:b => ('bob', 1615559225.3799655)
2021-03-12 14:27:24.594471 
	alice => [('0:0:0:a', 'ffff:0:0:a', 1615559244.594317), ('0:0:0:b', 'ffff:0:0:a', 1615559204.555439), ('0:0:0:c', 'ffff:0:0:a', 1615559225.370995)]
	0:0:0:a:ffff:0:0:a => ('alice', 1615559244.594317)
2021-03-12 14:27:36.453644 
	desktop => [('0:0:0:b', 'ffff:0:0:d', 1615559188.7035189), ('0:0:0:a', 'ffff:0:0:d', 1615559256.4534252), ('0:0:0:c', 'ffff:0:0:d', 1615559225.374009)]
	0:0:0:a:ffff:0:0:d => ('desktop', 1615559256.4534252)
2021-03-12 14:27:36.455085 
	alice => [('0:0:0:a', 'ffff:0:0:a', 1615559256.454952), ('0:0:0:b', 'ffff:0:0:a', 1615559204.555439), ('0:0:0:c', 'ffff:0:0:a', 1615559225.370995)]
	0:0:0:a:ffff:0:0:a => ('alice', 1615559256.454952)
2021-03-12 14:27:36.459735 
	bob => [('0:0:0:b', 'ffff:0:0:b', 1615559256.4596581)]
	0:0:0:b:ffff:0:0:b => ('bob', 1615559256.4596581)
2021-03-12 14:27:44.615904 
	alice => [('0:0:0:a', 'ffff:0:0:a', 1615559256.454952), ('0:0:0:b', 'ffff:0:0:a', 1615559264.6157491), ('0:0:0:c', 'ffff:0:0:a', 1615559225.370995)]
	0:0:0:b:ffff:0:0:a => ('alice', 1615559264.6157491)
2021-03-12 14:28:04.637171 
	alice => [('0:0:0:a', 'ffff:0:0:a', 1615559256.454952), ('0:0:0:b', 'ffff:0:0:a', 1615559264.6157491), ('0:0:0:c', 'ffff:0:0:a', 1615559284.6370156)]
	0:0:0:c:ffff:0:0:a => ('alice', 1615559284.6370156)
2021-03-12 14:28:15.303041 
	desktop => [('0:0:0:b', 'ffff:0:0:d', 1615559295.302875), ('0:0:0:a', 'ffff:0:0:d', 1615559256.4534252), ('0:0:0:c', 'ffff:0:0:d', 1615559225.374009)]
	0:0:0:b:ffff:0:0:d => ('desktop', 1615559295.302875)
2021-03-12 14:28:15.303851 
	bob => [('0:0:0:b', 'ffff:0:0:b', 1615559295.3037302)]
	0:0:0:b:ffff:0:0:b => ('bob', 1615559295.3037302)
2021-03-12 14:28:15.305263 
	alice => [('0:0:0:a', 'ffff:0:0:a', 1615559256.454952), ('0:0:0:b', 'ffff:0:0:a', 1615559264.6157491), ('0:0:0:c', 'ffff:0:0:a', 1615559295.305126)]
	0:0:0:c:ffff:0:0:a => ('alice', 1615559295.305126)
2021-03-12 14:28:24.658538 
	alice => [('0:0:0:a', 'ffff:0:0:a', 1615559304.6583846), ('0:0:0:b', 'ffff:0:0:a', 1615559264.6157491), ('0:0:0:c', 'ffff:0:0:a', 1615559295.305126)]
	0:0:0:a:ffff:0:0:a => ('alice', 1615559304.6583846)
2021-03-12 14:28:44.675891 
	alice => [('0:0:0:a', 'ffff:0:0:a', 1615559304.6583846), ('0:0:0:b', 'ffff:0:0:a', 1615559324.6757355), ('0:0:0:c', 'ffff:0:0:a', 1615559295.305126)]
	0:0:0:b:ffff:0:0:a => ('alice', 1615559324.6757355)
2021-03-12 14:28:46.731031 
	alice => [('0:0:0:a', 'ffff:0:0:a', 1615559304.6583846), ('0:0:0:b', 'ffff:0:0:a', 1615559326.7308757), ('0:0:0:c', 'ffff:0:0:a', 1615559295.305126)]
	0:0:0:b:ffff:0:0:a => ('alice', 1615559326.7308757)
2021-03-12 14:28:46.733457 
	bob => [('0:0:0:b', 'ffff:0:0:b', 1615559326.7333288)]
	0:0:0:b:ffff:0:0:b => ('bob', 1615559326.7333288)
2021-03-12 14:28:46.734196 
	desktop => [('0:0:0:b', 'ffff:0:0:d', 1615559326.7340837), ('0:0:0:a', 'ffff:0:0:d', 1615559256.4534252), ('0:0:0:c', 'ffff:0:0:d', 1615559225.374009)]
	0:0:0:b:ffff:0:0:d => ('desktop', 1615559326.7340837)
2021-03-12 14:29:05.100663 
	alice => [('0:0:0:a', 'ffff:0:0:a', 1615559304.6583846), ('0:0:0:b', 'ffff:0:0:a', 1615559326.7308757), ('0:0:0:c', 'ffff:0:0:a', 1615559345.1005843)]
	0:0:0:c:ffff:0:0:a => ('alice', 1615559345.1005843)
2021-03-12 14:29:21.070809 
	desktop => [('0:0:0:b', 'ffff:0:0:d', 1615559361.0706372), ('0:0:0:a', 'ffff:0:0:d', 1615559256.4534252), ('0:0:0:c', 'ffff:0:0:d', 1615559225.374009)]
	0:0:0:b:ffff:0:0:d => ('desktop', 1615559361.0706372)
2021-03-12 14:29:21.071637 
	bob => [('0:0:0:b', 'ffff:0:0:b', 1615559361.0715158)]
	0:0:0:b:ffff:0:0:b => ('bob', 1615559361.0715158)
2021-03-12 14:29:21.073063 
	alice => [('0:0:0:a', 'ffff:0:0:a', 1615559304.6583846), ('0:0:0:b', 'ffff:0:0:a', 1615559326.7308757), ('0:0:0:c', 'ffff:0:0:a', 1615559361.0729263)]
	0:0:0:c:ffff:0:0:a => ('alice', 1615559361.0729263)
2021-03-12 14:29:25.106265 
	alice => [('0:0:0:a', 'ffff:0:0:a', 1615559365.1061096), ('0:0:0:b', 'ffff:0:0:a', 1615559326.7308757), ('0:0:0:c', 'ffff:0:0:a', 1615559361.0729263)]
	0:0:0:a:ffff:0:0:a => ('alice', 1615559365.1061096)
