2021-03-12 14:21:24.174207 Started
	log = true
	hostname = bob
	wait_time = 30
2021-03-12 14:21:24.177271 
	bob => [('0:0:0:b', 'ffff:0:0:b', 1615558884.177191)]
	0:0:0:b:ffff:0:0:b => ('bob', 1615558884.177191)
2021-03-12 14:21:24.179275 
	desktop => [('0:0:0:b', 'ffff:0:0:d', 1615558884.1792057)]
	0:0:0:b:ffff:0:0:d => ('desktop', 1615558884.1792057)
2021-03-12 14:21:24.182884 
	desktop => [('0:0:0:b', 'ffff:0:0:d', 1615558884.1792057), ('0:0:0:a', 'ffff:0:0:d', 1615558884.182807)]
	0:0:0:a:ffff:0:0:d => ('desktop', 1615558884.182807)
2021-03-12 14:21:24.183951 
	alice => [('0:0:0:a', 'ffff:0:0:a', 1615558884.1838942)]
	0:0:0:a:ffff:0:0:a => ('alice', 1615558884.1838942)
2021-03-12 14:21:24.185197 
	bob => [('0:0:0:b', 'ffff:0:0:b', 1615558884.185129)]
	0:0:0:b:ffff:0:0:b => ('bob', 1615558884.185129)
2021-03-12 14:21:24.187773 
	alice => [('0:0:0:a', 'ffff:0:0:a', 1615558884.1877024)]
	0:0:0:a:ffff:0:0:a => ('alice', 1615558884.1877024)
2021-03-12 14:21:44.756898 
	alice => [('0:0:0:a', 'ffff:0:0:a', 1615558884.1877024), ('0:0:0:b', 'ffff:0:0:a', 1615558904.7567947)]
	0:0:0:b:ffff:0:0:a => ('alice', 1615558904.7567947)
2021-03-12 14:21:44.757477 
	ffff:0:0:a => [('0:0:0:b', 'ffff:0:0:a', 1615558904.7574444)]
2021-03-12 14:22:01.943796 
	alice => [('0:0:0:b', 'ffff:0:0:a', 1615558921.943508)]
	0:0:0:b:ffff:0:0:a => ('alice', 1615558921.943508)
2021-03-12 14:22:01.945335 
	bob => [('0:0:0:b', 'ffff:0:0:b', 1615558921.945212)]
	0:0:0:b:ffff:0:0:b => ('bob', 1615558921.945212)
2021-03-12 14:22:01.946174 
	desktop => [('0:0:0:b', 'ffff:0:0:d', 1615558921.946042), ('0:0:0:a', 'ffff:0:0:d', 1615558884.182807)]
	0:0:0:b:ffff:0:0:d => ('desktop', 1615558921.946042)
2021-03-12 14:22:04.218039 
	ffff:0:0:a => [('0:0:0:c', 'ffff:0:0:a', 1615558924.2179706)]
2021-03-12 14:22:04.219525 
	alice => [('0:0:0:c', 'ffff:0:0:a', 1615558924.2193925)]
	0:0:0:c:ffff:0:0:a => ('alice', 1615558924.2193925)
2021-03-12 14:22:24.236796 
	alice => [('0:0:0:c', 'ffff:0:0:a', 1615558924.2193925), ('0:0:0:a', 'ffff:0:0:a', 1615558944.2366388)]
	0:0:0:a:ffff:0:0:a => ('alice', 1615558944.2366388)
2021-03-12 14:22:24.238762 
	ffff:0:0:a => [('0:0:0:a', 'ffff:0:0:a', 1615558944.238712)]
2021-03-12 14:22:42.718270 
	bob => [('0:0:0:b', 'ffff:0:0:b', 1615558962.7181525)]
	0:0:0:b:ffff:0:0:b => ('bob', 1615558962.7181525)
2021-03-12 14:22:42.720278 
	desktop => [('0:0:0:b', 'ffff:0:0:d', 1615558962.720167), ('0:0:0:a', 'ffff:0:0:d', 1615558884.182807)]
	0:0:0:b:ffff:0:0:d => ('desktop', 1615558962.720167)
2021-03-12 14:22:42.725414 
	alice => [('0:0:0:a', 'ffff:0:0:a', 1615558962.7252867)]
	0:0:0:a:ffff:0:0:a => ('alice', 1615558962.7252867)
2021-03-12 14:22:44.256584 
	alice => [('0:0:0:a', 'ffff:0:0:a', 1615558962.7252867), ('0:0:0:b', 'ffff:0:0:a', 1615558964.256429)]
	0:0:0:b:ffff:0:0:a => ('alice', 1615558964.256429)
2021-03-12 14:22:44.259875 
	ffff:0:0:a => [('0:0:0:b', 'ffff:0:0:a', 1615558964.259826)]
2021-03-12 14:23:04.278979 
	ffff:0:0:a => [('0:0:0:c', 'ffff:0:0:a', 1615558984.2789109)]
2021-03-12 14:23:04.280510 
	alice => [('0:0:0:c', 'ffff:0:0:a', 1615558984.2803771)]
	0:0:0:c:ffff:0:0:a => ('alice', 1615558984.2803771)
2021-03-12 14:23:16.381729 
	desktop => [('0:0:0:b', 'ffff:0:0:d', 1615558996.381571), ('0:0:0:a', 'ffff:0:0:d', 1615558884.182807)]
	0:0:0:b:ffff:0:0:d => ('desktop', 1615558996.381571)
2021-03-12 14:23:16.383212 
	bob => [('0:0:0:b', 'ffff:0:0:b', 1615558996.383092)]
	0:0:0:b:ffff:0:0:b => ('bob', 1615558996.383092)
2021-03-12 14:23:16.386998 
	alice => [('0:0:0:c', 'ffff:0:0:a', 1615558996.386875)]
	0:0:0:c:ffff:0:0:a => ('alice', 1615558996.386875)
2021-03-12 14:23:24.300974 
	alice => [('0:0:0:c', 'ffff:0:0:a', 1615558996.386875), ('0:0:0:a', 'ffff:0:0:a', 1615559004.300817)]
	0:0:0:a:ffff:0:0:a => ('alice', 1615559004.300817)
2021-03-12 14:23:24.302969 
	ffff:0:0:a => [('0:0:0:a', 'ffff:0:0:a', 1615559004.3029191)]
2021-03-12 14:23:44.320222 
	alice => [('0:0:0:a', 'ffff:0:0:a', 1615559004.3029191), ('0:0:0:b', 'ffff:0:0:a', 1615559024.3200874)]
	0:0:0:b:ffff:0:0:a => ('alice', 1615559024.3200874)
2021-03-12 14:23:44.323638 
	ffff:0:0:a => [('0:0:0:b', 'ffff:0:0:a', 1615559024.3235874)]
2021-03-12 14:23:47.891462 
	alice => [('0:0:0:b', 'ffff:0:0:a', 1615559027.8913116)]
	0:0:0:b:ffff:0:0:a => ('alice', 1615559027.8913116)
2021-03-12 14:23:47.892894 
	bob => [('0:0:0:b', 'ffff:0:0:b', 1615559027.8927734)]
	0:0:0:b:ffff:0:0:b => ('bob', 1615559027.8927734)
2021-03-12 14:23:47.893790 
	desktop => [('0:0:0:b', 'ffff:0:0:d', 1615559027.893656), ('0:0:0:a', 'ffff:0:0:d', 1615558884.182807)]
	0:0:0:b:ffff:0:0:d => ('desktop', 1615559027.893656)
2021-03-12 14:24:04.337630 
	ffff:0:0:a => [('0:0:0:c', 'ffff:0:0:a', 1615559044.3375623)]
2021-03-12 14:24:04.339125 
	alice => [('0:0:0:c', 'ffff:0:0:a', 1615559044.338993)]
	0:0:0:c:ffff:0:0:a => ('alice', 1615559044.338993)
2021-03-12 14:24:24.358079 
	alice => [('0:0:0:c', 'ffff:0:0:a', 1615559044.338993), ('0:0:0:a', 'ffff:0:0:a', 1615559064.3579476)]
	0:0:0:a:ffff:0:0:a => ('alice', 1615559064.3579476)
2021-03-12 14:24:24.359698 
	ffff:0:0:a => [('0:0:0:a', 'ffff:0:0:a', 1615559064.3596578)]
2021-03-12 14:24:35.422739 
	desktop => [('0:0:0:b', 'ffff:0:0:d', 1615559075.422581), ('0:0:0:a', 'ffff:0:0:d', 1615558884.182807)]
	0:0:0:b:ffff:0:0:d => ('desktop', 1615559075.422581)
2021-03-12 14:24:35.424221 
	bob => [('0:0:0:b', 'ffff:0:0:b', 1615559075.424101)]
	0:0:0:b:ffff:0:0:b => ('bob', 1615559075.424101)
2021-03-12 14:24:35.425436 
	alice => [('0:0:0:a', 'ffff:0:0:a', 1615559075.4253056)]
	0:0:0:a:ffff:0:0:a => ('alice', 1615559075.4253056)
2021-03-12 14:24:44.377819 
	alice => [('0:0:0:a', 'ffff:0:0:a', 1615559075.4253056), ('0:0:0:b', 'ffff:0:0:a', 1615559084.3776615)]
	0:0:0:b:ffff:0:0:a => ('alice', 1615559084.3776615)
2021-03-12 14:24:44.381202 
	ffff:0:0:a => [('0:0:0:b', 'ffff:0:0:a', 1615559084.3811498)]
2021-03-12 14:25:04.400747 
	ffff:0:0:a => [('0:0:0:c', 'ffff:0:0:a', 1615559104.4006803)]
2021-03-12 14:25:04.402465 
	alice => [('0:0:0:c', 'ffff:0:0:a', 1615559104.4023266)]
	0:0:0:c:ffff:0:0:a => ('alice', 1615559104.4023266)
2021-03-12 14:25:18.285223 
	desktop => [('0:0:0:b', 'ffff:0:0:d', 1615559118.2850657), ('0:0:0:a', 'ffff:0:0:d', 1615558884.182807)]
	0:0:0:b:ffff:0:0:d => ('desktop', 1615559118.2850657)
2021-03-12 14:25:18.286675 
	bob => [('0:0:0:b', 'ffff:0:0:b', 1615559118.2865543)]
	0:0:0:b:ffff:0:0:b => ('bob', 1615559118.2865543)
2021-03-12 14:25:18.290508 
	alice => [('0:0:0:c', 'ffff:0:0:a', 1615559118.2903807)]
	0:0:0:c:ffff:0:0:a => ('alice', 1615559118.2903807)
2021-03-12 14:25:25.376820 
	alice => [('0:0:0:c', 'ffff:0:0:a', 1615559118.2903807), ('0:0:0:a', 'ffff:0:0:a', 1615559125.3767166)]
	0:0:0:a:ffff:0:0:a => ('alice', 1615559125.3767166)
2021-03-12 14:25:25.377359 
	ffff:0:0:a => [('0:0:0:a', 'ffff:0:0:a', 1615559125.3773282)]
2021-03-12 14:25:44.440096 
	alice => [('0:0:0:a', 'ffff:0:0:a', 1615559125.3773282), ('0:0:0:b', 'ffff:0:0:a', 1615559144.439938)]
	0:0:0:b:ffff:0:0:a => ('alice', 1615559144.439938)
2021-03-12 14:25:44.443779 
	ffff:0:0:a => [('0:0:0:b', 'ffff:0:0:a', 1615559144.4437265)]
2021-03-12 14:25:53.023029 
	desktop => [('0:0:0:b', 'ffff:0:0:d', 1615559153.02287), ('0:0:0:a', 'ffff:0:0:d', 1615558884.182807)]
	0:0:0:b:ffff:0:0:d => ('desktop', 1615559153.02287)
2021-03-12 14:25:53.024799 
	alice => [('0:0:0:b', 'ffff:0:0:a', 1615559153.0246677)]
	0:0:0:b:ffff:0:0:a => ('alice', 1615559153.0246677)
2021-03-12 14:25:53.026111 
	bob => [('0:0:0:b', 'ffff:0:0:b', 1615559153.0259955)]
	0:0:0:b:ffff:0:0:b => ('bob', 1615559153.0259955)
2021-03-12 14:26:04.453522 
	ffff:0:0:a => [('0:0:0:c', 'ffff:0:0:a', 1615559164.4534545)]
2021-03-12 14:26:04.455047 
	alice => [('0:0:0:c', 'ffff:0:0:a', 1615559164.4549117)]
	0:0:0:c:ffff:0:0:a => ('alice', 1615559164.4549117)
2021-03-12 14:26:24.474292 
	alice => [('0:0:0:c', 'ffff:0:0:a', 1615559164.4549117), ('0:0:0:a', 'ffff:0:0:a', 1615559184.4741306)]
	0:0:0:a:ffff:0:0:a => ('alice', 1615559184.4741306)
2021-03-12 14:26:24.477361 
	ffff:0:0:a => [('0:0:0:a', 'ffff:0:0:a', 1615559184.4773111)]
2021-03-12 14:26:28.633745 
	bob => [('0:0:0:b', 'ffff:0:0:b', 1615559188.6336024)]
	0:0:0:b:ffff:0:0:b => ('bob', 1615559188.6336024)
2021-03-12 14:26:28.636115 
	desktop => [('0:0:0:b', 'ffff:0:0:d', 1615559188.6359787), ('0:0:0:a', 'ffff:0:0:d', 1615558884.182807)]
	0:0:0:b:ffff:0:0:d => ('desktop', 1615559188.6359787)
2021-03-12 14:26:28.642266 
	alice => [('0:0:0:a', 'ffff:0:0:a', 1615559188.6421404)]
	0:0:0:a:ffff:0:0:a => ('alice', 1615559188.6421404)
2021-03-12 14:26:44.487320 
	alice => [('0:0:0:a', 'ffff:0:0:a', 1615559188.6421404), ('0:0:0:b', 'ffff:0:0:a', 1615559204.4871614)]
	0:0:0:b:ffff:0:0:a => ('alice', 1615559204.4871614)
2021-03-12 14:26:44.490544 
	ffff:0:0:a => [('0:0:0:b', 'ffff:0:0:a', 1615559204.4904935)]
2021-03-12 14:27:04.507177 
	ffff:0:0:a => [('0:0:0:c', 'ffff:0:0:a', 1615559224.5071099)]
2021-03-12 14:27:04.509966 
	alice => [('0:0:0:c', 'ffff:0:0:a', 1615559224.5098238)]
	0:0:0:c:ffff:0:0:a => ('alice', 1615559224.5098238)
2021-03-12 14:27:05.304864 
	desktop => [('0:0:0:b', 'ffff:0:0:d', 1615559188.6359787), ('0:0:0:a', 'ffff:0:0:d', 1615558884.182807), ('0:0:0:c', 'ffff:0:0:d', 1615559225.3047004)]
	0:0:0:c:ffff:0:0:d => ('desktop', 1615559225.3047004)
2021-03-12 14:27:05.306228 
	alice => [('0:0:0:c', 'ffff:0:0:a', 1615559225.306103)]
	0:0:0:c:ffff:0:0:a => ('alice', 1615559225.306103)
2021-03-12 14:27:05.308465 
	bob => [('0:0:0:b', 'ffff:0:0:b', 1615559225.308342)]
	0:0:0:b:ffff:0:0:b => ('bob', 1615559225.308342)
2021-03-12 14:27:24.526427 
	alice => [('0:0:0:c', 'ffff:0:0:a', 1615559225.306103), ('0:0:0:a', 'ffff:0:0:a', 1615559244.526272)]
	0:0:0:a:ffff:0:0:a => ('alice', 1615559244.526272)
2021-03-12 14:27:24.528609 
	ffff:0:0:a => [('0:0:0:a', 'ffff:0:0:a', 1615559244.5285594)]
2021-03-12 14:27:36.385859 
	desktop => [('0:0:0:b', 'ffff:0:0:d', 1615559256.3856926), ('0:0:0:a', 'ffff:0:0:d', 1615558884.182807), ('0:0:0:c', 'ffff:0:0:d', 1615559225.3047004)]
	0:0:0:b:ffff:0:0:d => ('desktop', 1615559256.3856926)
2021-03-12 14:27:36.387306 
	bob => [('0:0:0:b', 'ffff:0:0:b', 1615559256.3871858)]
	0:0:0:b:ffff:0:0:b => ('bob', 1615559256.3871858)
2021-03-12 14:27:36.388472 
	alice => [('0:0:0:a', 'ffff:0:0:a', 1615559256.38835)]
	0:0:0:a:ffff:0:0:a => ('alice', 1615559256.38835)
2021-03-12 14:27:44.546468 
	alice => [('0:0:0:a', 'ffff:0:0:a', 1615559256.38835), ('0:0:0:b', 'ffff:0:0:a', 1615559264.5463102)]
	0:0:0:b:ffff:0:0:a => ('alice', 1615559264.5463102)
2021-03-12 14:27:44.549920 
	ffff:0:0:a => [('0:0:0:b', 'ffff:0:0:a', 1615559264.5498707)]
2021-03-12 14:28:04.568788 
	ffff:0:0:a => [('0:0:0:c', 'ffff:0:0:a', 1615559284.568723)]
2021-03-12 14:28:04.570349 
	alice => [('0:0:0:c', 'ffff:0:0:a', 1615559284.570214)]
	0:0:0:c:ffff:0:0:a => ('alice', 1615559284.570214)
2021-03-12 14:28:15.230427 
	bob => [('0:0:0:b', 'ffff:0:0:b', 1615559295.2302902)]
	0:0:0:b:ffff:0:0:b => ('bob', 1615559295.2302902)
2021-03-12 14:28:15.232570 
	desktop => [('0:0:0:b', 'ffff:0:0:d', 1615559295.2324517), ('0:0:0:a', 'ffff:0:0:d', 1615558884.182807), ('0:0:0:c', 'ffff:0:0:d', 1615559225.3047004)]
	0:0:0:b:ffff:0:0:d => ('desktop', 1615559295.2324517)
2021-03-12 14:28:15.237873 
	alice => [('0:0:0:c', 'ffff:0:0:a', 1615559295.2377703)]
	0:0:0:c:ffff:0:0:a => ('alice', 1615559295.2377703)
2021-03-12 14:28:24.590568 
	alice => [('0:0:0:c', 'ffff:0:0:a', 1615559295.2377703), ('0:0:0:a', 'ffff:0:0:a', 1615559304.59041)]
	0:0:0:a:ffff:0:0:a => ('alice', 1615559304.59041)
2021-03-12 14:28:24.592326 
	ffff:0:0:a => [('0:0:0:a', 'ffff:0:0:a', 1615559304.5922713)]
2021-03-12 14:28:44.605463 
	alice => [('0:0:0:a', 'ffff:0:0:a', 1615559304.5922713), ('0:0:0:b', 'ffff:0:0:a', 1615559324.6053028)]
	0:0:0:b:ffff:0:0:a => ('alice', 1615559324.6053028)
2021-03-12 14:28:44.608757 
	ffff:0:0:a => [('0:0:0:b', 'ffff:0:0:a', 1615559324.6087086)]
2021-03-12 14:28:46.660864 
	alice => [('0:0:0:b', 'ffff:0:0:a', 1615559326.6607158)]
	0:0:0:b:ffff:0:0:a => ('alice', 1615559326.6607158)
2021-03-12 14:28:46.662449 
	bob => [('0:0:0:b', 'ffff:0:0:b', 1615559326.66233)]
	0:0:0:b:ffff:0:0:b => ('bob', 1615559326.66233)
2021-03-12 14:28:46.663332 
	desktop => [('0:0:0:b', 'ffff:0:0:d', 1615559326.6631901), ('0:0:0:a', 'ffff:0:0:d', 1615558884.182807), ('0:0:0:c', 'ffff:0:0:d', 1615559225.3047004)]
	0:0:0:b:ffff:0:0:d => ('desktop', 1615559326.6631901)
2021-03-12 14:29:05.017450 
	alice => [('0:0:0:b', 'ffff:0:0:a', 1615559326.6607158), ('0:0:0:c', 'ffff:0:0:a', 1615559345.0172913)]
	0:0:0:c:ffff:0:0:a => ('alice', 1615559345.0172913)
2021-03-12 14:29:05.018258 
	ffff:0:0:a => [('0:0:0:c', 'ffff:0:0:a', 1615559345.0182097)]
2021-03-12 14:29:20.996835 
	bob => [('0:0:0:b', 'ffff:0:0:b', 1615559360.996697)]
	0:0:0:b:ffff:0:0:b => ('bob', 1615559360.996697)
2021-03-12 14:29:20.999189 
	desktop => [('0:0:0:b', 'ffff:0:0:d', 1615559360.999041), ('0:0:0:a', 'ffff:0:0:d', 1615558884.182807), ('0:0:0:c', 'ffff:0:0:d', 1615559225.3047004)]
	0:0:0:b:ffff:0:0:d => ('desktop', 1615559360.999041)
2021-03-12 14:29:21.005855 
	alice => [('0:0:0:c', 'ffff:0:0:a', 1615559361.0057254)]
	0:0:0:c:ffff:0:0:a => ('alice', 1615559361.0057254)
2021-03-12 14:29:25.036711 
	alice => [('0:0:0:c', 'ffff:0:0:a', 1615559361.0057254), ('0:0:0:a', 'ffff:0:0:a', 1615559365.0365527)]
	0:0:0:a:ffff:0:0:a => ('alice', 1615559365.0365527)
2021-03-12 14:29:25.038521 
	ffff:0:0:a => [('0:0:0:a', 'ffff:0:0:a', 1615559365.0384712)]
