2021-03-12 14:21:24.195131 Started
	log = true
	hostname = desktop
	wait_time = 30
2021-03-12 14:21:24.197984 
	desktop => [('0:0:0:a', 'ffff:0:0:d', 1615558884.1979053)]
	0:0:0:a:ffff:0:0:d => ('desktop', 1615558884.1979053)
2021-03-12 14:21:24.199226 
	desktop => [('0:0:0:a', 'ffff:0:0:d', 1615558884.1979053), ('0:0:0:b', 'ffff:0:0:d', 1615558884.1991582)]
	0:0:0:b:ffff:0:0:d => ('desktop', 1615558884.1991582)
2021-03-12 14:21:24.199881 
	desktop => [('0:0:0:a', 'ffff:0:0:d', 1615558884.1979053), ('0:0:0:b', 'ffff:0:0:d', 1615558884.1991582), ('0:0:0:c', 'ffff:0:0:d', 1615558884.1998162)]
	0:0:0:c:ffff:0:0:d => ('desktop', 1615558884.1998162)
2021-03-12 14:21:24.262733 
	bob => [('0:0:0:b', 'ffff:0:0:b', 1615558884.2626033)]
	0:0:0:b:ffff:0:0:b => ('bob', 1615558884.2626033)
2021-03-12 14:21:24.266418 
	alice => [('0:0:0:a', 'ffff:0:0:a', 1615558884.266286)]
	0:0:0:a:ffff:0:0:a => ('alice', 1615558884.266286)
2021-03-12 14:21:24.269944 
	desktop => [('0:0:0:a', 'ffff:0:0:d', 1615558884.1979053), ('0:0:0:b', 'ffff:0:0:d', 1615558884.2697978), ('0:0:0:c', 'ffff:0:0:d', 1615558884.1998162)]
	0:0:0:b:ffff:0:0:d => ('desktop', 1615558884.2697978)
2021-03-12 14:21:24.270599 
	desktop => [('0:0:0:a', 'ffff:0:0:d', 1615558884.1979053), ('0:0:0:b', 'ffff:0:0:d', 1615558884.2705142), ('0:0:0:c', 'ffff:0:0:d', 1615558884.1998162)]
	0:0:0:b:ffff:0:0:d => ('desktop', 1615558884.2705142)
2021-03-12 14:21:24.271042 
	desktop => [('0:0:0:a', 'ffff:0:0:d', 1615558884.1979053), ('0:0:0:b', 'ffff:0:0:d', 1615558884.2709634), ('0:0:0:c', 'ffff:0:0:d', 1615558884.1998162)]
	0:0:0:b:ffff:0:0:d => ('desktop', 1615558884.2709634)
2021-03-12 14:21:24.271461 
	bob => [('0:0:0:b', 'ffff:0:0:b', 1615558884.2713907)]
	0:0:0:b:ffff:0:0:b => ('bob', 1615558884.2713907)
2021-03-12 14:21:24.271908 
	bob => [('0:0:0:b', 'ffff:0:0:b', 1615558884.2718394)]
	0:0:0:b:ffff:0:0:b => ('bob', 1615558884.2718394)
2021-03-12 14:21:24.272440 
	alice => [('0:0:0:a', 'ffff:0:0:a', 1615558884.2723598)]
	0:0:0:a:ffff:0:0:a => ('alice', 1615558884.2723598)
2021-03-12 14:21:24.273441 
	desktop => [('0:0:0:a', 'ffff:0:0:d', 1615558884.2733552), ('0:0:0:b', 'ffff:0:0:d', 1615558884.2709634), ('0:0:0:c', 'ffff:0:0:d', 1615558884.1998162)]
	0:0:0:a:ffff:0:0:d => ('desktop', 1615558884.2733552)
2021-03-12 14:21:24.273865 
	desktop => [('0:0:0:a', 'ffff:0:0:d', 1615558884.2737887), ('0:0:0:b', 'ffff:0:0:d', 1615558884.2709634), ('0:0:0:c', 'ffff:0:0:d', 1615558884.1998162)]
	0:0:0:a:ffff:0:0:d => ('desktop', 1615558884.2737887)
2021-03-12 14:21:24.274957 
	desktop => [('0:0:0:a', 'ffff:0:0:d', 1615558884.274873), ('0:0:0:b', 'ffff:0:0:d', 1615558884.2709634), ('0:0:0:c', 'ffff:0:0:d', 1615558884.1998162)]
	0:0:0:a:ffff:0:0:d => ('desktop', 1615558884.274873)
2021-03-12 14:21:24.276009 
	alice => [('0:0:0:a', 'ffff:0:0:a', 1615558884.2759368)]
	0:0:0:a:ffff:0:0:a => ('alice', 1615558884.2759368)
2021-03-12 14:21:24.276506 
	alice => [('0:0:0:a', 'ffff:0:0:a', 1615558884.2764347)]
	0:0:0:a:ffff:0:0:a => ('alice', 1615558884.2764347)
2021-03-12 14:21:24.277010 
	bob => [('0:0:0:b', 'ffff:0:0:b', 1615558884.276935)]
	0:0:0:b:ffff:0:0:b => ('bob', 1615558884.276935)
2021-03-12 14:21:24.279209 
	alice => [('0:0:0:a', 'ffff:0:0:a', 1615558884.279135)]
	0:0:0:a:ffff:0:0:a => ('alice', 1615558884.279135)
2021-03-12 14:21:24.279614 
	alice => [('0:0:0:a', 'ffff:0:0:a', 1615558884.279549)]
	0:0:0:a:ffff:0:0:a => ('alice', 1615558884.279549)
2021-03-12 14:21:24.280828 
	bob => [('0:0:0:b', 'ffff:0:0:b', 1615558884.2807505)]
	0:0:0:b:ffff:0:0:b => ('bob', 1615558884.2807505)
2021-03-12 14:21:24.281239 
	bob => [('0:0:0:b', 'ffff:0:0:b', 1615558884.2811723)]
	0:0:0:b:ffff:0:0:b => ('bob', 1615558884.2811723)
2021-03-12 14:21:44.282171 
	alice => [('0:0:0:a', 'ffff:0:0:a', 1615558884.279549), ('0:0:0:b', 'ffff:0:0:a', 1615558904.282009)]
	0:0:0:b:ffff:0:0:a => ('alice', 1615558904.282009)
2021-03-12 14:21:44.284498 
	alice => [('0:0:0:a', 'ffff:0:0:a', 1615558884.279549), ('0:0:0:b', 'ffff:0:0:a', 1615558904.284383)]
	0:0:0:b:ffff:0:0:a => ('alice', 1615558904.284383)
2021-03-12 14:21:44.285067 
	alice => [('0:0:0:a', 'ffff:0:0:a', 1615558884.279549), ('0:0:0:b', 'ffff:0:0:a', 1615558904.2849722)]
	0:0:0:b:ffff:0:0:a => ('alice', 1615558904.2849722)
2021-03-12 14:22:02.029914 
	alice => [('0:0:0:a', 'ffff:0:0:a', 1615558884.279549), ('0:0:0:b', 'ffff:0:0:a', 1615558922.0297456)]
	0:0:0:b:ffff:0:0:a => ('alice', 1615558922.0297456)
2021-03-12 14:22:02.116215 
	desktop => [('0:0:0:a', 'ffff:0:0:d', 1615558884.274873), ('0:0:0:b', 'ffff:0:0:d', 1615558922.116061), ('0:0:0:c', 'ffff:0:0:d', 1615558884.1998162)]
	0:0:0:b:ffff:0:0:d => ('desktop', 1615558922.116061)
2021-03-12 14:22:02.117144 
	bob => [('0:0:0:b', 'ffff:0:0:b', 1615558922.1170177)]
	0:0:0:b:ffff:0:0:b => ('bob', 1615558922.1170177)
2021-03-12 14:22:02.118679 
	desktop => [('0:0:0:a', 'ffff:0:0:d', 1615558884.274873), ('0:0:0:b', 'ffff:0:0:d', 1615558922.1185482), ('0:0:0:c', 'ffff:0:0:d', 1615558884.1998162)]
	0:0:0:b:ffff:0:0:d => ('desktop', 1615558922.1185482)
2021-03-12 14:22:02.120481 
	desktop => [('0:0:0:a', 'ffff:0:0:d', 1615558884.274873), ('0:0:0:b', 'ffff:0:0:d', 1615558922.120338), ('0:0:0:c', 'ffff:0:0:d', 1615558884.1998162)]
	0:0:0:b:ffff:0:0:d => ('desktop', 1615558922.120338)
2021-03-12 14:22:02.121018 
	alice => [('0:0:0:a', 'ffff:0:0:a', 1615558884.279549), ('0:0:0:b', 'ffff:0:0:a', 1615558922.120944)]
	0:0:0:b:ffff:0:0:a => ('alice', 1615558922.120944)
2021-03-12 14:22:02.121428 
	alice => [('0:0:0:a', 'ffff:0:0:a', 1615558884.279549), ('0:0:0:b', 'ffff:0:0:a', 1615558922.121358)]
	0:0:0:b:ffff:0:0:a => ('alice', 1615558922.121358)
2021-03-12 14:22:02.121863 
	bob => [('0:0:0:b', 'ffff:0:0:b', 1615558922.1217966)]
	0:0:0:b:ffff:0:0:b => ('bob', 1615558922.1217966)
2021-03-12 14:22:02.122261 
	bob => [('0:0:0:b', 'ffff:0:0:b', 1615558922.1221972)]
	0:0:0:b:ffff:0:0:b => ('bob', 1615558922.1221972)
2021-03-12 14:22:04.302995 
	alice => [('0:0:0:a', 'ffff:0:0:a', 1615558884.279549), ('0:0:0:b', 'ffff:0:0:a', 1615558922.121358), ('0:0:0:c', 'ffff:0:0:a', 1615558924.302822)]
	0:0:0:c:ffff:0:0:a => ('alice', 1615558924.302822)
2021-03-12 14:22:04.305249 
	alice => [('0:0:0:a', 'ffff:0:0:a', 1615558884.279549), ('0:0:0:b', 'ffff:0:0:a', 1615558922.121358), ('0:0:0:c', 'ffff:0:0:a', 1615558924.3051033)]
	0:0:0:c:ffff:0:0:a => ('alice', 1615558924.3051033)
2021-03-12 14:22:04.305945 
	alice => [('0:0:0:a', 'ffff:0:0:a', 1615558884.279549), ('0:0:0:b', 'ffff:0:0:a', 1615558922.121358), ('0:0:0:c', 'ffff:0:0:a', 1615558924.3058174)]
	0:0:0:c:ffff:0:0:a => ('alice', 1615558924.3058174)
2021-03-12 14:22:24.318941 
	alice => [('0:0:0:a', 'ffff:0:0:a', 1615558944.3187985), ('0:0:0:b', 'ffff:0:0:a', 1615558922.121358), ('0:0:0:c', 'ffff:0:0:a', 1615558924.3058174)]
	0:0:0:a:ffff:0:0:a => ('alice', 1615558944.3187985)
2021-03-12 14:22:24.320421 
	alice => [('0:0:0:a', 'ffff:0:0:a', 1615558944.3202055), ('0:0:0:b', 'ffff:0:0:a', 1615558922.121358), ('0:0:0:c', 'ffff:0:0:a', 1615558924.3058174)]
	0:0:0:a:ffff:0:0:a => ('alice', 1615558944.3202055)
2021-03-12 14:22:24.322183 
	alice => [('0:0:0:a', 'ffff:0:0:a', 1615558944.3220503), ('0:0:0:b', 'ffff:0:0:a', 1615558922.121358), ('0:0:0:c', 'ffff:0:0:a', 1615558924.3058174)]
	0:0:0:a:ffff:0:0:a => ('alice', 1615558944.3220503)
2021-03-12 14:22:42.799378 
	bob => [('0:0:0:b', 'ffff:0:0:b', 1615558962.7992487)]
	0:0:0:b:ffff:0:0:b => ('bob', 1615558962.7992487)
2021-03-12 14:22:42.802128 
	desktop => [('0:0:0:a', 'ffff:0:0:d', 1615558884.274873), ('0:0:0:b', 'ffff:0:0:d', 1615558962.8020105), ('0:0:0:c', 'ffff:0:0:d', 1615558884.1998162)]
	0:0:0:b:ffff:0:0:d => ('desktop', 1615558962.8020105)
2021-03-12 14:22:42.802687 
	desktop => [('0:0:0:a', 'ffff:0:0:d', 1615558884.274873), ('0:0:0:b', 'ffff:0:0:d', 1615558962.8025851), ('0:0:0:c', 'ffff:0:0:d', 1615558884.1998162)]
	0:0:0:b:ffff:0:0:d => ('desktop', 1615558962.8025851)
2021-03-12 14:22:42.803231 
	desktop => [('0:0:0:a', 'ffff:0:0:d', 1615558884.274873), ('0:0:0:b', 'ffff:0:0:d', 1615558962.8031309), ('0:0:0:c', 'ffff:0:0:d', 1615558884.1998162)]
	0:0:0:b:ffff:0:0:d => ('desktop', 1615558962.8031309)
2021-03-12 14:22:42.803759 
	bob => [('0:0:0:b', 'ffff:0:0:b', 1615558962.8036728)]
	0:0:0:b:ffff:0:0:b => ('bob', 1615558962.8036728)
2021-03-12 14:22:42.804381 
	bob => [('0:0:0:b', 'ffff:0:0:b', 1615558962.8042424)]
	0:0:0:b:ffff:0:0:b => ('bob', 1615558962.8042424)
2021-03-12 14:22:42.805039 
	alice => [('0:0:0:a', 'ffff:0:0:a', 1615558962.8049283), ('0:0:0:b', 'ffff:0:0:a', 1615558922.121358), ('0:0:0:c', 'ffff:0:0:a', 1615558924.3058174)]
	0:0:0:a:ffff:0:0:a => ('alice', 1615558962.8049283)
2021-03-12 14:22:42.806294 
	alice => [('0:0:0:a', 'ffff:0:0:a', 1615558962.80619), ('0:0:0:b', 'ffff:0:0:a', 1615558922.121358), ('0:0:0:c', 'ffff:0:0:a', 1615558924.3058174)]
	0:0:0:a:ffff:0:0:a => ('alice', 1615558962.80619)
2021-03-12 14:22:42.806833 
	alice => [('0:0:0:a', 'ffff:0:0:a', 1615558962.8067367), ('0:0:0:b', 'ffff:0:0:a', 1615558922.121358), ('0:0:0:c', 'ffff:0:0:a', 1615558924.3058174)]
	0:0:0:a:ffff:0:0:a => ('alice', 1615558962.8067367)
2021-03-12 14:22:44.337316 
	alice => [('0:0:0:a', 'ffff:0:0:a', 1615558962.8067367), ('0:0:0:b', 'ffff:0:0:a', 1615558964.3371425), ('0:0:0:c', 'ffff:0:0:a', 1615558924.3058174)]
	0:0:0:b:ffff:0:0:a => ('alice', 1615558964.3371425)
2021-03-12 14:22:44.338883 
	alice => [('0:0:0:a', 'ffff:0:0:a', 1615558962.8067367), ('0:0:0:b', 'ffff:0:0:a', 1615558964.338745), ('0:0:0:c', 'ffff:0:0:a', 1615558924.3058174)]
	0:0:0:b:ffff:0:0:a => ('alice', 1615558964.338745)
2021-03-12 14:22:44.340651 
	alice => [('0:0:0:a', 'ffff:0:0:a', 1615558962.8067367), ('0:0:0:b', 'ffff:0:0:a', 1615558964.3405128), ('0:0:0:c', 'ffff:0:0:a', 1615558924.3058174)]
	0:0:0:b:ffff:0:0:a => ('alice', 1615558964.3405128)
2021-03-12 14:23:04.355744 
	alice => [('0:0:0:a', 'ffff:0:0:a', 1615558962.8067367), ('0:0:0:b', 'ffff:0:0:a', 1615558964.3405128), ('0:0:0:c', 'ffff:0:0:a', 1615558984.355569)]
	0:0:0:c:ffff:0:0:a => ('alice', 1615558984.355569)
2021-03-12 14:23:04.357481 
	alice => [('0:0:0:a', 'ffff:0:0:a', 1615558962.8067367), ('0:0:0:b', 'ffff:0:0:a', 1615558964.3405128), ('0:0:0:c', 'ffff:0:0:a', 1615558984.357339)]
	0:0:0:c:ffff:0:0:a => ('alice', 1615558984.357339)
2021-03-12 14:23:04.358648 
	alice => [('0:0:0:a', 'ffff:0:0:a', 1615558962.8067367), ('0:0:0:b', 'ffff:0:0:a', 1615558964.3405128), ('0:0:0:c', 'ffff:0:0:a', 1615558984.3585184)]
	0:0:0:c:ffff:0:0:a => ('alice', 1615558984.3585184)
2021-03-12 14:23:16.457061 
	desktop => [('0:0:0:a', 'ffff:0:0:d', 1615558996.456922), ('0:0:0:b', 'ffff:0:0:d', 1615558962.8031309), ('0:0:0:c', 'ffff:0:0:d', 1615558884.1998162)]
	0:0:0:a:ffff:0:0:d => ('desktop', 1615558996.456922)
2021-03-12 14:23:16.458380 
	desktop => [('0:0:0:a', 'ffff:0:0:d', 1615558996.456922), ('0:0:0:b', 'ffff:0:0:d', 1615558996.4582376), ('0:0:0:c', 'ffff:0:0:d', 1615558884.1998162)]
	0:0:0:b:ffff:0:0:d => ('desktop', 1615558996.4582376)
2021-03-12 14:23:16.459522 
	desktop => [('0:0:0:a', 'ffff:0:0:d', 1615558996.456922), ('0:0:0:b', 'ffff:0:0:d', 1615558996.4582376), ('0:0:0:c', 'ffff:0:0:d', 1615558996.459382)]
	0:0:0:c:ffff:0:0:d => ('desktop', 1615558996.459382)
2021-03-12 14:23:16.460391 
	bob => [('0:0:0:b', 'ffff:0:0:b', 1615558996.4602005)]
	0:0:0:b:ffff:0:0:b => ('bob', 1615558996.4602005)
2021-03-12 14:23:16.462105 
	alice => [('0:0:0:a', 'ffff:0:0:a', 1615558962.8067367), ('0:0:0:b', 'ffff:0:0:a', 1615558964.3405128), ('0:0:0:c', 'ffff:0:0:a', 1615558996.4619577)]
	0:0:0:c:ffff:0:0:a => ('alice', 1615558996.4619577)
2021-03-12 14:23:16.463562 
	bob => [('0:0:0:b', 'ffff:0:0:b', 1615558996.4634497)]
	0:0:0:b:ffff:0:0:b => ('bob', 1615558996.4634497)
2021-03-12 14:23:16.464232 
	bob => [('0:0:0:b', 'ffff:0:0:b', 1615558996.4641252)]
	0:0:0:b:ffff:0:0:b => ('bob', 1615558996.4641252)
2021-03-12 14:23:16.465032 
	alice => [('0:0:0:a', 'ffff:0:0:a', 1615558962.8067367), ('0:0:0:b', 'ffff:0:0:a', 1615558964.3405128), ('0:0:0:c', 'ffff:0:0:a', 1615558996.4649057)]
	0:0:0:c:ffff:0:0:a => ('alice', 1615558996.4649057)
2021-03-12 14:23:16.465712 
	alice => [('0:0:0:a', 'ffff:0:0:a', 1615558962.8067367), ('0:0:0:b', 'ffff:0:0:a', 1615558964.3405128), ('0:0:0:c', 'ffff:0:0:a', 1615558996.4655893)]
	0:0:0:c:ffff:0:0:a => ('alice', 1615558996.4655893)
2021-03-12 14:23:24.375488 
	alice => [('0:0:0:a', 'ffff:0:0:a', 1615559004.3753147), ('0:0:0:b', 'ffff:0:0:a', 1615558964.3405128), ('0:0:0:c', 'ffff:0:0:a', 1615558996.4655893)]
	0:0:0:a:ffff:0:0:a => ('alice', 1615559004.3753147)
2021-03-12 14:23:24.377107 
	alice => [('0:0:0:a', 'ffff:0:0:a', 1615559004.376971), ('0:0:0:b', 'ffff:0:0:a', 1615558964.3405128), ('0:0:0:c', 'ffff:0:0:a', 1615558996.4655893)]
	0:0:0:a:ffff:0:0:a => ('alice', 1615559004.376971)
2021-03-12 14:23:24.378799 
	alice => [('0:0:0:a', 'ffff:0:0:a', 1615559004.378666), ('0:0:0:b', 'ffff:0:0:a', 1615558964.3405128), ('0:0:0:c', 'ffff:0:0:a', 1615558996.4655893)]
	0:0:0:a:ffff:0:0:a => ('alice', 1615559004.378666)
2021-03-12 14:23:44.393886 
	alice => [('0:0:0:a', 'ffff:0:0:a', 1615559004.378666), ('0:0:0:b', 'ffff:0:0:a', 1615559024.393742), ('0:0:0:c', 'ffff:0:0:a', 1615558996.4655893)]
	0:0:0:b:ffff:0:0:a => ('alice', 1615559024.393742)
2021-03-12 14:23:44.395131 
	alice => [('0:0:0:a', 'ffff:0:0:a', 1615559004.378666), ('0:0:0:b', 'ffff:0:0:a', 1615559024.3950202), ('0:0:0:c', 'ffff:0:0:a', 1615558996.4655893)]
	0:0:0:b:ffff:0:0:a => ('alice', 1615559024.3950202)
2021-03-12 14:23:44.395677 
	alice => [('0:0:0:a', 'ffff:0:0:a', 1615559004.378666), ('0:0:0:b', 'ffff:0:0:a', 1615559024.3955758), ('0:0:0:c', 'ffff:0:0:a', 1615558996.4655893)]
	0:0:0:b:ffff:0:0:a => ('alice', 1615559024.3955758)
2021-03-12 14:23:47.964834 
	alice => [('0:0:0:a', 'ffff:0:0:a', 1615559004.378666), ('0:0:0:b', 'ffff:0:0:a', 1615559027.964659), ('0:0:0:c', 'ffff:0:0:a', 1615558996.4655893)]
	0:0:0:b:ffff:0:0:a => ('alice', 1615559027.964659)
2021-03-12 14:23:47.968434 
	bob => [('0:0:0:b', 'ffff:0:0:b', 1615559027.968238)]
	0:0:0:b:ffff:0:0:b => ('bob', 1615559027.968238)
2021-03-12 14:23:47.970008 
	desktop => [('0:0:0:a', 'ffff:0:0:d', 1615558996.456922), ('0:0:0:b', 'ffff:0:0:d', 1615559027.9698708), ('0:0:0:c', 'ffff:0:0:d', 1615558996.459382)]
	0:0:0:b:ffff:0:0:d => ('desktop', 1615559027.9698708)
2021-03-12 14:23:47.970693 
	desktop => [('0:0:0:a', 'ffff:0:0:d', 1615558996.456922), ('0:0:0:b', 'ffff:0:0:d', 1615559027.9705684), ('0:0:0:c', 'ffff:0:0:d', 1615558996.459382)]
	0:0:0:b:ffff:0:0:d => ('desktop', 1615559027.9705684)
2021-03-12 14:23:47.971365 
	desktop => [('0:0:0:a', 'ffff:0:0:d', 1615558996.456922), ('0:0:0:b', 'ffff:0:0:d', 1615559027.9712405), ('0:0:0:c', 'ffff:0:0:d', 1615558996.459382)]
	0:0:0:b:ffff:0:0:d => ('desktop', 1615559027.9712405)
2021-03-12 14:23:47.972037 
	alice => [('0:0:0:a', 'ffff:0:0:a', 1615559004.378666), ('0:0:0:b', 'ffff:0:0:a', 1615559027.9719124), ('0:0:0:c', 'ffff:0:0:a', 1615558996.4655893)]
	0:0:0:b:ffff:0:0:a => ('alice', 1615559027.9719124)
2021-03-12 14:23:47.972762 
	alice => [('0:0:0:a', 'ffff:0:0:a', 1615559004.378666), ('0:0:0:b', 'ffff:0:0:a', 1615559027.9726377), ('0:0:0:c', 'ffff:0:0:a', 1615558996.4655893)]
	0:0:0:b:ffff:0:0:a => ('alice', 1615559027.9726377)
2021-03-12 14:23:47.973911 
	bob => [('0:0:0:b', 'ffff:0:0:b', 1615559027.9738028)]
	0:0:0:b:ffff:0:0:b => ('bob', 1615559027.9738028)
2021-03-12 14:23:47.974557 
	bob => [('0:0:0:b', 'ffff:0:0:b', 1615559027.9744523)]
	0:0:0:b:ffff:0:0:b => ('bob', 1615559027.9744523)
2021-03-12 14:24:04.408049 
	alice => [('0:0:0:a', 'ffff:0:0:a', 1615559004.378666), ('0:0:0:b', 'ffff:0:0:a', 1615559027.9726377), ('0:0:0:c', 'ffff:0:0:a', 1615559044.4078674)]
	0:0:0:c:ffff:0:0:a => ('alice', 1615559044.4078674)
2021-03-12 14:24:04.410499 
	alice => [('0:0:0:a', 'ffff:0:0:a', 1615559004.378666), ('0:0:0:b', 'ffff:0:0:a', 1615559027.9726377), ('0:0:0:c', 'ffff:0:0:a', 1615559044.4103556)]
	0:0:0:c:ffff:0:0:a => ('alice', 1615559044.4103556)
2021-03-12 14:24:04.411243 
	alice => [('0:0:0:a', 'ffff:0:0:a', 1615559004.378666), ('0:0:0:b', 'ffff:0:0:a', 1615559027.9726377), ('0:0:0:c', 'ffff:0:0:a', 1615559044.411115)]
	0:0:0:c:ffff:0:0:a => ('alice', 1615559044.411115)
2021-03-12 14:24:24.426709 
	alice => [('0:0:0:a', 'ffff:0:0:a', 1615559064.4265637), ('0:0:0:b', 'ffff:0:0:a', 1615559027.9726377), ('0:0:0:c', 'ffff:0:0:a', 1615559044.411115)]
	0:0:0:a:ffff:0:0:a => ('alice', 1615559064.4265637)
2021-03-12 14:24:24.428018 
	alice => [('0:0:0:a', 'ffff:0:0:a', 1615559064.4279075), ('0:0:0:b', 'ffff:0:0:a', 1615559027.9726377), ('0:0:0:c', 'ffff:0:0:a', 1615559044.411115)]
	0:0:0:a:ffff:0:0:a => ('alice', 1615559064.4279075)
2021-03-12 14:24:24.429507 
	alice => [('0:0:0:a', 'ffff:0:0:a', 1615559064.429398), ('0:0:0:b', 'ffff:0:0:a', 1615559027.9726377), ('0:0:0:c', 'ffff:0:0:a', 1615559044.411115)]
	0:0:0:a:ffff:0:0:a => ('alice', 1615559064.429398)
2021-03-12 14:24:35.490215 
	desktop => [('0:0:0:a', 'ffff:0:0:d', 1615559075.4900525), ('0:0:0:b', 'ffff:0:0:d', 1615559027.9712405), ('0:0:0:c', 'ffff:0:0:d', 1615558996.459382)]
	0:0:0:a:ffff:0:0:d => ('desktop', 1615559075.4900525)
2021-03-12 14:24:35.491604 
	desktop => [('0:0:0:a', 'ffff:0:0:d', 1615559075.4900525), ('0:0:0:b', 'ffff:0:0:d', 1615559075.491463), ('0:0:0:c', 'ffff:0:0:d', 1615558996.459382)]
	0:0:0:b:ffff:0:0:d => ('desktop', 1615559075.491463)
2021-03-12 14:24:35.492795 
	alice => [('0:0:0:a', 'ffff:0:0:a', 1615559075.4926412), ('0:0:0:b', 'ffff:0:0:a', 1615559027.9726377), ('0:0:0:c', 'ffff:0:0:a', 1615559044.411115)]
	0:0:0:a:ffff:0:0:a => ('alice', 1615559075.4926412)
2021-03-12 14:24:35.494398 
	desktop => [('0:0:0:a', 'ffff:0:0:d', 1615559075.4900525), ('0:0:0:b', 'ffff:0:0:d', 1615559075.491463), ('0:0:0:c', 'ffff:0:0:d', 1615559075.494264)]
	0:0:0:c:ffff:0:0:d => ('desktop', 1615559075.494264)
2021-03-12 14:24:35.495183 
	bob => [('0:0:0:b', 'ffff:0:0:b', 1615559075.495062)]
	0:0:0:b:ffff:0:0:b => ('bob', 1615559075.495062)
2021-03-12 14:24:35.496716 
	alice => [('0:0:0:a', 'ffff:0:0:a', 1615559075.4965844), ('0:0:0:b', 'ffff:0:0:a', 1615559027.9726377), ('0:0:0:c', 'ffff:0:0:a', 1615559044.411115)]
	0:0:0:a:ffff:0:0:a => ('alice', 1615559075.4965844)
2021-03-12 14:24:35.497407 
	alice => [('0:0:0:a', 'ffff:0:0:a', 1615559075.497284), ('0:0:0:b', 'ffff:0:0:a', 1615559027.9726377), ('0:0:0:c', 'ffff:0:0:a', 1615559044.411115)]
	0:0:0:a:ffff:0:0:a => ('alice', 1615559075.497284)
2021-03-12 14:24:35.498065 
	bob => [('0:0:0:b', 'ffff:0:0:b', 1615559075.4979591)]
	0:0:0:b:ffff:0:0:b => ('bob', 1615559075.4979591)
2021-03-12 14:24:35.498766 
	bob => [('0:0:0:b', 'ffff:0:0:b', 1615559075.4986606)]
	0:0:0:b:ffff:0:0:b => ('bob', 1615559075.4986606)
2021-03-12 14:24:44.445809 
	alice => [('0:0:0:a', 'ffff:0:0:a', 1615559075.497284), ('0:0:0:b', 'ffff:0:0:a', 1615559084.4456346), ('0:0:0:c', 'ffff:0:0:a', 1615559044.411115)]
	0:0:0:b:ffff:0:0:a => ('alice', 1615559084.4456346)
2021-03-12 14:24:44.447388 
	alice => [('0:0:0:a', 'ffff:0:0:a', 1615559075.497284), ('0:0:0:b', 'ffff:0:0:a', 1615559084.4472523), ('0:0:0:c', 'ffff:0:0:a', 1615559044.411115)]
	0:0:0:b:ffff:0:0:a => ('alice', 1615559084.4472523)
2021-03-12 14:24:44.449245 
	alice => [('0:0:0:a', 'ffff:0:0:a', 1615559075.497284), ('0:0:0:b', 'ffff:0:0:a', 1615559084.4491074), ('0:0:0:c', 'ffff:0:0:a', 1615559044.411115)]
	0:0:0:b:ffff:0:0:a => ('alice', 1615559084.4491074)
2021-03-12 14:25:04.465460 
	alice => [('0:0:0:a', 'ffff:0:0:a', 1615559075.497284), ('0:0:0:b', 'ffff:0:0:a', 1615559084.4491074), ('0:0:0:c', 'ffff:0:0:a', 1615559104.4652836)]
	0:0:0:c:ffff:0:0:a => ('alice', 1615559104.4652836)
2021-03-12 14:25:04.467149 
	alice => [('0:0:0:a', 'ffff:0:0:a', 1615559075.497284), ('0:0:0:b', 'ffff:0:0:a', 1615559084.4491074), ('0:0:0:c', 'ffff:0:0:a', 1615559104.467007)]
	0:0:0:c:ffff:0:0:a => ('alice', 1615559104.467007)
2021-03-12 14:25:04.468390 
	alice => [('0:0:0:a', 'ffff:0:0:a', 1615559075.497284), ('0:0:0:b', 'ffff:0:0:a', 1615559084.4491074), ('0:0:0:c', 'ffff:0:0:a', 1615559104.4681766)]
	0:0:0:c:ffff:0:0:a => ('alice', 1615559104.4681766)
2021-03-12 14:25:18.349287 
	desktop => [('0:0:0:a', 'ffff:0:0:d', 1615559118.3491263), ('0:0:0:b', 'ffff:0:0:d', 1615559075.491463), ('0:0:0:c', 'ffff:0:0:d', 1615559075.494264)]
	0:0:0:a:ffff:0:0:d => ('desktop', 1615559118.3491263)
2021-03-12 14:25:18.350686 
	desktop => [('0:0:0:a', 'ffff:0:0:d', 1615559118.3491263), ('0:0:0:b', 'ffff:0:0:d', 1615559118.3505464), ('0:0:0:c', 'ffff:0:0:d', 1615559075.494264)]
	0:0:0:b:ffff:0:0:d => ('desktop', 1615559118.3505464)
2021-03-12 14:25:18.351733 
	desktop => [('0:0:0:a', 'ffff:0:0:d', 1615559118.3491263), ('0:0:0:b', 'ffff:0:0:d', 1615559118.3505464), ('0:0:0:c', 'ffff:0:0:d', 1615559118.3515983)]
	0:0:0:c:ffff:0:0:d => ('desktop', 1615559118.3515983)
2021-03-12 14:25:18.352609 
	bob => [('0:0:0:b', 'ffff:0:0:b', 1615559118.3524826)]
	0:0:0:b:ffff:0:0:b => ('bob', 1615559118.3524826)
2021-03-12 14:25:18.354298 
	alice => [('0:0:0:a', 'ffff:0:0:a', 1615559075.497284), ('0:0:0:b', 'ffff:0:0:a', 1615559084.4491074), ('0:0:0:c', 'ffff:0:0:a', 1615559118.35415)]
	0:0:0:c:ffff:0:0:a => ('alice', 1615559118.35415)
2021-03-12 14:25:18.355752 
	bob => [('0:0:0:b', 'ffff:0:0:b', 1615559118.3556385)]
	0:0:0:b:ffff:0:0:b => ('bob', 1615559118.3556385)
2021-03-12 14:25:18.356467 
	bob => [('0:0:0:b', 'ffff:0:0:b', 1615559118.3563538)]
	0:0:0:b:ffff:0:0:b => ('bob', 1615559118.3563538)
2021-03-12 14:25:18.357239 
	alice => [('0:0:0:a', 'ffff:0:0:a', 1615559075.497284), ('0:0:0:b', 'ffff:0:0:a', 1615559084.4491074), ('0:0:0:c', 'ffff:0:0:a', 1615559118.3571112)]
	0:0:0:c:ffff:0:0:a => ('alice', 1615559118.3571112)
2021-03-12 14:25:18.357918 
	alice => [('0:0:0:a', 'ffff:0:0:a', 1615559075.497284), ('0:0:0:b', 'ffff:0:0:a', 1615559084.4491074), ('0:0:0:c', 'ffff:0:0:a', 1615559118.3577952)]
	0:0:0:c:ffff:0:0:a => ('alice', 1615559118.3577952)
2021-03-12 14:25:24.485220 
	alice => [('0:0:0:a', 'ffff:0:0:a', 1615559124.4850466), ('0:0:0:b', 'ffff:0:0:a', 1615559084.4491074), ('0:0:0:c', 'ffff:0:0:a', 1615559118.3577952)]
	0:0:0:a:ffff:0:0:a => ('alice', 1615559124.4850466)
2021-03-12 14:25:24.487799 
	alice => [('0:0:0:a', 'ffff:0:0:a', 1615559124.4876623), ('0:0:0:b', 'ffff:0:0:a', 1615559084.4491074), ('0:0:0:c', 'ffff:0:0:a', 1615559118.3577952)]
	0:0:0:a:ffff:0:0:a => ('alice', 1615559124.4876623)
2021-03-12 14:25:24.488571 
	alice => [('0:0:0:a', 'ffff:0:0:a', 1615559124.4884403), ('0:0:0:b', 'ffff:0:0:a', 1615559084.4491074), ('0:0:0:c', 'ffff:0:0:a', 1615559118.3577952)]
	0:0:0:a:ffff:0:0:a => ('alice', 1615559124.4884403)
2021-03-12 14:25:44.503731 
	alice => [('0:0:0:a', 'ffff:0:0:a', 1615559124.4884403), ('0:0:0:b', 'ffff:0:0:a', 1615559144.5035582), ('0:0:0:c', 'ffff:0:0:a', 1615559118.3577952)]
	0:0:0:b:ffff:0:0:a => ('alice', 1615559144.5035582)
2021-03-12 14:25:44.505276 
	alice => [('0:0:0:a', 'ffff:0:0:a', 1615559124.4884403), ('0:0:0:b', 'ffff:0:0:a', 1615559144.5051577), ('0:0:0:c', 'ffff:0:0:a', 1615559118.3577952)]
	0:0:0:b:ffff:0:0:a => ('alice', 1615559144.5051577)
2021-03-12 14:25:44.505841 
	alice => [('0:0:0:a', 'ffff:0:0:a', 1615559124.4884403), ('0:0:0:b', 'ffff:0:0:a', 1615559144.5057387), ('0:0:0:c', 'ffff:0:0:a', 1615559118.3577952)]
	0:0:0:b:ffff:0:0:a => ('alice', 1615559144.5057387)
2021-03-12 14:25:53.084065 
	desktop => [('0:0:0:a', 'ffff:0:0:d', 1615559153.0839014), ('0:0:0:b', 'ffff:0:0:d', 1615559118.3505464), ('0:0:0:c', 'ffff:0:0:d', 1615559118.3515983)]
	0:0:0:a:ffff:0:0:d => ('desktop', 1615559153.0839014)
2021-03-12 14:25:53.085515 
	desktop => [('0:0:0:a', 'ffff:0:0:d', 1615559153.0839014), ('0:0:0:b', 'ffff:0:0:d', 1615559153.085372), ('0:0:0:c', 'ffff:0:0:d', 1615559118.3515983)]
	0:0:0:b:ffff:0:0:d => ('desktop', 1615559153.085372)
2021-03-12 14:25:53.086576 
	desktop => [('0:0:0:a', 'ffff:0:0:d', 1615559153.0839014), ('0:0:0:b', 'ffff:0:0:d', 1615559153.085372), ('0:0:0:c', 'ffff:0:0:d', 1615559153.0864387)]
	0:0:0:c:ffff:0:0:d => ('desktop', 1615559153.0864387)
2021-03-12 14:25:53.087394 
	alice => [('0:0:0:a', 'ffff:0:0:a', 1615559124.4884403), ('0:0:0:b', 'ffff:0:0:a', 1615559153.0872538), ('0:0:0:c', 'ffff:0:0:a', 1615559118.3577952)]
	0:0:0:b:ffff:0:0:a => ('alice', 1615559153.0872538)
2021-03-12 14:25:53.089626 
	bob => [('0:0:0:b', 'ffff:0:0:b', 1615559153.0894916)]
	0:0:0:b:ffff:0:0:b => ('bob', 1615559153.0894916)
2021-03-12 14:25:53.091128 
	alice => [('0:0:0:a', 'ffff:0:0:a', 1615559124.4884403), ('0:0:0:b', 'ffff:0:0:a', 1615559153.0909944), ('0:0:0:c', 'ffff:0:0:a', 1615559118.3577952)]
	0:0:0:b:ffff:0:0:a => ('alice', 1615559153.0909944)
2021-03-12 14:25:53.091871 
	alice => [('0:0:0:a', 'ffff:0:0:a', 1615559124.4884403), ('0:0:0:b', 'ffff:0:0:a', 1615559153.0917466), ('0:0:0:c', 'ffff:0:0:a', 1615559118.3577952)]
	0:0:0:b:ffff:0:0:a => ('alice', 1615559153.0917466)
2021-03-12 14:25:53.092814 
	bob => [('0:0:0:b', 'ffff:0:0:b', 1615559153.092698)]
	0:0:0:b:ffff:0:0:b => ('bob', 1615559153.092698)
2021-03-12 14:25:53.093508 
	bob => [('0:0:0:b', 'ffff:0:0:b', 1615559153.0934)]
	0:0:0:b:ffff:0:0:b => ('bob', 1615559153.0934)
2021-03-12 14:26:04.514352 
	alice => [('0:0:0:a', 'ffff:0:0:a', 1615559124.4884403), ('0:0:0:b', 'ffff:0:0:a', 1615559153.0917466), ('0:0:0:c', 'ffff:0:0:a', 1615559164.5141742)]
	0:0:0:c:ffff:0:0:a => ('alice', 1615559164.5141742)
2021-03-12 14:26:04.516043 
	alice => [('0:0:0:a', 'ffff:0:0:a', 1615559124.4884403), ('0:0:0:b', 'ffff:0:0:a', 1615559153.0917466), ('0:0:0:c', 'ffff:0:0:a', 1615559164.5159028)]
	0:0:0:c:ffff:0:0:a => ('alice', 1615559164.5159028)
2021-03-12 14:26:04.517287 
	alice => [('0:0:0:a', 'ffff:0:0:a', 1615559124.4884403), ('0:0:0:b', 'ffff:0:0:a', 1615559153.0917466), ('0:0:0:c', 'ffff:0:0:a', 1615559164.5171573)]
	0:0:0:c:ffff:0:0:a => ('alice', 1615559164.5171573)
2021-03-12 14:26:24.534140 
	alice => [('0:0:0:a', 'ffff:0:0:a', 1615559184.5339968), ('0:0:0:b', 'ffff:0:0:a', 1615559153.0917466), ('0:0:0:c', 'ffff:0:0:a', 1615559164.5171573)]
	0:0:0:a:ffff:0:0:a => ('alice', 1615559184.5339968)
2021-03-12 14:26:24.536224 
	alice => [('0:0:0:a', 'ffff:0:0:a', 1615559184.5361114), ('0:0:0:b', 'ffff:0:0:a', 1615559153.0917466), ('0:0:0:c', 'ffff:0:0:a', 1615559164.5171573)]
	0:0:0:a:ffff:0:0:a => ('alice', 1615559184.5361114)
2021-03-12 14:26:24.536906 
	alice => [('0:0:0:a', 'ffff:0:0:a', 1615559184.5368018), ('0:0:0:b', 'ffff:0:0:a', 1615559153.0917466), ('0:0:0:c', 'ffff:0:0:a', 1615559164.5171573)]
	0:0:0:a:ffff:0:0:a => ('alice', 1615559184.5368018)
2021-03-12 14:26:28.694858 
	bob => [('0:0:0:b', 'ffff:0:0:b', 1615559188.6947045)]
	0:0:0:b:ffff:0:0:b => ('bob', 1615559188.6947045)
2021-03-12 14:26:28.698244 
	desktop => [('0:0:0:a', 'ffff:0:0:d', 1615559153.0839014), ('0:0:0:b', 'ffff:0:0:d', 1615559188.6980963), ('0:0:0:c', 'ffff:0:0:d', 1615559153.0864387)]
	0:0:0:b:ffff:0:0:d => ('desktop', 1615559188.6980963)
2021-03-12 14:26:28.698931 
	desktop => [('0:0:0:a', 'ffff:0:0:d', 1615559153.0839014), ('0:0:0:b', 'ffff:0:0:d', 1615559188.6988041), ('0:0:0:c', 'ffff:0:0:d', 1615559153.0864387)]
	0:0:0:b:ffff:0:0:d => ('desktop', 1615559188.6988041)
2021-03-12 14:26:28.699608 
	desktop => [('0:0:0:a', 'ffff:0:0:d', 1615559153.0839014), ('0:0:0:b', 'ffff:0:0:d', 1615559188.6994834), ('0:0:0:c', 'ffff:0:0:d', 1615559153.0864387)]
	0:0:0:b:ffff:0:0:d => ('desktop', 1615559188.6994834)
2021-03-12 14:26:28.700312 
	bob => [('0:0:0:b', 'ffff:0:0:b', 1615559188.700156)]
	0:0:0:b:ffff:0:0:b => ('bob', 1615559188.700156)
2021-03-12 14:26:28.701051 
	bob => [('0:0:0:b', 'ffff:0:0:b', 1615559188.7009387)]
	0:0:0:b:ffff:0:0:b => ('bob', 1615559188.7009387)
2021-03-12 14:26:28.701856 
	alice => [('0:0:0:a', 'ffff:0:0:a', 1615559188.7017162), ('0:0:0:b', 'ffff:0:0:a', 1615559153.0917466), ('0:0:0:c', 'ffff:0:0:a', 1615559164.5171573)]
	0:0:0:a:ffff:0:0:a => ('alice', 1615559188.7017162)
2021-03-12 14:26:28.704593 
	alice => [('0:0:0:a', 'ffff:0:0:a', 1615559188.7042348), ('0:0:0:b', 'ffff:0:0:a', 1615559153.0917466), ('0:0:0:c', 'ffff:0:0:a', 1615559164.5171573)]
	0:0:0:a:ffff:0:0:a => ('alice', 1615559188.7042348)
2021-03-12 14:26:28.705323 
	alice => [('0:0:0:a', 'ffff:0:0:a', 1615559188.7051988), ('0:0:0:b', 'ffff:0:0:a', 1615559153.0917466), ('0:0:0:c', 'ffff:0:0:a', 1615559164.5171573)]
	0:0:0:a:ffff:0:0:a => ('alice', 1615559188.7051988)
2021-03-12 14:26:44.547341 
	alice => [('0:0:0:a', 'ffff:0:0:a', 1615559188.7051988), ('0:0:0:b', 'ffff:0:0:a', 1615559204.547167), ('0:0:0:c', 'ffff:0:0:a', 1615559164.5171573)]
	0:0:0:b:ffff:0:0:a => ('alice', 1615559204.547167)
2021-03-12 14:26:44.548899 
	alice => [('0:0:0:a', 'ffff:0:0:a', 1615559188.7051988), ('0:0:0:b', 'ffff:0:0:a', 1615559204.5487835), ('0:0:0:c', 'ffff:0:0:a', 1615559164.5171573)]
	0:0:0:b:ffff:0:0:a => ('alice', 1615559204.5487835)
2021-03-12 14:26:44.550386 
	alice => [('0:0:0:a', 'ffff:0:0:a', 1615559188.7051988), ('0:0:0:b', 'ffff:0:0:a', 1615559204.5502758), ('0:0:0:c', 'ffff:0:0:a', 1615559164.5171573)]
	0:0:0:b:ffff:0:0:a => ('alice', 1615559204.5502758)
2021-03-12 14:27:04.564534 
	alice => [('0:0:0:a', 'ffff:0:0:a', 1615559188.7051988), ('0:0:0:b', 'ffff:0:0:a', 1615559204.5502758), ('0:0:0:c', 'ffff:0:0:a', 1615559224.5643516)]
	0:0:0:c:ffff:0:0:a => ('alice', 1615559224.5643516)
2021-03-12 14:27:04.566269 
	alice => [('0:0:0:a', 'ffff:0:0:a', 1615559188.7051988), ('0:0:0:b', 'ffff:0:0:a', 1615559204.5502758), ('0:0:0:c', 'ffff:0:0:a', 1615559224.5661285)]
	0:0:0:c:ffff:0:0:a => ('alice', 1615559224.5661285)
2021-03-12 14:27:04.567419 
	alice => [('0:0:0:a', 'ffff:0:0:a', 1615559188.7051988), ('0:0:0:b', 'ffff:0:0:a', 1615559204.5502758), ('0:0:0:c', 'ffff:0:0:a', 1615559224.5672922)]
	0:0:0:c:ffff:0:0:a => ('alice', 1615559224.5672922)
2021-03-12 14:27:05.361619 
	alice => [('0:0:0:a', 'ffff:0:0:a', 1615559188.7051988), ('0:0:0:b', 'ffff:0:0:a', 1615559204.5502758), ('0:0:0:c', 'ffff:0:0:a', 1615559225.3614473)]
	0:0:0:c:ffff:0:0:a => ('alice', 1615559225.3614473)
2021-03-12 14:27:05.365086 
	desktop => [('0:0:0:a', 'ffff:0:0:d', 1615559153.0839014), ('0:0:0:b', 'ffff:0:0:d', 1615559188.6994834), ('0:0:0:c', 'ffff:0:0:d', 1615559225.3649411)]
	0:0:0:c:ffff:0:0:d => ('desktop', 1615559225.3649411)
2021-03-12 14:27:05.365782 
	desktop => [('0:0:0:a', 'ffff:0:0:d', 1615559153.0839014), ('0:0:0:b', 'ffff:0:0:d', 1615559188.6994834), ('0:0:0:c', 'ffff:0:0:d', 1615559225.3656561)]
	0:0:0:c:ffff:0:0:d => ('desktop', 1615559225.3656561)
2021-03-12 14:27:05.366459 
	desktop => [('0:0:0:a', 'ffff:0:0:d', 1615559153.0839014), ('0:0:0:b', 'ffff:0:0:d', 1615559188.6994834), ('0:0:0:c', 'ffff:0:0:d', 1615559225.366332)]
	0:0:0:c:ffff:0:0:d => ('desktop', 1615559225.366332)
2021-03-12 14:27:05.367136 
	alice => [('0:0:0:a', 'ffff:0:0:a', 1615559188.7051988), ('0:0:0:b', 'ffff:0:0:a', 1615559204.5502758), ('0:0:0:c', 'ffff:0:0:a', 1615559225.3670104)]
	0:0:0:c:ffff:0:0:a => ('alice', 1615559225.3670104)
2021-03-12 14:27:05.367809 
	alice => [('0:0:0:a', 'ffff:0:0:a', 1615559188.7051988), ('0:0:0:b', 'ffff:0:0:a', 1615559204.5502758), ('0:0:0:c', 'ffff:0:0:a', 1615559225.3676856)]
	0:0:0:c:ffff:0:0:a => ('alice', 1615559225.3676856)
2021-03-12 14:27:05.368792 
	bob => [('0:0:0:b', 'ffff:0:0:b', 1615559225.3686633)]
	0:0:0:b:ffff:0:0:b => ('bob', 1615559225.3686633)
2021-03-12 14:27:05.371068 
	bob => [('0:0:0:b', 'ffff:0:0:b', 1615559225.3709893)]
	0:0:0:b:ffff:0:0:b => ('bob', 1615559225.3709893)
2021-03-12 14:27:05.371467 
	bob => [('0:0:0:b', 'ffff:0:0:b', 1615559225.3714046)]
	0:0:0:b:ffff:0:0:b => ('bob', 1615559225.3714046)
2021-03-12 14:27:24.583160 
	alice => [('0:0:0:a', 'ffff:0:0:a', 1615559244.583016), ('0:0:0:b', 'ffff:0:0:a', 1615559204.5502758), ('0:0:0:c', 'ffff:0:0:a', 1615559225.3676856)]
	0:0:0:a:ffff:0:0:a => ('alice', 1615559244.583016)
2021-03-12 14:27:24.584530 
	alice => [('0:0:0:a', 'ffff:0:0:a', 1615559244.584415), ('0:0:0:b', 'ffff:0:0:a', 1615559204.5502758), ('0:0:0:c', 'ffff:0:0:a', 1615559225.3676856)]
	0:0:0:a:ffff:0:0:a => ('alice', 1615559244.584415)
2021-03-12 14:27:24.585108 
	alice => [('0:0:0:a', 'ffff:0:0:a', 1615559244.5850058), ('0:0:0:b', 'ffff:0:0:a', 1615559204.5502758), ('0:0:0:c', 'ffff:0:0:a', 1615559225.3676856)]
	0:0:0:a:ffff:0:0:a => ('alice', 1615559244.5850058)
2021-03-12 14:27:36.442048 
	desktop => [('0:0:0:a', 'ffff:0:0:d', 1615559256.4418871), ('0:0:0:b', 'ffff:0:0:d', 1615559188.6994834), ('0:0:0:c', 'ffff:0:0:d', 1615559225.366332)]
	0:0:0:a:ffff:0:0:d => ('desktop', 1615559256.4418871)
2021-03-12 14:27:36.443423 
	desktop => [('0:0:0:a', 'ffff:0:0:d', 1615559256.4418871), ('0:0:0:b', 'ffff:0:0:d', 1615559256.4432862), ('0:0:0:c', 'ffff:0:0:d', 1615559225.366332)]
	0:0:0:b:ffff:0:0:d => ('desktop', 1615559256.4432862)
2021-03-12 14:27:36.444541 
	alice => [('0:0:0:a', 'ffff:0:0:a', 1615559256.4443893), ('0:0:0:b', 'ffff:0:0:a', 1615559204.5502758), ('0:0:0:c', 'ffff:0:0:a', 1615559225.3676856)]
	0:0:0:a:ffff:0:0:a => ('alice', 1615559256.4443893)
2021-03-12 14:27:36.446258 
	desktop => [('0:0:0:a', 'ffff:0:0:d', 1615559256.4418871), ('0:0:0:b', 'ffff:0:0:d', 1615559256.4432862), ('0:0:0:c', 'ffff:0:0:d', 1615559256.4461207)]
	0:0:0:c:ffff:0:0:d => ('desktop', 1615559256.4461207)
2021-03-12 14:27:36.447043 
	bob => [('0:0:0:b', 'ffff:0:0:b', 1615559256.4469202)]
	0:0:0:b:ffff:0:0:b => ('bob', 1615559256.4469202)
2021-03-12 14:27:36.448584 
	alice => [('0:0:0:a', 'ffff:0:0:a', 1615559256.4484484), ('0:0:0:b', 'ffff:0:0:a', 1615559204.5502758), ('0:0:0:c', 'ffff:0:0:a', 1615559225.3676856)]
	0:0:0:a:ffff:0:0:a => ('alice', 1615559256.4484484)
2021-03-12 14:27:36.449306 
	alice => [('0:0:0:a', 'ffff:0:0:a', 1615559256.4491742), ('0:0:0:b', 'ffff:0:0:a', 1615559204.5502758), ('0:0:0:c', 'ffff:0:0:a', 1615559225.3676856)]
	0:0:0:a:ffff:0:0:a => ('alice', 1615559256.4491742)
2021-03-12 14:27:36.449988 
	bob => [('0:0:0:b', 'ffff:0:0:b', 1615559256.4498818)]
	0:0:0:b:ffff:0:0:b => ('bob', 1615559256.4498818)
2021-03-12 14:27:36.450640 
	bob => [('0:0:0:b', 'ffff:0:0:b', 1615559256.4505348)]
	0:0:0:b:ffff:0:0:b => ('bob', 1615559256.4505348)
2021-03-12 14:27:44.603595 
	alice => [('0:0:0:a', 'ffff:0:0:a', 1615559256.4491742), ('0:0:0:b', 'ffff:0:0:a', 1615559264.603424), ('0:0:0:c', 'ffff:0:0:a', 1615559225.3676856)]
	0:0:0:b:ffff:0:0:a => ('alice', 1615559264.603424)
2021-03-12 14:27:44.605321 
	alice => [('0:0:0:a', 'ffff:0:0:a', 1615559256.4491742), ('0:0:0:b', 'ffff:0:0:a', 1615559264.6051795), ('0:0:0:c', 'ffff:0:0:a', 1615559225.3676856)]
	0:0:0:b:ffff:0:0:a => ('alice', 1615559264.6051795)
2021-03-12 14:27:44.607029 
	alice => [('0:0:0:a', 'ffff:0:0:a', 1615559256.4491742), ('0:0:0:b', 'ffff:0:0:a', 1615559264.606894), ('0:0:0:c', 'ffff:0:0:a', 1615559225.3676856)]
	0:0:0:b:ffff:0:0:a => ('alice', 1615559264.606894)
2021-03-12 14:28:04.623779 
	alice => [('0:0:0:a', 'ffff:0:0:a', 1615559256.4491742), ('0:0:0:b', 'ffff:0:0:a', 1615559264.606894), ('0:0:0:c', 'ffff:0:0:a', 1615559284.623603)]
	0:0:0:c:ffff:0:0:a => ('alice', 1615559284.623603)
2021-03-12 14:28:04.626021 
	alice => [('0:0:0:a', 'ffff:0:0:a', 1615559256.4491742), ('0:0:0:b', 'ffff:0:0:a', 1615559264.606894), ('0:0:0:c', 'ffff:0:0:a', 1615559284.625878)]
	0:0:0:c:ffff:0:0:a => ('alice', 1615559284.625878)
2021-03-12 14:28:04.626715 
	alice => [('0:0:0:a', 'ffff:0:0:a', 1615559256.4491742), ('0:0:0:b', 'ffff:0:0:a', 1615559264.606894), ('0:0:0:c', 'ffff:0:0:a', 1615559284.6265874)]
	0:0:0:c:ffff:0:0:a => ('alice', 1615559284.6265874)
2021-03-12 14:28:15.286469 
	bob => [('0:0:0:b', 'ffff:0:0:b', 1615559295.2863145)]
	0:0:0:b:ffff:0:0:b => ('bob', 1615559295.2863145)
2021-03-12 14:28:15.289444 
	desktop => [('0:0:0:a', 'ffff:0:0:d', 1615559256.4418871), ('0:0:0:b', 'ffff:0:0:d', 1615559295.2893255), ('0:0:0:c', 'ffff:0:0:d', 1615559256.4461207)]
	0:0:0:b:ffff:0:0:d => ('desktop', 1615559295.2893255)
2021-03-12 14:28:15.290002 
	desktop => [('0:0:0:a', 'ffff:0:0:d', 1615559256.4418871), ('0:0:0:b', 'ffff:0:0:d', 1615559295.2899017), ('0:0:0:c', 'ffff:0:0:d', 1615559256.4461207)]
	0:0:0:b:ffff:0:0:d => ('desktop', 1615559295.2899017)
2021-03-12 14:28:15.290545 
	desktop => [('0:0:0:a', 'ffff:0:0:d', 1615559256.4418871), ('0:0:0:b', 'ffff:0:0:d', 1615559295.2904465), ('0:0:0:c', 'ffff:0:0:d', 1615559256.4461207)]
	0:0:0:b:ffff:0:0:d => ('desktop', 1615559295.2904465)
2021-03-12 14:28:15.291077 
	bob => [('0:0:0:b', 'ffff:0:0:b', 1615559295.290992)]
	0:0:0:b:ffff:0:0:b => ('bob', 1615559295.290992)
2021-03-12 14:28:15.291643 
	bob => [('0:0:0:b', 'ffff:0:0:b', 1615559295.2915576)]
	0:0:0:b:ffff:0:0:b => ('bob', 1615559295.2915576)
2021-03-12 14:28:15.292342 
	alice => [('0:0:0:a', 'ffff:0:0:a', 1615559256.4491742), ('0:0:0:b', 'ffff:0:0:a', 1615559264.606894), ('0:0:0:c', 'ffff:0:0:a', 1615559295.2921753)]
	0:0:0:c:ffff:0:0:a => ('alice', 1615559295.2921753)
2021-03-12 14:28:15.293584 
	alice => [('0:0:0:a', 'ffff:0:0:a', 1615559256.4491742), ('0:0:0:b', 'ffff:0:0:a', 1615559264.606894), ('0:0:0:c', 'ffff:0:0:a', 1615559295.2934797)]
	0:0:0:c:ffff:0:0:a => ('alice', 1615559295.2934797)
2021-03-12 14:28:15.294173 
	alice => [('0:0:0:a', 'ffff:0:0:a', 1615559256.4491742), ('0:0:0:b', 'ffff:0:0:a', 1615559264.606894), ('0:0:0:c', 'ffff:0:0:a', 1615559295.294073)]
	0:0:0:c:ffff:0:0:a => ('alice', 1615559295.294073)
2021-03-12 14:28:24.643906 
	alice => [('0:0:0:a', 'ffff:0:0:a', 1615559304.6437333), ('0:0:0:b', 'ffff:0:0:a', 1615559264.606894), ('0:0:0:c', 'ffff:0:0:a', 1615559295.294073)]
	0:0:0:a:ffff:0:0:a => ('alice', 1615559304.6437333)
2021-03-12 14:28:24.645574 
	alice => [('0:0:0:a', 'ffff:0:0:a', 1615559304.6454365), ('0:0:0:b', 'ffff:0:0:a', 1615559264.606894), ('0:0:0:c', 'ffff:0:0:a', 1615559295.294073)]
	0:0:0:a:ffff:0:0:a => ('alice', 1615559304.6454365)
2021-03-12 14:28:24.647353 
	alice => [('0:0:0:a', 'ffff:0:0:a', 1615559304.6472194), ('0:0:0:b', 'ffff:0:0:a', 1615559264.606894), ('0:0:0:c', 'ffff:0:0:a', 1615559295.294073)]
	0:0:0:a:ffff:0:0:a => ('alice', 1615559304.6472194)
2021-03-12 14:28:44.660043 
	alice => [('0:0:0:a', 'ffff:0:0:a', 1615559304.6472194), ('0:0:0:b', 'ffff:0:0:a', 1615559324.6598966), ('0:0:0:c', 'ffff:0:0:a', 1615559295.294073)]
	0:0:0:b:ffff:0:0:a => ('alice', 1615559324.6598966)
2021-03-12 14:28:44.661372 
	alice => [('0:0:0:a', 'ffff:0:0:a', 1615559304.6472194), ('0:0:0:b', 'ffff:0:0:a', 1615559324.661257), ('0:0:0:c', 'ffff:0:0:a', 1615559295.294073)]
	0:0:0:b:ffff:0:0:a => ('alice', 1615559324.661257)
2021-03-12 14:28:44.661929 
	alice => [('0:0:0:a', 'ffff:0:0:a', 1615559304.6472194), ('0:0:0:b', 'ffff:0:0:a', 1615559324.6618285), ('0:0:0:c', 'ffff:0:0:a', 1615559295.294073)]
	0:0:0:b:ffff:0:0:a => ('alice', 1615559324.6618285)
2021-03-12 14:28:46.715588 
	alice => [('0:0:0:a', 'ffff:0:0:a', 1615559304.6472194), ('0:0:0:b', 'ffff:0:0:a', 1615559326.7154157), ('0:0:0:c', 'ffff:0:0:a', 1615559295.294073)]
	0:0:0:b:ffff:0:0:a => ('alice', 1615559326.7154157)
2021-03-12 14:28:46.719135 
	desktop => [('0:0:0:a', 'ffff:0:0:d', 1615559256.4418871), ('0:0:0:b', 'ffff:0:0:d', 1615559326.7189915), ('0:0:0:c', 'ffff:0:0:d', 1615559256.4461207)]
	0:0:0:b:ffff:0:0:d => ('desktop', 1615559326.7189915)
2021-03-12 14:28:46.719928 
	bob => [('0:0:0:b', 'ffff:0:0:b', 1615559326.7198067)]
	0:0:0:b:ffff:0:0:b => ('bob', 1615559326.7198067)
2021-03-12 14:28:46.721681 
	desktop => [('0:0:0:a', 'ffff:0:0:d', 1615559256.4418871), ('0:0:0:b', 'ffff:0:0:d', 1615559326.7215438), ('0:0:0:c', 'ffff:0:0:d', 1615559256.4461207)]
	0:0:0:b:ffff:0:0:d => ('desktop', 1615559326.7215438)
2021-03-12 14:28:46.722330 
	desktop => [('0:0:0:a', 'ffff:0:0:d', 1615559256.4418871), ('0:0:0:b', 'ffff:0:0:d', 1615559326.7222438), ('0:0:0:c', 'ffff:0:0:d', 1615559256.4461207)]
	0:0:0:b:ffff:0:0:d => ('desktop', 1615559326.7222438)
2021-03-12 14:28:46.722812 
	alice => [('0:0:0:a', 'ffff:0:0:a', 1615559304.6472194), ('0:0:0:b', 'ffff:0:0:a', 1615559326.7227356), ('0:0:0:c', 'ffff:0:0:a', 1615559295.294073)]
	0:0:0:b:ffff:0:0:a => ('alice', 1615559326.7227356)
2021-03-12 14:28:46.723217 
	alice => [('0:0:0:a', 'ffff:0:0:a', 1615559304.6472194), ('0:0:0:b', 'ffff:0:0:a', 1615559326.7231436), ('0:0:0:c', 'ffff:0:0:a', 1615559295.294073)]
	0:0:0:b:ffff:0:0:a => ('alice', 1615559326.7231436)
2021-03-12 14:28:46.723643 
	bob => [('0:0:0:b', 'ffff:0:0:b', 1615559326.723577)]
	0:0:0:b:ffff:0:0:b => ('bob', 1615559326.723577)
2021-03-12 14:28:46.724038 
	bob => [('0:0:0:b', 'ffff:0:0:b', 1615559326.7239745)]
	0:0:0:b:ffff:0:0:b => ('bob', 1615559326.7239745)
2021-03-12 14:29:05.068752 
	alice => [('0:0:0:a', 'ffff:0:0:a', 1615559304.6472194), ('0:0:0:b', 'ffff:0:0:a', 1615559326.7231436), ('0:0:0:c', 'ffff:0:0:a', 1615559345.068571)]
	0:0:0:c:ffff:0:0:a => ('alice', 1615559345.068571)
2021-03-12 14:29:05.070446 
	alice => [('0:0:0:a', 'ffff:0:0:a', 1615559304.6472194), ('0:0:0:b', 'ffff:0:0:a', 1615559326.7231436), ('0:0:0:c', 'ffff:0:0:a', 1615559345.070306)]
	0:0:0:c:ffff:0:0:a => ('alice', 1615559345.070306)
2021-03-12 14:29:05.071619 
	alice => [('0:0:0:a', 'ffff:0:0:a', 1615559304.6472194), ('0:0:0:b', 'ffff:0:0:a', 1615559326.7231436), ('0:0:0:c', 'ffff:0:0:a', 1615559345.071493)]
	0:0:0:c:ffff:0:0:a => ('alice', 1615559345.071493)
2021-03-12 14:29:21.050601 
	bob => [('0:0:0:b', 'ffff:0:0:b', 1615559361.0504484)]
	0:0:0:b:ffff:0:0:b => ('bob', 1615559361.0504484)
2021-03-12 14:29:21.053985 
	desktop => [('0:0:0:a', 'ffff:0:0:d', 1615559256.4418871), ('0:0:0:b', 'ffff:0:0:d', 1615559361.0538433), ('0:0:0:c', 'ffff:0:0:d', 1615559256.4461207)]
	0:0:0:b:ffff:0:0:d => ('desktop', 1615559361.0538433)
2021-03-12 14:29:21.054675 
	desktop => [('0:0:0:a', 'ffff:0:0:d', 1615559256.4418871), ('0:0:0:b', 'ffff:0:0:d', 1615559361.054549), ('0:0:0:c', 'ffff:0:0:d', 1615559256.4461207)]
	0:0:0:b:ffff:0:0:d => ('desktop', 1615559361.054549)
2021-03-12 14:29:21.055354 
	desktop => [('0:0:0:a', 'ffff:0:0:d', 1615559256.4418871), ('0:0:0:b', 'ffff:0:0:d', 1615559361.0552285), ('0:0:0:c', 'ffff:0:0:d', 1615559256.4461207)]
	0:0:0:b:ffff:0:0:d => ('desktop', 1615559361.0552285)
2021-03-12 14:29:21.056016 
	bob => [('0:0:0:b', 'ffff:0:0:b', 1615559361.0559077)]
	0:0:0:b:ffff:0:0:b => ('bob', 1615559361.0559077)
2021-03-12 14:29:21.056917 
	bob => [('0:0:0:b', 'ffff:0:0:b', 1615559361.056803)]
	0:0:0:b:ffff:0:0:b => ('bob', 1615559361.056803)
2021-03-12 14:29:21.057733 
	alice => [('0:0:0:a', 'ffff:0:0:a', 1615559304.6472194), ('0:0:0:b', 'ffff:0:0:a', 1615559326.7231436), ('0:0:0:c', 'ffff:0:0:a', 1615559361.057593)]
	0:0:0:c:ffff:0:0:a => ('alice', 1615559361.057593)
2021-03-12 14:29:21.058964 
	alice => [('0:0:0:a', 'ffff:0:0:a', 1615559304.6472194), ('0:0:0:b', 'ffff:0:0:a', 1615559326.7231436), ('0:0:0:c', 'ffff:0:0:a', 1615559361.0588791)]
	0:0:0:c:ffff:0:0:a => ('alice', 1615559361.0588791)
2021-03-12 14:29:21.059412 
	alice => [('0:0:0:a', 'ffff:0:0:a', 1615559304.6472194), ('0:0:0:b', 'ffff:0:0:a', 1615559326.7231436), ('0:0:0:c', 'ffff:0:0:a', 1615559361.059335)]
	0:0:0:c:ffff:0:0:a => ('alice', 1615559361.059335)
2021-03-12 14:29:25.088656 
	alice => [('0:0:0:a', 'ffff:0:0:a', 1615559365.0884829), ('0:0:0:b', 'ffff:0:0:a', 1615559326.7231436), ('0:0:0:c', 'ffff:0:0:a', 1615559361.059335)]
	0:0:0:a:ffff:0:0:a => ('alice', 1615559365.0884829)
2021-03-12 14:29:25.090242 
	alice => [('0:0:0:a', 'ffff:0:0:a', 1615559365.0901074), ('0:0:0:b', 'ffff:0:0:a', 1615559326.7231436), ('0:0:0:c', 'ffff:0:0:a', 1615559361.059335)]
	0:0:0:a:ffff:0:0:a => ('alice', 1615559365.0901074)
2021-03-12 14:29:25.091904 
	alice => [('0:0:0:a', 'ffff:0:0:a', 1615559365.0917745), ('0:0:0:b', 'ffff:0:0:a', 1615559326.7231436), ('0:0:0:c', 'ffff:0:0:a', 1615559361.059335)]
	0:0:0:a:ffff:0:0:a => ('alice', 1615559365.0917745)
