2021-03-12 14:03:21.122430 Started
	log = true
	hostname = bob
	wait_time = 30
2021-03-12 14:03:21.125629 
	bob => [('0:0:0:b', 'ffff:0:0:b', 1615557801.1255224)]
	0:0:0:b:ffff:0:0:b => ('bob', 1615557801.1255224)
2021-03-12 14:03:22.010255 
	desktop => [('0:0:0:b', 'ffff:0:0:d', 1615557802.0101774)]
	0:0:0:b:ffff:0:0:d => ('desktop', 1615557802.0101774)
2021-03-12 14:03:22.011245 
	bob => [('0:0:0:b', 'ffff:0:0:b', 1615557802.0111773)]
	0:0:0:b:ffff:0:0:b => ('bob', 1615557802.0111773)
2021-03-12 14:03:22.019963 
	alice => [('0:0:0:a', 'ffff:0:0:a', 1615557802.0198922)]
	0:0:0:a:ffff:0:0:a => ('alice', 1615557802.0198922)
2021-03-12 14:03:41.837578 
	alice => [('0:0:0:a', 'ffff:0:0:a', 1615557802.0198922), ('0:0:0:b', 'ffff:0:0:a', 1615557821.8374016)]
	0:0:0:b:ffff:0:0:a => ('alice', 1615557821.8374016)
2021-03-12 14:03:41.840294 
	ffff:0:0:a => [('0:0:0:b', 'ffff:0:0:a', 1615557821.840229)]
2021-03-12 14:04:01.158935 
	alice => [('0:0:0:b', 'ffff:0:0:a', 1615557821.840229), ('0:0:0:c', 'ffff:0:0:a', 1615557841.1587806)]
	0:0:0:c:ffff:0:0:a => ('alice', 1615557841.1587806)
2021-03-12 14:04:01.164749 
	ffff:0:0:a => [('0:0:0:c', 'ffff:0:0:a', 1615557841.1646988)]
2021-03-12 14:04:14.121873 
	desktop => [('0:0:0:b', 'ffff:0:0:d', 1615557802.0101774), ('0:0:0:c', 'ffff:0:0:d', 1615557854.1217136)]
	0:0:0:c:ffff:0:0:d => ('desktop', 1615557854.1217136)
2021-03-12 14:04:14.123038 
	alice => [('0:0:0:c', 'ffff:0:0:a', 1615557854.122914)]
	0:0:0:c:ffff:0:0:a => ('alice', 1615557854.122914)
2021-03-12 14:04:14.124409 
	bob => [('0:0:0:b', 'ffff:0:0:b', 1615557854.1242933)]
	0:0:0:b:ffff:0:0:b => ('bob', 1615557854.1242933)
2021-03-12 14:04:21.189945 
	alice => [('0:0:0:c', 'ffff:0:0:a', 1615557854.122914), ('0:0:0:a', 'ffff:0:0:a', 1615557861.1897914)]
	0:0:0:a:ffff:0:0:a => ('alice', 1615557861.1897914)
2021-03-12 14:04:21.193747 
	ffff:0:0:a => [('0:0:0:a', 'ffff:0:0:a', 1615557861.193699)]
2021-03-12 14:04:41.468117 
	alice => [('0:0:0:a', 'ffff:0:0:a', 1615557861.193699), ('0:0:0:b', 'ffff:0:0:a', 1615557881.4679604)]
	0:0:0:b:ffff:0:0:a => ('alice', 1615557881.4679604)
2021-03-12 14:04:41.525839 
	ffff:0:0:a => [('0:0:0:b', 'ffff:0:0:a', 1615557881.5257857)]
2021-03-12 14:04:49.148209 
	bob => [('0:0:0:b', 'ffff:0:0:b', 1615557889.148074)]
	0:0:0:b:ffff:0:0:b => ('bob', 1615557889.148074)
2021-03-12 14:04:49.150771 
	desktop => [('0:0:0:b', 'ffff:0:0:d', 1615557889.1506379), ('0:0:0:c', 'ffff:0:0:d', 1615557854.1217136)]
	0:0:0:b:ffff:0:0:d => ('desktop', 1615557889.1506379)
2021-03-12 14:04:49.158863 
	alice => [('0:0:0:b', 'ffff:0:0:a', 1615557889.1587522)]
	0:0:0:b:ffff:0:0:a => ('alice', 1615557889.1587522)
2021-03-12 14:05:01.561753 
	alice => [('0:0:0:b', 'ffff:0:0:a', 1615557889.1587522), ('0:0:0:c', 'ffff:0:0:a', 1615557901.5615969)]
	0:0:0:c:ffff:0:0:a => ('alice', 1615557901.5615969)
2021-03-12 14:05:01.575905 
	ffff:0:0:a => [('0:0:0:c', 'ffff:0:0:a', 1615557901.5758626)]
2021-03-12 14:05:21.607400 
	alice => [('0:0:0:c', 'ffff:0:0:a', 1615557901.5758626), ('0:0:0:a', 'ffff:0:0:a', 1615557921.6072443)]
	0:0:0:a:ffff:0:0:a => ('alice', 1615557921.6072443)
2021-03-12 14:05:21.609548 
	ffff:0:0:a => [('0:0:0:a', 'ffff:0:0:a', 1615557921.6094983)]
2021-03-12 14:05:32.574508 
	bob => [('0:0:0:b', 'ffff:0:0:b', 1615557932.574374)]
	0:0:0:b:ffff:0:0:b => ('bob', 1615557932.574374)
2021-03-12 14:05:32.576546 
	desktop => [('0:0:0:b', 'ffff:0:0:d', 1615557932.5764103), ('0:0:0:c', 'ffff:0:0:d', 1615557854.1217136)]
	0:0:0:b:ffff:0:0:d => ('desktop', 1615557932.5764103)
2021-03-12 14:05:32.584909 
	alice => [('0:0:0:a', 'ffff:0:0:a', 1615557932.5847864)]
	0:0:0:a:ffff:0:0:a => ('alice', 1615557932.5847864)
2021-03-12 14:05:41.671122 
	alice => [('0:0:0:a', 'ffff:0:0:a', 1615557932.5847864), ('0:0:0:b', 'ffff:0:0:a', 1615557941.670967)]
	0:0:0:b:ffff:0:0:a => ('alice', 1615557941.670967)
2021-03-12 14:05:41.681881 
	ffff:0:0:a => [('0:0:0:b', 'ffff:0:0:a', 1615557941.6818304)]
2021-03-12 14:06:01.704862 
	alice => [('0:0:0:b', 'ffff:0:0:a', 1615557941.6818304), ('0:0:0:c', 'ffff:0:0:a', 1615557961.7047055)]
	0:0:0:c:ffff:0:0:a => ('alice', 1615557961.7047055)
2021-03-12 14:06:01.774649 
	ffff:0:0:a => [('0:0:0:c', 'ffff:0:0:a', 1615557961.7745888)]
2021-03-12 14:06:03.059115 
	desktop => [('0:0:0:b', 'ffff:0:0:d', 1615557963.0589638), ('0:0:0:c', 'ffff:0:0:d', 1615557854.1217136)]
	0:0:0:b:ffff:0:0:d => ('desktop', 1615557963.0589638)
2021-03-12 14:06:03.060485 
	bob => [('0:0:0:b', 'ffff:0:0:b', 1615557963.0603662)]
	0:0:0:b:ffff:0:0:b => ('bob', 1615557963.0603662)
2021-03-12 14:06:03.071544 
	alice => [('0:0:0:c', 'ffff:0:0:a', 1615557963.0714407)]
	0:0:0:c:ffff:0:0:a => ('alice', 1615557963.0714407)
2021-03-12 14:06:21.808386 
	alice => [('0:0:0:c', 'ffff:0:0:a', 1615557963.0714407), ('0:0:0:a', 'ffff:0:0:a', 1615557981.8082275)]
	0:0:0:a:ffff:0:0:a => ('alice', 1615557981.8082275)
2021-03-12 14:06:21.823302 
	ffff:0:0:a => [('0:0:0:a', 'ffff:0:0:a', 1615557981.8232522)]
2021-03-12 14:06:41.907496 
	alice => [('0:0:0:a', 'ffff:0:0:a', 1615557981.8232522), ('0:0:0:b', 'ffff:0:0:a', 1615558001.9073393)]
	0:0:0:b:ffff:0:0:a => ('alice', 1615558001.9073393)
2021-03-12 14:06:41.951002 
	ffff:0:0:a => [('0:0:0:b', 'ffff:0:0:a', 1615558001.9509509)]
2021-03-12 14:06:49.296867 
	alice => [('0:0:0:b', 'ffff:0:0:a', 1615558009.2967188)]
	0:0:0:b:ffff:0:0:a => ('alice', 1615558009.2967188)
2021-03-12 14:06:49.298332 
	bob => [('0:0:0:b', 'ffff:0:0:b', 1615558009.2982144)]
	0:0:0:b:ffff:0:0:b => ('bob', 1615558009.2982144)
2021-03-12 14:06:49.299218 
	desktop => [('0:0:0:b', 'ffff:0:0:d', 1615558009.2990873), ('0:0:0:c', 'ffff:0:0:d', 1615557854.1217136)]
	0:0:0:b:ffff:0:0:d => ('desktop', 1615558009.2990873)
2021-03-12 14:07:02.026344 
	alice => [('0:0:0:b', 'ffff:0:0:a', 1615558009.2967188), ('0:0:0:c', 'ffff:0:0:a', 1615558022.026187)]
	0:0:0:c:ffff:0:0:a => ('alice', 1615558022.026187)
2021-03-12 14:07:02.045258 
	ffff:0:0:a => [('0:0:0:c', 'ffff:0:0:a', 1615558022.0452058)]
2021-03-12 14:07:22.139078 
	alice => [('0:0:0:c', 'ffff:0:0:a', 1615558022.0452058), ('0:0:0:a', 'ffff:0:0:a', 1615558042.1389225)]
	0:0:0:a:ffff:0:0:a => ('alice', 1615558042.1389225)
2021-03-12 14:07:22.142224 
	ffff:0:0:a => [('0:0:0:a', 'ffff:0:0:a', 1615558042.1421747)]
2021-03-12 14:07:23.099004 
	desktop => [('0:0:0:b', 'ffff:0:0:d', 1615558043.098847), ('0:0:0:c', 'ffff:0:0:d', 1615557854.1217136)]
	0:0:0:b:ffff:0:0:d => ('desktop', 1615558043.098847)
2021-03-12 14:07:23.100467 
	bob => [('0:0:0:b', 'ffff:0:0:b', 1615558043.1003492)]
	0:0:0:b:ffff:0:0:b => ('bob', 1615558043.1003492)
2021-03-12 14:07:23.102319 
	alice => [('0:0:0:a', 'ffff:0:0:a', 1615558043.1021955)]
	0:0:0:a:ffff:0:0:a => ('alice', 1615558043.1021955)
2021-03-12 14:07:42.175782 
	alice => [('0:0:0:a', 'ffff:0:0:a', 1615558043.1021955), ('0:0:0:b', 'ffff:0:0:a', 1615558062.1756256)]
	0:0:0:b:ffff:0:0:a => ('alice', 1615558062.1756256)
2021-03-12 14:07:42.182252 
	ffff:0:0:a => [('0:0:0:b', 'ffff:0:0:a', 1615558062.1822016)]
2021-03-12 14:07:53.867415 
	bob => [('0:0:0:b', 'ffff:0:0:b', 1615558073.8672786)]
	0:0:0:b:ffff:0:0:b => ('bob', 1615558073.8672786)
2021-03-12 14:07:53.869959 
	desktop => [('0:0:0:b', 'ffff:0:0:d', 1615558073.869826), ('0:0:0:c', 'ffff:0:0:d', 1615557854.1217136)]
	0:0:0:b:ffff:0:0:d => ('desktop', 1615558073.869826)
2021-03-12 14:07:53.881110 
	alice => [('0:0:0:b', 'ffff:0:0:a', 1615558073.8809414)]
	0:0:0:b:ffff:0:0:a => ('alice', 1615558073.8809414)
2021-03-12 14:08:02.229804 
	alice => [('0:0:0:b', 'ffff:0:0:a', 1615558073.8809414), ('0:0:0:c', 'ffff:0:0:a', 1615558082.2296488)]
	0:0:0:c:ffff:0:0:a => ('alice', 1615558082.2296488)
2021-03-12 14:08:02.238192 
	ffff:0:0:a => [('0:0:0:c', 'ffff:0:0:a', 1615558082.2381413)]
2021-03-12 14:08:22.265993 
	alice => [('0:0:0:c', 'ffff:0:0:a', 1615558082.2381413), ('0:0:0:a', 'ffff:0:0:a', 1615558102.265836)]
	0:0:0:a:ffff:0:0:a => ('alice', 1615558102.265836)
2021-03-12 14:08:22.320970 
	ffff:0:0:a => [('0:0:0:a', 'ffff:0:0:a', 1615558102.3209178)]
2021-03-12 14:08:28.541927 
	desktop => [('0:0:0:b', 'ffff:0:0:d', 1615558108.541771), ('0:0:0:c', 'ffff:0:0:d', 1615557854.1217136)]
	0:0:0:b:ffff:0:0:d => ('desktop', 1615558108.541771)
2021-03-12 14:08:28.543375 
	bob => [('0:0:0:b', 'ffff:0:0:b', 1615558108.5432582)]
	0:0:0:b:ffff:0:0:b => ('bob', 1615558108.5432582)
2021-03-12 14:08:28.546898 
	alice => [('0:0:0:a', 'ffff:0:0:a', 1615558108.5467758)]
	0:0:0:a:ffff:0:0:a => ('alice', 1615558108.5467758)
2021-03-12 14:08:42.357398 
	alice => [('0:0:0:a', 'ffff:0:0:a', 1615558108.5467758), ('0:0:0:b', 'ffff:0:0:a', 1615558122.3572407)]
	0:0:0:b:ffff:0:0:a => ('alice', 1615558122.3572407)
2021-03-12 14:08:42.365209 
	ffff:0:0:a => [('0:0:0:b', 'ffff:0:0:a', 1615558122.3651588)]
2021-03-12 14:09:02.399955 
	alice => [('0:0:0:b', 'ffff:0:0:a', 1615558122.3651588), ('0:0:0:c', 'ffff:0:0:a', 1615558142.3997989)]
	0:0:0:c:ffff:0:0:a => ('alice', 1615558142.3997989)
2021-03-12 14:09:02.408261 
	ffff:0:0:a => [('0:0:0:c', 'ffff:0:0:a', 1615558142.4082093)]
2021-03-12 14:09:06.995284 
	bob => [('0:0:0:b', 'ffff:0:0:b', 1615558146.9951458)]
	0:0:0:b:ffff:0:0:b => ('bob', 1615558146.9951458)
2021-03-12 14:09:06.997380 
	desktop => [('0:0:0:b', 'ffff:0:0:d', 1615558146.9972448), ('0:0:0:c', 'ffff:0:0:d', 1615557854.1217136)]
	0:0:0:b:ffff:0:0:d => ('desktop', 1615558146.9972448)
2021-03-12 14:09:07.007277 
	alice => [('0:0:0:c', 'ffff:0:0:a', 1615558147.007177)]
	0:0:0:c:ffff:0:0:a => ('alice', 1615558147.007177)
2021-03-12 14:09:22.487593 
	alice => [('0:0:0:c', 'ffff:0:0:a', 1615558147.007177), ('0:0:0:a', 'ffff:0:0:a', 1615558162.4874358)]
	0:0:0:a:ffff:0:0:a => ('alice', 1615558162.4874358)
2021-03-12 14:09:22.489788 
	ffff:0:0:a => [('0:0:0:a', 'ffff:0:0:a', 1615558162.4897337)]
2021-03-12 14:09:42.511763 
	alice => [('0:0:0:a', 'ffff:0:0:a', 1615558162.4897337), ('0:0:0:b', 'ffff:0:0:a', 1615558182.5116043)]
	0:0:0:b:ffff:0:0:a => ('alice', 1615558182.5116043)
2021-03-12 14:09:42.517194 
	ffff:0:0:a => [('0:0:0:b', 'ffff:0:0:a', 1615558182.517138)]
2021-03-12 14:09:48.072476 
	bob => [('0:0:0:b', 'ffff:0:0:b', 1615558188.072338)]
	0:0:0:b:ffff:0:0:b => ('bob', 1615558188.072338)
2021-03-12 14:09:48.074928 
	alice => [('0:0:0:b', 'ffff:0:0:a', 1615558188.0747995)]
	0:0:0:b:ffff:0:0:a => ('alice', 1615558188.0747995)
2021-03-12 14:09:48.075770 
	desktop => [('0:0:0:b', 'ffff:0:0:d', 1615558188.0756414), ('0:0:0:c', 'ffff:0:0:d', 1615557854.1217136)]
	0:0:0:b:ffff:0:0:d => ('desktop', 1615558188.0756414)
2021-03-12 14:10:02.548716 
	alice => [('0:0:0:b', 'ffff:0:0:a', 1615558188.0747995), ('0:0:0:c', 'ffff:0:0:a', 1615558202.548586)]
	0:0:0:c:ffff:0:0:a => ('alice', 1615558202.548586)
2021-03-12 14:10:02.561775 
	ffff:0:0:a => [('0:0:0:c', 'ffff:0:0:a', 1615558202.561724)]
2021-03-12 14:10:19.595382 
	desktop => [('0:0:0:b', 'ffff:0:0:d', 1615558188.0756414), ('0:0:0:c', 'ffff:0:0:d', 1615558219.595224)]
	0:0:0:c:ffff:0:0:d => ('desktop', 1615558219.595224)
2021-03-12 14:10:19.596621 
	alice => [('0:0:0:c', 'ffff:0:0:a', 1615558219.596497)]
	0:0:0:c:ffff:0:0:a => ('alice', 1615558219.596497)
2021-03-12 14:10:19.598095 
	bob => [('0:0:0:b', 'ffff:0:0:b', 1615558219.5979776)]
	0:0:0:b:ffff:0:0:b => ('bob', 1615558219.5979776)
2021-03-12 14:10:22.596012 
	alice => [('0:0:0:c', 'ffff:0:0:a', 1615558219.596497), ('0:0:0:a', 'ffff:0:0:a', 1615558222.5958536)]
	0:0:0:a:ffff:0:0:a => ('alice', 1615558222.5958536)
2021-03-12 14:10:22.601765 
	ffff:0:0:a => [('0:0:0:a', 'ffff:0:0:a', 1615558222.6017144)]
2021-03-12 14:10:42.649793 
	alice => [('0:0:0:a', 'ffff:0:0:a', 1615558222.6017144), ('0:0:0:b', 'ffff:0:0:a', 1615558242.6496363)]
	0:0:0:b:ffff:0:0:a => ('alice', 1615558242.6496363)
2021-03-12 14:10:42.653843 
	ffff:0:0:a => [('0:0:0:b', 'ffff:0:0:a', 1615558242.653793)]
2021-03-12 14:11:02.177911 
	bob => [('0:0:0:b', 'ffff:0:0:b', 1615558262.1777744)]
	0:0:0:b:ffff:0:0:b => ('bob', 1615558262.1777744)
2021-03-12 14:11:02.180426 
	desktop => [('0:0:0:b', 'ffff:0:0:d', 1615558262.1802902), ('0:0:0:c', 'ffff:0:0:d', 1615558219.595224)]
	0:0:0:b:ffff:0:0:d => ('desktop', 1615558262.1802902)
2021-03-12 14:11:02.194422 
	alice => [('0:0:0:b', 'ffff:0:0:a', 1615558262.1943104)]
	0:0:0:b:ffff:0:0:a => ('alice', 1615558262.1943104)
2021-03-12 14:11:02.805161 
	alice => [('0:0:0:b', 'ffff:0:0:a', 1615558262.1943104), ('0:0:0:c', 'ffff:0:0:a', 1615558262.8049471)]
	0:0:0:c:ffff:0:0:a => ('alice', 1615558262.8049471)
2021-03-12 14:11:02.809810 
	ffff:0:0:a => [('0:0:0:c', 'ffff:0:0:a', 1615558262.8097687)]
2021-03-12 14:11:22.843868 
	alice => [('0:0:0:c', 'ffff:0:0:a', 1615558262.8097687), ('0:0:0:a', 'ffff:0:0:a', 1615558282.8437119)]
	0:0:0:a:ffff:0:0:a => ('alice', 1615558282.8437119)
2021-03-12 14:11:22.999388 
	ffff:0:0:a => [('0:0:0:a', 'ffff:0:0:a', 1615558282.9993238)]
2021-03-12 14:11:34.169242 
	desktop => [('0:0:0:b', 'ffff:0:0:d', 1615558294.1690855), ('0:0:0:c', 'ffff:0:0:d', 1615558219.595224)]
	0:0:0:b:ffff:0:0:d => ('desktop', 1615558294.1690855)
2021-03-12 14:11:34.170643 
	bob => [('0:0:0:b', 'ffff:0:0:b', 1615558294.1705263)]
	0:0:0:b:ffff:0:0:b => ('bob', 1615558294.1705263)
2021-03-12 14:11:34.179400 
	alice => [('0:0:0:a', 'ffff:0:0:a', 1615558294.1793232)]
	0:0:0:a:ffff:0:0:a => ('alice', 1615558294.1793232)
