2021-03-12 14:12:23.249424 Started
	log = true
	hostname = desktop
	wait_time = 30
2021-03-12 14:12:23.252074 
	desktop => [('0:0:0:a', 'ffff:0:0:d', 1615558343.2519944)]
	0:0:0:a:ffff:0:0:d => ('desktop', 1615558343.2519944)
2021-03-12 14:12:23.253463 
	alice => [('0:0:0:a', 'ffff:0:0:a', 1615558343.253391)]
	0:0:0:a:ffff:0:0:a => ('alice', 1615558343.253391)
2021-03-12 14:12:23.254550 
	desktop => [('0:0:0:a', 'ffff:0:0:d', 1615558343.2519944), ('0:0:0:b', 'ffff:0:0:d', 1615558343.254485)]
	0:0:0:b:ffff:0:0:d => ('desktop', 1615558343.254485)
2021-03-12 14:12:23.254844 
	desktop => [('0:0:0:a', 'ffff:0:0:d', 1615558343.2519944), ('0:0:0:b', 'ffff:0:0:d', 1615558343.254485), ('0:0:0:c', 'ffff:0:0:d', 1615558343.2547915)]
	0:0:0:c:ffff:0:0:d => ('desktop', 1615558343.2547915)
2021-03-12 14:12:23.255124 
	alice => [('0:0:0:a', 'ffff:0:0:a', 1615558343.2550776)]
	0:0:0:a:ffff:0:0:a => ('alice', 1615558343.2550776)
2021-03-12 14:12:23.255431 
	alice => [('0:0:0:a', 'ffff:0:0:a', 1615558343.255386)]
	0:0:0:a:ffff:0:0:a => ('alice', 1615558343.255386)
2021-03-12 14:12:23.275185 
	bob => [('0:0:0:b', 'ffff:0:0:b', 1615558343.2750645)]
	0:0:0:b:ffff:0:0:b => ('bob', 1615558343.2750645)
2021-03-12 14:12:23.276854 
	bob => [('0:0:0:b', 'ffff:0:0:b', 1615558343.2767322)]
	0:0:0:b:ffff:0:0:b => ('bob', 1615558343.2767322)
2021-03-12 14:12:23.277545 
	bob => [('0:0:0:b', 'ffff:0:0:b', 1615558343.2774365)]
	0:0:0:b:ffff:0:0:b => ('bob', 1615558343.2774365)
2021-03-12 14:12:43.089674 
	alice => [('0:0:0:a', 'ffff:0:0:a', 1615558343.255386), ('0:0:0:b', 'ffff:0:0:a', 1615558363.089514)]
	0:0:0:b:ffff:0:0:a => ('alice', 1615558363.089514)
2021-03-12 14:12:43.091309 
	alice => [('0:0:0:a', 'ffff:0:0:a', 1615558343.255386), ('0:0:0:b', 'ffff:0:0:a', 1615558363.0911796)]
	0:0:0:b:ffff:0:0:a => ('alice', 1615558363.0911796)
2021-03-12 14:12:43.093087 
	alice => [('0:0:0:a', 'ffff:0:0:a', 1615558343.255386), ('0:0:0:b', 'ffff:0:0:a', 1615558363.0929644)]
	0:0:0:b:ffff:0:0:a => ('alice', 1615558363.0929644)
2021-03-12 14:13:03.110193 
	alice => [('0:0:0:a', 'ffff:0:0:a', 1615558343.255386), ('0:0:0:b', 'ffff:0:0:a', 1615558363.0929644), ('0:0:0:c', 'ffff:0:0:a', 1615558383.1100173)]
	0:0:0:c:ffff:0:0:a => ('alice', 1615558383.1100173)
2021-03-12 14:13:03.112477 
	alice => [('0:0:0:a', 'ffff:0:0:a', 1615558343.255386), ('0:0:0:b', 'ffff:0:0:a', 1615558363.0929644), ('0:0:0:c', 'ffff:0:0:a', 1615558383.1123264)]
	0:0:0:c:ffff:0:0:a => ('alice', 1615558383.1123264)
2021-03-12 14:13:03.113182 
	alice => [('0:0:0:a', 'ffff:0:0:a', 1615558343.255386), ('0:0:0:b', 'ffff:0:0:a', 1615558363.0929644), ('0:0:0:c', 'ffff:0:0:a', 1615558383.1130593)]
	0:0:0:c:ffff:0:0:a => ('alice', 1615558383.1130593)
2021-03-12 14:13:04.115705 
	bob => [('0:0:0:b', 'ffff:0:0:b', 1615558384.115559)]
	0:0:0:b:ffff:0:0:b => ('bob', 1615558384.115559)
2021-03-12 14:13:04.118661 
	desktop => [('0:0:0:a', 'ffff:0:0:d', 1615558343.2519944), ('0:0:0:b', 'ffff:0:0:d', 1615558384.1185453), ('0:0:0:c', 'ffff:0:0:d', 1615558343.2547915)]
	0:0:0:b:ffff:0:0:d => ('desktop', 1615558384.1185453)
2021-03-12 14:13:04.119216 
	desktop => [('0:0:0:a', 'ffff:0:0:d', 1615558343.2519944), ('0:0:0:b', 'ffff:0:0:d', 1615558384.1191173), ('0:0:0:c', 'ffff:0:0:d', 1615558343.2547915)]
	0:0:0:b:ffff:0:0:d => ('desktop', 1615558384.1191173)
2021-03-12 14:13:04.119756 
	desktop => [('0:0:0:a', 'ffff:0:0:d', 1615558343.2519944), ('0:0:0:b', 'ffff:0:0:d', 1615558384.1196592), ('0:0:0:c', 'ffff:0:0:d', 1615558343.2547915)]
	0:0:0:b:ffff:0:0:d => ('desktop', 1615558384.1196592)
2021-03-12 14:13:04.120325 
	bob => [('0:0:0:b', 'ffff:0:0:b', 1615558384.1201952)]
	0:0:0:b:ffff:0:0:b => ('bob', 1615558384.1201952)
2021-03-12 14:13:04.120912 
	bob => [('0:0:0:b', 'ffff:0:0:b', 1615558384.120827)]
	0:0:0:b:ffff:0:0:b => ('bob', 1615558384.120827)
2021-03-12 14:13:04.121551 
	alice => [('0:0:0:a', 'ffff:0:0:a', 1615558343.255386), ('0:0:0:b', 'ffff:0:0:a', 1615558363.0929644), ('0:0:0:c', 'ffff:0:0:a', 1615558384.1214418)]
	0:0:0:c:ffff:0:0:a => ('alice', 1615558384.1214418)
2021-03-12 14:13:04.122778 
	alice => [('0:0:0:a', 'ffff:0:0:a', 1615558343.255386), ('0:0:0:b', 'ffff:0:0:a', 1615558363.0929644), ('0:0:0:c', 'ffff:0:0:a', 1615558384.1226757)]
	0:0:0:c:ffff:0:0:a => ('alice', 1615558384.1226757)
2021-03-12 14:13:04.123359 
	alice => [('0:0:0:a', 'ffff:0:0:a', 1615558343.255386), ('0:0:0:b', 'ffff:0:0:a', 1615558363.0929644), ('0:0:0:c', 'ffff:0:0:a', 1615558384.1232631)]
	0:0:0:c:ffff:0:0:a => ('alice', 1615558384.1232631)
2021-03-12 14:13:23.131623 
	alice => [('0:0:0:a', 'ffff:0:0:a', 1615558403.1314847), ('0:0:0:b', 'ffff:0:0:a', 1615558363.0929644), ('0:0:0:c', 'ffff:0:0:a', 1615558384.1232631)]
	0:0:0:a:ffff:0:0:a => ('alice', 1615558403.1314847)
2021-03-12 14:13:23.133023 
	alice => [('0:0:0:a', 'ffff:0:0:a', 1615558403.1329114), ('0:0:0:b', 'ffff:0:0:a', 1615558363.0929644), ('0:0:0:c', 'ffff:0:0:a', 1615558384.1232631)]
	0:0:0:a:ffff:0:0:a => ('alice', 1615558403.1329114)
2021-03-12 14:13:23.134377 
	alice => [('0:0:0:a', 'ffff:0:0:a', 1615558403.1342738), ('0:0:0:b', 'ffff:0:0:a', 1615558363.0929644), ('0:0:0:c', 'ffff:0:0:a', 1615558384.1232631)]
	0:0:0:a:ffff:0:0:a => ('alice', 1615558403.1342738)
2021-03-12 14:13:43.153277 
	alice => [('0:0:0:a', 'ffff:0:0:a', 1615558403.1342738), ('0:0:0:b', 'ffff:0:0:a', 1615558423.153107), ('0:0:0:c', 'ffff:0:0:a', 1615558384.1232631)]
	0:0:0:b:ffff:0:0:a => ('alice', 1615558423.153107)
2021-03-12 14:13:43.154843 
	alice => [('0:0:0:a', 'ffff:0:0:a', 1615558403.1342738), ('0:0:0:b', 'ffff:0:0:a', 1615558423.1547081), ('0:0:0:c', 'ffff:0:0:a', 1615558384.1232631)]
	0:0:0:b:ffff:0:0:a => ('alice', 1615558423.1547081)
2021-03-12 14:13:43.156591 
	alice => [('0:0:0:a', 'ffff:0:0:a', 1615558403.1342738), ('0:0:0:b', 'ffff:0:0:a', 1615558423.1564577), ('0:0:0:c', 'ffff:0:0:a', 1615558384.1232631)]
	0:0:0:b:ffff:0:0:a => ('alice', 1615558423.1564577)
2021-03-12 14:13:47.057054 
	alice => [('0:0:0:a', 'ffff:0:0:a', 1615558403.1342738), ('0:0:0:b', 'ffff:0:0:a', 1615558427.0568829), ('0:0:0:c', 'ffff:0:0:a', 1615558384.1232631)]
	0:0:0:b:ffff:0:0:a => ('alice', 1615558427.0568829)
2021-03-12 14:13:47.060539 
	desktop => [('0:0:0:a', 'ffff:0:0:d', 1615558343.2519944), ('0:0:0:b', 'ffff:0:0:d', 1615558427.0603926), ('0:0:0:c', 'ffff:0:0:d', 1615558343.2547915)]
	0:0:0:b:ffff:0:0:d => ('desktop', 1615558427.0603926)
2021-03-12 14:13:47.061310 
	desktop => [('0:0:0:a', 'ffff:0:0:d', 1615558343.2519944), ('0:0:0:b', 'ffff:0:0:d', 1615558427.061184), ('0:0:0:c', 'ffff:0:0:d', 1615558343.2547915)]
	0:0:0:b:ffff:0:0:d => ('desktop', 1615558427.061184)
2021-03-12 14:13:47.061979 
	desktop => [('0:0:0:a', 'ffff:0:0:d', 1615558343.2519944), ('0:0:0:b', 'ffff:0:0:d', 1615558427.0618587), ('0:0:0:c', 'ffff:0:0:d', 1615558343.2547915)]
	0:0:0:b:ffff:0:0:d => ('desktop', 1615558427.0618587)
2021-03-12 14:13:47.062642 
	alice => [('0:0:0:a', 'ffff:0:0:a', 1615558403.1342738), ('0:0:0:b', 'ffff:0:0:a', 1615558427.062521), ('0:0:0:c', 'ffff:0:0:a', 1615558384.1232631)]
	0:0:0:b:ffff:0:0:a => ('alice', 1615558427.062521)
2021-03-12 14:13:47.063299 
	alice => [('0:0:0:a', 'ffff:0:0:a', 1615558403.1342738), ('0:0:0:b', 'ffff:0:0:a', 1615558427.0631797), ('0:0:0:c', 'ffff:0:0:a', 1615558384.1232631)]
	0:0:0:b:ffff:0:0:a => ('alice', 1615558427.0631797)
2021-03-12 14:13:47.101373 
	bob => [('0:0:0:b', 'ffff:0:0:b', 1615558427.101243)]
	0:0:0:b:ffff:0:0:b => ('bob', 1615558427.101243)
2021-03-12 14:13:47.102905 
	bob => [('0:0:0:b', 'ffff:0:0:b', 1615558427.1027927)]
	0:0:0:b:ffff:0:0:b => ('bob', 1615558427.1027927)
2021-03-12 14:13:47.103564 
	bob => [('0:0:0:b', 'ffff:0:0:b', 1615558427.1034591)]
	0:0:0:b:ffff:0:0:b => ('bob', 1615558427.1034591)
2021-03-12 14:14:03.174903 
	alice => [('0:0:0:a', 'ffff:0:0:a', 1615558403.1342738), ('0:0:0:b', 'ffff:0:0:a', 1615558427.0631797), ('0:0:0:c', 'ffff:0:0:a', 1615558443.1747267)]
	0:0:0:c:ffff:0:0:a => ('alice', 1615558443.1747267)
2021-03-12 14:14:03.177206 
	alice => [('0:0:0:a', 'ffff:0:0:a', 1615558403.1342738), ('0:0:0:b', 'ffff:0:0:a', 1615558427.0631797), ('0:0:0:c', 'ffff:0:0:a', 1615558443.1770644)]
	0:0:0:c:ffff:0:0:a => ('alice', 1615558443.1770644)
2021-03-12 14:14:03.177928 
	alice => [('0:0:0:a', 'ffff:0:0:a', 1615558403.1342738), ('0:0:0:b', 'ffff:0:0:a', 1615558427.0631797), ('0:0:0:c', 'ffff:0:0:a', 1615558443.1778026)]
	0:0:0:c:ffff:0:0:a => ('alice', 1615558443.1778026)
2021-03-12 14:14:22.950821 
	desktop => [('0:0:0:a', 'ffff:0:0:d', 1615558462.950663), ('0:0:0:b', 'ffff:0:0:d', 1615558427.0618587), ('0:0:0:c', 'ffff:0:0:d', 1615558343.2547915)]
	0:0:0:a:ffff:0:0:d => ('desktop', 1615558462.950663)
2021-03-12 14:14:22.952243 
	desktop => [('0:0:0:a', 'ffff:0:0:d', 1615558462.950663), ('0:0:0:b', 'ffff:0:0:d', 1615558462.9521065), ('0:0:0:c', 'ffff:0:0:d', 1615558343.2547915)]
	0:0:0:b:ffff:0:0:d => ('desktop', 1615558462.9521065)
2021-03-12 14:14:22.953339 
	desktop => [('0:0:0:a', 'ffff:0:0:d', 1615558462.950663), ('0:0:0:b', 'ffff:0:0:d', 1615558462.9521065), ('0:0:0:c', 'ffff:0:0:d', 1615558462.953205)]
	0:0:0:c:ffff:0:0:d => ('desktop', 1615558462.953205)
2021-03-12 14:14:22.954112 
	bob => [('0:0:0:b', 'ffff:0:0:b', 1615558462.953994)]
	0:0:0:b:ffff:0:0:b => ('bob', 1615558462.953994)
2021-03-12 14:14:22.955742 
	alice => [('0:0:0:a', 'ffff:0:0:a', 1615558403.1342738), ('0:0:0:b', 'ffff:0:0:a', 1615558427.0631797), ('0:0:0:c', 'ffff:0:0:a', 1615558462.9556015)]
	0:0:0:c:ffff:0:0:a => ('alice', 1615558462.9556015)
2021-03-12 14:14:22.957255 
	bob => [('0:0:0:b', 'ffff:0:0:b', 1615558462.9571428)]
	0:0:0:b:ffff:0:0:b => ('bob', 1615558462.9571428)
2021-03-12 14:14:22.957966 
	bob => [('0:0:0:b', 'ffff:0:0:b', 1615558462.9578598)]
	0:0:0:b:ffff:0:0:b => ('bob', 1615558462.9578598)
2021-03-12 14:14:22.958632 
	alice => [('0:0:0:a', 'ffff:0:0:a', 1615558403.1342738), ('0:0:0:b', 'ffff:0:0:a', 1615558427.0631797), ('0:0:0:c', 'ffff:0:0:a', 1615558462.9585087)]
	0:0:0:c:ffff:0:0:a => ('alice', 1615558462.9585087)
2021-03-12 14:14:22.959294 
	alice => [('0:0:0:a', 'ffff:0:0:a', 1615558403.1342738), ('0:0:0:b', 'ffff:0:0:a', 1615558427.0631797), ('0:0:0:c', 'ffff:0:0:a', 1615558462.9591737)]
	0:0:0:c:ffff:0:0:a => ('alice', 1615558462.9591737)
2021-03-12 14:14:23.196225 
	alice => [('0:0:0:a', 'ffff:0:0:a', 1615558463.1960728), ('0:0:0:b', 'ffff:0:0:a', 1615558427.0631797), ('0:0:0:c', 'ffff:0:0:a', 1615558462.9591737)]
	0:0:0:a:ffff:0:0:a => ('alice', 1615558463.1960728)
2021-03-12 14:14:23.197832 
	alice => [('0:0:0:a', 'ffff:0:0:a', 1615558463.1977005), ('0:0:0:b', 'ffff:0:0:a', 1615558427.0631797), ('0:0:0:c', 'ffff:0:0:a', 1615558462.9591737)]
	0:0:0:a:ffff:0:0:a => ('alice', 1615558463.1977005)
2021-03-12 14:14:23.199481 
	alice => [('0:0:0:a', 'ffff:0:0:a', 1615558463.1993537), ('0:0:0:b', 'ffff:0:0:a', 1615558427.0631797), ('0:0:0:c', 'ffff:0:0:a', 1615558462.9591737)]
	0:0:0:a:ffff:0:0:a => ('alice', 1615558463.1993537)
2021-03-12 14:14:43.217662 
	alice => [('0:0:0:a', 'ffff:0:0:a', 1615558463.1993537), ('0:0:0:b', 'ffff:0:0:a', 1615558483.2175224), ('0:0:0:c', 'ffff:0:0:a', 1615558462.9591737)]
	0:0:0:b:ffff:0:0:a => ('alice', 1615558483.2175224)
2021-03-12 14:14:43.218924 
	alice => [('0:0:0:a', 'ffff:0:0:a', 1615558463.1993537), ('0:0:0:b', 'ffff:0:0:a', 1615558483.2188158), ('0:0:0:c', 'ffff:0:0:a', 1615558462.9591737)]
	0:0:0:b:ffff:0:0:a => ('alice', 1615558483.2188158)
2021-03-12 14:14:43.219468 
	alice => [('0:0:0:a', 'ffff:0:0:a', 1615558463.1993537), ('0:0:0:b', 'ffff:0:0:a', 1615558483.219369), ('0:0:0:c', 'ffff:0:0:a', 1615558462.9591737)]
	0:0:0:b:ffff:0:0:a => ('alice', 1615558483.219369)
2021-03-12 14:15:02.123742 
	bob => [('0:0:0:b', 'ffff:0:0:b', 1615558502.1235874)]
	0:0:0:b:ffff:0:0:b => ('bob', 1615558502.1235874)
2021-03-12 14:15:02.127325 
	alice => [('0:0:0:a', 'ffff:0:0:a', 1615558463.1993537), ('0:0:0:b', 'ffff:0:0:a', 1615558502.1271696), ('0:0:0:c', 'ffff:0:0:a', 1615558462.9591737)]
	0:0:0:b:ffff:0:0:a => ('alice', 1615558502.1271696)
2021-03-12 14:15:02.128933 
	desktop => [('0:0:0:a', 'ffff:0:0:d', 1615558462.950663), ('0:0:0:b', 'ffff:0:0:d', 1615558502.1287982), ('0:0:0:c', 'ffff:0:0:d', 1615558462.953205)]
	0:0:0:b:ffff:0:0:d => ('desktop', 1615558502.1287982)
2021-03-12 14:15:02.129627 
	desktop => [('0:0:0:a', 'ffff:0:0:d', 1615558462.950663), ('0:0:0:b', 'ffff:0:0:d', 1615558502.129504), ('0:0:0:c', 'ffff:0:0:d', 1615558462.953205)]
	0:0:0:b:ffff:0:0:d => ('desktop', 1615558502.129504)
2021-03-12 14:15:02.130338 
	desktop => [('0:0:0:a', 'ffff:0:0:d', 1615558462.950663), ('0:0:0:b', 'ffff:0:0:d', 1615558502.1302166), ('0:0:0:c', 'ffff:0:0:d', 1615558462.953205)]
	0:0:0:b:ffff:0:0:d => ('desktop', 1615558502.1302166)
2021-03-12 14:15:02.130979 
	bob => [('0:0:0:b', 'ffff:0:0:b', 1615558502.1308746)]
	0:0:0:b:ffff:0:0:b => ('bob', 1615558502.1308746)
2021-03-12 14:15:02.131621 
	bob => [('0:0:0:b', 'ffff:0:0:b', 1615558502.1315176)]
	0:0:0:b:ffff:0:0:b => ('bob', 1615558502.1315176)
2021-03-12 14:15:02.132321 
	alice => [('0:0:0:a', 'ffff:0:0:a', 1615558463.1993537), ('0:0:0:b', 'ffff:0:0:a', 1615558502.1321568), ('0:0:0:c', 'ffff:0:0:a', 1615558462.9591737)]
	0:0:0:b:ffff:0:0:a => ('alice', 1615558502.1321568)
2021-03-12 14:15:02.133008 
	alice => [('0:0:0:a', 'ffff:0:0:a', 1615558463.1993537), ('0:0:0:b', 'ffff:0:0:a', 1615558502.132887), ('0:0:0:c', 'ffff:0:0:a', 1615558462.9591737)]
	0:0:0:b:ffff:0:0:a => ('alice', 1615558502.132887)
2021-03-12 14:15:03.239145 
	alice => [('0:0:0:a', 'ffff:0:0:a', 1615558463.1993537), ('0:0:0:b', 'ffff:0:0:a', 1615558502.132887), ('0:0:0:c', 'ffff:0:0:a', 1615558503.2389805)]
	0:0:0:c:ffff:0:0:a => ('alice', 1615558503.2389805)
2021-03-12 14:15:03.241360 
	alice => [('0:0:0:a', 'ffff:0:0:a', 1615558463.1993537), ('0:0:0:b', 'ffff:0:0:a', 1615558502.132887), ('0:0:0:c', 'ffff:0:0:a', 1615558503.2412221)]
	0:0:0:c:ffff:0:0:a => ('alice', 1615558503.2412221)
2021-03-12 14:15:03.242037 
	alice => [('0:0:0:a', 'ffff:0:0:a', 1615558463.1993537), ('0:0:0:b', 'ffff:0:0:a', 1615558502.132887), ('0:0:0:c', 'ffff:0:0:a', 1615558503.241913)]
	0:0:0:c:ffff:0:0:a => ('alice', 1615558503.241913)
2021-03-12 14:15:23.257965 
	alice => [('0:0:0:a', 'ffff:0:0:a', 1615558523.2578228), ('0:0:0:b', 'ffff:0:0:a', 1615558502.132887), ('0:0:0:c', 'ffff:0:0:a', 1615558503.241913)]
	0:0:0:a:ffff:0:0:a => ('alice', 1615558523.2578228)
2021-03-12 14:15:23.259258 
	alice => [('0:0:0:a', 'ffff:0:0:a', 1615558523.2591498), ('0:0:0:b', 'ffff:0:0:a', 1615558502.132887), ('0:0:0:c', 'ffff:0:0:a', 1615558503.241913)]
	0:0:0:a:ffff:0:0:a => ('alice', 1615558523.2591498)
2021-03-12 14:15:23.259799 
	alice => [('0:0:0:a', 'ffff:0:0:a', 1615558523.2597015), ('0:0:0:b', 'ffff:0:0:a', 1615558502.132887), ('0:0:0:c', 'ffff:0:0:a', 1615558503.241913)]
	0:0:0:a:ffff:0:0:a => ('alice', 1615558523.2597015)
2021-03-12 14:15:34.921236 
	desktop => [('0:0:0:a', 'ffff:0:0:d', 1615558534.9210784), ('0:0:0:b', 'ffff:0:0:d', 1615558502.1302166), ('0:0:0:c', 'ffff:0:0:d', 1615558462.953205)]
	0:0:0:a:ffff:0:0:d => ('desktop', 1615558534.9210784)
2021-03-12 14:15:34.922626 
	desktop => [('0:0:0:a', 'ffff:0:0:d', 1615558534.9210784), ('0:0:0:b', 'ffff:0:0:d', 1615558534.9224916), ('0:0:0:c', 'ffff:0:0:d', 1615558462.953205)]
	0:0:0:b:ffff:0:0:d => ('desktop', 1615558534.9224916)
2021-03-12 14:15:34.923684 
	alice => [('0:0:0:a', 'ffff:0:0:a', 1615558534.9235399), ('0:0:0:b', 'ffff:0:0:a', 1615558502.132887), ('0:0:0:c', 'ffff:0:0:a', 1615558503.241913)]
	0:0:0:a:ffff:0:0:a => ('alice', 1615558534.9235399)
2021-03-12 14:15:34.925444 
	bob => [('0:0:0:b', 'ffff:0:0:b', 1615558534.9253132)]
	0:0:0:b:ffff:0:0:b => ('bob', 1615558534.9253132)
2021-03-12 14:15:34.926930 
	desktop => [('0:0:0:a', 'ffff:0:0:d', 1615558534.9210784), ('0:0:0:b', 'ffff:0:0:d', 1615558534.9224916), ('0:0:0:c', 'ffff:0:0:d', 1615558534.9268012)]
	0:0:0:c:ffff:0:0:d => ('desktop', 1615558534.9268012)
2021-03-12 14:15:34.927606 
	alice => [('0:0:0:a', 'ffff:0:0:a', 1615558534.9274824), ('0:0:0:b', 'ffff:0:0:a', 1615558502.132887), ('0:0:0:c', 'ffff:0:0:a', 1615558503.241913)]
	0:0:0:a:ffff:0:0:a => ('alice', 1615558534.9274824)
2021-03-12 14:15:34.928521 
	alice => [('0:0:0:a', 'ffff:0:0:a', 1615558534.9281933), ('0:0:0:b', 'ffff:0:0:a', 1615558502.132887), ('0:0:0:c', 'ffff:0:0:a', 1615558503.241913)]
	0:0:0:a:ffff:0:0:a => ('alice', 1615558534.9281933)
2021-03-12 14:15:34.929222 
	bob => [('0:0:0:b', 'ffff:0:0:b', 1615558534.9291146)]
	0:0:0:b:ffff:0:0:b => ('bob', 1615558534.9291146)
2021-03-12 14:15:34.929916 
	bob => [('0:0:0:b', 'ffff:0:0:b', 1615558534.9298117)]
	0:0:0:b:ffff:0:0:b => ('bob', 1615558534.9298117)
2021-03-12 14:15:43.279747 
	alice => [('0:0:0:a', 'ffff:0:0:a', 1615558534.9281933), ('0:0:0:b', 'ffff:0:0:a', 1615558543.2795753), ('0:0:0:c', 'ffff:0:0:a', 1615558503.241913)]
	0:0:0:b:ffff:0:0:a => ('alice', 1615558543.2795753)
2021-03-12 14:15:43.282453 
	alice => [('0:0:0:a', 'ffff:0:0:a', 1615558534.9281933), ('0:0:0:b', 'ffff:0:0:a', 1615558543.282314), ('0:0:0:c', 'ffff:0:0:a', 1615558503.241913)]
	0:0:0:b:ffff:0:0:a => ('alice', 1615558543.282314)
2021-03-12 14:15:43.283132 
	alice => [('0:0:0:a', 'ffff:0:0:a', 1615558534.9281933), ('0:0:0:b', 'ffff:0:0:a', 1615558543.2830083), ('0:0:0:c', 'ffff:0:0:a', 1615558503.241913)]
	0:0:0:b:ffff:0:0:a => ('alice', 1615558543.2830083)
2021-03-12 14:16:03.301329 
	alice => [('0:0:0:a', 'ffff:0:0:a', 1615558534.9281933), ('0:0:0:b', 'ffff:0:0:a', 1615558543.2830083), ('0:0:0:c', 'ffff:0:0:a', 1615558563.301149)]
	0:0:0:c:ffff:0:0:a => ('alice', 1615558563.301149)
2021-03-12 14:16:03.303069 
	alice => [('0:0:0:a', 'ffff:0:0:a', 1615558534.9281933), ('0:0:0:b', 'ffff:0:0:a', 1615558543.2830083), ('0:0:0:c', 'ffff:0:0:a', 1615558563.3029294)]
	0:0:0:c:ffff:0:0:a => ('alice', 1615558563.3029294)
2021-03-12 14:16:03.304218 
	alice => [('0:0:0:a', 'ffff:0:0:a', 1615558534.9281933), ('0:0:0:b', 'ffff:0:0:a', 1615558543.2830083), ('0:0:0:c', 'ffff:0:0:a', 1615558563.3040931)]
	0:0:0:c:ffff:0:0:a => ('alice', 1615558563.3040931)
2021-03-12 14:16:07.332718 
	bob => [('0:0:0:b', 'ffff:0:0:b', 1615558567.3325622)]
	0:0:0:b:ffff:0:0:b => ('bob', 1615558567.3325622)
2021-03-12 14:16:07.336038 
	desktop => [('0:0:0:a', 'ffff:0:0:d', 1615558534.9210784), ('0:0:0:b', 'ffff:0:0:d', 1615558567.3358986), ('0:0:0:c', 'ffff:0:0:d', 1615558534.9268012)]
	0:0:0:b:ffff:0:0:d => ('desktop', 1615558567.3358986)
2021-03-12 14:16:07.336782 
	desktop => [('0:0:0:a', 'ffff:0:0:d', 1615558534.9210784), ('0:0:0:b', 'ffff:0:0:d', 1615558567.3366575), ('0:0:0:c', 'ffff:0:0:d', 1615558534.9268012)]
	0:0:0:b:ffff:0:0:d => ('desktop', 1615558567.3366575)
2021-03-12 14:16:07.337460 
	desktop => [('0:0:0:a', 'ffff:0:0:d', 1615558534.9210784), ('0:0:0:b', 'ffff:0:0:d', 1615558567.3373375), ('0:0:0:c', 'ffff:0:0:d', 1615558534.9268012)]
	0:0:0:b:ffff:0:0:d => ('desktop', 1615558567.3373375)
2021-03-12 14:16:07.338106 
	bob => [('0:0:0:b', 'ffff:0:0:b', 1615558567.3380005)]
	0:0:0:b:ffff:0:0:b => ('bob', 1615558567.3380005)
2021-03-12 14:16:07.338758 
	bob => [('0:0:0:b', 'ffff:0:0:b', 1615558567.3386524)]
	0:0:0:b:ffff:0:0:b => ('bob', 1615558567.3386524)
2021-03-12 14:16:07.339546 
	alice => [('0:0:0:a', 'ffff:0:0:a', 1615558534.9281933), ('0:0:0:b', 'ffff:0:0:a', 1615558543.2830083), ('0:0:0:c', 'ffff:0:0:a', 1615558567.3394098)]
	0:0:0:c:ffff:0:0:a => ('alice', 1615558567.3394098)
2021-03-12 14:16:07.342188 
	alice => [('0:0:0:a', 'ffff:0:0:a', 1615558534.9281933), ('0:0:0:b', 'ffff:0:0:a', 1615558543.2830083), ('0:0:0:c', 'ffff:0:0:a', 1615558567.3420513)]
	0:0:0:c:ffff:0:0:a => ('alice', 1615558567.3420513)
2021-03-12 14:16:07.342863 
	alice => [('0:0:0:a', 'ffff:0:0:a', 1615558534.9281933), ('0:0:0:b', 'ffff:0:0:a', 1615558543.2830083), ('0:0:0:c', 'ffff:0:0:a', 1615558567.3427413)]
	0:0:0:c:ffff:0:0:a => ('alice', 1615558567.3427413)
2021-03-12 14:16:23.322913 
	alice => [('0:0:0:a', 'ffff:0:0:a', 1615558583.3227391), ('0:0:0:b', 'ffff:0:0:a', 1615558543.2830083), ('0:0:0:c', 'ffff:0:0:a', 1615558567.3427413)]
	0:0:0:a:ffff:0:0:a => ('alice', 1615558583.3227391)
2021-03-12 14:16:23.324625 
	alice => [('0:0:0:a', 'ffff:0:0:a', 1615558583.3244855), ('0:0:0:b', 'ffff:0:0:a', 1615558543.2830083), ('0:0:0:c', 'ffff:0:0:a', 1615558567.3427413)]
	0:0:0:a:ffff:0:0:a => ('alice', 1615558583.3244855)
2021-03-12 14:16:23.326369 
	alice => [('0:0:0:a', 'ffff:0:0:a', 1615558583.3262374), ('0:0:0:b', 'ffff:0:0:a', 1615558543.2830083), ('0:0:0:c', 'ffff:0:0:a', 1615558567.3427413)]
	0:0:0:a:ffff:0:0:a => ('alice', 1615558583.3262374)
2021-03-12 14:16:43.344471 
	alice => [('0:0:0:a', 'ffff:0:0:a', 1615558583.3262374), ('0:0:0:b', 'ffff:0:0:a', 1615558603.3442972), ('0:0:0:c', 'ffff:0:0:a', 1615558567.3427413)]
	0:0:0:b:ffff:0:0:a => ('alice', 1615558603.3442972)
2021-03-12 14:16:43.345964 
	alice => [('0:0:0:a', 'ffff:0:0:a', 1615558583.3262374), ('0:0:0:b', 'ffff:0:0:a', 1615558603.3458526), ('0:0:0:c', 'ffff:0:0:a', 1615558567.3427413)]
	0:0:0:b:ffff:0:0:a => ('alice', 1615558603.3458526)
2021-03-12 14:16:43.347325 
	alice => [('0:0:0:a', 'ffff:0:0:a', 1615558583.3262374), ('0:0:0:b', 'ffff:0:0:a', 1615558603.347218), ('0:0:0:c', 'ffff:0:0:a', 1615558567.3427413)]
	0:0:0:b:ffff:0:0:a => ('alice', 1615558603.347218)
2021-03-12 14:16:48.120544 
	bob => [('0:0:0:b', 'ffff:0:0:b', 1615558608.1203892)]
	0:0:0:b:ffff:0:0:b => ('bob', 1615558608.1203892)
2021-03-12 14:16:48.124050 
	desktop => [('0:0:0:a', 'ffff:0:0:d', 1615558534.9210784), ('0:0:0:b', 'ffff:0:0:d', 1615558608.1239052), ('0:0:0:c', 'ffff:0:0:d', 1615558534.9268012)]
	0:0:0:b:ffff:0:0:d => ('desktop', 1615558608.1239052)
2021-03-12 14:16:48.124935 
	alice => [('0:0:0:a', 'ffff:0:0:a', 1615558583.3262374), ('0:0:0:b', 'ffff:0:0:a', 1615558608.1247947), ('0:0:0:c', 'ffff:0:0:a', 1615558567.3427413)]
	0:0:0:b:ffff:0:0:a => ('alice', 1615558608.1247947)
2021-03-12 14:16:48.126440 
	desktop => [('0:0:0:a', 'ffff:0:0:d', 1615558534.9210784), ('0:0:0:b', 'ffff:0:0:d', 1615558608.1263108), ('0:0:0:c', 'ffff:0:0:d', 1615558534.9268012)]
	0:0:0:b:ffff:0:0:d => ('desktop', 1615558608.1263108)
2021-03-12 14:16:48.127118 
	desktop => [('0:0:0:a', 'ffff:0:0:d', 1615558534.9210784), ('0:0:0:b', 'ffff:0:0:d', 1615558608.126996), ('0:0:0:c', 'ffff:0:0:d', 1615558534.9268012)]
	0:0:0:b:ffff:0:0:d => ('desktop', 1615558608.126996)
2021-03-12 14:16:48.127767 
	bob => [('0:0:0:b', 'ffff:0:0:b', 1615558608.1276617)]
	0:0:0:b:ffff:0:0:b => ('bob', 1615558608.1276617)
2021-03-12 14:16:48.128519 
	bob => [('0:0:0:b', 'ffff:0:0:b', 1615558608.128411)]
	0:0:0:b:ffff:0:0:b => ('bob', 1615558608.128411)
2021-03-12 14:16:48.129215 
	alice => [('0:0:0:a', 'ffff:0:0:a', 1615558583.3262374), ('0:0:0:b', 'ffff:0:0:a', 1615558608.129092), ('0:0:0:c', 'ffff:0:0:a', 1615558567.3427413)]
	0:0:0:b:ffff:0:0:a => ('alice', 1615558608.129092)
2021-03-12 14:16:48.129880 
	alice => [('0:0:0:a', 'ffff:0:0:a', 1615558583.3262374), ('0:0:0:b', 'ffff:0:0:a', 1615558608.1297598), ('0:0:0:c', 'ffff:0:0:a', 1615558567.3427413)]
	0:0:0:b:ffff:0:0:a => ('alice', 1615558608.1297598)
2021-03-12 14:17:03.358895 
	alice => [('0:0:0:a', 'ffff:0:0:a', 1615558583.3262374), ('0:0:0:b', 'ffff:0:0:a', 1615558608.1297598), ('0:0:0:c', 'ffff:0:0:a', 1615558623.3587174)]
	0:0:0:c:ffff:0:0:a => ('alice', 1615558623.3587174)
2021-03-12 14:17:03.361265 
	alice => [('0:0:0:a', 'ffff:0:0:a', 1615558583.3262374), ('0:0:0:b', 'ffff:0:0:a', 1615558608.1297598), ('0:0:0:c', 'ffff:0:0:a', 1615558623.3611224)]
	0:0:0:c:ffff:0:0:a => ('alice', 1615558623.3611224)
2021-03-12 14:17:03.361957 
	alice => [('0:0:0:a', 'ffff:0:0:a', 1615558583.3262374), ('0:0:0:b', 'ffff:0:0:a', 1615558608.1297598), ('0:0:0:c', 'ffff:0:0:a', 1615558623.3618305)]
	0:0:0:c:ffff:0:0:a => ('alice', 1615558623.3618305)
2021-03-12 14:17:23.380688 
	alice => [('0:0:0:a', 'ffff:0:0:a', 1615558643.3805144), ('0:0:0:b', 'ffff:0:0:a', 1615558608.1297598), ('0:0:0:c', 'ffff:0:0:a', 1615558623.3618305)]
	0:0:0:a:ffff:0:0:a => ('alice', 1615558643.3805144)
2021-03-12 14:17:23.382283 
	alice => [('0:0:0:a', 'ffff:0:0:a', 1615558643.382149), ('0:0:0:b', 'ffff:0:0:a', 1615558608.1297598), ('0:0:0:c', 'ffff:0:0:a', 1615558623.3618305)]
	0:0:0:a:ffff:0:0:a => ('alice', 1615558643.382149)
2021-03-12 14:17:23.383965 
	alice => [('0:0:0:a', 'ffff:0:0:a', 1615558643.3838332), ('0:0:0:b', 'ffff:0:0:a', 1615558608.1297598), ('0:0:0:c', 'ffff:0:0:a', 1615558623.3618305)]
	0:0:0:a:ffff:0:0:a => ('alice', 1615558643.3838332)
2021-03-12 14:17:24.291924 
	desktop => [('0:0:0:a', 'ffff:0:0:d', 1615558644.2917674), ('0:0:0:b', 'ffff:0:0:d', 1615558608.126996), ('0:0:0:c', 'ffff:0:0:d', 1615558534.9268012)]
	0:0:0:a:ffff:0:0:d => ('desktop', 1615558644.2917674)
2021-03-12 14:17:24.293540 
	desktop => [('0:0:0:a', 'ffff:0:0:d', 1615558644.2917674), ('0:0:0:b', 'ffff:0:0:d', 1615558644.2934146), ('0:0:0:c', 'ffff:0:0:d', 1615558534.9268012)]
	0:0:0:b:ffff:0:0:d => ('desktop', 1615558644.2934146)
2021-03-12 14:17:24.294414 
	alice => [('0:0:0:a', 'ffff:0:0:a', 1615558644.2942924), ('0:0:0:b', 'ffff:0:0:a', 1615558608.1297598), ('0:0:0:c', 'ffff:0:0:a', 1615558623.3618305)]
	0:0:0:a:ffff:0:0:a => ('alice', 1615558644.2942924)
2021-03-12 14:17:24.295746 
	desktop => [('0:0:0:a', 'ffff:0:0:d', 1615558644.2917674), ('0:0:0:b', 'ffff:0:0:d', 1615558644.2934146), ('0:0:0:c', 'ffff:0:0:d', 1615558644.2956383)]
	0:0:0:c:ffff:0:0:d => ('desktop', 1615558644.2956383)
2021-03-12 14:17:24.296341 
	alice => [('0:0:0:a', 'ffff:0:0:a', 1615558644.2961907), ('0:0:0:b', 'ffff:0:0:a', 1615558608.1297598), ('0:0:0:c', 'ffff:0:0:a', 1615558623.3618305)]
	0:0:0:a:ffff:0:0:a => ('alice', 1615558644.2961907)
2021-03-12 14:17:24.296899 
	alice => [('0:0:0:a', 'ffff:0:0:a', 1615558644.2968004), ('0:0:0:b', 'ffff:0:0:a', 1615558608.1297598), ('0:0:0:c', 'ffff:0:0:a', 1615558623.3618305)]
	0:0:0:a:ffff:0:0:a => ('alice', 1615558644.2968004)
2021-03-12 14:17:24.305845 
	bob => [('0:0:0:b', 'ffff:0:0:b', 1615558644.3057444)]
	0:0:0:b:ffff:0:0:b => ('bob', 1615558644.3057444)
2021-03-12 14:17:24.307084 
	bob => [('0:0:0:b', 'ffff:0:0:b', 1615558644.306995)]
	0:0:0:b:ffff:0:0:b => ('bob', 1615558644.306995)
2021-03-12 14:17:24.307601 
	bob => [('0:0:0:b', 'ffff:0:0:b', 1615558644.3075168)]
	0:0:0:b:ffff:0:0:b => ('bob', 1615558644.3075168)
2021-03-12 14:17:43.396679 
	alice => [('0:0:0:a', 'ffff:0:0:a', 1615558644.2968004), ('0:0:0:b', 'ffff:0:0:a', 1615558663.3965366), ('0:0:0:c', 'ffff:0:0:a', 1615558623.3618305)]
	0:0:0:b:ffff:0:0:a => ('alice', 1615558663.3965366)
2021-03-12 14:17:43.397964 
	alice => [('0:0:0:a', 'ffff:0:0:a', 1615558644.2968004), ('0:0:0:b', 'ffff:0:0:a', 1615558663.3978536), ('0:0:0:c', 'ffff:0:0:a', 1615558623.3618305)]
	0:0:0:b:ffff:0:0:a => ('alice', 1615558663.3978536)
2021-03-12 14:17:43.399311 
	alice => [('0:0:0:a', 'ffff:0:0:a', 1615558644.2968004), ('0:0:0:b', 'ffff:0:0:a', 1615558663.399204), ('0:0:0:c', 'ffff:0:0:a', 1615558623.3618305)]
	0:0:0:b:ffff:0:0:a => ('alice', 1615558663.399204)
2021-03-12 14:18:02.743359 
	bob => [('0:0:0:b', 'ffff:0:0:b', 1615558682.7432024)]
	0:0:0:b:ffff:0:0:b => ('bob', 1615558682.7432024)
2021-03-12 14:18:02.746877 
	desktop => [('0:0:0:a', 'ffff:0:0:d', 1615558644.2917674), ('0:0:0:b', 'ffff:0:0:d', 1615558682.7467337), ('0:0:0:c', 'ffff:0:0:d', 1615558644.2956383)]
	0:0:0:b:ffff:0:0:d => ('desktop', 1615558682.7467337)
2021-03-12 14:18:02.747739 
	alice => [('0:0:0:a', 'ffff:0:0:a', 1615558644.2968004), ('0:0:0:b', 'ffff:0:0:a', 1615558682.7475998), ('0:0:0:c', 'ffff:0:0:a', 1615558623.3618305)]
	0:0:0:b:ffff:0:0:a => ('alice', 1615558682.7475998)
2021-03-12 14:18:02.749310 
	desktop => [('0:0:0:a', 'ffff:0:0:d', 1615558644.2917674), ('0:0:0:b', 'ffff:0:0:d', 1615558682.749178), ('0:0:0:c', 'ffff:0:0:d', 1615558644.2956383)]
	0:0:0:b:ffff:0:0:d => ('desktop', 1615558682.749178)
2021-03-12 14:18:02.749993 
	desktop => [('0:0:0:a', 'ffff:0:0:d', 1615558644.2917674), ('0:0:0:b', 'ffff:0:0:d', 1615558682.749871), ('0:0:0:c', 'ffff:0:0:d', 1615558644.2956383)]
	0:0:0:b:ffff:0:0:d => ('desktop', 1615558682.749871)
2021-03-12 14:18:02.750646 
	bob => [('0:0:0:b', 'ffff:0:0:b', 1615558682.7505383)]
	0:0:0:b:ffff:0:0:b => ('bob', 1615558682.7505383)
2021-03-12 14:18:02.751294 
	bob => [('0:0:0:b', 'ffff:0:0:b', 1615558682.7511914)]
	0:0:0:b:ffff:0:0:b => ('bob', 1615558682.7511914)
2021-03-12 14:18:02.751953 
	alice => [('0:0:0:a', 'ffff:0:0:a', 1615558644.2968004), ('0:0:0:b', 'ffff:0:0:a', 1615558682.7518318), ('0:0:0:c', 'ffff:0:0:a', 1615558623.3618305)]
	0:0:0:b:ffff:0:0:a => ('alice', 1615558682.7518318)
2021-03-12 14:18:02.752676 
	alice => [('0:0:0:a', 'ffff:0:0:a', 1615558644.2968004), ('0:0:0:b', 'ffff:0:0:a', 1615558682.7525535), ('0:0:0:c', 'ffff:0:0:a', 1615558623.3618305)]
	0:0:0:b:ffff:0:0:a => ('alice', 1615558682.7525535)
2021-03-12 14:18:03.418393 
	alice => [('0:0:0:a', 'ffff:0:0:a', 1615558644.2968004), ('0:0:0:b', 'ffff:0:0:a', 1615558682.7525535), ('0:0:0:c', 'ffff:0:0:a', 1615558683.418229)]
	0:0:0:c:ffff:0:0:a => ('alice', 1615558683.418229)
2021-03-12 14:18:03.419989 
	alice => [('0:0:0:a', 'ffff:0:0:a', 1615558644.2968004), ('0:0:0:b', 'ffff:0:0:a', 1615558682.7525535), ('0:0:0:c', 'ffff:0:0:a', 1615558683.4198573)]
	0:0:0:c:ffff:0:0:a => ('alice', 1615558683.4198573)
2021-03-12 14:18:03.421233 
	alice => [('0:0:0:a', 'ffff:0:0:a', 1615558644.2968004), ('0:0:0:b', 'ffff:0:0:a', 1615558682.7525535), ('0:0:0:c', 'ffff:0:0:a', 1615558683.4211059)]
	0:0:0:c:ffff:0:0:a => ('alice', 1615558683.4211059)
2021-03-12 14:18:23.436765 
	alice => [('0:0:0:a', 'ffff:0:0:a', 1615558703.4366217), ('0:0:0:b', 'ffff:0:0:a', 1615558682.7525535), ('0:0:0:c', 'ffff:0:0:a', 1615558683.4211059)]
	0:0:0:a:ffff:0:0:a => ('alice', 1615558703.4366217)
2021-03-12 14:18:23.438818 
	alice => [('0:0:0:a', 'ffff:0:0:a', 1615558703.4387066), ('0:0:0:b', 'ffff:0:0:a', 1615558682.7525535), ('0:0:0:c', 'ffff:0:0:a', 1615558683.4211059)]
	0:0:0:a:ffff:0:0:a => ('alice', 1615558703.4387066)
2021-03-12 14:18:23.439357 
	alice => [('0:0:0:a', 'ffff:0:0:a', 1615558703.439259), ('0:0:0:b', 'ffff:0:0:a', 1615558682.7525535), ('0:0:0:c', 'ffff:0:0:a', 1615558683.4211059)]
	0:0:0:a:ffff:0:0:a => ('alice', 1615558703.439259)
2021-03-12 14:18:34.360770 
	alice => [('0:0:0:a', 'ffff:0:0:a', 1615558714.360599), ('0:0:0:b', 'ffff:0:0:a', 1615558682.7525535), ('0:0:0:c', 'ffff:0:0:a', 1615558683.4211059)]
	0:0:0:a:ffff:0:0:a => ('alice', 1615558714.360599)
2021-03-12 14:18:34.364109 
	desktop => [('0:0:0:a', 'ffff:0:0:d', 1615558714.3639703), ('0:0:0:b', 'ffff:0:0:d', 1615558682.749871), ('0:0:0:c', 'ffff:0:0:d', 1615558644.2956383)]
	0:0:0:a:ffff:0:0:d => ('desktop', 1615558714.3639703)
2021-03-12 14:18:34.364856 
	desktop => [('0:0:0:a', 'ffff:0:0:d', 1615558714.3647323), ('0:0:0:b', 'ffff:0:0:d', 1615558682.749871), ('0:0:0:c', 'ffff:0:0:d', 1615558644.2956383)]
	0:0:0:a:ffff:0:0:d => ('desktop', 1615558714.3647323)
2021-03-12 14:18:34.365530 
	desktop => [('0:0:0:a', 'ffff:0:0:d', 1615558714.365408), ('0:0:0:b', 'ffff:0:0:d', 1615558682.749871), ('0:0:0:c', 'ffff:0:0:d', 1615558644.2956383)]
	0:0:0:a:ffff:0:0:d => ('desktop', 1615558714.365408)
2021-03-12 14:18:34.366196 
	alice => [('0:0:0:a', 'ffff:0:0:a', 1615558714.366075), ('0:0:0:b', 'ffff:0:0:a', 1615558682.7525535), ('0:0:0:c', 'ffff:0:0:a', 1615558683.4211059)]
	0:0:0:a:ffff:0:0:a => ('alice', 1615558714.366075)
2021-03-12 14:18:34.366858 
	alice => [('0:0:0:a', 'ffff:0:0:a', 1615558714.3667388), ('0:0:0:b', 'ffff:0:0:a', 1615558682.7525535), ('0:0:0:c', 'ffff:0:0:a', 1615558683.4211059)]
	0:0:0:a:ffff:0:0:a => ('alice', 1615558714.3667388)
2021-03-12 14:18:34.384088 
	bob => [('0:0:0:b', 'ffff:0:0:b', 1615558714.3840103)]
	0:0:0:b:ffff:0:0:b => ('bob', 1615558714.3840103)
2021-03-12 14:18:34.385136 
	bob => [('0:0:0:b', 'ffff:0:0:b', 1615558714.385065)]
	0:0:0:b:ffff:0:0:b => ('bob', 1615558714.385065)
2021-03-12 14:18:34.385536 
	bob => [('0:0:0:b', 'ffff:0:0:b', 1615558714.3854725)]
	0:0:0:b:ffff:0:0:b => ('bob', 1615558714.3854725)
2021-03-12 14:18:43.457703 
	alice => [('0:0:0:a', 'ffff:0:0:a', 1615558714.3667388), ('0:0:0:b', 'ffff:0:0:a', 1615558723.4575322), ('0:0:0:c', 'ffff:0:0:a', 1615558683.4211059)]
	0:0:0:b:ffff:0:0:a => ('alice', 1615558723.4575322)
2021-03-12 14:18:43.460381 
	alice => [('0:0:0:a', 'ffff:0:0:a', 1615558714.3667388), ('0:0:0:b', 'ffff:0:0:a', 1615558723.460159), ('0:0:0:c', 'ffff:0:0:a', 1615558683.4211059)]
	0:0:0:b:ffff:0:0:a => ('alice', 1615558723.460159)
2021-03-12 14:18:43.461091 
	alice => [('0:0:0:a', 'ffff:0:0:a', 1615558714.3667388), ('0:0:0:b', 'ffff:0:0:a', 1615558723.4609652), ('0:0:0:c', 'ffff:0:0:a', 1615558683.4211059)]
	0:0:0:b:ffff:0:0:a => ('alice', 1615558723.4609652)
2021-03-12 14:19:03.478755 
	alice => [('0:0:0:a', 'ffff:0:0:a', 1615558714.3667388), ('0:0:0:b', 'ffff:0:0:a', 1615558723.4609652), ('0:0:0:c', 'ffff:0:0:a', 1615558743.47858)]
	0:0:0:c:ffff:0:0:a => ('alice', 1615558743.47858)
2021-03-12 14:19:03.481082 
	alice => [('0:0:0:a', 'ffff:0:0:a', 1615558714.3667388), ('0:0:0:b', 'ffff:0:0:a', 1615558723.4609652), ('0:0:0:c', 'ffff:0:0:a', 1615558743.4809396)]
	0:0:0:c:ffff:0:0:a => ('alice', 1615558743.4809396)
2021-03-12 14:19:03.481758 
	alice => [('0:0:0:a', 'ffff:0:0:a', 1615558714.3667388), ('0:0:0:b', 'ffff:0:0:a', 1615558723.4609652), ('0:0:0:c', 'ffff:0:0:a', 1615558743.481634)]
	0:0:0:c:ffff:0:0:a => ('alice', 1615558743.481634)
2021-03-12 14:19:09.897316 
	bob => [('0:0:0:b', 'ffff:0:0:b', 1615558749.8971624)]
	0:0:0:b:ffff:0:0:b => ('bob', 1615558749.8971624)
2021-03-12 14:19:09.900665 
	desktop => [('0:0:0:a', 'ffff:0:0:d', 1615558714.365408), ('0:0:0:b', 'ffff:0:0:d', 1615558749.9005227), ('0:0:0:c', 'ffff:0:0:d', 1615558644.2956383)]
	0:0:0:b:ffff:0:0:d => ('desktop', 1615558749.9005227)
2021-03-12 14:19:09.901358 
	desktop => [('0:0:0:a', 'ffff:0:0:d', 1615558714.365408), ('0:0:0:b', 'ffff:0:0:d', 1615558749.9012332), ('0:0:0:c', 'ffff:0:0:d', 1615558644.2956383)]
	0:0:0:b:ffff:0:0:d => ('desktop', 1615558749.9012332)
2021-03-12 14:19:09.902026 
	desktop => [('0:0:0:a', 'ffff:0:0:d', 1615558714.365408), ('0:0:0:b', 'ffff:0:0:d', 1615558749.9019034), ('0:0:0:c', 'ffff:0:0:d', 1615558644.2956383)]
	0:0:0:b:ffff:0:0:d => ('desktop', 1615558749.9019034)
2021-03-12 14:19:09.902674 
	bob => [('0:0:0:b', 'ffff:0:0:b', 1615558749.902569)]
	0:0:0:b:ffff:0:0:b => ('bob', 1615558749.902569)
2021-03-12 14:19:09.903378 
	bob => [('0:0:0:b', 'ffff:0:0:b', 1615558749.9032714)]
	0:0:0:b:ffff:0:0:b => ('bob', 1615558749.9032714)
2021-03-12 14:19:09.904169 
	alice => [('0:0:0:a', 'ffff:0:0:a', 1615558714.3667388), ('0:0:0:b', 'ffff:0:0:a', 1615558723.4609652), ('0:0:0:c', 'ffff:0:0:a', 1615558749.9040356)]
	0:0:0:c:ffff:0:0:a => ('alice', 1615558749.9040356)
2021-03-12 14:19:09.905725 
	alice => [('0:0:0:a', 'ffff:0:0:a', 1615558714.3667388), ('0:0:0:b', 'ffff:0:0:a', 1615558723.4609652), ('0:0:0:c', 'ffff:0:0:a', 1615558749.9055977)]
	0:0:0:c:ffff:0:0:a => ('alice', 1615558749.9055977)
2021-03-12 14:19:09.906400 
	alice => [('0:0:0:a', 'ffff:0:0:a', 1615558714.3667388), ('0:0:0:b', 'ffff:0:0:a', 1615558723.4609652), ('0:0:0:c', 'ffff:0:0:a', 1615558749.9062786)]
	0:0:0:c:ffff:0:0:a => ('alice', 1615558749.9062786)
2021-03-12 14:19:23.500028 
	alice => [('0:0:0:a', 'ffff:0:0:a', 1615558763.4998877), ('0:0:0:b', 'ffff:0:0:a', 1615558723.4609652), ('0:0:0:c', 'ffff:0:0:a', 1615558749.9062786)]
	0:0:0:a:ffff:0:0:a => ('alice', 1615558763.4998877)
2021-03-12 14:19:23.501364 
	alice => [('0:0:0:a', 'ffff:0:0:a', 1615558763.501253), ('0:0:0:b', 'ffff:0:0:a', 1615558723.4609652), ('0:0:0:c', 'ffff:0:0:a', 1615558749.9062786)]
	0:0:0:a:ffff:0:0:a => ('alice', 1615558763.501253)
2021-03-12 14:19:23.501907 
	alice => [('0:0:0:a', 'ffff:0:0:a', 1615558763.5018084), ('0:0:0:b', 'ffff:0:0:a', 1615558723.4609652), ('0:0:0:c', 'ffff:0:0:a', 1615558749.9062786)]
	0:0:0:a:ffff:0:0:a => ('alice', 1615558763.5018084)
2021-03-12 14:19:43.521566 
	alice => [('0:0:0:a', 'ffff:0:0:a', 1615558763.5018084), ('0:0:0:b', 'ffff:0:0:a', 1615558783.521393), ('0:0:0:c', 'ffff:0:0:a', 1615558749.9062786)]
	0:0:0:b:ffff:0:0:a => ('alice', 1615558783.521393)
2021-03-12 14:19:43.523109 
	alice => [('0:0:0:a', 'ffff:0:0:a', 1615558763.5018084), ('0:0:0:b', 'ffff:0:0:a', 1615558783.5229762), ('0:0:0:c', 'ffff:0:0:a', 1615558749.9062786)]
	0:0:0:b:ffff:0:0:a => ('alice', 1615558783.5229762)
2021-03-12 14:19:43.524940 
	alice => [('0:0:0:a', 'ffff:0:0:a', 1615558763.5018084), ('0:0:0:b', 'ffff:0:0:a', 1615558783.5248067), ('0:0:0:c', 'ffff:0:0:a', 1615558749.9062786)]
	0:0:0:b:ffff:0:0:a => ('alice', 1615558783.5248067)
2021-03-12 14:19:43.526205 
	alice => [('0:0:0:a', 'ffff:0:0:a', 1615558763.5018084), ('0:0:0:b', 'ffff:0:0:a', 1615558783.52607), ('0:0:0:c', 'ffff:0:0:a', 1615558749.9062786)]
	0:0:0:b:ffff:0:0:a => ('alice', 1615558783.52607)
2021-03-12 14:19:43.529469 
	desktop => [('0:0:0:a', 'ffff:0:0:d', 1615558714.365408), ('0:0:0:b', 'ffff:0:0:d', 1615558783.5293343), ('0:0:0:c', 'ffff:0:0:d', 1615558644.2956383)]
	0:0:0:b:ffff:0:0:d => ('desktop', 1615558783.5293343)
2021-03-12 14:19:43.530214 
	desktop => [('0:0:0:a', 'ffff:0:0:d', 1615558714.365408), ('0:0:0:b', 'ffff:0:0:d', 1615558783.530092), ('0:0:0:c', 'ffff:0:0:d', 1615558644.2956383)]
	0:0:0:b:ffff:0:0:d => ('desktop', 1615558783.530092)
2021-03-12 14:19:43.530930 
	desktop => [('0:0:0:a', 'ffff:0:0:d', 1615558714.365408), ('0:0:0:b', 'ffff:0:0:d', 1615558783.5308077), ('0:0:0:c', 'ffff:0:0:d', 1615558644.2956383)]
	0:0:0:b:ffff:0:0:d => ('desktop', 1615558783.5308077)
2021-03-12 14:19:43.531598 
	alice => [('0:0:0:a', 'ffff:0:0:a', 1615558763.5018084), ('0:0:0:b', 'ffff:0:0:a', 1615558783.5314755), ('0:0:0:c', 'ffff:0:0:a', 1615558749.9062786)]
	0:0:0:b:ffff:0:0:a => ('alice', 1615558783.5314755)
2021-03-12 14:19:43.532392 
	alice => [('0:0:0:a', 'ffff:0:0:a', 1615558763.5018084), ('0:0:0:b', 'ffff:0:0:a', 1615558783.53214), ('0:0:0:c', 'ffff:0:0:a', 1615558749.9062786)]
	0:0:0:b:ffff:0:0:a => ('alice', 1615558783.53214)
2021-03-12 14:19:43.563322 
	bob => [('0:0:0:b', 'ffff:0:0:b', 1615558783.5631824)]
	0:0:0:b:ffff:0:0:b => ('bob', 1615558783.5631824)
2021-03-12 14:19:43.564956 
	bob => [('0:0:0:b', 'ffff:0:0:b', 1615558783.5648434)]
	0:0:0:b:ffff:0:0:b => ('bob', 1615558783.5648434)
2021-03-12 14:19:43.565619 
	bob => [('0:0:0:b', 'ffff:0:0:b', 1615558783.5655131)]
	0:0:0:b:ffff:0:0:b => ('bob', 1615558783.5655131)
2021-03-12 14:20:03.543091 
	alice => [('0:0:0:a', 'ffff:0:0:a', 1615558763.5018084), ('0:0:0:b', 'ffff:0:0:a', 1615558783.53214), ('0:0:0:c', 'ffff:0:0:a', 1615558803.5429122)]
	0:0:0:c:ffff:0:0:a => ('alice', 1615558803.5429122)
2021-03-12 14:20:03.545505 
	alice => [('0:0:0:a', 'ffff:0:0:a', 1615558763.5018084), ('0:0:0:b', 'ffff:0:0:a', 1615558783.53214), ('0:0:0:c', 'ffff:0:0:a', 1615558803.545361)]
	0:0:0:c:ffff:0:0:a => ('alice', 1615558803.545361)
2021-03-12 14:20:03.546187 
	alice => [('0:0:0:a', 'ffff:0:0:a', 1615558763.5018084), ('0:0:0:b', 'ffff:0:0:a', 1615558783.53214), ('0:0:0:c', 'ffff:0:0:a', 1615558803.5460637)]
	0:0:0:c:ffff:0:0:a => ('alice', 1615558803.5460637)
2021-03-12 14:20:23.182186 
	bob => [('0:0:0:b', 'ffff:0:0:b', 1615558823.1820347)]
	0:0:0:b:ffff:0:0:b => ('bob', 1615558823.1820347)
2021-03-12 14:20:23.185768 
	desktop => [('0:0:0:a', 'ffff:0:0:d', 1615558714.365408), ('0:0:0:b', 'ffff:0:0:d', 1615558823.1856258), ('0:0:0:c', 'ffff:0:0:d', 1615558644.2956383)]
	0:0:0:b:ffff:0:0:d => ('desktop', 1615558823.1856258)
2021-03-12 14:20:23.186501 
	desktop => [('0:0:0:a', 'ffff:0:0:d', 1615558714.365408), ('0:0:0:b', 'ffff:0:0:d', 1615558823.186318), ('0:0:0:c', 'ffff:0:0:d', 1615558644.2956383)]
	0:0:0:b:ffff:0:0:d => ('desktop', 1615558823.186318)
2021-03-12 14:20:23.187056 
	desktop => [('0:0:0:a', 'ffff:0:0:d', 1615558714.365408), ('0:0:0:b', 'ffff:0:0:d', 1615558823.1869588), ('0:0:0:c', 'ffff:0:0:d', 1615558644.2956383)]
	0:0:0:b:ffff:0:0:d => ('desktop', 1615558823.1869588)
2021-03-12 14:20:23.187576 
	bob => [('0:0:0:b', 'ffff:0:0:b', 1615558823.1874907)]
	0:0:0:b:ffff:0:0:b => ('bob', 1615558823.1874907)
2021-03-12 14:20:23.188093 
	bob => [('0:0:0:b', 'ffff:0:0:b', 1615558823.1880102)]
	0:0:0:b:ffff:0:0:b => ('bob', 1615558823.1880102)
2021-03-12 14:20:23.188783 
	alice => [('0:0:0:a', 'ffff:0:0:a', 1615558763.5018084), ('0:0:0:b', 'ffff:0:0:a', 1615558783.53214), ('0:0:0:c', 'ffff:0:0:a', 1615558823.1886706)]
	0:0:0:c:ffff:0:0:a => ('alice', 1615558823.1886706)
2021-03-12 14:20:23.190002 
	alice => [('0:0:0:a', 'ffff:0:0:a', 1615558763.5018084), ('0:0:0:b', 'ffff:0:0:a', 1615558783.53214), ('0:0:0:c', 'ffff:0:0:a', 1615558823.189898)]
	0:0:0:c:ffff:0:0:a => ('alice', 1615558823.189898)
2021-03-12 14:20:23.190538 
	alice => [('0:0:0:a', 'ffff:0:0:a', 1615558763.5018084), ('0:0:0:b', 'ffff:0:0:a', 1615558783.53214), ('0:0:0:c', 'ffff:0:0:a', 1615558823.190442)]
	0:0:0:c:ffff:0:0:a => ('alice', 1615558823.190442)
2021-03-12 14:20:23.564095 
	alice => [('0:0:0:a', 'ffff:0:0:a', 1615558823.5639553), ('0:0:0:b', 'ffff:0:0:a', 1615558783.53214), ('0:0:0:c', 'ffff:0:0:a', 1615558823.190442)]
	0:0:0:a:ffff:0:0:a => ('alice', 1615558823.5639553)
2021-03-12 14:20:23.565530 
	alice => [('0:0:0:a', 'ffff:0:0:a', 1615558823.5654228), ('0:0:0:b', 'ffff:0:0:a', 1615558783.53214), ('0:0:0:c', 'ffff:0:0:a', 1615558823.190442)]
	0:0:0:a:ffff:0:0:a => ('alice', 1615558823.5654228)
2021-03-12 14:20:23.566879 
	alice => [('0:0:0:a', 'ffff:0:0:a', 1615558823.5667777), ('0:0:0:b', 'ffff:0:0:a', 1615558783.53214), ('0:0:0:c', 'ffff:0:0:a', 1615558823.190442)]
	0:0:0:a:ffff:0:0:a => ('alice', 1615558823.5667777)
