2021-04-10 15:10:47.444554 Started
	log = true
	hostname = bob
2021-04-10 15:10:47.448365 
	bob => [('0:0:0:b', 'ffff:0:0:b', 1618067447.4482884)]
	0:0:0:b:ffff:0:0:b => ('bob', 1618067447.4482884)
2021-04-10 15:10:47.450085 
	desktop => [('0:0:0:b', 'ffff:0:0:d', 1618067447.4500291)]
	0:0:0:b:ffff:0:0:d => ('desktop', 1618067447.4500291)
2021-04-10 15:10:47.547514 
	desktop => [('0:0:0:b', 'ffff:0:0:d', 1618067447.4500291), ('0:0:0:a', 'ffff:0:0:d', 1618067447.5473692)]
	0:0:0:a:ffff:0:0:d => ('desktop', 1618067447.5473692)
2021-04-10 15:10:47.548339 
	alice => [('0:0:0:a', 'ffff:0:0:a', 1618067447.5482225)]
	0:0:0:a:ffff:0:0:a => ('alice', 1618067447.5482225)
2021-04-10 15:10:47.549885 
	bob => [('0:0:0:b', 'ffff:0:0:b', 1618067447.5497644)]
	0:0:0:b:ffff:0:0:b => ('bob', 1618067447.5497644)
2021-04-10 15:11:07.566810 
	alice => [('0:0:0:a', 'ffff:0:0:a', 1618067447.5482225), ('0:0:0:b', 'ffff:0:0:a', 1618067467.5666475)]
	0:0:0:b:ffff:0:0:a => ('alice', 1618067467.5666475)
2021-04-10 15:11:07.570507 
	ffff:0:0:a => [('0:0:0:b', 'ffff:0:0:a', 1618067467.5704587)]
