Network Exception: No mapping for hostname 'bob'
2021-04-10 15:10:48.423725 [bob/0:0:0:b:ffff:0:0:b%0:0:0:a]:1000    <- [alice/0:0:0:a:ffff:0:0:a]:1000          2021-04-10 15:10:48.422194 | alice
2021-04-10 15:10:49.850051 [bob/0:0:0:b:ffff:0:0:b%0:0:0:a]:1000    <- [alice/0:0:0:a:ffff:0:0:a]:1000          2021-04-10 15:10:49.425169 | alice
2021-04-10 15:10:49.850518 [bob/0:0:0:b:ffff:0:0:b%0:0:0:a]:1000    -> [alice/0:0:0:a:ffff:0:0:a]:1000          2021-04-10 15:10:48.449531 | bob
2021-04-10 15:10:49.851349 [bob/0:0:0:b:ffff:0:0:b%0:0:0:a]:1000    -> [alice/0:0:0:a:ffff:0:0:a]:1000          2021-04-10 15:10:49.452474 | bob
2021-04-10 15:10:50.854016 [bob/0:0:0:b:ffff:0:0:b%0:0:0:a]:1000    <- [alice/0:0:0:a:ffff:0:0:a]:1000          2021-04-10 15:10:50.852567 | alice
2021-04-10 15:10:50.854359 [bob/0:0:0:b:ffff:0:0:b%0:0:0:a]:1000    -> [alice/0:0:0:a:ffff:0:0:a]:1000          2021-04-10 15:10:50.455173 | bob
2021-04-10 15:10:51.856949 [bob/0:0:0:b:ffff:0:0:b%0:0:0:a]:1000    <- [alice/0:0:0:a:ffff:0:0:a]:1000          2021-04-10 15:10:51.855578 | alice
2021-04-10 15:10:51.857362 [bob/0:0:0:b:ffff:0:0:b%0:0:0:a]:1000    -> [alice/0:0:0:a:ffff:0:0:a]:1000          2021-04-10 15:10:51.458278 | bob
2021-04-10 15:10:52.859954 [bob/0:0:0:b:ffff:0:0:b%0:0:0:a]:1000    <- [alice/0:0:0:a:ffff:0:0:a]:1000          2021-04-10 15:10:52.858565 | alice
2021-04-10 15:10:52.860342 [bob/0:0:0:b:ffff:0:0:b%0:0:0:a]:1000    -> [alice/0:0:0:a:ffff:0:0:a]:1000          2021-04-10 15:10:52.765892 | bob
2021-04-10 15:10:53.862940 [bob/0:0:0:b:ffff:0:0:b%0:0:0:a]:1000    <- [alice/0:0:0:a:ffff:0:0:a]:1000          2021-04-10 15:10:53.861553 | alice
2021-04-10 15:10:53.863304 [bob/0:0:0:b:ffff:0:0:b%0:0:0:a]:1000    -> [alice/0:0:0:a:ffff:0:0:a]:1000          2021-04-10 15:10:53.768938 | bob
2021-04-10 15:10:54.865974 [bob/0:0:0:b:ffff:0:0:b%0:0:0:a]:1000    <- [alice/0:0:0:a:ffff:0:0:a]:1000          2021-04-10 15:10:54.864501 | alice
2021-04-10 15:10:54.866340 [bob/0:0:0:b:ffff:0:0:b%0:0:0:a]:1000    -> [alice/0:0:0:a:ffff:0:0:a]:1000          2021-04-10 15:10:54.771965 | bob
2021-04-10 15:10:55.868865 [bob/0:0:0:b:ffff:0:0:b%0:0:0:a]:1000    <- [alice/0:0:0:a:ffff:0:0:a]:1000          2021-04-10 15:10:55.867512 | alice
2021-04-10 15:10:55.869271 [bob/0:0:0:b:ffff:0:0:b%0:0:0:a]:1000    -> [alice/0:0:0:a:ffff:0:0:a]:1000          2021-04-10 15:10:55.774927 | bob
2021-04-10 15:10:56.871942 [bob/0:0:0:b:ffff:0:0:b%0:0:0:a]:1000    <- [alice/0:0:0:a:ffff:0:0:a]:1000          2021-04-10 15:10:56.870499 | alice
2021-04-10 15:10:56.872311 [bob/0:0:0:b:ffff:0:0:b%0:0:0:a]:1000    -> [alice/0:0:0:a:ffff:0:0:a]:1000          2021-04-10 15:10:56.777842 | bob
2021-04-10 15:10:57.875127 [bob/0:0:0:b:ffff:0:0:b%0:0:0:a]:1000    <- [alice/0:0:0:a:ffff:0:0:a]:1000          2021-04-10 15:10:57.873515 | alice
2021-04-10 15:10:57.875496 [bob/0:0:0:b:ffff:0:0:b%0:0:0:a]:1000    -> [alice/0:0:0:a:ffff:0:0:a]:1000          2021-04-10 15:10:57.780859 | bob
2021-04-10 15:10:58.878185 [bob/0:0:0:b:ffff:0:0:b%0:0:0:a]:1000    <- [alice/0:0:0:a:ffff:0:0:a]:1000          2021-04-10 15:10:58.876710 | alice
2021-04-10 15:10:59.898996 [bob/0:0:0:b:ffff:0:0:b%0:0:0:a]:1000    <- [alice/0:0:0:a:ffff:0:0:a]:1000          2021-04-10 15:10:59.879637 | alice
2021-04-10 15:11:00.901850 [bob/0:0:0:b:ffff:0:0:b%0:0:0:a]:1000    <- [alice/0:0:0:a:ffff:0:0:a]:1000          2021-04-10 15:11:00.900452 | alice
2021-04-10 15:11:00.902208 [bob/0:0:0:b:ffff:0:0:b%0:0:0:a]:1000    -> [alice/0:0:0:a:ffff:0:0:a]:1000          2021-04-10 15:10:58.783916 | bob
2021-04-10 15:11:00.902323 [bob/0:0:0:b:ffff:0:0:b%0:0:0:a]:1000    -> [alice/0:0:0:a:ffff:0:0:a]:1000          2021-04-10 15:10:59.786927 | bob
2021-04-10 15:11:00.902436 [bob/0:0:0:b:ffff:0:0:b%0:0:0:a]:1000    -> [alice/0:0:0:a:ffff:0:0:a]:1000          2021-04-10 15:11:00.789712 | bob
2021-04-10 15:11:01.904993 [bob/0:0:0:b:ffff:0:0:b%0:0:0:a]:1000    <- [alice/0:0:0:a:ffff:0:0:a]:1000          2021-04-10 15:11:01.903626 | alice
2021-04-10 15:11:01.905423 [bob/0:0:0:b:ffff:0:0:b%0:0:0:a]:1000    -> [alice/0:0:0:a:ffff:0:0:a]:1000          2021-04-10 15:11:01.792632 | bob
2021-04-10 15:11:02.907968 [bob/0:0:0:b:ffff:0:0:b%0:0:0:a]:1000    <- [alice/0:0:0:a:ffff:0:0:a]:1000          2021-04-10 15:11:02.906633 | alice
2021-04-10 15:11:02.908326 [bob/0:0:0:b:ffff:0:0:b%0:0:0:a]:1000    -> [alice/0:0:0:a:ffff:0:0:a]:1000          2021-04-10 15:11:02.795974 | bob
2021-04-10 15:11:03.910886 [bob/0:0:0:b:ffff:0:0:b%0:0:0:a]:1000    <- [alice/0:0:0:a:ffff:0:0:a]:1000          2021-04-10 15:11:03.909532 | alice
2021-04-10 15:11:03.911224 [bob/0:0:0:b:ffff:0:0:b%0:0:0:a]:1000    -> [alice/0:0:0:a:ffff:0:0:a]:1000          2021-04-10 15:11:03.798958 | bob
2021-04-10 15:11:04.917704 [bob/0:0:0:b:ffff:0:0:b%0:0:0:a]:1000    <- [alice/0:0:0:a:ffff:0:0:a]:1000          2021-04-10 15:11:04.912427 | alice
2021-04-10 15:11:04.918075 [bob/0:0:0:b:ffff:0:0:b%0:0:0:a]:1000    -> [alice/0:0:0:a:ffff:0:0:a]:1000          2021-04-10 15:11:04.801940 | bob
2021-04-10 15:11:05.920594 [bob/0:0:0:b:ffff:0:0:b%0:0:0:a]:1000    <- [alice/0:0:0:a:ffff:0:0:a]:1000          2021-04-10 15:11:05.919265 | alice
2021-04-10 15:11:05.920956 [bob/0:0:0:b:ffff:0:0:b%0:0:0:a]:1000    -> [alice/0:0:0:a:ffff:0:0:a]:1000          2021-04-10 15:11:05.804945 | bob
2021-04-10 15:11:06.923454 [bob/0:0:0:b:ffff:0:0:b%0:0:0:a]:1000    <- [alice/0:0:0:a:ffff:0:0:a]:1000          2021-04-10 15:11:06.922153 | alice
2021-04-10 15:11:06.923814 [bob/0:0:0:b:ffff:0:0:b%0:0:0:a]:1000    -> [alice/0:0:0:a:ffff:0:0:a]:1000          2021-04-10 15:11:06.807987 | bob
2021-04-10 15:11:07.926427 [bob/0:0:0:b:ffff:0:0:b%0:0:0:b]:1000    <- [alice/0:0:0:a:ffff:0:0:a]:1000          2021-04-10 15:11:07.925019 | alice
2021-04-10 15:11:07.926791 [bob/0:0:0:b:ffff:0:0:b%0:0:0:b]:1000    -> [alice/0:0:0:b:ffff:0:0:a]:1000          2021-04-10 15:11:07.811188 | bob
2021-04-10 15:11:08.929390 [bob/0:0:0:b:ffff:0:0:b%0:0:0:b]:1000    <- [alice/0:0:0:a:ffff:0:0:a]:1000          2021-04-10 15:11:08.927987 | alice
2021-04-10 15:11:08.929754 [bob/0:0:0:b:ffff:0:0:b%0:0:0:b]:1000    -> [alice/0:0:0:b:ffff:0:0:a]:1000          2021-04-10 15:11:08.814350 | bob
2021-04-10 15:11:09.934806 [bob/0:0:0:b:ffff:0:0:b%0:0:0:b]:1000    <- [alice/0:0:0:a:ffff:0:0:a]:1000          2021-04-10 15:11:09.930953 | alice
2021-04-10 15:11:09.935051 [bob/0:0:0:b:ffff:0:0:b%0:0:0:b]:1000    -> [alice/0:0:0:b:ffff:0:0:a]:1000          2021-04-10 15:11:09.817329 | bob
2021-04-10 15:11:10.937739 [bob/0:0:0:b:ffff:0:0:b%0:0:0:b]:1000    <- [alice/0:0:0:a:ffff:0:0:a]:1000          2021-04-10 15:11:10.936244 | alice
2021-04-10 15:11:10.938173 [bob/0:0:0:b:ffff:0:0:b%0:0:0:b]:1000    -> [alice/0:0:0:b:ffff:0:0:a]:1000          2021-04-10 15:11:10.820267 | bob
