2021-04-10 15:10:47.426839 Started
	log = true
	mcast_port = 10000
	mcast_interface = eth0
	buffer_size = 65487
2021-04-10 15:10:47.436946 Joined ff12:0:3e8:0:0:0:0:b%eth0
2021-04-10 15:10:47.446675 [ff12:0:3e8:0:0:0:0:b]:10000                  <- [fe80::dea6:32ff:fec4:6719]:10000             b'\x00\x00\x00\x00\x00\x14+\x03\x00\x00\x00\x00\x00\x00\x00\x0b\xff\xff\x00\x00\x00\x00\x00\x0b\xff\x02\x00\x00\x00\x00\x00\x01\x00\x00\x00\x00\x00\x00\x00\x00\xff\xff\x00\x00\x00\x00\x00\x0b\x00\x00\x00\x00\x00\x00\x00\x0b\x01bob'
2021-04-10 15:10:47.447820 [fe80::dea6:32ff:fec4:6719]:10000             -> [ff12:0:3e8:0:0:0:0:b]:10000                  b'\x00\x00\x00\x00\x00\x14+\x03\x00\x00\x00\x00\x00\x00\x00\x0b\xff\xff\x00\x00\x00\x00\x00\x0b\xff\x02\x00\x00\x00\x00\x00\x01\x00\x00\x00\x00\x00\x00\x00\x00\xff\xff\x00\x00\x00\x00\x00\x0b\x00\x00\x00\x00\x00\x00\x00\x0b\x01bob'
2021-04-10 15:10:47.449865 [fe80::dea6:32ff:fec4:6799]:10000             -> [ff12:0:3e8:0:0:0:0:b]:10000                  b'\x00\x00\x00\x00\x00\x18+\x03\x00\x00\x00\x00\x00\x00\x00\x0b\xff\xff\x00\x00\x00\x00\x00\r\xff\x02\x00\x00\x00\x00\x00\x01\x00\x00\x00\x00\x00\x00\x00\x00\xff\xff\x00\x00\x00\x00\x00\r\x00\x00\x00\x00\x00\x00\x00\x0b\x00desktop'
2021-04-10 15:10:47.547024 [fe80::dea6:32ff:fec4:6799]:10000             -> [ff12:0:3e8:0:0:0:0:b]:10000                  b'\x00\x00\x00\x00\x00\x18+\x03\x00\x00\x00\x00\x00\x00\x00\x0b\xff\xff\x00\x00\x00\x00\x00\r\xff\x02\x00\x00\x00\x00\x00\x01\x00\x00\x00\x00\x00\x00\x00\x00\xff\xff\x00\x00\x00\x00\x00\r\x00\x00\x00\x00\x00\x00\x00\n\x00desktop'
2021-04-10 15:10:47.547906 [fe80::dea6:32ff:fec4:6799]:10000             -> [ff12:0:3e8:0:0:0:0:b]:10000                  b'\x00\x00\x00\x00\x00\x16+\x02\x00\x00\x00\x00\x00\x00\x00\n\xff\xff\x00\x00\x00\x00\x00\n\xff\x02\x00\x00\x00\x00\x00\x01\x00\x00\x00\x00\x00\x00\x00\x00\xff\xff\x00\x00\x00\x00\x00\n\x00\x00\x00\x00\x00\x00\x00\n\x01alice'
2021-04-10 15:10:47.548907 [ff12:0:3e8:0:0:0:0:b]:10000                  <- [fe80::dea6:32ff:fec4:6719]:10000             b'\x00\x00\x00\x00\x00\x14+\x03\x00\x00\x00\x00\x00\x00\x00\x0b\xff\xff\x00\x00\x00\x00\x00\x0b\xff\x02\x00\x00\x00\x00\x00\x01\x00\x00\x00\x00\x00\x00\x00\x00\xff\xff\x00\x00\x00\x00\x00\x0b\x00\x00\x00\x00\x00\x00\x00\x0b\x00bob'
2021-04-10 15:10:47.549545 [fe80::dea6:32ff:fec4:6719]:10000             -> [ff12:0:3e8:0:0:0:0:b]:10000                  b'\x00\x00\x00\x00\x00\x14+\x03\x00\x00\x00\x00\x00\x00\x00\x0b\xff\xff\x00\x00\x00\x00\x00\x0b\xff\x02\x00\x00\x00\x00\x00\x01\x00\x00\x00\x00\x00\x00\x00\x00\xff\xff\x00\x00\x00\x00\x00\x0b\x00\x00\x00\x00\x00\x00\x00\x0b\x00bob'
2021-04-10 15:10:48.450232 [ff12:0:3e8:0:0:0:0:b]:10000                  <- [fe80::dea6:32ff:fec4:6719]:10000             b'\x00\x00\x00\x00\x00$*\x03\x00\x00\x00\x00\x00\x00\x00\x0b\xff\xff\x00\x00\x00\x00\x00\x0b\x00\x00\x00\x00\x00\x00\x00\n\xff\xff\x00\x00\x00\x00\x00\n\x03\xe8\x03\xe82021-04-10 15:10:'...
2021-04-10 15:10:48.450948 [fe80::dea6:32ff:fec4:6719]:10000             -> [ff12:0:3e8:0:0:0:0:b]:10000                  b'\x00\x00\x00\x00\x00$*\x03\x00\x00\x00\x00\x00\x00\x00\x0b\xff\xff\x00\x00\x00\x00\x00\x0b\x00\x00\x00\x00\x00\x00\x00\n\xff\xff\x00\x00\x00\x00\x00\n\x03\xe8\x03\xe82021-04-10 15:10:'...
2021-04-10 15:10:49.368496 [fe80::dea6:32ff:fec4:6799]:10000             -> [ff12:0:3e8:0:0:0:0:b]:10000                  b'\x00\x00\x00\x00\x00&*\x02\x00\x00\x00\x00\x00\x00\x00\n\xff\xff\x00\x00\x00\x00\x00\n\x00\x00\x00\x00\x00\x00\x00\x0b\xff\xff\x00\x00\x00\x00\x00\x0b\x03\xe8\x03\xe82021-04-10 15:10:'...
2021-04-10 15:10:49.452979 [ff12:0:3e8:0:0:0:0:b]:10000                  <- [fe80::dea6:32ff:fec4:6719]:10000             b'\x00\x00\x00\x00\x00$*\x03\x00\x00\x00\x00\x00\x00\x00\x0b\xff\xff\x00\x00\x00\x00\x00\x0b\x00\x00\x00\x00\x00\x00\x00\n\xff\xff\x00\x00\x00\x00\x00\n\x03\xe8\x03\xe82021-04-10 15:10:'...
2021-04-10 15:10:49.453570 [fe80::dea6:32ff:fec4:6719]:10000             -> [ff12:0:3e8:0:0:0:0:b]:10000                  b'\x00\x00\x00\x00\x00$*\x03\x00\x00\x00\x00\x00\x00\x00\x0b\xff\xff\x00\x00\x00\x00\x00\x0b\x00\x00\x00\x00\x00\x00\x00\n\xff\xff\x00\x00\x00\x00\x00\n\x03\xe8\x03\xe82021-04-10 15:10:'...
2021-04-10 15:10:49.975398 [fe80::dea6:32ff:fec4:6799]:10000             -> [ff12:0:3e8:0:0:0:0:b]:10000                  b'\x00\x00\x00\x00\x00&*\x02\x00\x00\x00\x00\x00\x00\x00\n\xff\xff\x00\x00\x00\x00\x00\n\x00\x00\x00\x00\x00\x00\x00\x0b\xff\xff\x00\x00\x00\x00\x00\x0b\x03\xe8\x03\xe82021-04-10 15:10:'...
2021-04-10 15:10:50.455836 [ff12:0:3e8:0:0:0:0:b]:10000                  <- [fe80::dea6:32ff:fec4:6719]:10000             b'\x00\x00\x00\x00\x00$*\x03\x00\x00\x00\x00\x00\x00\x00\x0b\xff\xff\x00\x00\x00\x00\x00\x0b\x00\x00\x00\x00\x00\x00\x00\n\xff\xff\x00\x00\x00\x00\x00\n\x03\xe8\x03\xe82021-04-10 15:10:'...
2021-04-10 15:10:50.456560 [fe80::dea6:32ff:fec4:6719]:10000             -> [ff12:0:3e8:0:0:0:0:b]:10000                  b'\x00\x00\x00\x00\x00$*\x03\x00\x00\x00\x00\x00\x00\x00\x0b\xff\xff\x00\x00\x00\x00\x00\x0b\x00\x00\x00\x00\x00\x00\x00\n\xff\xff\x00\x00\x00\x00\x00\n\x03\xe8\x03\xe82021-04-10 15:10:'...
2021-04-10 15:10:50.980112 [fe80::dea6:32ff:fec4:6799]:10000             -> [ff12:0:3e8:0:0:0:0:b]:10000                  b'\x00\x00\x00\x00\x00&*\x02\x00\x00\x00\x00\x00\x00\x00\n\xff\xff\x00\x00\x00\x00\x00\n\x00\x00\x00\x00\x00\x00\x00\x0b\xff\xff\x00\x00\x00\x00\x00\x0b\x03\xe8\x03\xe82021-04-10 15:10:'...
2021-04-10 15:10:51.763499 [ff12:0:3e8:0:0:0:0:b]:10000                  <- [fe80::dea6:32ff:fec4:6719]:10000             b'\x00\x00\x00\x00\x00$*\x03\x00\x00\x00\x00\x00\x00\x00\x0b\xff\xff\x00\x00\x00\x00\x00\x0b\x00\x00\x00\x00\x00\x00\x00\n\xff\xff\x00\x00\x00\x00\x00\n\x03\xe8\x03\xe82021-04-10 15:10:'...
2021-04-10 15:10:51.764220 [fe80::dea6:32ff:fec4:6719]:10000             -> [ff12:0:3e8:0:0:0:0:b]:10000                  b'\x00\x00\x00\x00\x00$*\x03\x00\x00\x00\x00\x00\x00\x00\x0b\xff\xff\x00\x00\x00\x00\x00\x0b\x00\x00\x00\x00\x00\x00\x00\n\xff\xff\x00\x00\x00\x00\x00\n\x03\xe8\x03\xe82021-04-10 15:10:'...
2021-04-10 15:10:51.982888 [fe80::dea6:32ff:fec4:6799]:10000             -> [ff12:0:3e8:0:0:0:0:b]:10000                  b'\x00\x00\x00\x00\x00&*\x02\x00\x00\x00\x00\x00\x00\x00\n\xff\xff\x00\x00\x00\x00\x00\n\x00\x00\x00\x00\x00\x00\x00\x0b\xff\xff\x00\x00\x00\x00\x00\x0b\x03\xe8\x03\xe82021-04-10 15:10:'...
2021-04-10 15:10:52.766555 [ff12:0:3e8:0:0:0:0:b]:10000                  <- [fe80::dea6:32ff:fec4:6719]:10000             b'\x00\x00\x00\x00\x00$*\x03\x00\x00\x00\x00\x00\x00\x00\x0b\xff\xff\x00\x00\x00\x00\x00\x0b\x00\x00\x00\x00\x00\x00\x00\n\xff\xff\x00\x00\x00\x00\x00\n\x03\xe8\x03\xe82021-04-10 15:10:'...
2021-04-10 15:10:52.767276 [fe80::dea6:32ff:fec4:6719]:10000             -> [ff12:0:3e8:0:0:0:0:b]:10000                  b'\x00\x00\x00\x00\x00$*\x03\x00\x00\x00\x00\x00\x00\x00\x0b\xff\xff\x00\x00\x00\x00\x00\x0b\x00\x00\x00\x00\x00\x00\x00\n\xff\xff\x00\x00\x00\x00\x00\n\x03\xe8\x03\xe82021-04-10 15:10:'...
2021-04-10 15:10:52.985973 [fe80::dea6:32ff:fec4:6799]:10000             -> [ff12:0:3e8:0:0:0:0:b]:10000                  b'\x00\x00\x00\x00\x00&*\x02\x00\x00\x00\x00\x00\x00\x00\n\xff\xff\x00\x00\x00\x00\x00\n\x00\x00\x00\x00\x00\x00\x00\x0b\xff\xff\x00\x00\x00\x00\x00\x0b\x03\xe8\x03\xe82021-04-10 15:10:'...
2021-04-10 15:10:53.769632 [ff12:0:3e8:0:0:0:0:b]:10000                  <- [fe80::dea6:32ff:fec4:6719]:10000             b'\x00\x00\x00\x00\x00$*\x03\x00\x00\x00\x00\x00\x00\x00\x0b\xff\xff\x00\x00\x00\x00\x00\x0b\x00\x00\x00\x00\x00\x00\x00\n\xff\xff\x00\x00\x00\x00\x00\n\x03\xe8\x03\xe82021-04-10 15:10:'...
2021-04-10 15:10:53.770324 [fe80::dea6:32ff:fec4:6719]:10000             -> [ff12:0:3e8:0:0:0:0:b]:10000                  b'\x00\x00\x00\x00\x00$*\x03\x00\x00\x00\x00\x00\x00\x00\x0b\xff\xff\x00\x00\x00\x00\x00\x0b\x00\x00\x00\x00\x00\x00\x00\n\xff\xff\x00\x00\x00\x00\x00\n\x03\xe8\x03\xe82021-04-10 15:10:'...
2021-04-10 15:10:53.988947 [fe80::dea6:32ff:fec4:6799]:10000             -> [ff12:0:3e8:0:0:0:0:b]:10000                  b'\x00\x00\x00\x00\x00&*\x02\x00\x00\x00\x00\x00\x00\x00\n\xff\xff\x00\x00\x00\x00\x00\n\x00\x00\x00\x00\x00\x00\x00\x0b\xff\xff\x00\x00\x00\x00\x00\x0b\x03\xe8\x03\xe82021-04-10 15:10:'...
2021-04-10 15:10:54.772550 [ff12:0:3e8:0:0:0:0:b]:10000                  <- [fe80::dea6:32ff:fec4:6719]:10000             b'\x00\x00\x00\x00\x00$*\x03\x00\x00\x00\x00\x00\x00\x00\x0b\xff\xff\x00\x00\x00\x00\x00\x0b\x00\x00\x00\x00\x00\x00\x00\n\xff\xff\x00\x00\x00\x00\x00\n\x03\xe8\x03\xe82021-04-10 15:10:'...
2021-04-10 15:10:54.773280 [fe80::dea6:32ff:fec4:6719]:10000             -> [ff12:0:3e8:0:0:0:0:b]:10000                  b'\x00\x00\x00\x00\x00$*\x03\x00\x00\x00\x00\x00\x00\x00\x0b\xff\xff\x00\x00\x00\x00\x00\x0b\x00\x00\x00\x00\x00\x00\x00\n\xff\xff\x00\x00\x00\x00\x00\n\x03\xe8\x03\xe82021-04-10 15:10:'...
2021-04-10 15:10:54.992070 [fe80::dea6:32ff:fec4:6799]:10000             -> [ff12:0:3e8:0:0:0:0:b]:10000                  b'\x00\x00\x00\x00\x00&*\x02\x00\x00\x00\x00\x00\x00\x00\n\xff\xff\x00\x00\x00\x00\x00\n\x00\x00\x00\x00\x00\x00\x00\x0b\xff\xff\x00\x00\x00\x00\x00\x0b\x03\xe8\x03\xe82021-04-10 15:10:'...
2021-04-10 15:10:55.775515 [ff12:0:3e8:0:0:0:0:b]:10000                  <- [fe80::dea6:32ff:fec4:6719]:10000             b'\x00\x00\x00\x00\x00$*\x03\x00\x00\x00\x00\x00\x00\x00\x0b\xff\xff\x00\x00\x00\x00\x00\x0b\x00\x00\x00\x00\x00\x00\x00\n\xff\xff\x00\x00\x00\x00\x00\n\x03\xe8\x03\xe82021-04-10 15:10:'...
2021-04-10 15:10:55.776197 [fe80::dea6:32ff:fec4:6719]:10000             -> [ff12:0:3e8:0:0:0:0:b]:10000                  b'\x00\x00\x00\x00\x00$*\x03\x00\x00\x00\x00\x00\x00\x00\x0b\xff\xff\x00\x00\x00\x00\x00\x0b\x00\x00\x00\x00\x00\x00\x00\n\xff\xff\x00\x00\x00\x00\x00\n\x03\xe8\x03\xe82021-04-10 15:10:'...
2021-04-10 15:10:55.994894 [fe80::dea6:32ff:fec4:6799]:10000             -> [ff12:0:3e8:0:0:0:0:b]:10000                  b'\x00\x00\x00\x00\x00&*\x02\x00\x00\x00\x00\x00\x00\x00\n\xff\xff\x00\x00\x00\x00\x00\n\x00\x00\x00\x00\x00\x00\x00\x0b\xff\xff\x00\x00\x00\x00\x00\x0b\x03\xe8\x03\xe82021-04-10 15:10:'...
2021-04-10 15:10:56.778485 [ff12:0:3e8:0:0:0:0:b]:10000                  <- [fe80::dea6:32ff:fec4:6719]:10000             b'\x00\x00\x00\x00\x00$*\x03\x00\x00\x00\x00\x00\x00\x00\x0b\xff\xff\x00\x00\x00\x00\x00\x0b\x00\x00\x00\x00\x00\x00\x00\n\xff\xff\x00\x00\x00\x00\x00\n\x03\xe8\x03\xe82021-04-10 15:10:'...
2021-04-10 15:10:56.779201 [fe80::dea6:32ff:fec4:6719]:10000             -> [ff12:0:3e8:0:0:0:0:b]:10000                  b'\x00\x00\x00\x00\x00$*\x03\x00\x00\x00\x00\x00\x00\x00\x0b\xff\xff\x00\x00\x00\x00\x00\x0b\x00\x00\x00\x00\x00\x00\x00\n\xff\xff\x00\x00\x00\x00\x00\n\x03\xe8\x03\xe82021-04-10 15:10:'...
2021-04-10 15:10:56.998138 [fe80::dea6:32ff:fec4:6799]:10000             -> [ff12:0:3e8:0:0:0:0:b]:10000                  b'\x00\x00\x00\x00\x00&*\x02\x00\x00\x00\x00\x00\x00\x00\n\xff\xff\x00\x00\x00\x00\x00\n\x00\x00\x00\x00\x00\x00\x00\x0b\xff\xff\x00\x00\x00\x00\x00\x0b\x03\xe8\x03\xe82021-04-10 15:10:'...
2021-04-10 15:10:57.781574 [ff12:0:3e8:0:0:0:0:b]:10000                  <- [fe80::dea6:32ff:fec4:6719]:10000             b'\x00\x00\x00\x00\x00$*\x03\x00\x00\x00\x00\x00\x00\x00\x0b\xff\xff\x00\x00\x00\x00\x00\x0b\x00\x00\x00\x00\x00\x00\x00\n\xff\xff\x00\x00\x00\x00\x00\n\x03\xe8\x03\xe82021-04-10 15:10:'...
2021-04-10 15:10:57.782264 [fe80::dea6:32ff:fec4:6719]:10000             -> [ff12:0:3e8:0:0:0:0:b]:10000                  b'\x00\x00\x00\x00\x00$*\x03\x00\x00\x00\x00\x00\x00\x00\x0b\xff\xff\x00\x00\x00\x00\x00\x0b\x00\x00\x00\x00\x00\x00\x00\n\xff\xff\x00\x00\x00\x00\x00\n\x03\xe8\x03\xe82021-04-10 15:10:'...
2021-04-10 15:10:58.001350 [fe80::dea6:32ff:fec4:6799]:10000             -> [ff12:0:3e8:0:0:0:0:b]:10000                  b'\x00\x00\x00\x00\x00&*\x02\x00\x00\x00\x00\x00\x00\x00\n\xff\xff\x00\x00\x00\x00\x00\n\x00\x00\x00\x00\x00\x00\x00\x0b\xff\xff\x00\x00\x00\x00\x00\x0b\x03\xe8\x03\xe82021-04-10 15:10:'...
2021-04-10 15:10:58.784507 [ff12:0:3e8:0:0:0:0:b]:10000                  <- [fe80::dea6:32ff:fec4:6719]:10000             b'\x00\x00\x00\x00\x00$*\x03\x00\x00\x00\x00\x00\x00\x00\x0b\xff\xff\x00\x00\x00\x00\x00\x0b\x00\x00\x00\x00\x00\x00\x00\n\xff\xff\x00\x00\x00\x00\x00\n\x03\xe8\x03\xe82021-04-10 15:10:'...
2021-04-10 15:10:58.785283 [fe80::dea6:32ff:fec4:6719]:10000             -> [ff12:0:3e8:0:0:0:0:b]:10000                  b'\x00\x00\x00\x00\x00$*\x03\x00\x00\x00\x00\x00\x00\x00\x0b\xff\xff\x00\x00\x00\x00\x00\x0b\x00\x00\x00\x00\x00\x00\x00\n\xff\xff\x00\x00\x00\x00\x00\n\x03\xe8\x03\xe82021-04-10 15:10:'...
2021-04-10 15:10:59.787518 [ff12:0:3e8:0:0:0:0:b]:10000                  <- [fe80::dea6:32ff:fec4:6719]:10000             b'\x00\x00\x00\x00\x00$*\x03\x00\x00\x00\x00\x00\x00\x00\x0b\xff\xff\x00\x00\x00\x00\x00\x0b\x00\x00\x00\x00\x00\x00\x00\n\xff\xff\x00\x00\x00\x00\x00\n\x03\xe8\x03\xe82021-04-10 15:10:'...
2021-04-10 15:10:59.788190 [fe80::dea6:32ff:fec4:6719]:10000             -> [ff12:0:3e8:0:0:0:0:b]:10000                  b'\x00\x00\x00\x00\x00$*\x03\x00\x00\x00\x00\x00\x00\x00\x0b\xff\xff\x00\x00\x00\x00\x00\x0b\x00\x00\x00\x00\x00\x00\x00\n\xff\xff\x00\x00\x00\x00\x00\n\x03\xe8\x03\xe82021-04-10 15:10:'...
2021-04-10 15:11:00.790376 [ff12:0:3e8:0:0:0:0:b]:10000                  <- [fe80::dea6:32ff:fec4:6719]:10000             b'\x00\x00\x00\x00\x00$*\x03\x00\x00\x00\x00\x00\x00\x00\x0b\xff\xff\x00\x00\x00\x00\x00\x0b\x00\x00\x00\x00\x00\x00\x00\n\xff\xff\x00\x00\x00\x00\x00\n\x03\xe8\x03\xe82021-04-10 15:11:'...
2021-04-10 15:11:00.791093 [fe80::dea6:32ff:fec4:6719]:10000             -> [ff12:0:3e8:0:0:0:0:b]:10000                  b'\x00\x00\x00\x00\x00$*\x03\x00\x00\x00\x00\x00\x00\x00\x0b\xff\xff\x00\x00\x00\x00\x00\x0b\x00\x00\x00\x00\x00\x00\x00\n\xff\xff\x00\x00\x00\x00\x00\n\x03\xe8\x03\xe82021-04-10 15:11:'...
2021-04-10 15:11:00.981588 [fe80::dea6:32ff:fec4:6799]:10000             -> [ff12:0:3e8:0:0:0:0:b]:10000                  b'\x00\x00\x00\x00\x00&*\x02\x00\x00\x00\x00\x00\x00\x00\n\xff\xff\x00\x00\x00\x00\x00\n\x00\x00\x00\x00\x00\x00\x00\x0b\xff\xff\x00\x00\x00\x00\x00\x0b\x03\xe8\x03\xe82021-04-10 15:10:'...
2021-04-10 15:11:00.983639 [fe80::dea6:32ff:fec4:6799]:10000             -> [ff12:0:3e8:0:0:0:0:b]:10000                  b'\x00\x00\x00\x00\x00&*\x02\x00\x00\x00\x00\x00\x00\x00\n\xff\xff\x00\x00\x00\x00\x00\n\x00\x00\x00\x00\x00\x00\x00\x0b\xff\xff\x00\x00\x00\x00\x00\x0b\x03\xe8\x03\xe82021-04-10 15:10:'...
2021-04-10 15:11:01.027894 [fe80::dea6:32ff:fec4:6799]:10000             -> [ff12:0:3e8:0:0:0:0:b]:10000                  b'\x00\x00\x00\x00\x00&*\x02\x00\x00\x00\x00\x00\x00\x00\n\xff\xff\x00\x00\x00\x00\x00\n\x00\x00\x00\x00\x00\x00\x00\x0b\xff\xff\x00\x00\x00\x00\x00\x0b\x03\xe8\x03\xe82021-04-10 15:11:'...
2021-04-10 15:11:01.793374 [ff12:0:3e8:0:0:0:0:b]:10000                  <- [fe80::dea6:32ff:fec4:6719]:10000             b'\x00\x00\x00\x00\x00$*\x03\x00\x00\x00\x00\x00\x00\x00\x0b\xff\xff\x00\x00\x00\x00\x00\x0b\x00\x00\x00\x00\x00\x00\x00\n\xff\xff\x00\x00\x00\x00\x00\n\x03\xe8\x03\xe82021-04-10 15:11:'...
2021-04-10 15:11:01.794091 [fe80::dea6:32ff:fec4:6719]:10000             -> [ff12:0:3e8:0:0:0:0:b]:10000                  b'\x00\x00\x00\x00\x00$*\x03\x00\x00\x00\x00\x00\x00\x00\x0b\xff\xff\x00\x00\x00\x00\x00\x0b\x00\x00\x00\x00\x00\x00\x00\n\xff\xff\x00\x00\x00\x00\x00\n\x03\xe8\x03\xe82021-04-10 15:11:'...
2021-04-10 15:11:02.031244 [fe80::dea6:32ff:fec4:6799]:10000             -> [ff12:0:3e8:0:0:0:0:b]:10000                  b'\x00\x00\x00\x00\x00&*\x02\x00\x00\x00\x00\x00\x00\x00\n\xff\xff\x00\x00\x00\x00\x00\n\x00\x00\x00\x00\x00\x00\x00\x0b\xff\xff\x00\x00\x00\x00\x00\x0b\x03\xe8\x03\xe82021-04-10 15:11:'...
2021-04-10 15:11:02.796600 [ff12:0:3e8:0:0:0:0:b]:10000                  <- [fe80::dea6:32ff:fec4:6719]:10000             b'\x00\x00\x00\x00\x00$*\x03\x00\x00\x00\x00\x00\x00\x00\x0b\xff\xff\x00\x00\x00\x00\x00\x0b\x00\x00\x00\x00\x00\x00\x00\n\xff\xff\x00\x00\x00\x00\x00\n\x03\xe8\x03\xe82021-04-10 15:11:'...
2021-04-10 15:11:02.797296 [fe80::dea6:32ff:fec4:6719]:10000             -> [ff12:0:3e8:0:0:0:0:b]:10000                  b'\x00\x00\x00\x00\x00$*\x03\x00\x00\x00\x00\x00\x00\x00\x0b\xff\xff\x00\x00\x00\x00\x00\x0b\x00\x00\x00\x00\x00\x00\x00\n\xff\xff\x00\x00\x00\x00\x00\n\x03\xe8\x03\xe82021-04-10 15:11:'...
2021-04-10 15:11:03.034266 [fe80::dea6:32ff:fec4:6799]:10000             -> [ff12:0:3e8:0:0:0:0:b]:10000                  b'\x00\x00\x00\x00\x00&*\x02\x00\x00\x00\x00\x00\x00\x00\n\xff\xff\x00\x00\x00\x00\x00\n\x00\x00\x00\x00\x00\x00\x00\x0b\xff\xff\x00\x00\x00\x00\x00\x0b\x03\xe8\x03\xe82021-04-10 15:11:'...
2021-04-10 15:11:03.799555 [ff12:0:3e8:0:0:0:0:b]:10000                  <- [fe80::dea6:32ff:fec4:6719]:10000             b'\x00\x00\x00\x00\x00$*\x03\x00\x00\x00\x00\x00\x00\x00\x0b\xff\xff\x00\x00\x00\x00\x00\x0b\x00\x00\x00\x00\x00\x00\x00\n\xff\xff\x00\x00\x00\x00\x00\n\x03\xe8\x03\xe82021-04-10 15:11:'...
2021-04-10 15:11:03.800219 [fe80::dea6:32ff:fec4:6719]:10000             -> [ff12:0:3e8:0:0:0:0:b]:10000                  b'\x00\x00\x00\x00\x00$*\x03\x00\x00\x00\x00\x00\x00\x00\x0b\xff\xff\x00\x00\x00\x00\x00\x0b\x00\x00\x00\x00\x00\x00\x00\n\xff\xff\x00\x00\x00\x00\x00\n\x03\xe8\x03\xe82021-04-10 15:11:'...
2021-04-10 15:11:04.037280 [fe80::dea6:32ff:fec4:6799]:10000             -> [ff12:0:3e8:0:0:0:0:b]:10000                  b'\x00\x00\x00\x00\x00&*\x02\x00\x00\x00\x00\x00\x00\x00\n\xff\xff\x00\x00\x00\x00\x00\n\x00\x00\x00\x00\x00\x00\x00\x0b\xff\xff\x00\x00\x00\x00\x00\x0b\x03\xe8\x03\xe82021-04-10 15:11:'...
2021-04-10 15:11:04.802592 [ff12:0:3e8:0:0:0:0:b]:10000                  <- [fe80::dea6:32ff:fec4:6719]:10000             b'\x00\x00\x00\x00\x00$*\x03\x00\x00\x00\x00\x00\x00\x00\x0b\xff\xff\x00\x00\x00\x00\x00\x0b\x00\x00\x00\x00\x00\x00\x00\n\xff\xff\x00\x00\x00\x00\x00\n\x03\xe8\x03\xe82021-04-10 15:11:'...
2021-04-10 15:11:04.803313 [fe80::dea6:32ff:fec4:6719]:10000             -> [ff12:0:3e8:0:0:0:0:b]:10000                  b'\x00\x00\x00\x00\x00$*\x03\x00\x00\x00\x00\x00\x00\x00\x0b\xff\xff\x00\x00\x00\x00\x00\x0b\x00\x00\x00\x00\x00\x00\x00\n\xff\xff\x00\x00\x00\x00\x00\n\x03\xe8\x03\xe82021-04-10 15:11:'...
2021-04-10 15:11:05.043887 [fe80::dea6:32ff:fec4:6799]:10000             -> [ff12:0:3e8:0:0:0:0:b]:10000                  b'\x00\x00\x00\x00\x00&*\x02\x00\x00\x00\x00\x00\x00\x00\n\xff\xff\x00\x00\x00\x00\x00\n\x00\x00\x00\x00\x00\x00\x00\x0b\xff\xff\x00\x00\x00\x00\x00\x0b\x03\xe8\x03\xe82021-04-10 15:11:'...
2021-04-10 15:11:05.805650 [ff12:0:3e8:0:0:0:0:b]:10000                  <- [fe80::dea6:32ff:fec4:6719]:10000             b'\x00\x00\x00\x00\x00$*\x03\x00\x00\x00\x00\x00\x00\x00\x0b\xff\xff\x00\x00\x00\x00\x00\x0b\x00\x00\x00\x00\x00\x00\x00\n\xff\xff\x00\x00\x00\x00\x00\n\x03\xe8\x03\xe82021-04-10 15:11:'...
2021-04-10 15:11:05.806341 [fe80::dea6:32ff:fec4:6719]:10000             -> [ff12:0:3e8:0:0:0:0:b]:10000                  b'\x00\x00\x00\x00\x00$*\x03\x00\x00\x00\x00\x00\x00\x00\x0b\xff\xff\x00\x00\x00\x00\x00\x0b\x00\x00\x00\x00\x00\x00\x00\n\xff\xff\x00\x00\x00\x00\x00\n\x03\xe8\x03\xe82021-04-10 15:11:'...
2021-04-10 15:11:06.046991 [fe80::dea6:32ff:fec4:6799]:10000             -> [ff12:0:3e8:0:0:0:0:b]:10000                  b'\x00\x00\x00\x00\x00&*\x02\x00\x00\x00\x00\x00\x00\x00\n\xff\xff\x00\x00\x00\x00\x00\n\x00\x00\x00\x00\x00\x00\x00\x0b\xff\xff\x00\x00\x00\x00\x00\x0b\x03\xe8\x03\xe82021-04-10 15:11:'...
2021-04-10 15:11:06.808716 [ff12:0:3e8:0:0:0:0:b]:10000                  <- [fe80::dea6:32ff:fec4:6719]:10000             b'\x00\x00\x00\x00\x00$*\x03\x00\x00\x00\x00\x00\x00\x00\x0b\xff\xff\x00\x00\x00\x00\x00\x0b\x00\x00\x00\x00\x00\x00\x00\n\xff\xff\x00\x00\x00\x00\x00\n\x03\xe8\x03\xe82021-04-10 15:11:'...
2021-04-10 15:11:06.809511 [fe80::dea6:32ff:fec4:6719]:10000             -> [ff12:0:3e8:0:0:0:0:b]:10000                  b'\x00\x00\x00\x00\x00$*\x03\x00\x00\x00\x00\x00\x00\x00\x0b\xff\xff\x00\x00\x00\x00\x00\x0b\x00\x00\x00\x00\x00\x00\x00\n\xff\xff\x00\x00\x00\x00\x00\n\x03\xe8\x03\xe82021-04-10 15:11:'...
2021-04-10 15:11:07.049970 [fe80::dea6:32ff:fec4:6799]:10000             -> [ff12:0:3e8:0:0:0:0:b]:10000                  b'\x00\x00\x00\x00\x00&*\x02\x00\x00\x00\x00\x00\x00\x00\n\xff\xff\x00\x00\x00\x00\x00\n\x00\x00\x00\x00\x00\x00\x00\x0b\xff\xff\x00\x00\x00\x00\x00\x0b\x03\xe8\x03\xe82021-04-10 15:11:'...
2021-04-10 15:11:07.566214 [fe80::dea6:32ff:fec4:67d5]:10000             -> [ff12:0:3e8:0:0:0:0:b]:10000                  b'\x00\x00\x00\x00\x00\x16+\x03\x00\x00\x00\x00\x00\x00\x00\x0b\xff\xff\x00\x00\x00\x00\x00\n\xff\x02\x00\x00\x00\x00\x00\x01\x00\x00\x00\x00\x00\x00\x00\x00\xff\xff\x00\x00\x00\x00\x00\n\x00\x00\x00\x00\x00\x00\x00\x0b\x00alice'
2021-04-10 15:11:07.570057 [fe80::dea6:32ff:fec4:6799]:10000             -> [ff12:0:3e8:0:0:0:0:b]:10000                  b'\x00\x00\x00\x00\x00\t,\x02\x00\x00\x00\x00\x00\x00\x00\n\xff\xff\x00\x00\x00\x00\x00\n\x00\x00\x00\x00\x00\x00\x00\x0b\xff\xff\x00\x00\x00\x00\x00\x0b\x01\x00\x00\x00\x00\x00\x00\x00\x0b'
2021-04-10 15:11:07.571031 [ff12:0:3e8:0:0:0:0:b]:10000                  <- [fe80::dea6:32ff:fec4:6719]:10000             b'\x00\x00\x00\x00\x00\x01,\x03\x00\x00\x00\x00\x00\x00\x00\x0b\xff\xff\x00\x00\x00\x00\x00\x0b\x00\x00\x00\x00\x00\x00\x00\x0b\xff\xff\x00\x00\x00\x00\x00\n\x00'
2021-04-10 15:11:07.571594 [fe80::dea6:32ff:fec4:6719]:10000             -> [ff12:0:3e8:0:0:0:0:b]:10000                  b'\x00\x00\x00\x00\x00\x01,\x03\x00\x00\x00\x00\x00\x00\x00\x0b\xff\xff\x00\x00\x00\x00\x00\x0b\x00\x00\x00\x00\x00\x00\x00\x0b\xff\xff\x00\x00\x00\x00\x00\n\x00'
2021-04-10 15:11:07.811847 [ff12:0:3e8:0:0:0:0:b]:10000                  <- [fe80::dea6:32ff:fec4:6719]:10000             b'\x00\x00\x00\x00\x00$*\x03\x00\x00\x00\x00\x00\x00\x00\x0b\xff\xff\x00\x00\x00\x00\x00\x0b\x00\x00\x00\x00\x00\x00\x00\x0b\xff\xff\x00\x00\x00\x00\x00\n\x03\xe8\x03\xe82021-04-10 15:11:'...
2021-04-10 15:11:07.812549 [fe80::dea6:32ff:fec4:6719]:10000             -> [ff12:0:3e8:0:0:0:0:b]:10000                  b'\x00\x00\x00\x00\x00$*\x03\x00\x00\x00\x00\x00\x00\x00\x0b\xff\xff\x00\x00\x00\x00\x00\x0b\x00\x00\x00\x00\x00\x00\x00\x0b\xff\xff\x00\x00\x00\x00\x00\n\x03\xe8\x03\xe82021-04-10 15:11:'...
2021-04-10 15:11:08.051721 [fe80::dea6:32ff:fec4:67d5]:10000             -> [ff12:0:3e8:0:0:0:0:b]:10000                  b'\x00\x00\x00\x00\x00&*\x03\x00\x00\x00\x00\x00\x00\x00\x0b\xff\xff\x00\x00\x00\x00\x00\n\x00\x00\x00\x00\x00\x00\x00\x0b\xff\xff\x00\x00\x00\x00\x00\x0b\x03\xe8\x03\xe82021-04-10 15:11:'...
2021-04-10 15:11:08.814966 [ff12:0:3e8:0:0:0:0:b]:10000                  <- [fe80::dea6:32ff:fec4:6719]:10000             b'\x00\x00\x00\x00\x00$*\x03\x00\x00\x00\x00\x00\x00\x00\x0b\xff\xff\x00\x00\x00\x00\x00\x0b\x00\x00\x00\x00\x00\x00\x00\x0b\xff\xff\x00\x00\x00\x00\x00\n\x03\xe8\x03\xe82021-04-10 15:11:'...
2021-04-10 15:11:08.815667 [fe80::dea6:32ff:fec4:6719]:10000             -> [ff12:0:3e8:0:0:0:0:b]:10000                  b'\x00\x00\x00\x00\x00$*\x03\x00\x00\x00\x00\x00\x00\x00\x0b\xff\xff\x00\x00\x00\x00\x00\x0b\x00\x00\x00\x00\x00\x00\x00\x0b\xff\xff\x00\x00\x00\x00\x00\n\x03\xe8\x03\xe82021-04-10 15:11:'...
2021-04-10 15:11:09.054654 [fe80::dea6:32ff:fec4:67d5]:10000             -> [ff12:0:3e8:0:0:0:0:b]:10000                  b'\x00\x00\x00\x00\x00&*\x03\x00\x00\x00\x00\x00\x00\x00\x0b\xff\xff\x00\x00\x00\x00\x00\n\x00\x00\x00\x00\x00\x00\x00\x0b\xff\xff\x00\x00\x00\x00\x00\x0b\x03\xe8\x03\xe82021-04-10 15:11:'...
2021-04-10 15:11:09.817922 [ff12:0:3e8:0:0:0:0:b]:10000                  <- [fe80::dea6:32ff:fec4:6719]:10000             b'\x00\x00\x00\x00\x00$*\x03\x00\x00\x00\x00\x00\x00\x00\x0b\xff\xff\x00\x00\x00\x00\x00\x0b\x00\x00\x00\x00\x00\x00\x00\x0b\xff\xff\x00\x00\x00\x00\x00\n\x03\xe8\x03\xe82021-04-10 15:11:'...
2021-04-10 15:11:09.818603 [fe80::dea6:32ff:fec4:6719]:10000             -> [ff12:0:3e8:0:0:0:0:b]:10000                  b'\x00\x00\x00\x00\x00$*\x03\x00\x00\x00\x00\x00\x00\x00\x0b\xff\xff\x00\x00\x00\x00\x00\x0b\x00\x00\x00\x00\x00\x00\x00\x0b\xff\xff\x00\x00\x00\x00\x00\n\x03\xe8\x03\xe82021-04-10 15:11:'...
2021-04-10 15:11:10.060247 [fe80::dea6:32ff:fec4:67d5]:10000             -> [ff12:0:3e8:0:0:0:0:b]:10000                  b'\x00\x00\x00\x00\x00&*\x03\x00\x00\x00\x00\x00\x00\x00\x0b\xff\xff\x00\x00\x00\x00\x00\n\x00\x00\x00\x00\x00\x00\x00\x0b\xff\xff\x00\x00\x00\x00\x00\x0b\x03\xe8\x03\xe82021-04-10 15:11:'...
2021-04-10 15:11:10.820924 [ff12:0:3e8:0:0:0:0:b]:10000                  <- [fe80::dea6:32ff:fec4:6719]:10000             b'\x00\x00\x00\x00\x00$*\x03\x00\x00\x00\x00\x00\x00\x00\x0b\xff\xff\x00\x00\x00\x00\x00\x0b\x00\x00\x00\x00\x00\x00\x00\x0b\xff\xff\x00\x00\x00\x00\x00\n\x03\xe8\x03\xe82021-04-10 15:11:'...
2021-04-10 15:11:10.821757 [fe80::dea6:32ff:fec4:6719]:10000             -> [ff12:0:3e8:0:0:0:0:b]:10000                  b'\x00\x00\x00\x00\x00$*\x03\x00\x00\x00\x00\x00\x00\x00\x0b\xff\xff\x00\x00\x00\x00\x00\x0b\x00\x00\x00\x00\x00\x00\x00\x0b\xff\xff\x00\x00\x00\x00\x00\n\x03\xe8\x03\xe82021-04-10 15:11:'...
2021-04-10 15:11:11.063299 [fe80::dea6:32ff:fec4:67d5]:10000             -> [ff12:0:3e8:0:0:0:0:b]:10000                  b'\x00\x00\x00\x00\x00&*\x03\x00\x00\x00\x00\x00\x00\x00\x0b\xff\xff\x00\x00\x00\x00\x00\n\x00\x00\x00\x00\x00\x00\x00\x0b\xff\xff\x00\x00\x00\x00\x00\x0b\x03\xe8\x03\xe82021-04-10 15:11:'...
2021-04-10 15:11:11.824128 [ff12:0:3e8:0:0:0:0:b]:10000                  <- [fe80::dea6:32ff:fec4:6719]:10000             b'\x00\x00\x00\x00\x00$*\x03\x00\x00\x00\x00\x00\x00\x00\x0b\xff\xff\x00\x00\x00\x00\x00\x0b\x00\x00\x00\x00\x00\x00\x00\x0b\xff\xff\x00\x00\x00\x00\x00\n\x03\xe8\x03\xe82021-04-10 15:11:'...
2021-04-10 15:11:11.824874 [fe80::dea6:32ff:fec4:6719]:10000             -> [ff12:0:3e8:0:0:0:0:b]:10000                  b'\x00\x00\x00\x00\x00$*\x03\x00\x00\x00\x00\x00\x00\x00\x0b\xff\xff\x00\x00\x00\x00\x00\x0b\x00\x00\x00\x00\x00\x00\x00\x0b\xff\xff\x00\x00\x00\x00\x00\n\x03\xe8\x03\xe82021-04-10 15:11:'...
2021-04-10 15:11:12.827608 [ff12:0:3e8:0:0:0:0:b]:10000                  <- [fe80::dea6:32ff:fec4:6719]:10000             b'\x00\x00\x00\x00\x00$*\x03\x00\x00\x00\x00\x00\x00\x00\x0b\xff\xff\x00\x00\x00\x00\x00\x0b\x00\x00\x00\x00\x00\x00\x00\x0b\xff\xff\x00\x00\x00\x00\x00\n\x03\xe8\x03\xe82021-04-10 15:11:'...
2021-04-10 15:11:12.828429 [fe80::dea6:32ff:fec4:6719]:10000             -> [ff12:0:3e8:0:0:0:0:b]:10000                  b'\x00\x00\x00\x00\x00$*\x03\x00\x00\x00\x00\x00\x00\x00\x0b\xff\xff\x00\x00\x00\x00\x00\x0b\x00\x00\x00\x00\x00\x00\x00\x0b\xff\xff\x00\x00\x00\x00\x00\n\x03\xe8\x03\xe82021-04-10 15:11:'...
