2021-04-10 15:10:47.399999 Started
	log = true
	mcast_port = 10000
	mcast_interface = eth0
	buffer_size = 65487
2021-04-10 15:10:47.410881 Joined ff12:0:3e8:0:0:0:0:a%eth0
2021-04-10 15:10:47.419377 [ff12:0:3e8:0:0:0:0:a]:10000                  <- [fe80::dea6:32ff:fec4:67d5]:10000             b'\x00\x00\x00\x00\x00\x16+\x03\x00\x00\x00\x00\x00\x00\x00\n\xff\xff\x00\x00\x00\x00\x00\n\xff\x02\x00\x00\x00\x00\x00\x01\x00\x00\x00\x00\x00\x00\x00\x00\xff\xff\x00\x00\x00\x00\x00\n\x00\x00\x00\x00\x00\x00\x00\n\x01alice'
2021-04-10 15:10:47.419867 [fe80::dea6:32ff:fec4:67d5]:10000             -> [ff12:0:3e8:0:0:0:0:a]:10000                  b'\x00\x00\x00\x00\x00\x16+\x03\x00\x00\x00\x00\x00\x00\x00\n\xff\xff\x00\x00\x00\x00\x00\n\xff\x02\x00\x00\x00\x00\x00\x01\x00\x00\x00\x00\x00\x00\x00\x00\xff\xff\x00\x00\x00\x00\x00\n\x00\x00\x00\x00\x00\x00\x00\n\x01alice'
2021-04-10 15:10:47.421592 [fe80::dea6:32ff:fec4:6799]:10000             -> [ff12:0:3e8:0:0:0:0:a]:10000                  b'\x00\x00\x00\x00\x00\x18+\x03\x00\x00\x00\x00\x00\x00\x00\n\xff\xff\x00\x00\x00\x00\x00\r\xff\x02\x00\x00\x00\x00\x00\x01\x00\x00\x00\x00\x00\x00\x00\x00\xff\xff\x00\x00\x00\x00\x00\r\x00\x00\x00\x00\x00\x00\x00\n\x00desktop'
2021-04-10 15:10:47.428294 [fe80::dea6:32ff:fec4:6799]:10000             -> [ff12:0:3e8:0:0:0:0:a]:10000                  b'\x00\x00\x00\x00\x00\x14+\x02\x00\x00\x00\x00\x00\x00\x00\x0b\xff\xff\x00\x00\x00\x00\x00\x0b\xff\x02\x00\x00\x00\x00\x00\x01\x00\x00\x00\x00\x00\x00\x00\x00\xff\xff\x00\x00\x00\x00\x00\x0b\x00\x00\x00\x00\x00\x00\x00\x0b\x00bob'
2021-04-10 15:10:48.422913 [ff12:0:3e8:0:0:0:0:a]:10000                  <- [fe80::dea6:32ff:fec4:67d5]:10000             b'\x00\x00\x00\x00\x00&*\x03\x00\x00\x00\x00\x00\x00\x00\n\xff\xff\x00\x00\x00\x00\x00\n\x00\x00\x00\x00\x00\x00\x00\x0b\xff\xff\x00\x00\x00\x00\x00\x0b\x03\xe8\x03\xe82021-04-10 15:10:'...
2021-04-10 15:10:48.423638 [fe80::dea6:32ff:fec4:67d5]:10000             -> [ff12:0:3e8:0:0:0:0:a]:10000                  b'\x00\x00\x00\x00\x00&*\x03\x00\x00\x00\x00\x00\x00\x00\n\xff\xff\x00\x00\x00\x00\x00\n\x00\x00\x00\x00\x00\x00\x00\x0b\xff\xff\x00\x00\x00\x00\x00\x0b\x03\xe8\x03\xe82021-04-10 15:10:'...
2021-04-10 15:10:49.242566 [fe80::dea6:32ff:fec4:6799]:10000             -> [ff12:0:3e8:0:0:0:0:a]:10000                  b'\x00\x00\x00\x00\x00$*\x02\x00\x00\x00\x00\x00\x00\x00\x0b\xff\xff\x00\x00\x00\x00\x00\x0b\x00\x00\x00\x00\x00\x00\x00\n\xff\xff\x00\x00\x00\x00\x00\n\x03\xe8\x03\xe82021-04-10 15:10:'...
2021-04-10 15:10:49.848526 [ff12:0:3e8:0:0:0:0:a]:10000                  <- [fe80::dea6:32ff:fec4:67d5]:10000             b'\x00\x00\x00\x00\x00&*\x03\x00\x00\x00\x00\x00\x00\x00\n\xff\xff\x00\x00\x00\x00\x00\n\x00\x00\x00\x00\x00\x00\x00\x0b\xff\xff\x00\x00\x00\x00\x00\x0b\x03\xe8\x03\xe82021-04-10 15:10:'...
2021-04-10 15:10:49.849493 [fe80::dea6:32ff:fec4:6799]:10000             -> [ff12:0:3e8:0:0:0:0:a]:10000                  b'\x00\x00\x00\x00\x00$*\x02\x00\x00\x00\x00\x00\x00\x00\x0b\xff\xff\x00\x00\x00\x00\x00\x0b\x00\x00\x00\x00\x00\x00\x00\n\xff\xff\x00\x00\x00\x00\x00\n\x03\xe8\x03\xe82021-04-10 15:10:'...
2021-04-10 15:10:49.850905 [fe80::dea6:32ff:fec4:67d5]:10000             -> [ff12:0:3e8:0:0:0:0:a]:10000                  b'\x00\x00\x00\x00\x00&*\x03\x00\x00\x00\x00\x00\x00\x00\n\xff\xff\x00\x00\x00\x00\x00\n\x00\x00\x00\x00\x00\x00\x00\x0b\xff\xff\x00\x00\x00\x00\x00\x0b\x03\xe8\x03\xe82021-04-10 15:10:'...
2021-04-10 15:10:50.332939 [fe80::dea6:32ff:fec4:6799]:10000             -> [ff12:0:3e8:0:0:0:0:a]:10000                  b'\x00\x00\x00\x00\x00$*\x02\x00\x00\x00\x00\x00\x00\x00\x0b\xff\xff\x00\x00\x00\x00\x00\x0b\x00\x00\x00\x00\x00\x00\x00\n\xff\xff\x00\x00\x00\x00\x00\n\x03\xe8\x03\xe82021-04-10 15:10:'...
2021-04-10 15:10:50.853187 [ff12:0:3e8:0:0:0:0:a]:10000                  <- [fe80::dea6:32ff:fec4:67d5]:10000             b'\x00\x00\x00\x00\x00&*\x03\x00\x00\x00\x00\x00\x00\x00\n\xff\xff\x00\x00\x00\x00\x00\n\x00\x00\x00\x00\x00\x00\x00\x0b\xff\xff\x00\x00\x00\x00\x00\x0b\x03\xe8\x03\xe82021-04-10 15:10:'...
2021-04-10 15:10:50.853932 [fe80::dea6:32ff:fec4:67d5]:10000             -> [ff12:0:3e8:0:0:0:0:a]:10000                  b'\x00\x00\x00\x00\x00&*\x03\x00\x00\x00\x00\x00\x00\x00\n\xff\xff\x00\x00\x00\x00\x00\n\x00\x00\x00\x00\x00\x00\x00\x0b\xff\xff\x00\x00\x00\x00\x00\x0b\x03\xe8\x03\xe82021-04-10 15:10:'...
2021-04-10 15:10:51.640640 [fe80::dea6:32ff:fec4:6799]:10000             -> [ff12:0:3e8:0:0:0:0:a]:10000                  b'\x00\x00\x00\x00\x00$*\x02\x00\x00\x00\x00\x00\x00\x00\x0b\xff\xff\x00\x00\x00\x00\x00\x0b\x00\x00\x00\x00\x00\x00\x00\n\xff\xff\x00\x00\x00\x00\x00\n\x03\xe8\x03\xe82021-04-10 15:10:'...
2021-04-10 15:10:51.856186 [ff12:0:3e8:0:0:0:0:a]:10000                  <- [fe80::dea6:32ff:fec4:67d5]:10000             b'\x00\x00\x00\x00\x00&*\x03\x00\x00\x00\x00\x00\x00\x00\n\xff\xff\x00\x00\x00\x00\x00\n\x00\x00\x00\x00\x00\x00\x00\x0b\xff\xff\x00\x00\x00\x00\x00\x0b\x03\xe8\x03\xe82021-04-10 15:10:'...
2021-04-10 15:10:51.856866 [fe80::dea6:32ff:fec4:67d5]:10000             -> [ff12:0:3e8:0:0:0:0:a]:10000                  b'\x00\x00\x00\x00\x00&*\x03\x00\x00\x00\x00\x00\x00\x00\n\xff\xff\x00\x00\x00\x00\x00\n\x00\x00\x00\x00\x00\x00\x00\x0b\xff\xff\x00\x00\x00\x00\x00\x0b\x03\xe8\x03\xe82021-04-10 15:10:'...
2021-04-10 15:10:52.643556 [fe80::dea6:32ff:fec4:6799]:10000             -> [ff12:0:3e8:0:0:0:0:a]:10000                  b'\x00\x00\x00\x00\x00$*\x02\x00\x00\x00\x00\x00\x00\x00\x0b\xff\xff\x00\x00\x00\x00\x00\x0b\x00\x00\x00\x00\x00\x00\x00\n\xff\xff\x00\x00\x00\x00\x00\n\x03\xe8\x03\xe82021-04-10 15:10:'...
2021-04-10 15:10:52.859174 [ff12:0:3e8:0:0:0:0:a]:10000                  <- [fe80::dea6:32ff:fec4:67d5]:10000             b'\x00\x00\x00\x00\x00&*\x03\x00\x00\x00\x00\x00\x00\x00\n\xff\xff\x00\x00\x00\x00\x00\n\x00\x00\x00\x00\x00\x00\x00\x0b\xff\xff\x00\x00\x00\x00\x00\x0b\x03\xe8\x03\xe82021-04-10 15:10:'...
2021-04-10 15:10:52.859859 [fe80::dea6:32ff:fec4:67d5]:10000             -> [ff12:0:3e8:0:0:0:0:a]:10000                  b'\x00\x00\x00\x00\x00&*\x03\x00\x00\x00\x00\x00\x00\x00\n\xff\xff\x00\x00\x00\x00\x00\n\x00\x00\x00\x00\x00\x00\x00\x0b\xff\xff\x00\x00\x00\x00\x00\x0b\x03\xe8\x03\xe82021-04-10 15:10:'...
2021-04-10 15:10:53.652722 [fe80::dea6:32ff:fec4:6799]:10000             -> [ff12:0:3e8:0:0:0:0:a]:10000                  b'\x00\x00\x00\x00\x00$*\x02\x00\x00\x00\x00\x00\x00\x00\x0b\xff\xff\x00\x00\x00\x00\x00\x0b\x00\x00\x00\x00\x00\x00\x00\n\xff\xff\x00\x00\x00\x00\x00\n\x03\xe8\x03\xe82021-04-10 15:10:'...
2021-04-10 15:10:53.862163 [ff12:0:3e8:0:0:0:0:a]:10000                  <- [fe80::dea6:32ff:fec4:67d5]:10000             b'\x00\x00\x00\x00\x00&*\x03\x00\x00\x00\x00\x00\x00\x00\n\xff\xff\x00\x00\x00\x00\x00\n\x00\x00\x00\x00\x00\x00\x00\x0b\xff\xff\x00\x00\x00\x00\x00\x0b\x03\xe8\x03\xe82021-04-10 15:10:'...
2021-04-10 15:10:53.862854 [fe80::dea6:32ff:fec4:67d5]:10000             -> [ff12:0:3e8:0:0:0:0:a]:10000                  b'\x00\x00\x00\x00\x00&*\x03\x00\x00\x00\x00\x00\x00\x00\n\xff\xff\x00\x00\x00\x00\x00\n\x00\x00\x00\x00\x00\x00\x00\x0b\xff\xff\x00\x00\x00\x00\x00\x0b\x03\xe8\x03\xe82021-04-10 15:10:'...
2021-04-10 15:10:54.649522 [fe80::dea6:32ff:fec4:6799]:10000             -> [ff12:0:3e8:0:0:0:0:a]:10000                  b'\x00\x00\x00\x00\x00$*\x02\x00\x00\x00\x00\x00\x00\x00\x0b\xff\xff\x00\x00\x00\x00\x00\x0b\x00\x00\x00\x00\x00\x00\x00\n\xff\xff\x00\x00\x00\x00\x00\n\x03\xe8\x03\xe82021-04-10 15:10:'...
2021-04-10 15:10:54.865152 [ff12:0:3e8:0:0:0:0:a]:10000                  <- [fe80::dea6:32ff:fec4:67d5]:10000             b'\x00\x00\x00\x00\x00&*\x03\x00\x00\x00\x00\x00\x00\x00\n\xff\xff\x00\x00\x00\x00\x00\n\x00\x00\x00\x00\x00\x00\x00\x0b\xff\xff\x00\x00\x00\x00\x00\x0b\x03\xe8\x03\xe82021-04-10 15:10:'...
2021-04-10 15:10:54.865890 [fe80::dea6:32ff:fec4:67d5]:10000             -> [ff12:0:3e8:0:0:0:0:a]:10000                  b'\x00\x00\x00\x00\x00&*\x03\x00\x00\x00\x00\x00\x00\x00\n\xff\xff\x00\x00\x00\x00\x00\n\x00\x00\x00\x00\x00\x00\x00\x0b\xff\xff\x00\x00\x00\x00\x00\x0b\x03\xe8\x03\xe82021-04-10 15:10:'...
2021-04-10 15:10:55.652472 [fe80::dea6:32ff:fec4:6799]:10000             -> [ff12:0:3e8:0:0:0:0:a]:10000                  b'\x00\x00\x00\x00\x00$*\x02\x00\x00\x00\x00\x00\x00\x00\x0b\xff\xff\x00\x00\x00\x00\x00\x0b\x00\x00\x00\x00\x00\x00\x00\n\xff\xff\x00\x00\x00\x00\x00\n\x03\xe8\x03\xe82021-04-10 15:10:'...
2021-04-10 15:10:55.868111 [ff12:0:3e8:0:0:0:0:a]:10000                  <- [fe80::dea6:32ff:fec4:67d5]:10000             b'\x00\x00\x00\x00\x00&*\x03\x00\x00\x00\x00\x00\x00\x00\n\xff\xff\x00\x00\x00\x00\x00\n\x00\x00\x00\x00\x00\x00\x00\x0b\xff\xff\x00\x00\x00\x00\x00\x0b\x03\xe8\x03\xe82021-04-10 15:10:'...
2021-04-10 15:10:55.868781 [fe80::dea6:32ff:fec4:67d5]:10000             -> [ff12:0:3e8:0:0:0:0:a]:10000                  b'\x00\x00\x00\x00\x00&*\x03\x00\x00\x00\x00\x00\x00\x00\n\xff\xff\x00\x00\x00\x00\x00\n\x00\x00\x00\x00\x00\x00\x00\x0b\xff\xff\x00\x00\x00\x00\x00\x0b\x03\xe8\x03\xe82021-04-10 15:10:'...
2021-04-10 15:10:56.655516 [fe80::dea6:32ff:fec4:6799]:10000             -> [ff12:0:3e8:0:0:0:0:a]:10000                  b'\x00\x00\x00\x00\x00$*\x02\x00\x00\x00\x00\x00\x00\x00\x0b\xff\xff\x00\x00\x00\x00\x00\x0b\x00\x00\x00\x00\x00\x00\x00\n\xff\xff\x00\x00\x00\x00\x00\n\x03\xe8\x03\xe82021-04-10 15:10:'...
2021-04-10 15:10:56.871168 [ff12:0:3e8:0:0:0:0:a]:10000                  <- [fe80::dea6:32ff:fec4:67d5]:10000             b'\x00\x00\x00\x00\x00&*\x03\x00\x00\x00\x00\x00\x00\x00\n\xff\xff\x00\x00\x00\x00\x00\n\x00\x00\x00\x00\x00\x00\x00\x0b\xff\xff\x00\x00\x00\x00\x00\x0b\x03\xe8\x03\xe82021-04-10 15:10:'...
2021-04-10 15:10:56.871859 [fe80::dea6:32ff:fec4:67d5]:10000             -> [ff12:0:3e8:0:0:0:0:a]:10000                  b'\x00\x00\x00\x00\x00&*\x03\x00\x00\x00\x00\x00\x00\x00\n\xff\xff\x00\x00\x00\x00\x00\n\x00\x00\x00\x00\x00\x00\x00\x0b\xff\xff\x00\x00\x00\x00\x00\x0b\x03\xe8\x03\xe82021-04-10 15:10:'...
2021-04-10 15:10:57.658567 [fe80::dea6:32ff:fec4:6799]:10000             -> [ff12:0:3e8:0:0:0:0:a]:10000                  b'\x00\x00\x00\x00\x00$*\x02\x00\x00\x00\x00\x00\x00\x00\x0b\xff\xff\x00\x00\x00\x00\x00\x0b\x00\x00\x00\x00\x00\x00\x00\n\xff\xff\x00\x00\x00\x00\x00\n\x03\xe8\x03\xe82021-04-10 15:10:'...
2021-04-10 15:10:57.874316 [ff12:0:3e8:0:0:0:0:a]:10000                  <- [fe80::dea6:32ff:fec4:67d5]:10000             b'\x00\x00\x00\x00\x00&*\x03\x00\x00\x00\x00\x00\x00\x00\n\xff\xff\x00\x00\x00\x00\x00\n\x00\x00\x00\x00\x00\x00\x00\x0b\xff\xff\x00\x00\x00\x00\x00\x0b\x03\xe8\x03\xe82021-04-10 15:10:'...
2021-04-10 15:10:57.875042 [fe80::dea6:32ff:fec4:67d5]:10000             -> [ff12:0:3e8:0:0:0:0:a]:10000                  b'\x00\x00\x00\x00\x00&*\x03\x00\x00\x00\x00\x00\x00\x00\n\xff\xff\x00\x00\x00\x00\x00\n\x00\x00\x00\x00\x00\x00\x00\x0b\xff\xff\x00\x00\x00\x00\x00\x0b\x03\xe8\x03\xe82021-04-10 15:10:'...
2021-04-10 15:10:58.877414 [ff12:0:3e8:0:0:0:0:a]:10000                  <- [fe80::dea6:32ff:fec4:67d5]:10000             b'\x00\x00\x00\x00\x00&*\x03\x00\x00\x00\x00\x00\x00\x00\n\xff\xff\x00\x00\x00\x00\x00\n\x00\x00\x00\x00\x00\x00\x00\x0b\xff\xff\x00\x00\x00\x00\x00\x0b\x03\xe8\x03\xe82021-04-10 15:10:'...
2021-04-10 15:10:58.878101 [fe80::dea6:32ff:fec4:67d5]:10000             -> [ff12:0:3e8:0:0:0:0:a]:10000                  b'\x00\x00\x00\x00\x00&*\x03\x00\x00\x00\x00\x00\x00\x00\n\xff\xff\x00\x00\x00\x00\x00\n\x00\x00\x00\x00\x00\x00\x00\x0b\xff\xff\x00\x00\x00\x00\x00\x0b\x03\xe8\x03\xe82021-04-10 15:10:'...
2021-04-10 15:10:59.880395 [ff12:0:3e8:0:0:0:0:a]:10000                  <- [fe80::dea6:32ff:fec4:67d5]:10000             b'\x00\x00\x00\x00\x00&*\x03\x00\x00\x00\x00\x00\x00\x00\n\xff\xff\x00\x00\x00\x00\x00\n\x00\x00\x00\x00\x00\x00\x00\x0b\xff\xff\x00\x00\x00\x00\x00\x0b\x03\xe8\x03\xe82021-04-10 15:10:'...
2021-04-10 15:10:59.898909 [fe80::dea6:32ff:fec4:67d5]:10000             -> [ff12:0:3e8:0:0:0:0:a]:10000                  b'\x00\x00\x00\x00\x00&*\x03\x00\x00\x00\x00\x00\x00\x00\n\xff\xff\x00\x00\x00\x00\x00\n\x00\x00\x00\x00\x00\x00\x00\x0b\xff\xff\x00\x00\x00\x00\x00\x0b\x03\xe8\x03\xe82021-04-10 15:10:'...
2021-04-10 15:11:00.855157 [fe80::dea6:32ff:fec4:6799]:10000             -> [ff12:0:3e8:0:0:0:0:a]:10000                  b'\x00\x00\x00\x00\x00$*\x02\x00\x00\x00\x00\x00\x00\x00\x0b\xff\xff\x00\x00\x00\x00\x00\x0b\x00\x00\x00\x00\x00\x00\x00\n\xff\xff\x00\x00\x00\x00\x00\n\x03\xe8\x03\xe82021-04-10 15:10:'...
2021-04-10 15:11:00.857583 [fe80::dea6:32ff:fec4:6799]:10000             -> [ff12:0:3e8:0:0:0:0:a]:10000                  b'\x00\x00\x00\x00\x00$*\x02\x00\x00\x00\x00\x00\x00\x00\x0b\xff\xff\x00\x00\x00\x00\x00\x0b\x00\x00\x00\x00\x00\x00\x00\n\xff\xff\x00\x00\x00\x00\x00\n\x03\xe8\x03\xe82021-04-10 15:10:'...
2021-04-10 15:11:00.859572 [fe80::dea6:32ff:fec4:6799]:10000             -> [ff12:0:3e8:0:0:0:0:a]:10000                  b'\x00\x00\x00\x00\x00$*\x02\x00\x00\x00\x00\x00\x00\x00\x0b\xff\xff\x00\x00\x00\x00\x00\x0b\x00\x00\x00\x00\x00\x00\x00\n\xff\xff\x00\x00\x00\x00\x00\n\x03\xe8\x03\xe82021-04-10 15:11:'...
2021-04-10 15:11:00.901049 [ff12:0:3e8:0:0:0:0:a]:10000                  <- [fe80::dea6:32ff:fec4:67d5]:10000             b'\x00\x00\x00\x00\x00&*\x03\x00\x00\x00\x00\x00\x00\x00\n\xff\xff\x00\x00\x00\x00\x00\n\x00\x00\x00\x00\x00\x00\x00\x0b\xff\xff\x00\x00\x00\x00\x00\x0b\x03\xe8\x03\xe82021-04-10 15:11:'...
2021-04-10 15:11:00.901766 [fe80::dea6:32ff:fec4:67d5]:10000             -> [ff12:0:3e8:0:0:0:0:a]:10000                  b'\x00\x00\x00\x00\x00&*\x03\x00\x00\x00\x00\x00\x00\x00\n\xff\xff\x00\x00\x00\x00\x00\n\x00\x00\x00\x00\x00\x00\x00\x0b\xff\xff\x00\x00\x00\x00\x00\x0b\x03\xe8\x03\xe82021-04-10 15:11:'...
2021-04-10 15:11:01.670211 [fe80::dea6:32ff:fec4:6799]:10000             -> [ff12:0:3e8:0:0:0:0:a]:10000                  b'\x00\x00\x00\x00\x00$*\x02\x00\x00\x00\x00\x00\x00\x00\x0b\xff\xff\x00\x00\x00\x00\x00\x0b\x00\x00\x00\x00\x00\x00\x00\n\xff\xff\x00\x00\x00\x00\x00\n\x03\xe8\x03\xe82021-04-10 15:11:'...
2021-04-10 15:11:01.904236 [ff12:0:3e8:0:0:0:0:a]:10000                  <- [fe80::dea6:32ff:fec4:67d5]:10000             b'\x00\x00\x00\x00\x00&*\x03\x00\x00\x00\x00\x00\x00\x00\n\xff\xff\x00\x00\x00\x00\x00\n\x00\x00\x00\x00\x00\x00\x00\x0b\xff\xff\x00\x00\x00\x00\x00\x0b\x03\xe8\x03\xe82021-04-10 15:11:'...
2021-04-10 15:11:01.904911 [fe80::dea6:32ff:fec4:67d5]:10000             -> [ff12:0:3e8:0:0:0:0:a]:10000                  b'\x00\x00\x00\x00\x00&*\x03\x00\x00\x00\x00\x00\x00\x00\n\xff\xff\x00\x00\x00\x00\x00\n\x00\x00\x00\x00\x00\x00\x00\x0b\xff\xff\x00\x00\x00\x00\x00\x0b\x03\xe8\x03\xe82021-04-10 15:11:'...
2021-04-10 15:11:02.673373 [fe80::dea6:32ff:fec4:6799]:10000             -> [ff12:0:3e8:0:0:0:0:a]:10000                  b'\x00\x00\x00\x00\x00$*\x02\x00\x00\x00\x00\x00\x00\x00\x0b\xff\xff\x00\x00\x00\x00\x00\x0b\x00\x00\x00\x00\x00\x00\x00\n\xff\xff\x00\x00\x00\x00\x00\n\x03\xe8\x03\xe82021-04-10 15:11:'...
2021-04-10 15:11:02.907219 [ff12:0:3e8:0:0:0:0:a]:10000                  <- [fe80::dea6:32ff:fec4:67d5]:10000             b'\x00\x00\x00\x00\x00&*\x03\x00\x00\x00\x00\x00\x00\x00\n\xff\xff\x00\x00\x00\x00\x00\n\x00\x00\x00\x00\x00\x00\x00\x0b\xff\xff\x00\x00\x00\x00\x00\x0b\x03\xe8\x03\xe82021-04-10 15:11:'...
2021-04-10 15:11:02.907884 [fe80::dea6:32ff:fec4:67d5]:10000             -> [ff12:0:3e8:0:0:0:0:a]:10000                  b'\x00\x00\x00\x00\x00&*\x03\x00\x00\x00\x00\x00\x00\x00\n\xff\xff\x00\x00\x00\x00\x00\n\x00\x00\x00\x00\x00\x00\x00\x0b\xff\xff\x00\x00\x00\x00\x00\x0b\x03\xe8\x03\xe82021-04-10 15:11:'...
2021-04-10 15:11:03.680965 [fe80::dea6:32ff:fec4:6799]:10000             -> [ff12:0:3e8:0:0:0:0:a]:10000                  b'\x00\x00\x00\x00\x00$*\x02\x00\x00\x00\x00\x00\x00\x00\x0b\xff\xff\x00\x00\x00\x00\x00\x0b\x00\x00\x00\x00\x00\x00\x00\n\xff\xff\x00\x00\x00\x00\x00\n\x03\xe8\x03\xe82021-04-10 15:11:'...
2021-04-10 15:11:03.910127 [ff12:0:3e8:0:0:0:0:a]:10000                  <- [fe80::dea6:32ff:fec4:67d5]:10000             b'\x00\x00\x00\x00\x00&*\x03\x00\x00\x00\x00\x00\x00\x00\n\xff\xff\x00\x00\x00\x00\x00\n\x00\x00\x00\x00\x00\x00\x00\x0b\xff\xff\x00\x00\x00\x00\x00\x0b\x03\xe8\x03\xe82021-04-10 15:11:'...
2021-04-10 15:11:03.910802 [fe80::dea6:32ff:fec4:67d5]:10000             -> [ff12:0:3e8:0:0:0:0:a]:10000                  b'\x00\x00\x00\x00\x00&*\x03\x00\x00\x00\x00\x00\x00\x00\n\xff\xff\x00\x00\x00\x00\x00\n\x00\x00\x00\x00\x00\x00\x00\x0b\xff\xff\x00\x00\x00\x00\x00\x0b\x03\xe8\x03\xe82021-04-10 15:11:'...
2021-04-10 15:11:04.679189 [fe80::dea6:32ff:fec4:6799]:10000             -> [ff12:0:3e8:0:0:0:0:a]:10000                  b'\x00\x00\x00\x00\x00$*\x02\x00\x00\x00\x00\x00\x00\x00\x0b\xff\xff\x00\x00\x00\x00\x00\x0b\x00\x00\x00\x00\x00\x00\x00\n\xff\xff\x00\x00\x00\x00\x00\n\x03\xe8\x03\xe82021-04-10 15:11:'...
2021-04-10 15:11:04.913066 [ff12:0:3e8:0:0:0:0:a]:10000                  <- [fe80::dea6:32ff:fec4:67d5]:10000             b'\x00\x00\x00\x00\x00&*\x03\x00\x00\x00\x00\x00\x00\x00\n\xff\xff\x00\x00\x00\x00\x00\n\x00\x00\x00\x00\x00\x00\x00\x0b\xff\xff\x00\x00\x00\x00\x00\x0b\x03\xe8\x03\xe82021-04-10 15:11:'...
2021-04-10 15:11:04.917617 [fe80::dea6:32ff:fec4:67d5]:10000             -> [ff12:0:3e8:0:0:0:0:a]:10000                  b'\x00\x00\x00\x00\x00&*\x03\x00\x00\x00\x00\x00\x00\x00\n\xff\xff\x00\x00\x00\x00\x00\n\x00\x00\x00\x00\x00\x00\x00\x0b\xff\xff\x00\x00\x00\x00\x00\x0b\x03\xe8\x03\xe82021-04-10 15:11:'...
2021-04-10 15:11:05.682386 [fe80::dea6:32ff:fec4:6799]:10000             -> [ff12:0:3e8:0:0:0:0:a]:10000                  b'\x00\x00\x00\x00\x00$*\x02\x00\x00\x00\x00\x00\x00\x00\x0b\xff\xff\x00\x00\x00\x00\x00\x0b\x00\x00\x00\x00\x00\x00\x00\n\xff\xff\x00\x00\x00\x00\x00\n\x03\xe8\x03\xe82021-04-10 15:11:'...
2021-04-10 15:11:05.919851 [ff12:0:3e8:0:0:0:0:a]:10000                  <- [fe80::dea6:32ff:fec4:67d5]:10000             b'\x00\x00\x00\x00\x00&*\x03\x00\x00\x00\x00\x00\x00\x00\n\xff\xff\x00\x00\x00\x00\x00\n\x00\x00\x00\x00\x00\x00\x00\x0b\xff\xff\x00\x00\x00\x00\x00\x0b\x03\xe8\x03\xe82021-04-10 15:11:'...
2021-04-10 15:11:05.920511 [fe80::dea6:32ff:fec4:67d5]:10000             -> [ff12:0:3e8:0:0:0:0:a]:10000                  b'\x00\x00\x00\x00\x00&*\x03\x00\x00\x00\x00\x00\x00\x00\n\xff\xff\x00\x00\x00\x00\x00\n\x00\x00\x00\x00\x00\x00\x00\x0b\xff\xff\x00\x00\x00\x00\x00\x0b\x03\xe8\x03\xe82021-04-10 15:11:'...
2021-04-10 15:11:06.685555 [fe80::dea6:32ff:fec4:6799]:10000             -> [ff12:0:3e8:0:0:0:0:a]:10000                  b'\x00\x00\x00\x00\x00$*\x02\x00\x00\x00\x00\x00\x00\x00\x0b\xff\xff\x00\x00\x00\x00\x00\x0b\x00\x00\x00\x00\x00\x00\x00\n\xff\xff\x00\x00\x00\x00\x00\n\x03\xe8\x03\xe82021-04-10 15:11:'...
2021-04-10 15:11:06.922727 [ff12:0:3e8:0:0:0:0:a]:10000                  <- [fe80::dea6:32ff:fec4:67d5]:10000             b'\x00\x00\x00\x00\x00&*\x03\x00\x00\x00\x00\x00\x00\x00\n\xff\xff\x00\x00\x00\x00\x00\n\x00\x00\x00\x00\x00\x00\x00\x0b\xff\xff\x00\x00\x00\x00\x00\x0b\x03\xe8\x03\xe82021-04-10 15:11:'...
2021-04-10 15:11:06.923372 [fe80::dea6:32ff:fec4:67d5]:10000             -> [ff12:0:3e8:0:0:0:0:a]:10000                  b'\x00\x00\x00\x00\x00&*\x03\x00\x00\x00\x00\x00\x00\x00\n\xff\xff\x00\x00\x00\x00\x00\n\x00\x00\x00\x00\x00\x00\x00\x0b\xff\xff\x00\x00\x00\x00\x00\x0b\x03\xe8\x03\xe82021-04-10 15:11:'...
2021-04-10 15:11:07.439593 Joined ff12:0:3e8:0:0:0:0:b%eth0
2021-04-10 15:11:07.440133 [ff12:0:3e8:0:0:0:0:b]:10000                  <- [fe80::dea6:32ff:fec4:67d5]:10000             b'\x00\x00\x00\x00\x00\x16+\x03\x00\x00\x00\x00\x00\x00\x00\x0b\xff\xff\x00\x00\x00\x00\x00\n\xff\x02\x00\x00\x00\x00\x00\x01\x00\x00\x00\x00\x00\x00\x00\x00\xff\xff\x00\x00\x00\x00\x00\n\x00\x00\x00\x00\x00\x00\x00\x0b\x00alice'
2021-04-10 15:11:07.440927 [fe80::dea6:32ff:fec4:67d5]:10000             -> [ff12:0:3e8:0:0:0:0:b]:10000                  b'\x00\x00\x00\x00\x00\x16+\x03\x00\x00\x00\x00\x00\x00\x00\x0b\xff\xff\x00\x00\x00\x00\x00\n\xff\x02\x00\x00\x00\x00\x00\x01\x00\x00\x00\x00\x00\x00\x00\x00\xff\xff\x00\x00\x00\x00\x00\n\x00\x00\x00\x00\x00\x00\x00\x0b\x00alice'
2021-04-10 15:11:07.441623 [ff12:0:3e8:0:0:0:0:a]:10000                  <- [fe80::dea6:32ff:fec4:67d5]:10000             b'\x00\x00\x00\x00\x00\t,\x03\x00\x00\x00\x00\x00\x00\x00\n\xff\xff\x00\x00\x00\x00\x00\n\x00\x00\x00\x00\x00\x00\x00\x0b\xff\xff\x00\x00\x00\x00\x00\x0b\x01\x00\x00\x00\x00\x00\x00\x00\x0b'
2021-04-10 15:11:07.442268 [fe80::dea6:32ff:fec4:67d5]:10000             -> [ff12:0:3e8:0:0:0:0:a]:10000                  b'\x00\x00\x00\x00\x00\t,\x03\x00\x00\x00\x00\x00\x00\x00\n\xff\xff\x00\x00\x00\x00\x00\n\x00\x00\x00\x00\x00\x00\x00\x0b\xff\xff\x00\x00\x00\x00\x00\x0b\x01\x00\x00\x00\x00\x00\x00\x00\x0b'
2021-04-10 15:11:07.442838 [fe80::dea6:32ff:fec4:6799]:10000             -> [ff12:0:3e8:0:0:0:0:a]:10000                  b'\x00\x00\x00\x00\x00\x16+\x02\x00\x00\x00\x00\x00\x00\x00\x0b\xff\xff\x00\x00\x00\x00\x00\n\xff\x02\x00\x00\x00\x00\x00\x01\x00\x00\x00\x00\x00\x00\x00\x00\xff\xff\x00\x00\x00\x00\x00\n\x00\x00\x00\x00\x00\x00\x00\x0b\x00alice'
2021-04-10 15:11:07.444697 [fe80::dea6:32ff:fec4:6799]:10000             -> [ff12:0:3e8:0:0:0:0:b]:10000                  b'\x00\x00\x00\x00\x00\t,\x02\x00\x00\x00\x00\x00\x00\x00\n\xff\xff\x00\x00\x00\x00\x00\n\x00\x00\x00\x00\x00\x00\x00\x0b\xff\xff\x00\x00\x00\x00\x00\x0b\x01\x00\x00\x00\x00\x00\x00\x00\x0b'
2021-04-10 15:11:07.446258 [fe80::dea6:32ff:fec4:6719]:10000             -> [ff12:0:3e8:0:0:0:0:b]:10000                  b'\x00\x00\x00\x00\x00\x01,\x03\x00\x00\x00\x00\x00\x00\x00\x0b\xff\xff\x00\x00\x00\x00\x00\x0b\x00\x00\x00\x00\x00\x00\x00\x0b\xff\xff\x00\x00\x00\x00\x00\n\x00'
2021-04-10 15:11:07.687185 [fe80::dea6:32ff:fec4:6719]:10000             -> [ff12:0:3e8:0:0:0:0:b]:10000                  b'\x00\x00\x00\x00\x00$*\x03\x00\x00\x00\x00\x00\x00\x00\x0b\xff\xff\x00\x00\x00\x00\x00\x0b\x00\x00\x00\x00\x00\x00\x00\x0b\xff\xff\x00\x00\x00\x00\x00\n\x03\xe8\x03\xe82021-04-10 15:11:'...
2021-04-10 15:11:07.925681 [ff12:0:3e8:0:0:0:0:b]:10000                  <- [fe80::dea6:32ff:fec4:67d5]:10000             b'\x00\x00\x00\x00\x00&*\x03\x00\x00\x00\x00\x00\x00\x00\x0b\xff\xff\x00\x00\x00\x00\x00\n\x00\x00\x00\x00\x00\x00\x00\x0b\xff\xff\x00\x00\x00\x00\x00\x0b\x03\xe8\x03\xe82021-04-10 15:11:'...
2021-04-10 15:11:07.926343 [fe80::dea6:32ff:fec4:67d5]:10000             -> [ff12:0:3e8:0:0:0:0:b]:10000                  b'\x00\x00\x00\x00\x00&*\x03\x00\x00\x00\x00\x00\x00\x00\x0b\xff\xff\x00\x00\x00\x00\x00\n\x00\x00\x00\x00\x00\x00\x00\x0b\xff\xff\x00\x00\x00\x00\x00\x0b\x03\xe8\x03\xe82021-04-10 15:11:'...
2021-04-10 15:11:08.690318 [fe80::dea6:32ff:fec4:6719]:10000             -> [ff12:0:3e8:0:0:0:0:b]:10000                  b'\x00\x00\x00\x00\x00$*\x03\x00\x00\x00\x00\x00\x00\x00\x0b\xff\xff\x00\x00\x00\x00\x00\x0b\x00\x00\x00\x00\x00\x00\x00\x0b\xff\xff\x00\x00\x00\x00\x00\n\x03\xe8\x03\xe82021-04-10 15:11:'...
2021-04-10 15:11:08.928574 [ff12:0:3e8:0:0:0:0:b]:10000                  <- [fe80::dea6:32ff:fec4:67d5]:10000             b'\x00\x00\x00\x00\x00&*\x03\x00\x00\x00\x00\x00\x00\x00\x0b\xff\xff\x00\x00\x00\x00\x00\n\x00\x00\x00\x00\x00\x00\x00\x0b\xff\xff\x00\x00\x00\x00\x00\x0b\x03\xe8\x03\xe82021-04-10 15:11:'...
2021-04-10 15:11:08.929303 [fe80::dea6:32ff:fec4:67d5]:10000             -> [ff12:0:3e8:0:0:0:0:b]:10000                  b'\x00\x00\x00\x00\x00&*\x03\x00\x00\x00\x00\x00\x00\x00\x0b\xff\xff\x00\x00\x00\x00\x00\n\x00\x00\x00\x00\x00\x00\x00\x0b\xff\xff\x00\x00\x00\x00\x00\x0b\x03\xe8\x03\xe82021-04-10 15:11:'...
2021-04-10 15:11:09.693358 [fe80::dea6:32ff:fec4:6719]:10000             -> [ff12:0:3e8:0:0:0:0:b]:10000                  b'\x00\x00\x00\x00\x00$*\x03\x00\x00\x00\x00\x00\x00\x00\x0b\xff\xff\x00\x00\x00\x00\x00\x0b\x00\x00\x00\x00\x00\x00\x00\x0b\xff\xff\x00\x00\x00\x00\x00\n\x03\xe8\x03\xe82021-04-10 15:11:'...
2021-04-10 15:11:09.931560 [ff12:0:3e8:0:0:0:0:b]:10000                  <- [fe80::dea6:32ff:fec4:67d5]:10000             b'\x00\x00\x00\x00\x00&*\x03\x00\x00\x00\x00\x00\x00\x00\x0b\xff\xff\x00\x00\x00\x00\x00\n\x00\x00\x00\x00\x00\x00\x00\x0b\xff\xff\x00\x00\x00\x00\x00\x0b\x03\xe8\x03\xe82021-04-10 15:11:'...
2021-04-10 15:11:09.934750 [fe80::dea6:32ff:fec4:67d5]:10000             -> [ff12:0:3e8:0:0:0:0:b]:10000                  b'\x00\x00\x00\x00\x00&*\x03\x00\x00\x00\x00\x00\x00\x00\x0b\xff\xff\x00\x00\x00\x00\x00\n\x00\x00\x00\x00\x00\x00\x00\x0b\xff\xff\x00\x00\x00\x00\x00\x0b\x03\xe8\x03\xe82021-04-10 15:11:'...
2021-04-10 15:11:10.696293 [fe80::dea6:32ff:fec4:6719]:10000             -> [ff12:0:3e8:0:0:0:0:b]:10000                  b'\x00\x00\x00\x00\x00$*\x03\x00\x00\x00\x00\x00\x00\x00\x0b\xff\xff\x00\x00\x00\x00\x00\x0b\x00\x00\x00\x00\x00\x00\x00\x0b\xff\xff\x00\x00\x00\x00\x00\n\x03\xe8\x03\xe82021-04-10 15:11:'...
2021-04-10 15:11:10.937014 [ff12:0:3e8:0:0:0:0:b]:10000                  <- [fe80::dea6:32ff:fec4:67d5]:10000             b'\x00\x00\x00\x00\x00&*\x03\x00\x00\x00\x00\x00\x00\x00\x0b\xff\xff\x00\x00\x00\x00\x00\n\x00\x00\x00\x00\x00\x00\x00\x0b\xff\xff\x00\x00\x00\x00\x00\x0b\x03\xe8\x03\xe82021-04-10 15:11:'...
2021-04-10 15:11:10.938036 [fe80::dea6:32ff:fec4:67d5]:10000             -> [ff12:0:3e8:0:0:0:0:b]:10000                  b'\x00\x00\x00\x00\x00&*\x03\x00\x00\x00\x00\x00\x00\x00\x0b\xff\xff\x00\x00\x00\x00\x00\n\x00\x00\x00\x00\x00\x00\x00\x0b\xff\xff\x00\x00\x00\x00\x00\x0b\x03\xe8\x03\xe82021-04-10 15:11:'...
