2021-04-10 15:10:47.411876 Started
	log = true
	locators = 0:0:0:a-0:0:0:b-0:0:0:c
	nid = ffff:0:0:a
2021-04-10 15:10:47.418428 ff02:0:0:1:0:0:0:0%0:0:0:a                    <- 0:0:0:a:ffff:0:0:a             (   22, 43,  3) b'\xff\xff\x00\x00\x00\x00\x00\n\x00\x00\x00\x00\x00\x00\x00\n\x01alice'
2021-04-10 15:10:47.421729 0:0:0:a:ffff:0:0:d%0:0:0:a                    -> ff02:0:0:1:0:0:0:0             (   24, 43,  3) b'\xff\xff\x00\x00\x00\x00\x00\r\x00\x00\x00\x00\x00\x00\x00\n\x00desktop'
2021-04-10 15:10:47.428451 0:0:0:b:ffff:0:0:b%0:0:0:a                    -> ff02:0:0:1:0:0:0:0             (   20, 43,  2) b'\xff\xff\x00\x00\x00\x00\x00\x0b\x00\x00\x00\x00\x00\x00\x00\x0b\x00bob'
2021-04-10 15:10:48.422499 0:0:0:b:ffff:0:0:b%0:0:0:a                    <- 0:0:0:a:ffff:0:0:a             (   38, 42,  3) b'\x03\xe8\x03\xe82021-04-10 15:10:48.42219'...
2021-04-10 15:10:49.425474 0:0:0:b:ffff:0:0:b%0:0:0:a                    <- 0:0:0:a:ffff:0:0:a             (   38, 42,  3) b'\x03\xe8\x03\xe82021-04-10 15:10:49.42516'...
2021-04-10 15:10:49.848339 0:0:0:b:ffff:0:0:b%0:0:0:a                    -> 0:0:0:a:ffff:0:0:a             (   36, 42,  2) b'\x03\xe8\x03\xe82021-04-10 15:10:48.44953'...
2021-04-10 15:10:49.849970 0:0:0:b:ffff:0:0:b%0:0:0:a                    -> 0:0:0:a:ffff:0:0:a             (   36, 42,  2) b'\x03\xe8\x03\xe82021-04-10 15:10:49.45247'...
2021-04-10 15:10:50.333275 0:0:0:b:ffff:0:0:b%0:0:0:a                    -> 0:0:0:a:ffff:0:0:a             (   36, 42,  2) b'\x03\xe8\x03\xe82021-04-10 15:10:50.45517'...
2021-04-10 15:10:50.852813 0:0:0:b:ffff:0:0:b%0:0:0:a                    <- 0:0:0:a:ffff:0:0:a             (   38, 42,  3) b'\x03\xe8\x03\xe82021-04-10 15:10:50.85256'...
2021-04-10 15:10:51.640940 0:0:0:b:ffff:0:0:b%0:0:0:a                    -> 0:0:0:a:ffff:0:0:a             (   36, 42,  2) b'\x03\xe8\x03\xe82021-04-10 15:10:51.45827'...
2021-04-10 15:10:51.855821 0:0:0:b:ffff:0:0:b%0:0:0:a                    <- 0:0:0:a:ffff:0:0:a             (   38, 42,  3) b'\x03\xe8\x03\xe82021-04-10 15:10:51.85557'...
2021-04-10 15:10:52.643845 0:0:0:b:ffff:0:0:b%0:0:0:a                    -> 0:0:0:a:ffff:0:0:a             (   36, 42,  2) b'\x03\xe8\x03\xe82021-04-10 15:10:52.76589'...
2021-04-10 15:10:52.858808 0:0:0:b:ffff:0:0:b%0:0:0:a                    <- 0:0:0:a:ffff:0:0:a             (   38, 42,  3) b'\x03\xe8\x03\xe82021-04-10 15:10:52.85856'...
2021-04-10 15:10:53.653007 0:0:0:b:ffff:0:0:b%0:0:0:a                    -> 0:0:0:a:ffff:0:0:a             (   36, 42,  2) b'\x03\xe8\x03\xe82021-04-10 15:10:53.76893'...
2021-04-10 15:10:53.861795 0:0:0:b:ffff:0:0:b%0:0:0:a                    <- 0:0:0:a:ffff:0:0:a             (   38, 42,  3) b'\x03\xe8\x03\xe82021-04-10 15:10:53.86155'...
2021-04-10 15:10:54.649828 0:0:0:b:ffff:0:0:b%0:0:0:a                    -> 0:0:0:a:ffff:0:0:a             (   36, 42,  2) b'\x03\xe8\x03\xe82021-04-10 15:10:54.77196'...
2021-04-10 15:10:54.864762 0:0:0:b:ffff:0:0:b%0:0:0:a                    <- 0:0:0:a:ffff:0:0:a             (   38, 42,  3) b'\x03\xe8\x03\xe82021-04-10 15:10:54.86450'...
2021-04-10 15:10:55.652820 0:0:0:b:ffff:0:0:b%0:0:0:a                    -> 0:0:0:a:ffff:0:0:a             (   36, 42,  2) b'\x03\xe8\x03\xe82021-04-10 15:10:55.77492'...
2021-04-10 15:10:55.867751 0:0:0:b:ffff:0:0:b%0:0:0:a                    <- 0:0:0:a:ffff:0:0:a             (   38, 42,  3) b'\x03\xe8\x03\xe82021-04-10 15:10:55.86751'...
2021-04-10 15:10:56.655804 0:0:0:b:ffff:0:0:b%0:0:0:a                    -> 0:0:0:a:ffff:0:0:a             (   36, 42,  2) b'\x03\xe8\x03\xe82021-04-10 15:10:56.77784'...
2021-04-10 15:10:56.870769 0:0:0:b:ffff:0:0:b%0:0:0:a                    <- 0:0:0:a:ffff:0:0:a             (   38, 42,  3) b'\x03\xe8\x03\xe82021-04-10 15:10:56.87049'...
2021-04-10 15:10:57.658861 0:0:0:b:ffff:0:0:b%0:0:0:a                    -> 0:0:0:a:ffff:0:0:a             (   36, 42,  2) b'\x03\xe8\x03\xe82021-04-10 15:10:57.78085'...
2021-04-10 15:10:57.873816 0:0:0:b:ffff:0:0:b%0:0:0:a                    <- 0:0:0:a:ffff:0:0:a             (   38, 42,  3) b'\x03\xe8\x03\xe82021-04-10 15:10:57.87351'...
2021-04-10 15:10:58.876980 0:0:0:b:ffff:0:0:b%0:0:0:a                    <- 0:0:0:a:ffff:0:0:a             (   38, 42,  3) b'\x03\xe8\x03\xe82021-04-10 15:10:58.87671'...
2021-04-10 15:10:59.879929 0:0:0:b:ffff:0:0:b%0:0:0:a                    <- 0:0:0:a:ffff:0:0:a             (   38, 42,  3) b'\x03\xe8\x03\xe82021-04-10 15:10:59.87963'...
2021-04-10 15:11:00.855505 0:0:0:b:ffff:0:0:b%0:0:0:a                    -> 0:0:0:a:ffff:0:0:a             (   36, 42,  2) b'\x03\xe8\x03\xe82021-04-10 15:10:58.78391'...
2021-04-10 15:11:00.857840 0:0:0:b:ffff:0:0:b%0:0:0:a                    -> 0:0:0:a:ffff:0:0:a             (   36, 42,  2) b'\x03\xe8\x03\xe82021-04-10 15:10:59.78692'...
2021-04-10 15:11:00.859817 0:0:0:b:ffff:0:0:b%0:0:0:a                    -> 0:0:0:a:ffff:0:0:a             (   36, 42,  2) b'\x03\xe8\x03\xe82021-04-10 15:11:00.78971'...
2021-04-10 15:11:00.900695 0:0:0:b:ffff:0:0:b%0:0:0:a                    <- 0:0:0:a:ffff:0:0:a             (   38, 42,  3) b'\x03\xe8\x03\xe82021-04-10 15:11:00.90045'...
2021-04-10 15:11:01.670483 0:0:0:b:ffff:0:0:b%0:0:0:a                    -> 0:0:0:a:ffff:0:0:a             (   36, 42,  2) b'\x03\xe8\x03\xe82021-04-10 15:11:01.79263'...
2021-04-10 15:11:01.903872 0:0:0:b:ffff:0:0:b%0:0:0:a                    <- 0:0:0:a:ffff:0:0:a             (   38, 42,  3) b'\x03\xe8\x03\xe82021-04-10 15:11:01.90362'...
2021-04-10 15:11:02.673647 0:0:0:b:ffff:0:0:b%0:0:0:a                    -> 0:0:0:a:ffff:0:0:a             (   36, 42,  2) b'\x03\xe8\x03\xe82021-04-10 15:11:02.79597'...
2021-04-10 15:11:02.906865 0:0:0:b:ffff:0:0:b%0:0:0:a                    <- 0:0:0:a:ffff:0:0:a             (   38, 42,  3) b'\x03\xe8\x03\xe82021-04-10 15:11:02.90663'...
2021-04-10 15:11:03.681327 0:0:0:b:ffff:0:0:b%0:0:0:a                    -> 0:0:0:a:ffff:0:0:a             (   36, 42,  2) b'\x03\xe8\x03\xe82021-04-10 15:11:03.79895'...
2021-04-10 15:11:03.909768 0:0:0:b:ffff:0:0:b%0:0:0:a                    <- 0:0:0:a:ffff:0:0:a             (   38, 42,  3) b'\x03\xe8\x03\xe82021-04-10 15:11:03.90953'...
2021-04-10 15:11:04.679465 0:0:0:b:ffff:0:0:b%0:0:0:a                    -> 0:0:0:a:ffff:0:0:a             (   36, 42,  2) b'\x03\xe8\x03\xe82021-04-10 15:11:04.80194'...
2021-04-10 15:11:04.912659 0:0:0:b:ffff:0:0:b%0:0:0:a                    <- 0:0:0:a:ffff:0:0:a             (   38, 42,  3) b'\x03\xe8\x03\xe82021-04-10 15:11:04.91242'...
2021-04-10 15:11:05.682667 0:0:0:b:ffff:0:0:b%0:0:0:a                    -> 0:0:0:a:ffff:0:0:a             (   36, 42,  2) b'\x03\xe8\x03\xe82021-04-10 15:11:05.80494'...
2021-04-10 15:11:05.919498 0:0:0:b:ffff:0:0:b%0:0:0:a                    <- 0:0:0:a:ffff:0:0:a             (   38, 42,  3) b'\x03\xe8\x03\xe82021-04-10 15:11:05.91926'...
2021-04-10 15:11:06.685823 0:0:0:b:ffff:0:0:b%0:0:0:a                    -> 0:0:0:a:ffff:0:0:a             (   36, 42,  2) b'\x03\xe8\x03\xe82021-04-10 15:11:06.80798'...
2021-04-10 15:11:06.922381 0:0:0:b:ffff:0:0:b%0:0:0:a                    <- 0:0:0:a:ffff:0:0:a             (   38, 42,  3) b'\x03\xe8\x03\xe82021-04-10 15:11:06.92215'...
2021-04-10 15:11:07.439063 Moving from ['0:0:0:a'] to ['0:0:0:b']
2021-04-10 15:11:07.439854 ff02:0:0:1:0:0:0:0%0:0:0:b                    <- 0:0:0:b:ffff:0:0:a             (   22, 43,  3) b'\xff\xff\x00\x00\x00\x00\x00\n\x00\x00\x00\x00\x00\x00\x00\x0b\x00alice'
2021-04-10 15:11:07.440552 0:0:0:b:ffff:0:0:b%0:0:0:a                    <- 0:0:0:a:ffff:0:0:a             (    9, 44,  3) b'\x01\x00\x00\x00\x00\x00\x00\x00\x0b'
2021-04-10 15:11:07.446498 0:0:0:b:ffff:0:0:b%0:0:0:b                    -> 0:0:0:b:ffff:0:0:a             (    1, 44,  3) b'\x00'
2021-04-10 15:11:07.687449 0:0:0:b:ffff:0:0:b%0:0:0:b                    -> 0:0:0:b:ffff:0:0:a             (   36, 42,  3) b'\x03\xe8\x03\xe82021-04-10 15:11:07.81118'...
2021-04-10 15:11:07.925322 0:0:0:b:ffff:0:0:b%0:0:0:b                    <- 0:0:0:b:ffff:0:0:a             (   38, 42,  3) b'\x03\xe8\x03\xe82021-04-10 15:11:07.92501'...
2021-04-10 15:11:08.690593 0:0:0:b:ffff:0:0:b%0:0:0:b                    -> 0:0:0:b:ffff:0:0:a             (   36, 42,  3) b'\x03\xe8\x03\xe82021-04-10 15:11:08.81435'...
2021-04-10 15:11:08.928220 0:0:0:b:ffff:0:0:b%0:0:0:b                    <- 0:0:0:b:ffff:0:0:a             (   38, 42,  3) b'\x03\xe8\x03\xe82021-04-10 15:11:08.92798'...
2021-04-10 15:11:09.693654 0:0:0:b:ffff:0:0:b%0:0:0:b                    -> 0:0:0:b:ffff:0:0:a             (   36, 42,  3) b'\x03\xe8\x03\xe82021-04-10 15:11:09.81732'...
2021-04-10 15:11:09.931204 0:0:0:b:ffff:0:0:b%0:0:0:b                    <- 0:0:0:b:ffff:0:0:a             (   38, 42,  3) b'\x03\xe8\x03\xe82021-04-10 15:11:09.93095'...
2021-04-10 15:11:10.696516 0:0:0:b:ffff:0:0:b%0:0:0:b                    -> 0:0:0:b:ffff:0:0:a             (   36, 42,  3) b'\x03\xe8\x03\xe82021-04-10 15:11:10.82026'...
2021-04-10 15:11:10.936528 0:0:0:b:ffff:0:0:b%0:0:0:b                    <- 0:0:0:b:ffff:0:0:a             (   38, 42,  3) b'\x03\xe8\x03\xe82021-04-10 15:11:10.93624'...
