2021-04-10 15:10:47.437999 Started
	log = true
	locators = 0:0:0:b
	nid = ffff:0:0:b
2021-04-10 15:10:47.445635 ff02:0:0:1:0:0:0:0%0:0:0:b                    <- 0:0:0:b:ffff:0:0:b             (   20, 43,  3) b'\xff\xff\x00\x00\x00\x00\x00\x0b\x00\x00\x00\x00\x00\x00\x00\x0b\x01bob'
2021-04-10 15:10:47.449990 0:0:0:b:ffff:0:0:d%0:0:0:b                    -> ff02:0:0:1:0:0:0:0             (   24, 43,  3) b'\xff\xff\x00\x00\x00\x00\x00\r\x00\x00\x00\x00\x00\x00\x00\x0b\x00desktop'
2021-04-10 15:10:47.547284 0:0:0:b:ffff:0:0:d%0:0:0:b                    -> ff02:0:0:1:0:0:0:0             (   24, 43,  3) b'\xff\xff\x00\x00\x00\x00\x00\r\x00\x00\x00\x00\x00\x00\x00\n\x00desktop'
2021-04-10 15:10:47.548146 0:0:0:a:ffff:0:0:a%0:0:0:b                    -> ff02:0:0:1:0:0:0:0             (   22, 43,  2) b'\xff\xff\x00\x00\x00\x00\x00\n\x00\x00\x00\x00\x00\x00\x00\n\x01alice'
2021-04-10 15:10:47.548588 ff02:0:0:1:0:0:0:0%0:0:0:b                    <- 0:0:0:b:ffff:0:0:b             (   20, 43,  3) b'\xff\xff\x00\x00\x00\x00\x00\x0b\x00\x00\x00\x00\x00\x00\x00\x0b\x00bob'
2021-04-10 15:10:48.449823 0:0:0:a:ffff:0:0:a%0:0:0:b                    <- 0:0:0:b:ffff:0:0:b             (   36, 42,  3) b'\x03\xe8\x03\xe82021-04-10 15:10:48.44953'...
2021-04-10 15:10:49.368808 0:0:0:a:ffff:0:0:a%0:0:0:b                    -> 0:0:0:b:ffff:0:0:b             (   38, 42,  2) b'\x03\xe8\x03\xe82021-04-10 15:10:48.42219'...
2021-04-10 15:10:49.452675 0:0:0:a:ffff:0:0:a%0:0:0:b                    <- 0:0:0:b:ffff:0:0:b             (   36, 42,  3) b'\x03\xe8\x03\xe82021-04-10 15:10:49.45247'...
2021-04-10 15:10:49.975676 0:0:0:a:ffff:0:0:a%0:0:0:b                    -> 0:0:0:b:ffff:0:0:b             (   38, 42,  2) b'\x03\xe8\x03\xe82021-04-10 15:10:49.42516'...
2021-04-10 15:10:50.455440 0:0:0:a:ffff:0:0:a%0:0:0:b                    <- 0:0:0:b:ffff:0:0:b             (   36, 42,  3) b'\x03\xe8\x03\xe82021-04-10 15:10:50.45517'...
2021-04-10 15:10:50.980456 0:0:0:a:ffff:0:0:a%0:0:0:b                    -> 0:0:0:b:ffff:0:0:b             (   38, 42,  2) b'\x03\xe8\x03\xe82021-04-10 15:10:50.85256'...
2021-04-10 15:10:51.458541 0:0:0:a:ffff:0:0:a%0:0:0:b                    <- 0:0:0:b:ffff:0:0:b             (   36, 42,  3) b'\x03\xe8\x03\xe82021-04-10 15:10:51.45827'...
2021-04-10 15:10:51.983171 0:0:0:a:ffff:0:0:a%0:0:0:b                    -> 0:0:0:b:ffff:0:0:b             (   38, 42,  2) b'\x03\xe8\x03\xe82021-04-10 15:10:51.85557'...
2021-04-10 15:10:52.766156 0:0:0:a:ffff:0:0:a%0:0:0:b                    <- 0:0:0:b:ffff:0:0:b             (   36, 42,  3) b'\x03\xe8\x03\xe82021-04-10 15:10:52.76589'...
2021-04-10 15:10:52.986248 0:0:0:a:ffff:0:0:a%0:0:0:b                    -> 0:0:0:b:ffff:0:0:b             (   38, 42,  2) b'\x03\xe8\x03\xe82021-04-10 15:10:52.85856'...
2021-04-10 15:10:53.769263 0:0:0:a:ffff:0:0:a%0:0:0:b                    <- 0:0:0:b:ffff:0:0:b             (   36, 42,  3) b'\x03\xe8\x03\xe82021-04-10 15:10:53.76893'...
2021-04-10 15:10:53.989331 0:0:0:a:ffff:0:0:a%0:0:0:b                    -> 0:0:0:b:ffff:0:0:b             (   38, 42,  2) b'\x03\xe8\x03\xe82021-04-10 15:10:53.86155'...
2021-04-10 15:10:54.772195 0:0:0:a:ffff:0:0:a%0:0:0:b                    <- 0:0:0:b:ffff:0:0:b             (   36, 42,  3) b'\x03\xe8\x03\xe82021-04-10 15:10:54.77196'...
2021-04-10 15:10:54.992350 0:0:0:a:ffff:0:0:a%0:0:0:b                    -> 0:0:0:b:ffff:0:0:b             (   38, 42,  2) b'\x03\xe8\x03\xe82021-04-10 15:10:54.86450'...
2021-04-10 15:10:55.775159 0:0:0:a:ffff:0:0:a%0:0:0:b                    <- 0:0:0:b:ffff:0:0:b             (   36, 42,  3) b'\x03\xe8\x03\xe82021-04-10 15:10:55.77492'...
2021-04-10 15:10:55.995191 0:0:0:a:ffff:0:0:a%0:0:0:b                    -> 0:0:0:b:ffff:0:0:b             (   38, 42,  2) b'\x03\xe8\x03\xe82021-04-10 15:10:55.86751'...
2021-04-10 15:10:56.778097 0:0:0:a:ffff:0:0:a%0:0:0:b                    <- 0:0:0:b:ffff:0:0:b             (   36, 42,  3) b'\x03\xe8\x03\xe82021-04-10 15:10:56.77784'...
2021-04-10 15:10:56.998406 0:0:0:a:ffff:0:0:a%0:0:0:b                    -> 0:0:0:b:ffff:0:0:b             (   38, 42,  2) b'\x03\xe8\x03\xe82021-04-10 15:10:56.87049'...
2021-04-10 15:10:57.781205 0:0:0:a:ffff:0:0:a%0:0:0:b                    <- 0:0:0:b:ffff:0:0:b             (   36, 42,  3) b'\x03\xe8\x03\xe82021-04-10 15:10:57.78085'...
2021-04-10 15:10:58.001617 0:0:0:a:ffff:0:0:a%0:0:0:b                    -> 0:0:0:b:ffff:0:0:b             (   38, 42,  2) b'\x03\xe8\x03\xe82021-04-10 15:10:57.87351'...
2021-04-10 15:10:58.784147 0:0:0:a:ffff:0:0:a%0:0:0:b                    <- 0:0:0:b:ffff:0:0:b             (   36, 42,  3) b'\x03\xe8\x03\xe82021-04-10 15:10:58.78391'...
2021-04-10 15:10:59.787161 0:0:0:a:ffff:0:0:a%0:0:0:b                    <- 0:0:0:b:ffff:0:0:b             (   36, 42,  3) b'\x03\xe8\x03\xe82021-04-10 15:10:59.78692'...
2021-04-10 15:11:00.789980 0:0:0:a:ffff:0:0:a%0:0:0:b                    <- 0:0:0:b:ffff:0:0:b             (   36, 42,  3) b'\x03\xe8\x03\xe82021-04-10 15:11:00.78971'...
2021-04-10 15:11:00.981808 0:0:0:a:ffff:0:0:a%0:0:0:b                    -> 0:0:0:b:ffff:0:0:b             (   38, 42,  2) b'\x03\xe8\x03\xe82021-04-10 15:10:58.87671'...
2021-04-10 15:11:00.983835 0:0:0:a:ffff:0:0:a%0:0:0:b                    -> 0:0:0:b:ffff:0:0:b             (   38, 42,  2) b'\x03\xe8\x03\xe82021-04-10 15:10:59.87963'...
2021-04-10 15:11:01.028127 0:0:0:a:ffff:0:0:a%0:0:0:b                    -> 0:0:0:b:ffff:0:0:b             (   38, 42,  2) b'\x03\xe8\x03\xe82021-04-10 15:11:00.90045'...
2021-04-10 15:11:01.792886 0:0:0:a:ffff:0:0:a%0:0:0:b                    <- 0:0:0:b:ffff:0:0:b             (   36, 42,  3) b'\x03\xe8\x03\xe82021-04-10 15:11:01.79263'...
2021-04-10 15:11:02.031516 0:0:0:a:ffff:0:0:a%0:0:0:b                    -> 0:0:0:b:ffff:0:0:b             (   38, 42,  2) b'\x03\xe8\x03\xe82021-04-10 15:11:01.90362'...
2021-04-10 15:11:02.796223 0:0:0:a:ffff:0:0:a%0:0:0:b                    <- 0:0:0:b:ffff:0:0:b             (   36, 42,  3) b'\x03\xe8\x03\xe82021-04-10 15:11:02.79597'...
2021-04-10 15:11:03.034582 0:0:0:a:ffff:0:0:a%0:0:0:b                    -> 0:0:0:b:ffff:0:0:b             (   38, 42,  2) b'\x03\xe8\x03\xe82021-04-10 15:11:02.90663'...
2021-04-10 15:11:03.799193 0:0:0:a:ffff:0:0:a%0:0:0:b                    <- 0:0:0:b:ffff:0:0:b             (   36, 42,  3) b'\x03\xe8\x03\xe82021-04-10 15:11:03.79895'...
2021-04-10 15:11:04.037544 0:0:0:a:ffff:0:0:a%0:0:0:b                    -> 0:0:0:b:ffff:0:0:b             (   38, 42,  2) b'\x03\xe8\x03\xe82021-04-10 15:11:03.90953'...
2021-04-10 15:11:04.802201 0:0:0:a:ffff:0:0:a%0:0:0:b                    <- 0:0:0:b:ffff:0:0:b             (   36, 42,  3) b'\x03\xe8\x03\xe82021-04-10 15:11:04.80194'...
2021-04-10 15:11:05.044153 0:0:0:a:ffff:0:0:a%0:0:0:b                    -> 0:0:0:b:ffff:0:0:b             (   38, 42,  2) b'\x03\xe8\x03\xe82021-04-10 15:11:04.91242'...
2021-04-10 15:11:05.805281 0:0:0:a:ffff:0:0:a%0:0:0:b                    <- 0:0:0:b:ffff:0:0:b             (   36, 42,  3) b'\x03\xe8\x03\xe82021-04-10 15:11:05.80494'...
2021-04-10 15:11:06.047281 0:0:0:a:ffff:0:0:a%0:0:0:b                    -> 0:0:0:b:ffff:0:0:b             (   38, 42,  2) b'\x03\xe8\x03\xe82021-04-10 15:11:05.91926'...
2021-04-10 15:11:06.808290 0:0:0:a:ffff:0:0:a%0:0:0:b                    <- 0:0:0:b:ffff:0:0:b             (   36, 42,  3) b'\x03\xe8\x03\xe82021-04-10 15:11:06.80798'...
2021-04-10 15:11:07.050247 0:0:0:a:ffff:0:0:a%0:0:0:b                    -> 0:0:0:b:ffff:0:0:b             (   38, 42,  2) b'\x03\xe8\x03\xe82021-04-10 15:11:06.92215'...
2021-04-10 15:11:07.566558 0:0:0:b:ffff:0:0:a%0:0:0:b                    -> ff02:0:0:1:0:0:0:0             (   22, 43,  3) b'\xff\xff\x00\x00\x00\x00\x00\n\x00\x00\x00\x00\x00\x00\x00\x0b\x00alice'
2021-04-10 15:11:07.570302 0:0:0:a:ffff:0:0:a%0:0:0:b                    -> 0:0:0:b:ffff:0:0:b             (    9, 44,  2) b'\x01\x00\x00\x00\x00\x00\x00\x00\x0b'
2021-04-10 15:11:07.570711 0:0:0:b:ffff:0:0:a%0:0:0:b                    <- 0:0:0:b:ffff:0:0:b             (    1, 44,  3) b'\x00'
2021-04-10 15:11:07.811428 0:0:0:b:ffff:0:0:a%0:0:0:b                    <- 0:0:0:b:ffff:0:0:b             (   36, 42,  3) b'\x03\xe8\x03\xe82021-04-10 15:11:07.81118'...
2021-04-10 15:11:08.051982 0:0:0:b:ffff:0:0:a%0:0:0:b                    -> 0:0:0:b:ffff:0:0:b             (   38, 42,  3) b'\x03\xe8\x03\xe82021-04-10 15:11:07.92501'...
2021-04-10 15:11:08.814593 0:0:0:b:ffff:0:0:a%0:0:0:b                    <- 0:0:0:b:ffff:0:0:b             (   36, 42,  3) b'\x03\xe8\x03\xe82021-04-10 15:11:08.81435'...
2021-04-10 15:11:09.054909 0:0:0:b:ffff:0:0:a%0:0:0:b                    -> 0:0:0:b:ffff:0:0:b             (   38, 42,  3) b'\x03\xe8\x03\xe82021-04-10 15:11:08.92798'...
2021-04-10 15:11:09.817564 0:0:0:b:ffff:0:0:a%0:0:0:b                    <- 0:0:0:b:ffff:0:0:b             (   36, 42,  3) b'\x03\xe8\x03\xe82021-04-10 15:11:09.81732'...
2021-04-10 15:11:10.060503 0:0:0:b:ffff:0:0:a%0:0:0:b                    -> 0:0:0:b:ffff:0:0:b             (   38, 42,  3) b'\x03\xe8\x03\xe82021-04-10 15:11:09.93095'...
2021-04-10 15:11:10.820527 0:0:0:b:ffff:0:0:a%0:0:0:b                    <- 0:0:0:b:ffff:0:0:b             (   36, 42,  3) b'\x03\xe8\x03\xe82021-04-10 15:11:10.82026'...
2021-04-10 15:11:11.063580 0:0:0:b:ffff:0:0:a%0:0:0:b                    -> 0:0:0:b:ffff:0:0:b             (   38, 42,  3) b'\x03\xe8\x03\xe82021-04-10 15:11:10.93624'...
2021-04-10 15:11:11.823709 0:0:0:b:ffff:0:0:a%0:0:0:b                    <- 0:0:0:b:ffff:0:0:b             (   36, 42,  3) b'\x03\xe8\x03\xe82021-04-10 15:11:11.82342'...
2021-04-10 15:11:12.827097 0:0:0:b:ffff:0:0:a%0:0:0:b                    <- 0:0:0:b:ffff:0:0:b             (   36, 42,  3) b'\x03\xe8\x03\xe82021-04-10 15:11:12.82666'...
