2021-04-10 15:10:47.446946 Started
	log = true
2021-04-10 15:10:48.450558 [0:0:0:a:ffff:0:0:a%0:0:0:b]:1000 <- [0:0:0:b:ffff:0:0:b]:1000      b'2021-04-10 15:10:48.449531 | bob'
2021-04-10 15:10:49.369268 [0:0:0:a:ffff:0:0:a%0:0:0:b]:1000 -> [0:0:0:b:ffff:0:0:b]:1000      b'2021-04-10 15:10:48.422194 | '...
2021-04-10 15:10:49.453667 [0:0:0:a:ffff:0:0:a%0:0:0:b]:1000 <- [0:0:0:b:ffff:0:0:b]:1000      b'2021-04-10 15:10:49.452474 | bob'
2021-04-10 15:10:49.975990 [0:0:0:a:ffff:0:0:a%0:0:0:b]:1000 -> [0:0:0:b:ffff:0:0:b]:1000      b'2021-04-10 15:10:49.425169 | '...
2021-04-10 15:10:50.456181 [0:0:0:a:ffff:0:0:a%0:0:0:b]:1000 <- [0:0:0:b:ffff:0:0:b]:1000      b'2021-04-10 15:10:50.455173 | bob'
2021-04-10 15:10:51.763070 [0:0:0:a:ffff:0:0:a%0:0:0:b]:1000 -> [0:0:0:b:ffff:0:0:b]:1000      b'2021-04-10 15:10:50.852567 | '...
2021-04-10 15:10:51.763849 [0:0:0:a:ffff:0:0:a%0:0:0:b]:1000 <- [0:0:0:b:ffff:0:0:b]:1000      b'2021-04-10 15:10:51.458278 | bob'
2021-04-10 15:10:51.983480 [0:0:0:a:ffff:0:0:a%0:0:0:b]:1000 -> [0:0:0:b:ffff:0:0:b]:1000      b'2021-04-10 15:10:51.855578 | '...
2021-04-10 15:10:52.766894 [0:0:0:a:ffff:0:0:a%0:0:0:b]:1000 <- [0:0:0:b:ffff:0:0:b]:1000      b'2021-04-10 15:10:52.765892 | bob'
2021-04-10 15:10:52.986557 [0:0:0:a:ffff:0:0:a%0:0:0:b]:1000 -> [0:0:0:b:ffff:0:0:b]:1000      b'2021-04-10 15:10:52.858565 | '...
2021-04-10 15:10:53.769959 [0:0:0:a:ffff:0:0:a%0:0:0:b]:1000 <- [0:0:0:b:ffff:0:0:b]:1000      b'2021-04-10 15:10:53.768938 | bob'
2021-04-10 15:10:53.989637 [0:0:0:a:ffff:0:0:a%0:0:0:b]:1000 -> [0:0:0:b:ffff:0:0:b]:1000      b'2021-04-10 15:10:53.861553 | '...
2021-04-10 15:10:54.772870 [0:0:0:a:ffff:0:0:a%0:0:0:b]:1000 <- [0:0:0:b:ffff:0:0:b]:1000      b'2021-04-10 15:10:54.771965 | bob'
2021-04-10 15:10:54.992660 [0:0:0:a:ffff:0:0:a%0:0:0:b]:1000 -> [0:0:0:b:ffff:0:0:b]:1000      b'2021-04-10 15:10:54.864501 | '...
2021-04-10 15:10:55.775828 [0:0:0:a:ffff:0:0:a%0:0:0:b]:1000 <- [0:0:0:b:ffff:0:0:b]:1000      b'2021-04-10 15:10:55.774927 | bob'
2021-04-10 15:10:55.998304 [0:0:0:a:ffff:0:0:a%0:0:0:b]:1000 -> [0:0:0:b:ffff:0:0:b]:1000      b'2021-04-10 15:10:55.867512 | '...
2021-04-10 15:10:56.778819 [0:0:0:a:ffff:0:0:a%0:0:0:b]:1000 <- [0:0:0:b:ffff:0:0:b]:1000      b'2021-04-10 15:10:56.777842 | bob'
2021-04-10 15:10:56.998768 [0:0:0:a:ffff:0:0:a%0:0:0:b]:1000 -> [0:0:0:b:ffff:0:0:b]:1000      b'2021-04-10 15:10:56.870499 | '...
2021-04-10 15:10:57.781897 [0:0:0:a:ffff:0:0:a%0:0:0:b]:1000 <- [0:0:0:b:ffff:0:0:b]:1000      b'2021-04-10 15:10:57.780859 | bob'
2021-04-10 15:10:58.001917 [0:0:0:a:ffff:0:0:a%0:0:0:b]:1000 -> [0:0:0:b:ffff:0:0:b]:1000      b'2021-04-10 15:10:57.873515 | '...
2021-04-10 15:10:58.784877 [0:0:0:a:ffff:0:0:a%0:0:0:b]:1000 <- [0:0:0:b:ffff:0:0:b]:1000      b'2021-04-10 15:10:58.783916 | bob'
2021-04-10 15:10:59.787826 [0:0:0:a:ffff:0:0:a%0:0:0:b]:1000 <- [0:0:0:b:ffff:0:0:b]:1000      b'2021-04-10 15:10:59.786927 | bob'
2021-04-10 15:11:00.790712 [0:0:0:a:ffff:0:0:a%0:0:0:b]:1000 <- [0:0:0:b:ffff:0:0:b]:1000      b'2021-04-10 15:11:00.789712 | bob'
2021-04-10 15:11:00.982074 [0:0:0:a:ffff:0:0:a%0:0:0:b]:1000 -> [0:0:0:b:ffff:0:0:b]:1000      b'2021-04-10 15:10:58.876710 | '...
2021-04-10 15:11:00.984034 [0:0:0:a:ffff:0:0:a%0:0:0:b]:1000 -> [0:0:0:b:ffff:0:0:b]:1000      b'2021-04-10 15:10:59.879637 | '...
2021-04-10 15:11:01.031126 [0:0:0:a:ffff:0:0:a%0:0:0:b]:1000 -> [0:0:0:b:ffff:0:0:b]:1000      b'2021-04-10 15:11:00.900452 | '...
2021-04-10 15:11:01.793715 [0:0:0:a:ffff:0:0:a%0:0:0:b]:1000 <- [0:0:0:b:ffff:0:0:b]:1000      b'2021-04-10 15:11:01.792632 | bob'
2021-04-10 15:11:02.031827 [0:0:0:a:ffff:0:0:a%0:0:0:b]:1000 -> [0:0:0:b:ffff:0:0:b]:1000      b'2021-04-10 15:11:01.903626 | '...
2021-04-10 15:11:02.796929 [0:0:0:a:ffff:0:0:a%0:0:0:b]:1000 <- [0:0:0:b:ffff:0:0:b]:1000      b'2021-04-10 15:11:02.795974 | bob'
2021-04-10 15:11:03.034899 [0:0:0:a:ffff:0:0:a%0:0:0:b]:1000 -> [0:0:0:b:ffff:0:0:b]:1000      b'2021-04-10 15:11:02.906633 | '...
2021-04-10 15:11:03.799872 [0:0:0:a:ffff:0:0:a%0:0:0:b]:1000 <- [0:0:0:b:ffff:0:0:b]:1000      b'2021-04-10 15:11:03.798958 | bob'
2021-04-10 15:11:04.037850 [0:0:0:a:ffff:0:0:a%0:0:0:b]:1000 -> [0:0:0:b:ffff:0:0:b]:1000      b'2021-04-10 15:11:03.909532 | '...
2021-04-10 15:11:04.802931 [0:0:0:a:ffff:0:0:a%0:0:0:b]:1000 <- [0:0:0:b:ffff:0:0:b]:1000      b'2021-04-10 15:11:04.801940 | bob'
2021-04-10 15:11:05.044465 [0:0:0:a:ffff:0:0:a%0:0:0:b]:1000 -> [0:0:0:b:ffff:0:0:b]:1000      b'2021-04-10 15:11:04.912427 | '...
2021-04-10 15:11:05.805973 [0:0:0:a:ffff:0:0:a%0:0:0:b]:1000 <- [0:0:0:b:ffff:0:0:b]:1000      b'2021-04-10 15:11:05.804945 | bob'
2021-04-10 15:11:06.052726 [0:0:0:a:ffff:0:0:a%0:0:0:b]:1000 -> [0:0:0:b:ffff:0:0:b]:1000      b'2021-04-10 15:11:05.919265 | '...
2021-04-10 15:11:06.809121 [0:0:0:a:ffff:0:0:a%0:0:0:b]:1000 <- [0:0:0:b:ffff:0:0:b]:1000      b'2021-04-10 15:11:06.807987 | bob'
2021-04-10 15:11:07.050564 [0:0:0:a:ffff:0:0:a%0:0:0:b]:1000 -> [0:0:0:b:ffff:0:0:b]:1000      b'2021-04-10 15:11:06.922153 | '...
2021-04-10 15:11:07.812174 [0:0:0:b:ffff:0:0:a%0:0:0:b]:1000 <- [0:0:0:b:ffff:0:0:b]:1000      b'2021-04-10 15:11:07.811188 | bob'
2021-04-10 15:11:08.052294 [0:0:0:b:ffff:0:0:a%0:0:0:b]:1000 -> [0:0:0:b:ffff:0:0:b]:1000      b'2021-04-10 15:11:07.925019 | '...
2021-04-10 15:11:08.815296 [0:0:0:b:ffff:0:0:a%0:0:0:b]:1000 <- [0:0:0:b:ffff:0:0:b]:1000      b'2021-04-10 15:11:08.814350 | bob'
2021-04-10 15:11:09.055214 [0:0:0:b:ffff:0:0:a%0:0:0:b]:1000 -> [0:0:0:b:ffff:0:0:b]:1000      b'2021-04-10 15:11:08.927987 | '...
2021-04-10 15:11:09.818240 [0:0:0:b:ffff:0:0:a%0:0:0:b]:1000 <- [0:0:0:b:ffff:0:0:b]:1000      b'2021-04-10 15:11:09.817329 | bob'
2021-04-10 15:11:10.060805 [0:0:0:b:ffff:0:0:a%0:0:0:b]:1000 -> [0:0:0:b:ffff:0:0:b]:1000      b'2021-04-10 15:11:09.930953 | '...
2021-04-10 15:11:10.821374 [0:0:0:b:ffff:0:0:a%0:0:0:b]:1000 <- [0:0:0:b:ffff:0:0:b]:1000      b'2021-04-10 15:11:10.820267 | bob'
2021-04-10 15:11:11.066775 [0:0:0:b:ffff:0:0:a%0:0:0:b]:1000 -> [0:0:0:b:ffff:0:0:b]:1000      b'2021-04-10 15:11:10.936244 | '...
2021-04-10 15:11:11.824488 [0:0:0:b:ffff:0:0:a%0:0:0:b]:1000 <- [0:0:0:b:ffff:0:0:b]:1000      b'2021-04-10 15:11:11.823423 | bob'
2021-04-10 15:11:12.827989 [0:0:0:b:ffff:0:0:a%0:0:0:b]:1000 <- [0:0:0:b:ffff:0:0:b]:1000      b'2021-04-10 15:11:12.826667 | bob'
