2021-04-10 15:10:47.420077 Started
	log = true
2021-04-10 15:10:48.423238 [0:0:0:b:ffff:0:0:b%0:0:0:a]:1000 <- [0:0:0:a:ffff:0:0:a]:1000      b'2021-04-10 15:10:48.422194 | '...
2021-04-10 15:10:49.848977 [0:0:0:b:ffff:0:0:b%0:0:0:a]:1000 -> [0:0:0:a:ffff:0:0:a]:1000      b'2021-04-10 15:10:48.449531 | bob'
2021-04-10 15:10:49.849713 [0:0:0:b:ffff:0:0:b%0:0:0:a]:1000 <- [0:0:0:a:ffff:0:0:a]:1000      b'2021-04-10 15:10:49.425169 | '...
2021-04-10 15:10:49.850407 [0:0:0:b:ffff:0:0:b%0:0:0:a]:1000 -> [0:0:0:a:ffff:0:0:a]:1000      b'2021-04-10 15:10:49.452474 | bob'
2021-04-10 15:10:50.333567 [0:0:0:b:ffff:0:0:b%0:0:0:a]:1000 -> [0:0:0:a:ffff:0:0:a]:1000      b'2021-04-10 15:10:50.455173 | bob'
2021-04-10 15:10:50.853560 [0:0:0:b:ffff:0:0:b%0:0:0:a]:1000 <- [0:0:0:a:ffff:0:0:a]:1000      b'2021-04-10 15:10:50.852567 | '...
2021-04-10 15:10:51.641306 [0:0:0:b:ffff:0:0:b%0:0:0:a]:1000 -> [0:0:0:a:ffff:0:0:a]:1000      b'2021-04-10 15:10:51.458278 | bob'
2021-04-10 15:10:51.856498 [0:0:0:b:ffff:0:0:b%0:0:0:a]:1000 <- [0:0:0:a:ffff:0:0:a]:1000      b'2021-04-10 15:10:51.855578 | '...
2021-04-10 15:10:52.644156 [0:0:0:b:ffff:0:0:b%0:0:0:a]:1000 -> [0:0:0:a:ffff:0:0:a]:1000      b'2021-04-10 15:10:52.765892 | bob'
2021-04-10 15:10:52.859483 [0:0:0:b:ffff:0:0:b%0:0:0:a]:1000 <- [0:0:0:a:ffff:0:0:a]:1000      b'2021-04-10 15:10:52.858565 | '...
2021-04-10 15:10:53.653400 [0:0:0:b:ffff:0:0:b%0:0:0:a]:1000 -> [0:0:0:a:ffff:0:0:a]:1000      b'2021-04-10 15:10:53.768938 | bob'
2021-04-10 15:10:53.862477 [0:0:0:b:ffff:0:0:b%0:0:0:a]:1000 <- [0:0:0:a:ffff:0:0:a]:1000      b'2021-04-10 15:10:53.861553 | '...
2021-04-10 15:10:54.652924 [0:0:0:b:ffff:0:0:b%0:0:0:a]:1000 -> [0:0:0:a:ffff:0:0:a]:1000      b'2021-04-10 15:10:54.771965 | bob'
2021-04-10 15:10:54.865518 [0:0:0:b:ffff:0:0:b%0:0:0:a]:1000 <- [0:0:0:a:ffff:0:0:a]:1000      b'2021-04-10 15:10:54.864501 | '...
2021-04-10 15:10:55.653135 [0:0:0:b:ffff:0:0:b%0:0:0:a]:1000 -> [0:0:0:a:ffff:0:0:a]:1000      b'2021-04-10 15:10:55.774927 | bob'
2021-04-10 15:10:55.868417 [0:0:0:b:ffff:0:0:b%0:0:0:a]:1000 <- [0:0:0:a:ffff:0:0:a]:1000      b'2021-04-10 15:10:55.867512 | '...
2021-04-10 15:10:56.656114 [0:0:0:b:ffff:0:0:b%0:0:0:a]:1000 -> [0:0:0:a:ffff:0:0:a]:1000      b'2021-04-10 15:10:56.777842 | bob'
2021-04-10 15:10:56.871486 [0:0:0:b:ffff:0:0:b%0:0:0:a]:1000 <- [0:0:0:a:ffff:0:0:a]:1000      b'2021-04-10 15:10:56.870499 | '...
2021-04-10 15:10:57.659178 [0:0:0:b:ffff:0:0:b%0:0:0:a]:1000 -> [0:0:0:a:ffff:0:0:a]:1000      b'2021-04-10 15:10:57.780859 | bob'
2021-04-10 15:10:57.874653 [0:0:0:b:ffff:0:0:b%0:0:0:a]:1000 <- [0:0:0:a:ffff:0:0:a]:1000      b'2021-04-10 15:10:57.873515 | '...
2021-04-10 15:10:58.877731 [0:0:0:b:ffff:0:0:b%0:0:0:a]:1000 <- [0:0:0:a:ffff:0:0:a]:1000      b'2021-04-10 15:10:58.876710 | '...
2021-04-10 15:10:59.898501 [0:0:0:b:ffff:0:0:b%0:0:0:a]:1000 <- [0:0:0:a:ffff:0:0:a]:1000      b'2021-04-10 15:10:59.879637 | '...
2021-04-10 15:11:00.855832 [0:0:0:b:ffff:0:0:b%0:0:0:a]:1000 -> [0:0:0:a:ffff:0:0:a]:1000      b'2021-04-10 15:10:58.783916 | bob'
2021-04-10 15:11:00.858103 [0:0:0:b:ffff:0:0:b%0:0:0:a]:1000 -> [0:0:0:a:ffff:0:0:a]:1000      b'2021-04-10 15:10:59.786927 | bob'
2021-04-10 15:11:00.860065 [0:0:0:b:ffff:0:0:b%0:0:0:a]:1000 -> [0:0:0:a:ffff:0:0:a]:1000      b'2021-04-10 15:11:00.789712 | bob'
2021-04-10 15:11:00.901404 [0:0:0:b:ffff:0:0:b%0:0:0:a]:1000 <- [0:0:0:a:ffff:0:0:a]:1000      b'2021-04-10 15:11:00.900452 | '...
2021-04-10 15:11:01.670782 [0:0:0:b:ffff:0:0:b%0:0:0:a]:1000 -> [0:0:0:a:ffff:0:0:a]:1000      b'2021-04-10 15:11:01.792632 | bob'
2021-04-10 15:11:01.904542 [0:0:0:b:ffff:0:0:b%0:0:0:a]:1000 <- [0:0:0:a:ffff:0:0:a]:1000      b'2021-04-10 15:11:01.903626 | '...
2021-04-10 15:11:02.673948 [0:0:0:b:ffff:0:0:b%0:0:0:a]:1000 -> [0:0:0:a:ffff:0:0:a]:1000      b'2021-04-10 15:11:02.795974 | bob'
2021-04-10 15:11:02.907515 [0:0:0:b:ffff:0:0:b%0:0:0:a]:1000 <- [0:0:0:a:ffff:0:0:a]:1000      b'2021-04-10 15:11:02.906633 | '...
2021-04-10 15:11:03.681663 [0:0:0:b:ffff:0:0:b%0:0:0:a]:1000 -> [0:0:0:a:ffff:0:0:a]:1000      b'2021-04-10 15:11:03.798958 | bob'
2021-04-10 15:11:03.910434 [0:0:0:b:ffff:0:0:b%0:0:0:a]:1000 <- [0:0:0:a:ffff:0:0:a]:1000      b'2021-04-10 15:11:03.909532 | '...
2021-04-10 15:11:04.679761 [0:0:0:b:ffff:0:0:b%0:0:0:a]:1000 -> [0:0:0:a:ffff:0:0:a]:1000      b'2021-04-10 15:11:04.801940 | bob'
2021-04-10 15:11:04.917182 [0:0:0:b:ffff:0:0:b%0:0:0:a]:1000 <- [0:0:0:a:ffff:0:0:a]:1000      b'2021-04-10 15:11:04.912427 | '...
2021-04-10 15:11:05.682981 [0:0:0:b:ffff:0:0:b%0:0:0:a]:1000 -> [0:0:0:a:ffff:0:0:a]:1000      b'2021-04-10 15:11:05.804945 | bob'
2021-04-10 15:11:05.920149 [0:0:0:b:ffff:0:0:b%0:0:0:a]:1000 <- [0:0:0:a:ffff:0:0:a]:1000      b'2021-04-10 15:11:05.919265 | '...
2021-04-10 15:11:06.686117 [0:0:0:b:ffff:0:0:b%0:0:0:a]:1000 -> [0:0:0:a:ffff:0:0:a]:1000      b'2021-04-10 15:11:06.807987 | bob'
2021-04-10 15:11:06.923017 [0:0:0:b:ffff:0:0:b%0:0:0:a]:1000 <- [0:0:0:a:ffff:0:0:a]:1000      b'2021-04-10 15:11:06.922153 | '...
2021-04-10 15:11:07.687747 [0:0:0:b:ffff:0:0:b%0:0:0:b]:1000 -> [0:0:0:b:ffff:0:0:a]:1000      b'2021-04-10 15:11:07.811188 | bob'
2021-04-10 15:11:07.925978 [0:0:0:b:ffff:0:0:b%0:0:0:b]:1000 <- [0:0:0:b:ffff:0:0:a]:1000      b'2021-04-10 15:11:07.925019 | '...
2021-04-10 15:11:08.690942 [0:0:0:b:ffff:0:0:b%0:0:0:b]:1000 -> [0:0:0:b:ffff:0:0:a]:1000      b'2021-04-10 15:11:08.814350 | bob'
2021-04-10 15:11:08.928877 [0:0:0:b:ffff:0:0:b%0:0:0:b]:1000 <- [0:0:0:b:ffff:0:0:a]:1000      b'2021-04-10 15:11:08.927987 | '...
2021-04-10 15:11:09.693976 [0:0:0:b:ffff:0:0:b%0:0:0:b]:1000 -> [0:0:0:b:ffff:0:0:a]:1000      b'2021-04-10 15:11:09.817329 | bob'
2021-04-10 15:11:09.934456 [0:0:0:b:ffff:0:0:b%0:0:0:b]:1000 <- [0:0:0:b:ffff:0:0:a]:1000      b'2021-04-10 15:11:09.930953 | '...
2021-04-10 15:11:10.696719 [0:0:0:b:ffff:0:0:b%0:0:0:b]:1000 -> [0:0:0:b:ffff:0:0:a]:1000      b'2021-04-10 15:11:10.820267 | bob'
2021-04-10 15:11:10.937530 [0:0:0:b:ffff:0:0:b%0:0:0:b]:1000 <- [0:0:0:b:ffff:0:0:a]:1000      b'2021-04-10 15:11:10.936244 | '...
